Determining if the Q_WS_X11 exist failed with the following output:
Change Dir: /Users/adityabhat/Downloads/build/rqt_rviz/CMakeFiles/CMakeTmp

Run Build Command:"/usr/bin/make" "cmTC_75c53/fast"
/Applications/Xcode.app/Contents/Developer/usr/bin/make -f CMakeFiles/cmTC_75c53.dir/build.make CMakeFiles/cmTC_75c53.dir/build
Building CXX object CMakeFiles/cmTC_75c53.dir/CheckSymbolExists.cxx.o
/Applications/Xcode.app/Contents/Developer/Toolchains/XcodeDefault.xctoolchain/usr/bin/c++    -I/usr/local/Cellar/qt/4.8.7_2/include -F/usr/local/Cellar/qt/4.8.7_2/lib  -isysroot /Applications/Xcode.app/Contents/Developer/Platforms/MacOSX.platform/Developer/SDKs/MacOSX10.11.sdk   -o CMakeFiles/cmTC_75c53.dir/CheckSymbolExists.cxx.o -c /Users/adityabhat/Downloads/build/rqt_rviz/CMakeFiles/CMakeTmp/CheckSymbolExists.cxx
/Users/adityabhat/Downloads/build/rqt_rviz/CMakeFiles/CMakeTmp/CheckSymbolExists.cxx:8:19: error: use of undeclared identifier 'Q_WS_X11'
  return ((int*)(&Q_WS_X11))[argc];
                  ^
1 error generated.
make[1]: *** [CMakeFiles/cmTC_75c53.dir/CheckSymbolExists.cxx.o] Error 1
make: *** [cmTC_75c53/fast] Error 2

File /Users/adityabhat/Downloads/build/rqt_rviz/CMakeFiles/CMakeTmp/CheckSymbolExists.cxx:
/* */
#include <QtCore/qglobal.h>

int main(int argc, char** argv)
{
  (void)argv;
#ifndef Q_WS_X11
  return ((int*)(&Q_WS_X11))[argc];
#else
  (void)argc;
  return 0;
#endif
}

Determining if the Q_WS_WIN exist failed with the following output:
Change Dir: /Users/adityabhat/Downloads/build/rqt_rviz/CMakeFiles/CMakeTmp

Run Build Command:"/usr/bin/make" "cmTC_b011c/fast"
/Applications/Xcode.app/Contents/Developer/usr/bin/make -f CMakeFiles/cmTC_b011c.dir/build.make CMakeFiles/cmTC_b011c.dir/build
Building CXX object CMakeFiles/cmTC_b011c.dir/CheckSymbolExists.cxx.o
/Applications/Xcode.app/Contents/Developer/Toolchains/XcodeDefault.xctoolchain/usr/bin/c++    -I/usr/local/Cellar/qt/4.8.7_2/include -F/usr/local/Cellar/qt/4.8.7_2/lib  -isysroot /Applications/Xcode.app/Contents/Developer/Platforms/MacOSX.platform/Developer/SDKs/MacOSX10.11.sdk   -o CMakeFiles/cmTC_b011c.dir/CheckSymbolExists.cxx.o -c /Users/adityabhat/Downloads/build/rqt_rviz/CMakeFiles/CMakeTmp/CheckSymbolExists.cxx
/Users/adityabhat/Downloads/build/rqt_rviz/CMakeFiles/CMakeTmp/CheckSymbolExists.cxx:8:19: error: use of undeclared identifier 'Q_WS_WIN'
  return ((int*)(&Q_WS_WIN))[argc];
                  ^
1 error generated.
make[1]: *** [CMakeFiles/cmTC_b011c.dir/CheckSymbolExists.cxx.o] Error 1
make: *** [cmTC_b011c/fast] Error 2

File /Users/adityabhat/Downloads/build/rqt_rviz/CMakeFiles/CMakeTmp/CheckSymbolExists.cxx:
/* */
#include <QtCore/qglobal.h>

int main(int argc, char** argv)
{
  (void)argv;
#ifndef Q_WS_WIN
  return ((int*)(&Q_WS_WIN))[argc];
#else
  (void)argc;
  return 0;
#endif
}

Determining if the Q_WS_QWS exist failed with the following output:
Change Dir: /Users/adityabhat/Downloads/build/rqt_rviz/CMakeFiles/CMakeTmp

Run Build Command:"/usr/bin/make" "cmTC_f118e/fast"
/Applications/Xcode.app/Contents/Developer/usr/bin/make -f CMakeFiles/cmTC_f118e.dir/build.make CMakeFiles/cmTC_f118e.dir/build
Building CXX object CMakeFiles/cmTC_f118e.dir/CheckSymbolExists.cxx.o
/Applications/Xcode.app/Contents/Developer/Toolchains/XcodeDefault.xctoolchain/usr/bin/c++    -I/usr/local/Cellar/qt/4.8.7_2/include -F/usr/local/Cellar/qt/4.8.7_2/lib  -isysroot /Applications/Xcode.app/Contents/Developer/Platforms/MacOSX.platform/Developer/SDKs/MacOSX10.11.sdk   -o CMakeFiles/cmTC_f118e.dir/CheckSymbolExists.cxx.o -c /Users/adityabhat/Downloads/build/rqt_rviz/CMakeFiles/CMakeTmp/CheckSymbolExists.cxx
/Users/adityabhat/Downloads/build/rqt_rviz/CMakeFiles/CMakeTmp/CheckSymbolExists.cxx:8:19: error: use of undeclared identifier 'Q_WS_QWS'
  return ((int*)(&Q_WS_QWS))[argc];
                  ^
1 error generated.
make[1]: *** [CMakeFiles/cmTC_f118e.dir/CheckSymbolExists.cxx.o] Error 1
make: *** [cmTC_f118e/fast] Error 2

File /Users/adityabhat/Downloads/build/rqt_rviz/CMakeFiles/CMakeTmp/CheckSymbolExists.cxx:
/* */
#include <QtCore/qglobal.h>

int main(int argc, char** argv)
{
  (void)argv;
#ifndef Q_WS_QWS
  return ((int*)(&Q_WS_QWS))[argc];
#else
  (void)argc;
  return 0;
#endif
}

Determining if the CXX compiler accepts the flag -Wl,--version-script,"/Users/adityabhat/Downloads/build/rqt_rviz/class_loader_hide_library_symbols__rqt_rviz.script" failed with the following output:
Change Dir: /Users/adityabhat/Downloads/build/rqt_rviz/CMakeFiles/CMakeTmp

Run Build Command:"/usr/bin/make" "cmTC_b53cf/fast"
/Applications/Xcode.app/Contents/Developer/usr/bin/make -f CMakeFiles/cmTC_b53cf.dir/build.make CMakeFiles/cmTC_b53cf.dir/build
Building CXX object CMakeFiles/cmTC_b53cf.dir/DummyCXXFile.cxx.o
/Applications/Xcode.app/Contents/Developer/Toolchains/XcodeDefault.xctoolchain/usr/bin/c++     -Wl,--version-script,"/Users/adityabhat/Downloads/build/rqt_rviz/class_loader_hide_library_symbols__rqt_rviz.script" -isysroot /Applications/Xcode.app/Contents/Developer/Platforms/MacOSX.platform/Developer/SDKs/MacOSX10.11.sdk   -o CMakeFiles/cmTC_b53cf.dir/DummyCXXFile.cxx.o -c /usr/local/Cellar/cmake/3.5.0/share/cmake/Modules/DummyCXXFile.cxx
clang: warning: -Wl,--version-script,/Users/adityabhat/Downloads/build/rqt_rviz/class_loader_hide_library_symbols__rqt_rviz.script: 'linker' input unused
Linking CXX executable cmTC_b53cf
/usr/local/Cellar/cmake/3.5.0/bin/cmake -E cmake_link_script CMakeFiles/cmTC_b53cf.dir/link.txt --verbose=1
/Applications/Xcode.app/Contents/Developer/Toolchains/XcodeDefault.xctoolchain/usr/bin/c++    -Wl,--version-script,"/Users/adityabhat/Downloads/build/rqt_rviz/class_loader_hide_library_symbols__rqt_rviz.script" -isysroot /Applications/Xcode.app/Contents/Developer/Platforms/MacOSX.platform/Developer/SDKs/MacOSX10.11.sdk -Wl,-search_paths_first -Wl,-headerpad_max_install_names   CMakeFiles/cmTC_b53cf.dir/DummyCXXFile.cxx.o  -o cmTC_b53cf  
ld: unknown option: --version-script
clang: error: linker command failed with exit code 1 (use -v to see invocation)
make[1]: *** [cmTC_b53cf] Error 1
make: *** [cmTC_b53cf/fast] Error 2


