Determining if the Q_WS_X11 exist failed with the following output:
Change Dir: /Users/adityabhat/Downloads/build/rviz_plugin_tutorials/CMakeFiles/CMakeTmp

Run Build Command:"/usr/bin/make" "cmTC_478e6/fast"
/Applications/Xcode.app/Contents/Developer/usr/bin/make -f CMakeFiles/cmTC_478e6.dir/build.make CMakeFiles/cmTC_478e6.dir/build
Building CXX object CMakeFiles/cmTC_478e6.dir/CheckSymbolExists.cxx.o
/Applications/Xcode.app/Contents/Developer/Toolchains/XcodeDefault.xctoolchain/usr/bin/c++    -I/usr/local/Cellar/qt/4.8.7_2/include -F/usr/local/Cellar/qt/4.8.7_2/lib  -isysroot /Applications/Xcode.app/Contents/Developer/Platforms/MacOSX.platform/Developer/SDKs/MacOSX10.11.sdk   -o CMakeFiles/cmTC_478e6.dir/CheckSymbolExists.cxx.o -c /Users/adityabhat/Downloads/build/rviz_plugin_tutorials/CMakeFiles/CMakeTmp/CheckSymbolExists.cxx
/Users/adityabhat/Downloads/build/rviz_plugin_tutorials/CMakeFiles/CMakeTmp/CheckSymbolExists.cxx:8:19: error: use of undeclared identifier 'Q_WS_X11'
  return ((int*)(&Q_WS_X11))[argc];
                  ^
1 error generated.
make[1]: *** [CMakeFiles/cmTC_478e6.dir/CheckSymbolExists.cxx.o] Error 1
make: *** [cmTC_478e6/fast] Error 2

File /Users/adityabhat/Downloads/build/rviz_plugin_tutorials/CMakeFiles/CMakeTmp/CheckSymbolExists.cxx:
/* */
#include <QtCore/qglobal.h>

int main(int argc, char** argv)
{
  (void)argv;
#ifndef Q_WS_X11
  return ((int*)(&Q_WS_X11))[argc];
#else
  (void)argc;
  return 0;
#endif
}

Determining if the Q_WS_WIN exist failed with the following output:
Change Dir: /Users/adityabhat/Downloads/build/rviz_plugin_tutorials/CMakeFiles/CMakeTmp

Run Build Command:"/usr/bin/make" "cmTC_eb329/fast"
/Applications/Xcode.app/Contents/Developer/usr/bin/make -f CMakeFiles/cmTC_eb329.dir/build.make CMakeFiles/cmTC_eb329.dir/build
Building CXX object CMakeFiles/cmTC_eb329.dir/CheckSymbolExists.cxx.o
/Applications/Xcode.app/Contents/Developer/Toolchains/XcodeDefault.xctoolchain/usr/bin/c++    -I/usr/local/Cellar/qt/4.8.7_2/include -F/usr/local/Cellar/qt/4.8.7_2/lib  -isysroot /Applications/Xcode.app/Contents/Developer/Platforms/MacOSX.platform/Developer/SDKs/MacOSX10.11.sdk   -o CMakeFiles/cmTC_eb329.dir/CheckSymbolExists.cxx.o -c /Users/adityabhat/Downloads/build/rviz_plugin_tutorials/CMakeFiles/CMakeTmp/CheckSymbolExists.cxx
/Users/adityabhat/Downloads/build/rviz_plugin_tutorials/CMakeFiles/CMakeTmp/CheckSymbolExists.cxx:8:19: error: use of undeclared identifier 'Q_WS_WIN'
  return ((int*)(&Q_WS_WIN))[argc];
                  ^
1 error generated.
make[1]: *** [CMakeFiles/cmTC_eb329.dir/CheckSymbolExists.cxx.o] Error 1
make: *** [cmTC_eb329/fast] Error 2

File /Users/adityabhat/Downloads/build/rviz_plugin_tutorials/CMakeFiles/CMakeTmp/CheckSymbolExists.cxx:
/* */
#include <QtCore/qglobal.h>

int main(int argc, char** argv)
{
  (void)argv;
#ifndef Q_WS_WIN
  return ((int*)(&Q_WS_WIN))[argc];
#else
  (void)argc;
  return 0;
#endif
}

Determining if the Q_WS_QWS exist failed with the following output:
Change Dir: /Users/adityabhat/Downloads/build/rviz_plugin_tutorials/CMakeFiles/CMakeTmp

Run Build Command:"/usr/bin/make" "cmTC_82d12/fast"
/Applications/Xcode.app/Contents/Developer/usr/bin/make -f CMakeFiles/cmTC_82d12.dir/build.make CMakeFiles/cmTC_82d12.dir/build
Building CXX object CMakeFiles/cmTC_82d12.dir/CheckSymbolExists.cxx.o
/Applications/Xcode.app/Contents/Developer/Toolchains/XcodeDefault.xctoolchain/usr/bin/c++    -I/usr/local/Cellar/qt/4.8.7_2/include -F/usr/local/Cellar/qt/4.8.7_2/lib  -isysroot /Applications/Xcode.app/Contents/Developer/Platforms/MacOSX.platform/Developer/SDKs/MacOSX10.11.sdk   -o CMakeFiles/cmTC_82d12.dir/CheckSymbolExists.cxx.o -c /Users/adityabhat/Downloads/build/rviz_plugin_tutorials/CMakeFiles/CMakeTmp/CheckSymbolExists.cxx
/Users/adityabhat/Downloads/build/rviz_plugin_tutorials/CMakeFiles/CMakeTmp/CheckSymbolExists.cxx:8:19: error: use of undeclared identifier 'Q_WS_QWS'
  return ((int*)(&Q_WS_QWS))[argc];
                  ^
1 error generated.
make[1]: *** [CMakeFiles/cmTC_82d12.dir/CheckSymbolExists.cxx.o] Error 1
make: *** [cmTC_82d12/fast] Error 2

File /Users/adityabhat/Downloads/build/rviz_plugin_tutorials/CMakeFiles/CMakeTmp/CheckSymbolExists.cxx:
/* */
#include <QtCore/qglobal.h>

int main(int argc, char** argv)
{
  (void)argv;
#ifndef Q_WS_QWS
  return ((int*)(&Q_WS_QWS))[argc];
#else
  (void)argc;
  return 0;
#endif
}

