[[36mactionlib[0m] [1m[34m==>[0m '[1m/Users/adityabhat/Downloads/build/actionlib/build_env.sh /usr/bin/make cmake_check_build_system[0m' [30m[1min[0m '[1m/Users/adityabhat/Downloads/build/actionlib[0m'[0m
-- Using CATKIN_DEVEL_PREFIX: /Users/adityabhat/Downloads/devel
-- Using CMAKE_PREFIX_PATH: /opt/ros/jade
-- This workspace overlays: /opt/ros/jade
-- Using PYTHON_EXECUTABLE: /usr/bin/python
-- Using default Python package layout
-- Using empy: /usr/local/lib/python2.7/site-packages/em.pyc
-- Using CATKIN_ENABLE_TESTING: ON
-- Call enable_testing()
-- Using CATKIN_TEST_RESULTS_DIR: /Users/adityabhat/Downloads/build/actionlib/test_results
-- Found gtest: gtests will be built
CMake Warning at /opt/ros/jade/share/catkin/cmake/test/nosetests.cmake:98 (message):
  nosetests not found, Python tests can not be run (try installing package
  'python-nose')
Call Stack (most recent call first):
  /opt/ros/jade/share/catkin/cmake/all.cmake:147 (include)
  /opt/ros/jade/share/catkin/cmake/catkinConfig.cmake:20 (include)
  CMakeLists.txt:4 (find_package)


-- catkin 0.6.16
-- Using these message generators: gencpp;geneus;genlisp;genpy
-- Boost version: 1.60.0
-- Found the following Boost libraries:
--   thread
--   chrono
--   system
--   date_time
--   atomic
-- Generating .msg files for action actionlib/Test /Users/adityabhat/Downloads/src/actionlib/action/Test.action
-- Generating .msg files for action actionlib/TestRequest /Users/adityabhat/Downloads/src/actionlib/action/TestRequest.action
-- Generating .msg files for action actionlib/TwoInts /Users/adityabhat/Downloads/src/actionlib/action/TwoInts.action
-- actionlib: 21 messages, 0 services
-- Configuring done
CMake Warning (dev):
  Policy CMP0042 is not set: MACOSX_RPATH is enabled by default.  Run "cmake
  --help-policy CMP0042" for policy details.  Use the cmake_policy command to
  set the policy and suppress this warning.
  MACOSX_RPATH is not specified for the following targets:

   actionlib
This warning is for project developers.  Use -Wno-dev to suppress it.

-- Generating done
-- Build files have been written to: /Users/adityabhat/Downloads/build/actionlib
[[36mactionlib[0m] [32m<==[0m '[1m/Users/adityabhat/Downloads/build/actionlib/build_env.sh /usr/bin/make cmake_check_build_system[0m' finished with return code '[1m0[0m'[0m
[[36mactionlib[0m] [1m[34m==>[0m '[1m/Users/adityabhat/Downloads/build/actionlib/build_env.sh /usr/bin/make --jobserver-fds=3,4 -j[0m' [30m[1min[0m '[1m/Users/adityabhat/Downloads/build/actionlib[0m'[0m
[  0%] Built target _actionlib_generate_messages_check_deps_TwoIntsActionFeedback
[  0%] Built target _actionlib_generate_messages_check_deps_TestResult
[  0%] Built target _actionlib_generate_messages_check_deps_TestRequestActionGoal
[  0%] Built target _actionlib_generate_messages_check_deps_TwoIntsAction
[  0%] Built target _actionlib_generate_messages_check_deps_TwoIntsFeedback
[  0%] Built target _actionlib_generate_messages_check_deps_TwoIntsResult
[  0%] Built target _actionlib_generate_messages_check_deps_TestActionResult
[  0%] Built target _actionlib_generate_messages_check_deps_TwoIntsActionResult
[  0%] Built target _actionlib_generate_messages_check_deps_TwoIntsGoal
[  0%] Built target _actionlib_generate_messages_check_deps_TestRequestActionFeedback
[  0%] Built target _actionlib_generate_messages_check_deps_TwoIntsActionGoal
[  0%] Built target _actionlib_generate_messages_check_deps_TestRequestResult
[  0%] Built target _actionlib_generate_messages_check_deps_TestFeedback
[  0%] Built target _actionlib_generate_messages_check_deps_TestAction
[  0%] Built target _actionlib_generate_messages_check_deps_TestRequestGoal
[  0%] Built target _actionlib_generate_messages_check_deps_TestRequestActionResult
[  0%] Built target _actionlib_generate_messages_check_deps_TestRequestAction
[  0%] Built target std_msgs_generate_messages_lisp
[  0%] Built target _actionlib_generate_messages_check_deps_TestGoal
[  0%] Built target actionlib_msgs_generate_messages_lisp
[  0%] Built target _actionlib_generate_messages_check_deps_TestRequestFeedback
[  0%] Built target _actionlib_generate_messages_check_deps_TestActionGoal
[  0%] Built target std_msgs_generate_messages_py
[  0%] Built target actionlib_msgs_generate_messages_py
[  0%] Built target _actionlib_generate_messages_check_deps_TestActionFeedback
[  0%] Built target actionlib_msgs_generate_messages_eus
[  0%] Built target std_msgs_generate_messages_eus
[  0%] Built target std_msgs_generate_messages_cpp
[  0%] Built target actionlib_msgs_generate_messages_cpp
[ 23%] Built target actionlib_generate_messages_lisp
[ 48%] Built target actionlib_generate_messages_py
[ 73%] Built target actionlib_generate_messages_eus
[ 97%] Built target actionlib_generate_messages_cpp
[ 97%] Built target actionlib_generate_messages
[ 97%] Built target actionlib_gencpp
[100%] Built target actionlib
[[36mactionlib[0m] [32m<==[0m '[1m/Users/adityabhat/Downloads/build/actionlib/build_env.sh /usr/bin/make --jobserver-fds=3,4 -j[0m' finished with return code '[1m0[0m'[0m
[[36mactionlib[0m] [1m[34m==>[0m '[1m/Users/adityabhat/Downloads/build/actionlib/build_env.sh /usr/bin/make install[0m' [30m[1min[0m '[1m/Users/adityabhat/Downloads/build/actionlib[0m'[0m
[  0%] Built target _actionlib_generate_messages_check_deps_TwoIntsActionFeedback
[  0%] Built target _actionlib_generate_messages_check_deps_TestResult
[  0%] Built target _actionlib_generate_messages_check_deps_TestRequestActionGoal
[  0%] Built target _actionlib_generate_messages_check_deps_TwoIntsAction
[  0%] Built target _actionlib_generate_messages_check_deps_TwoIntsFeedback
[  0%] Built target _actionlib_generate_messages_check_deps_TwoIntsResult
[  0%] Built target _actionlib_generate_messages_check_deps_TestActionResult
[  0%] Built target _actionlib_generate_messages_check_deps_TwoIntsActionResult
[  0%] Built target _actionlib_generate_messages_check_deps_TwoIntsGoal
[  0%] Built target _actionlib_generate_messages_check_deps_TestRequestActionFeedback
[  0%] Built target _actionlib_generate_messages_check_deps_TwoIntsActionGoal
[  0%] Built target _actionlib_generate_messages_check_deps_TestRequestResult
[  0%] Built target _actionlib_generate_messages_check_deps_TestFeedback
[  0%] Built target _actionlib_generate_messages_check_deps_TestAction
[  0%] Built target _actionlib_generate_messages_check_deps_TestRequestGoal
[  0%] Built target _actionlib_generate_messages_check_deps_TestRequestActionResult
[  0%] Built target _actionlib_generate_messages_check_deps_TestRequestAction
[  0%] Built target std_msgs_generate_messages_lisp
[  0%] Built target _actionlib_generate_messages_check_deps_TestGoal
[  0%] Built target actionlib_msgs_generate_messages_lisp
[  0%] Built target _actionlib_generate_messages_check_deps_TestRequestFeedback
[  0%] Built target _actionlib_generate_messages_check_deps_TestActionGoal
[  0%] Built target _actionlib_generate_messages_check_deps_TestActionFeedback
[ 23%] Built target actionlib_generate_messages_lisp
[ 23%] Built target std_msgs_generate_messages_py
[ 23%] Built target actionlib_msgs_generate_messages_py
[ 48%] Built target actionlib_generate_messages_py
[ 48%] Built target actionlib_msgs_generate_messages_eus
[ 48%] Built target std_msgs_generate_messages_eus
[ 73%] Built target actionlib_generate_messages_eus
[ 73%] Built target std_msgs_generate_messages_cpp
[ 73%] Built target actionlib_msgs_generate_messages_cpp
[ 97%] Built target actionlib_generate_messages_cpp
[ 97%] Built target actionlib_generate_messages
[ 97%] Built target actionlib_gencpp
[100%] Built target actionlib
[36mInstall the project...[0m
-- Install configuration: "Release"
-- Installing: /opt/ros/jade/_setup_util.py
-- Installing: /opt/ros/jade/env.sh
-- Installing: /opt/ros/jade/setup.bash
-- Installing: /opt/ros/jade/setup.sh
-- Installing: /opt/ros/jade/setup.zsh
-- Installing: /opt/ros/jade/.rosinstall
+ cd /Users/adityabhat/Downloads/src/actionlib
+ /usr/bin/env PYTHONPATH=/opt/ros/jade/lib/python2.7/site-packages:/Users/adityabhat/Downloads/build/actionlib/lib/python2.7/site-packages:/opt/ros/jade/lib/python2.7/site-packages CATKIN_BINARY_DIR=/Users/adityabhat/Downloads/build/actionlib /usr/bin/python /Users/adityabhat/Downloads/src/actionlib/setup.py build --build-base /Users/adityabhat/Downloads/build/actionlib install --prefix=/opt/ros/jade --install-scripts=/opt/ros/jade/bin
running build
running build_py
running install
running install_lib
running install_egg_info
Removing /opt/ros/jade/lib/python2.7/site-packages/actionlib-1.11.4-py2.7.egg-info
Writing /opt/ros/jade/lib/python2.7/site-packages/actionlib-1.11.4-py2.7.egg-info
-- Up-to-date: /opt/ros/jade/share/actionlib/action/Test.action
-- Up-to-date: /opt/ros/jade/share/actionlib/action/TestRequest.action
-- Up-to-date: /opt/ros/jade/share/actionlib/action/TwoInts.action
-- Up-to-date: /opt/ros/jade/share/actionlib/msg/TestAction.msg
-- Up-to-date: /opt/ros/jade/share/actionlib/msg/TestActionGoal.msg
-- Up-to-date: /opt/ros/jade/share/actionlib/msg/TestActionResult.msg
-- Up-to-date: /opt/ros/jade/share/actionlib/msg/TestActionFeedback.msg
-- Up-to-date: /opt/ros/jade/share/actionlib/msg/TestGoal.msg
-- Up-to-date: /opt/ros/jade/share/actionlib/msg/TestResult.msg
-- Up-to-date: /opt/ros/jade/share/actionlib/msg/TestFeedback.msg
-- Up-to-date: /opt/ros/jade/share/actionlib/msg/TestRequestAction.msg
-- Up-to-date: /opt/ros/jade/share/actionlib/msg/TestRequestActionGoal.msg
-- Up-to-date: /opt/ros/jade/share/actionlib/msg/TestRequestActionResult.msg
-- Up-to-date: /opt/ros/jade/share/actionlib/msg/TestRequestActionFeedback.msg
-- Up-to-date: /opt/ros/jade/share/actionlib/msg/TestRequestGoal.msg
-- Up-to-date: /opt/ros/jade/share/actionlib/msg/TestRequestResult.msg
-- Up-to-date: /opt/ros/jade/share/actionlib/msg/TestRequestFeedback.msg
-- Up-to-date: /opt/ros/jade/share/actionlib/msg/TwoIntsAction.msg
-- Up-to-date: /opt/ros/jade/share/actionlib/msg/TwoIntsActionGoal.msg
-- Up-to-date: /opt/ros/jade/share/actionlib/msg/TwoIntsActionResult.msg
-- Up-to-date: /opt/ros/jade/share/actionlib/msg/TwoIntsActionFeedback.msg
-- Up-to-date: /opt/ros/jade/share/actionlib/msg/TwoIntsGoal.msg
-- Up-to-date: /opt/ros/jade/share/actionlib/msg/TwoIntsResult.msg
-- Up-to-date: /opt/ros/jade/share/actionlib/msg/TwoIntsFeedback.msg
-- Up-to-date: /opt/ros/jade/share/actionlib/cmake/actionlib-msg-paths.cmake
-- Up-to-date: /opt/ros/jade/include/actionlib
-- Up-to-date: /opt/ros/jade/include/actionlib/TestAction.h
-- Up-to-date: /opt/ros/jade/include/actionlib/TestActionFeedback.h
-- Up-to-date: /opt/ros/jade/include/actionlib/TestActionGoal.h
-- Up-to-date: /opt/ros/jade/include/actionlib/TestActionResult.h
-- Up-to-date: /opt/ros/jade/include/actionlib/TestFeedback.h
-- Up-to-date: /opt/ros/jade/include/actionlib/TestGoal.h
-- Up-to-date: /opt/ros/jade/include/actionlib/TestRequestAction.h
-- Up-to-date: /opt/ros/jade/include/actionlib/TestRequestActionFeedback.h
-- Up-to-date: /opt/ros/jade/include/actionlib/TestRequestActionGoal.h
-- Up-to-date: /opt/ros/jade/include/actionlib/TestRequestActionResult.h
-- Up-to-date: /opt/ros/jade/include/actionlib/TestRequestFeedback.h
-- Up-to-date: /opt/ros/jade/include/actionlib/TestRequestGoal.h
-- Up-to-date: /opt/ros/jade/include/actionlib/TestRequestResult.h
-- Up-to-date: /opt/ros/jade/include/actionlib/TestResult.h
-- Up-to-date: /opt/ros/jade/include/actionlib/TwoIntsAction.h
-- Up-to-date: /opt/ros/jade/include/actionlib/TwoIntsActionFeedback.h
-- Up-to-date: /opt/ros/jade/include/actionlib/TwoIntsActionGoal.h
-- Up-to-date: /opt/ros/jade/include/actionlib/TwoIntsActionResult.h
-- Up-to-date: /opt/ros/jade/include/actionlib/TwoIntsFeedback.h
-- Up-to-date: /opt/ros/jade/include/actionlib/TwoIntsGoal.h
-- Up-to-date: /opt/ros/jade/include/actionlib/TwoIntsResult.h
-- Up-to-date: /opt/ros/jade/share/roseus/ros/actionlib
-- Up-to-date: /opt/ros/jade/share/roseus/ros/actionlib/manifest.l
-- Up-to-date: /opt/ros/jade/share/roseus/ros/actionlib/msg
-- Up-to-date: /opt/ros/jade/share/roseus/ros/actionlib/msg/TestAction.l
-- Up-to-date: /opt/ros/jade/share/roseus/ros/actionlib/msg/TestActionFeedback.l
-- Up-to-date: /opt/ros/jade/share/roseus/ros/actionlib/msg/TestActionGoal.l
-- Up-to-date: /opt/ros/jade/share/roseus/ros/actionlib/msg/TestActionResult.l
-- Up-to-date: /opt/ros/jade/share/roseus/ros/actionlib/msg/TestFeedback.l
-- Up-to-date: /opt/ros/jade/share/roseus/ros/actionlib/msg/TestGoal.l
-- Up-to-date: /opt/ros/jade/share/roseus/ros/actionlib/msg/TestRequestAction.l
-- Up-to-date: /opt/ros/jade/share/roseus/ros/actionlib/msg/TestRequestActionFeedback.l
-- Up-to-date: /opt/ros/jade/share/roseus/ros/actionlib/msg/TestRequestActionGoal.l
-- Up-to-date: /opt/ros/jade/share/roseus/ros/actionlib/msg/TestRequestActionResult.l
-- Up-to-date: /opt/ros/jade/share/roseus/ros/actionlib/msg/TestRequestFeedback.l
-- Up-to-date: /opt/ros/jade/share/roseus/ros/actionlib/msg/TestRequestGoal.l
-- Up-to-date: /opt/ros/jade/share/roseus/ros/actionlib/msg/TestRequestResult.l
-- Up-to-date: /opt/ros/jade/share/roseus/ros/actionlib/msg/TestResult.l
-- Up-to-date: /opt/ros/jade/share/roseus/ros/actionlib/msg/TwoIntsAction.l
-- Up-to-date: /opt/ros/jade/share/roseus/ros/actionlib/msg/TwoIntsActionFeedback.l
-- Up-to-date: /opt/ros/jade/share/roseus/ros/actionlib/msg/TwoIntsActionGoal.l
-- Up-to-date: /opt/ros/jade/share/roseus/ros/actionlib/msg/TwoIntsActionResult.l
-- Up-to-date: /opt/ros/jade/share/roseus/ros/actionlib/msg/TwoIntsFeedback.l
-- Up-to-date: /opt/ros/jade/share/roseus/ros/actionlib/msg/TwoIntsGoal.l
-- Up-to-date: /opt/ros/jade/share/roseus/ros/actionlib/msg/TwoIntsResult.l
-- Up-to-date: /opt/ros/jade/share/common-lisp/ros/actionlib
-- Up-to-date: /opt/ros/jade/share/common-lisp/ros/actionlib/msg
-- Up-to-date: /opt/ros/jade/share/common-lisp/ros/actionlib/msg/_package.lisp
-- Up-to-date: /opt/ros/jade/share/common-lisp/ros/actionlib/msg/_package_TestAction.lisp
-- Up-to-date: /opt/ros/jade/share/common-lisp/ros/actionlib/msg/_package_TestActionFeedback.lisp
-- Up-to-date: /opt/ros/jade/share/common-lisp/ros/actionlib/msg/_package_TestActionGoal.lisp
-- Up-to-date: /opt/ros/jade/share/common-lisp/ros/actionlib/msg/_package_TestActionResult.lisp
-- Up-to-date: /opt/ros/jade/share/common-lisp/ros/actionlib/msg/_package_TestFeedback.lisp
-- Up-to-date: /opt/ros/jade/share/common-lisp/ros/actionlib/msg/_package_TestGoal.lisp
-- Up-to-date: /opt/ros/jade/share/common-lisp/ros/actionlib/msg/_package_TestRequestAction.lisp
-- Up-to-date: /opt/ros/jade/share/common-lisp/ros/actionlib/msg/_package_TestRequestActionFeedback.lisp
-- Up-to-date: /opt/ros/jade/share/common-lisp/ros/actionlib/msg/_package_TestRequestActionGoal.lisp
-- Up-to-date: /opt/ros/jade/share/common-lisp/ros/actionlib/msg/_package_TestRequestActionResult.lisp
-- Up-to-date: /opt/ros/jade/share/common-lisp/ros/actionlib/msg/_package_TestRequestFeedback.lisp
-- Up-to-date: /opt/ros/jade/share/common-lisp/ros/actionlib/msg/_package_TestRequestGoal.lisp
-- Up-to-date: /opt/ros/jade/share/common-lisp/ros/actionlib/msg/_package_TestRequestResult.lisp
-- Up-to-date: /opt/ros/jade/share/common-lisp/ros/actionlib/msg/_package_TestResult.lisp
-- Up-to-date: /opt/ros/jade/share/common-lisp/ros/actionlib/msg/_package_TwoIntsAction.lisp
-- Up-to-date: /opt/ros/jade/share/common-lisp/ros/actionlib/msg/_package_TwoIntsActionFeedback.lisp
-- Up-to-date: /opt/ros/jade/share/common-lisp/ros/actionlib/msg/_package_TwoIntsActionGoal.lisp
-- Up-to-date: /opt/ros/jade/share/common-lisp/ros/actionlib/msg/_package_TwoIntsActionResult.lisp
-- Up-to-date: /opt/ros/jade/share/common-lisp/ros/actionlib/msg/_package_TwoIntsFeedback.lisp
-- Up-to-date: /opt/ros/jade/share/common-lisp/ros/actionlib/msg/_package_TwoIntsGoal.lisp
-- Up-to-date: /opt/ros/jade/share/common-lisp/ros/actionlib/msg/_package_TwoIntsResult.lisp
-- Up-to-date: /opt/ros/jade/share/common-lisp/ros/actionlib/msg/actionlib-msg.asd
-- Up-to-date: /opt/ros/jade/share/common-lisp/ros/actionlib/msg/TestAction.lisp
-- Up-to-date: /opt/ros/jade/share/common-lisp/ros/actionlib/msg/TestActionFeedback.lisp
-- Up-to-date: /opt/ros/jade/share/common-lisp/ros/actionlib/msg/TestActionGoal.lisp
-- Up-to-date: /opt/ros/jade/share/common-lisp/ros/actionlib/msg/TestActionResult.lisp
-- Up-to-date: /opt/ros/jade/share/common-lisp/ros/actionlib/msg/TestFeedback.lisp
-- Up-to-date: /opt/ros/jade/share/common-lisp/ros/actionlib/msg/TestGoal.lisp
-- Up-to-date: /opt/ros/jade/share/common-lisp/ros/actionlib/msg/TestRequestAction.lisp
-- Up-to-date: /opt/ros/jade/share/common-lisp/ros/actionlib/msg/TestRequestActionFeedback.lisp
-- Up-to-date: /opt/ros/jade/share/common-lisp/ros/actionlib/msg/TestRequestActionGoal.lisp
-- Up-to-date: /opt/ros/jade/share/common-lisp/ros/actionlib/msg/TestRequestActionResult.lisp
-- Up-to-date: /opt/ros/jade/share/common-lisp/ros/actionlib/msg/TestRequestFeedback.lisp
-- Up-to-date: /opt/ros/jade/share/common-lisp/ros/actionlib/msg/TestRequestGoal.lisp
-- Up-to-date: /opt/ros/jade/share/common-lisp/ros/actionlib/msg/TestRequestResult.lisp
-- Up-to-date: /opt/ros/jade/share/common-lisp/ros/actionlib/msg/TestResult.lisp
-- Up-to-date: /opt/ros/jade/share/common-lisp/ros/actionlib/msg/TwoIntsAction.lisp
-- Up-to-date: /opt/ros/jade/share/common-lisp/ros/actionlib/msg/TwoIntsActionFeedback.lisp
-- Up-to-date: /opt/ros/jade/share/common-lisp/ros/actionlib/msg/TwoIntsActionGoal.lisp
-- Up-to-date: /opt/ros/jade/share/common-lisp/ros/actionlib/msg/TwoIntsActionResult.lisp
-- Up-to-date: /opt/ros/jade/share/common-lisp/ros/actionlib/msg/TwoIntsFeedback.lisp
-- Up-to-date: /opt/ros/jade/share/common-lisp/ros/actionlib/msg/TwoIntsGoal.lisp
-- Up-to-date: /opt/ros/jade/share/common-lisp/ros/actionlib/msg/TwoIntsResult.lisp
Listing /Users/adityabhat/Downloads/devel/lib/python2.7/site-packages/actionlib ...
Listing /Users/adityabhat/Downloads/devel/lib/python2.7/site-packages/actionlib/msg ...
-- Up-to-date: /opt/ros/jade/lib/python2.7/site-packages/actionlib
-- Up-to-date: /opt/ros/jade/lib/python2.7/site-packages/actionlib/msg
-- Up-to-date: /opt/ros/jade/lib/python2.7/site-packages/actionlib/msg/_TestAction.py
-- Up-to-date: /opt/ros/jade/lib/python2.7/site-packages/actionlib/msg/_TestAction.pyc
-- Up-to-date: /opt/ros/jade/lib/python2.7/site-packages/actionlib/msg/_TestActionFeedback.py
-- Up-to-date: /opt/ros/jade/lib/python2.7/site-packages/actionlib/msg/_TestActionFeedback.pyc
-- Up-to-date: /opt/ros/jade/lib/python2.7/site-packages/actionlib/msg/_TestActionGoal.py
-- Up-to-date: /opt/ros/jade/lib/python2.7/site-packages/actionlib/msg/_TestActionGoal.pyc
-- Up-to-date: /opt/ros/jade/lib/python2.7/site-packages/actionlib/msg/_TestActionResult.py
-- Up-to-date: /opt/ros/jade/lib/python2.7/site-packages/actionlib/msg/_TestActionResult.pyc
-- Up-to-date: /opt/ros/jade/lib/python2.7/site-packages/actionlib/msg/_TestFeedback.py
-- Up-to-date: /opt/ros/jade/lib/python2.7/site-packages/actionlib/msg/_TestFeedback.pyc
-- Up-to-date: /opt/ros/jade/lib/python2.7/site-packages/actionlib/msg/_TestGoal.py
-- Up-to-date: /opt/ros/jade/lib/python2.7/site-packages/actionlib/msg/_TestGoal.pyc
-- Up-to-date: /opt/ros/jade/lib/python2.7/site-packages/actionlib/msg/_TestRequestAction.py
-- Up-to-date: /opt/ros/jade/lib/python2.7/site-packages/actionlib/msg/_TestRequestAction.pyc
-- Up-to-date: /opt/ros/jade/lib/python2.7/site-packages/actionlib/msg/_TestRequestActionFeedback.py
-- Up-to-date: /opt/ros/jade/lib/python2.7/site-packages/actionlib/msg/_TestRequestActionFeedback.pyc
-- Up-to-date: /opt/ros/jade/lib/python2.7/site-packages/actionlib/msg/_TestRequestActionGoal.py
-- Up-to-date: /opt/ros/jade/lib/python2.7/site-packages/actionlib/msg/_TestRequestActionGoal.pyc
-- Up-to-date: /opt/ros/jade/lib/python2.7/site-packages/actionlib/msg/_TestRequestActionResult.py
-- Up-to-date: /opt/ros/jade/lib/python2.7/site-packages/actionlib/msg/_TestRequestActionResult.pyc
-- Up-to-date: /opt/ros/jade/lib/python2.7/site-packages/actionlib/msg/_TestRequestFeedback.py
-- Up-to-date: /opt/ros/jade/lib/python2.7/site-packages/actionlib/msg/_TestRequestFeedback.pyc
-- Up-to-date: /opt/ros/jade/lib/python2.7/site-packages/actionlib/msg/_TestRequestGoal.py
-- Up-to-date: /opt/ros/jade/lib/python2.7/site-packages/actionlib/msg/_TestRequestGoal.pyc
-- Up-to-date: /opt/ros/jade/lib/python2.7/site-packages/actionlib/msg/_TestRequestResult.py
-- Up-to-date: /opt/ros/jade/lib/python2.7/site-packages/actionlib/msg/_TestRequestResult.pyc
-- Up-to-date: /opt/ros/jade/lib/python2.7/site-packages/actionlib/msg/_TestResult.py
-- Up-to-date: /opt/ros/jade/lib/python2.7/site-packages/actionlib/msg/_TestResult.pyc
-- Up-to-date: /opt/ros/jade/lib/python2.7/site-packages/actionlib/msg/_TwoIntsAction.py
-- Up-to-date: /opt/ros/jade/lib/python2.7/site-packages/actionlib/msg/_TwoIntsAction.pyc
-- Up-to-date: /opt/ros/jade/lib/python2.7/site-packages/actionlib/msg/_TwoIntsActionFeedback.py
-- Up-to-date: /opt/ros/jade/lib/python2.7/site-packages/actionlib/msg/_TwoIntsActionFeedback.pyc
-- Up-to-date: /opt/ros/jade/lib/python2.7/site-packages/actionlib/msg/_TwoIntsActionGoal.py
-- Up-to-date: /opt/ros/jade/lib/python2.7/site-packages/actionlib/msg/_TwoIntsActionGoal.pyc
-- Up-to-date: /opt/ros/jade/lib/python2.7/site-packages/actionlib/msg/_TwoIntsActionResult.py
-- Up-to-date: /opt/ros/jade/lib/python2.7/site-packages/actionlib/msg/_TwoIntsActionResult.pyc
-- Up-to-date: /opt/ros/jade/lib/python2.7/site-packages/actionlib/msg/_TwoIntsFeedback.py
-- Up-to-date: /opt/ros/jade/lib/python2.7/site-packages/actionlib/msg/_TwoIntsFeedback.pyc
-- Up-to-date: /opt/ros/jade/lib/python2.7/site-packages/actionlib/msg/_TwoIntsGoal.py
-- Up-to-date: /opt/ros/jade/lib/python2.7/site-packages/actionlib/msg/_TwoIntsGoal.pyc
-- Up-to-date: /opt/ros/jade/lib/python2.7/site-packages/actionlib/msg/_TwoIntsResult.py
-- Up-to-date: /opt/ros/jade/lib/python2.7/site-packages/actionlib/msg/_TwoIntsResult.pyc
-- Up-to-date: /opt/ros/jade/lib/python2.7/site-packages/actionlib
-- Up-to-date: /opt/ros/jade/lib/python2.7/site-packages/actionlib/msg
-- Up-to-date: /opt/ros/jade/lib/python2.7/site-packages/actionlib/msg/__init__.py
-- Up-to-date: /opt/ros/jade/lib/python2.7/site-packages/actionlib/msg/__init__.pyc
-- Installing: /opt/ros/jade/lib/pkgconfig/actionlib.pc
-- Up-to-date: /opt/ros/jade/share/actionlib/cmake/actionlib-msg-extras.cmake
-- Up-to-date: /opt/ros/jade/share/actionlib/cmake/actionlibConfig.cmake
-- Up-to-date: /opt/ros/jade/share/actionlib/cmake/actionlibConfig-version.cmake
-- Up-to-date: /opt/ros/jade/share/actionlib/package.xml
-- Installing: /opt/ros/jade/lib/actionlib/axclient.py
-- Installing: /opt/ros/jade/lib/actionlib/axserver.py
-- Installing: /opt/ros/jade/lib/actionlib/dynamic_action.py
-- Installing: /opt/ros/jade/lib/actionlib/library.py
-- Installing: /opt/ros/jade/lib/libactionlib.dylib
-- Up-to-date: /opt/ros/jade/include/actionlib
-- Up-to-date: /opt/ros/jade/include/actionlib/action_definition.h
-- Up-to-date: /opt/ros/jade/include/actionlib/client
-- Up-to-date: /opt/ros/jade/include/actionlib/client/action_client.h
-- Up-to-date: /opt/ros/jade/include/actionlib/client/client_goal_handle_imp.h
-- Up-to-date: /opt/ros/jade/include/actionlib/client/client_helpers.h
-- Up-to-date: /opt/ros/jade/include/actionlib/client/comm_state.h
-- Up-to-date: /opt/ros/jade/include/actionlib/client/comm_state_machine_imp.h
-- Up-to-date: /opt/ros/jade/include/actionlib/client/connection_monitor.h
-- Up-to-date: /opt/ros/jade/include/actionlib/client/goal_manager_imp.h
-- Up-to-date: /opt/ros/jade/include/actionlib/client/service_client.h
-- Up-to-date: /opt/ros/jade/include/actionlib/client/service_client_imp.h
-- Up-to-date: /opt/ros/jade/include/actionlib/client/simple_action_client.h
-- Up-to-date: /opt/ros/jade/include/actionlib/client/simple_client_goal_state.h
-- Up-to-date: /opt/ros/jade/include/actionlib/client/simple_goal_state.h
-- Up-to-date: /opt/ros/jade/include/actionlib/client/terminal_state.h
-- Up-to-date: /opt/ros/jade/include/actionlib/client_goal_status.h
-- Up-to-date: /opt/ros/jade/include/actionlib/decl.h
-- Up-to-date: /opt/ros/jade/include/actionlib/destruction_guard.h
-- Up-to-date: /opt/ros/jade/include/actionlib/enclosure_deleter.h
-- Up-to-date: /opt/ros/jade/include/actionlib/goal_id_generator.h
-- Up-to-date: /opt/ros/jade/include/actionlib/managed_list.h
-- Up-to-date: /opt/ros/jade/include/actionlib/one_shot_timer.h
-- Up-to-date: /opt/ros/jade/include/actionlib/server
-- Up-to-date: /opt/ros/jade/include/actionlib/server/action_server.h
-- Up-to-date: /opt/ros/jade/include/actionlib/server/action_server_base.h
-- Up-to-date: /opt/ros/jade/include/actionlib/server/action_server_imp.h
-- Up-to-date: /opt/ros/jade/include/actionlib/server/handle_tracker_deleter.h
-- Up-to-date: /opt/ros/jade/include/actionlib/server/handle_tracker_deleter_imp.h
-- Up-to-date: /opt/ros/jade/include/actionlib/server/server_goal_handle.h
-- Up-to-date: /opt/ros/jade/include/actionlib/server/server_goal_handle_imp.h
-- Up-to-date: /opt/ros/jade/include/actionlib/server/service_server.h
-- Up-to-date: /opt/ros/jade/include/actionlib/server/service_server_imp.h
-- Up-to-date: /opt/ros/jade/include/actionlib/server/simple_action_server.h
-- Up-to-date: /opt/ros/jade/include/actionlib/server/simple_action_server_imp.h
-- Up-to-date: /opt/ros/jade/include/actionlib/server/status_tracker.h
-- Up-to-date: /opt/ros/jade/include/actionlib/server/status_tracker_imp.h
[[36mactionlib[0m] [32m<==[0m '[1m/Users/adityabhat/Downloads/build/actionlib/build_env.sh /usr/bin/make install[0m' finished with return code '[1m0[0m'[0m
