[[36mactionlib_tutorials[0m] [1m[34m==>[0m '[1m/Users/adityabhat/Downloads/build/actionlib_tutorials/build_env.sh /usr/bin/make cmake_check_build_system[0m' [30m[1min[0m '[1m/Users/adityabhat/Downloads/build/actionlib_tutorials[0m'[0m
-- Using CATKIN_DEVEL_PREFIX: /Users/adityabhat/Downloads/devel
-- Using CMAKE_PREFIX_PATH: /opt/ros/jade
-- This workspace overlays: /opt/ros/jade
-- Using PYTHON_EXECUTABLE: /usr/bin/python
-- Using default Python package layout
-- Using empy: /usr/local/lib/python2.7/site-packages/em.pyc
-- Using CATKIN_ENABLE_TESTING: ON
-- Call enable_testing()
-- Using CATKIN_TEST_RESULTS_DIR: /Users/adityabhat/Downloads/build/actionlib_tutorials/test_results
-- Found gtest: gtests will be built
CMake Warning at /opt/ros/jade/share/catkin/cmake/test/nosetests.cmake:98 (message):
  nosetests not found, Python tests can not be run (try installing package
  'python-nose')
Call Stack (most recent call first):
  /opt/ros/jade/share/catkin/cmake/all.cmake:147 (include)
  /opt/ros/jade/share/catkin/cmake/catkinConfig.cmake:20 (include)
  CMakeLists.txt:5 (find_package)

-- catkin 0.6.16
-- Using these message generators: gencpp;geneus;genlisp;genpy
-- Boost version: 1.60.0
-- Found the following Boost libraries:
--   system
--   thread
--   chrono
--   date_time
--   atomic
-- Generating .msg files for action actionlib_tutorials/Fibonacci /Users/adityabhat/Downloads/src/common_tutorials/actionlib_tutorials/action/Fibonacci.action
-- Generating .msg files for action actionlib_tutorials/Averaging /Users/adityabhat/Downloads/src/common_tutorials/actionlib_tutorials/action/Averaging.action
-- actionlib_tutorials: 14 messages, 0 services
-- Configuring done
-- Generating done
-- Build files have been written to: /Users/adityabhat/Downloads/build/actionlib_tutorials
[[36mactionlib_tutorials[0m] [32m<==[0m '[1m/Users/adityabhat/Downloads/build/actionlib_tutorials/build_env.sh /usr/bin/make cmake_check_build_system[0m' finished with return code '[1m0[0m'[0m
[[36mactionlib_tutorials[0m] [1m[34m==>[0m '[1m/Users/adityabhat/Downloads/build/actionlib_tutorials/build_env.sh /usr/bin/make --jobserver-fds=3,4 -j[0m' [30m[1min[0m '[1m/Users/adityabhat/Downloads/build/actionlib_tutorials[0m'[0m
[  0%] Built target rosgraph_msgs_generate_messages_lisp
[  0%] Built target _actionlib_tutorials_generate_messages_check_deps_AveragingGoal
[  0%] Built target _actionlib_tutorials_generate_messages_check_deps_AveragingActionFeedback
[  0%] Built target _actionlib_tutorials_generate_messages_check_deps_FibonacciFeedback
[  0%] Built target _actionlib_tutorials_generate_messages_check_deps_FibonacciResult
[  0%] Built target _actionlib_tutorials_generate_messages_check_deps_AveragingActionResult
[  0%] Built target _actionlib_tutorials_generate_messages_check_deps_AveragingAction
[  0%] Built target _actionlib_tutorials_generate_messages_check_deps_AveragingActionGoal
[  0%] Built target _actionlib_tutorials_generate_messages_check_deps_FibonacciActionGoal
[  0%] Built target _actionlib_tutorials_generate_messages_check_deps_AveragingResult
[  0%] Built target _actionlib_tutorials_generate_messages_check_deps_FibonacciGoal
[  0%] Built target _actionlib_tutorials_generate_messages_check_deps_FibonacciActionResult
[  0%] Built target std_msgs_generate_messages_py
[  0%] Built target actionlib_msgs_generate_messages_py
[  0%] Built target rosgraph_msgs_generate_messages_py
[  0%] Built target _actionlib_tutorials_generate_messages_check_deps_FibonacciAction
[  0%] Built target actionlib_generate_messages_py
[  0%] Built target actionlib_msgs_generate_messages_cpp
[  0%] Built target std_msgs_generate_messages_cpp
[  0%] Built target rosgraph_msgs_generate_messages_eus
[  0%] Built target _actionlib_tutorials_generate_messages_check_deps_FibonacciActionFeedback
[  0%] Built target actionlib_generate_messages_eus
[  0%] Built target _actionlib_tutorials_generate_messages_check_deps_AveragingFeedback
[  0%] Built target rosgraph_msgs_generate_messages_cpp
[  0%] Built target actionlib_generate_messages_lisp
[  0%] Built target roscpp_generate_messages_eus
[  0%] Built target roscpp_generate_messages_py
[  0%] Built target roscpp_generate_messages_cpp
[  0%] Built target std_msgs_generate_messages_lisp
[  0%] Built target actionlib_msgs_generate_messages_eus
[  0%] Built target std_msgs_generate_messages_eus
[  0%] Built target actionlib_msgs_generate_messages_lisp
[  0%] Built target actionlib_generate_messages_cpp
[  0%] Built target roscpp_generate_messages_lisp
[ 22%] Built target actionlib_tutorials_generate_messages_py
[ 43%] Built target actionlib_tutorials_generate_messages_cpp
[ 65%] Built target actionlib_tutorials_generate_messages_lisp
[ 87%] Built target actionlib_tutorials_generate_messages_eus
[ 90%] Built target averaging_server
[ 93%] Built target fibonacci_server
[ 93%] Built target actionlib_tutorials_generate_messages
[ 96%] Built target fibonacci_client
[100%] Built target averaging_client
[[36mactionlib_tutorials[0m] [32m<==[0m '[1m/Users/adityabhat/Downloads/build/actionlib_tutorials/build_env.sh /usr/bin/make --jobserver-fds=3,4 -j[0m' finished with return code '[1m0[0m'[0m
[[36mactionlib_tutorials[0m] [1m[34m==>[0m '[1m/Users/adityabhat/Downloads/build/actionlib_tutorials/build_env.sh /usr/bin/make install[0m' [30m[1min[0m '[1m/Users/adityabhat/Downloads/build/actionlib_tutorials[0m'[0m
[  0%] Built target rosgraph_msgs_generate_messages_lisp
[  0%] Built target _actionlib_tutorials_generate_messages_check_deps_AveragingActionFeedback
[  0%] Built target _actionlib_tutorials_generate_messages_check_deps_AveragingGoal
[  0%] Built target _actionlib_tutorials_generate_messages_check_deps_FibonacciFeedback
[  0%] Built target _actionlib_tutorials_generate_messages_check_deps_FibonacciResult
[  0%] Built target _actionlib_tutorials_generate_messages_check_deps_AveragingAction
[  0%] Built target _actionlib_tutorials_generate_messages_check_deps_AveragingActionResult
[  0%] Built target _actionlib_tutorials_generate_messages_check_deps_AveragingActionGoal
[  0%] Built target _actionlib_tutorials_generate_messages_check_deps_FibonacciActionGoal
[  0%] Built target _actionlib_tutorials_generate_messages_check_deps_FibonacciGoal
[  0%] Built target _actionlib_tutorials_generate_messages_check_deps_AveragingResult
[  0%] Built target _actionlib_tutorials_generate_messages_check_deps_FibonacciActionResult
[  0%] Built target _actionlib_tutorials_generate_messages_check_deps_FibonacciAction
[  0%] Built target std_msgs_generate_messages_py
[  0%] Built target _actionlib_tutorials_generate_messages_check_deps_FibonacciActionFeedback
[  0%] Built target actionlib_msgs_generate_messages_py
[  0%] Built target _actionlib_tutorials_generate_messages_check_deps_AveragingFeedback
[ 22%] Built target actionlib_tutorials_generate_messages_py
[ 22%] Built target rosgraph_msgs_generate_messages_py
[ 22%] Built target actionlib_generate_messages_py
[ 22%] Built target actionlib_msgs_generate_messages_cpp
[ 22%] Built target std_msgs_generate_messages_cpp
[ 43%] Built target actionlib_tutorials_generate_messages_cpp
[ 43%] Built target rosgraph_msgs_generate_messages_eus
[ 43%] Built target actionlib_generate_messages_eus
[ 43%] Built target rosgraph_msgs_generate_messages_cpp
[ 43%] Built target actionlib_generate_messages_lisp
[ 43%] Built target roscpp_generate_messages_eus
[ 43%] Built target roscpp_generate_messages_py
[ 43%] Built target roscpp_generate_messages_cpp
[ 43%] Built target std_msgs_generate_messages_lisp
[ 43%] Built target actionlib_msgs_generate_messages_eus
[ 43%] Built target std_msgs_generate_messages_eus
[ 43%] Built target actionlib_msgs_generate_messages_lisp
[ 65%] Built target actionlib_tutorials_generate_messages_lisp
[ 65%] Built target actionlib_generate_messages_cpp
[ 87%] Built target actionlib_tutorials_generate_messages_eus
[ 87%] Built target roscpp_generate_messages_lisp
[ 90%] Built target fibonacci_client
[ 93%] Built target averaging_server
[ 96%] Built target averaging_client
[100%] Built target fibonacci_server
[100%] Built target actionlib_tutorials_generate_messages
[36mInstall the project...[0m
-- Install configuration: "Release"
-- Installing: /opt/ros/jade/_setup_util.py
-- Installing: /opt/ros/jade/env.sh
-- Installing: /opt/ros/jade/setup.bash
-- Installing: /opt/ros/jade/setup.sh
-- Installing: /opt/ros/jade/setup.zsh
-- Installing: /opt/ros/jade/.rosinstall
-- Up-to-date: /opt/ros/jade/share/actionlib_tutorials/action/Fibonacci.action
-- Up-to-date: /opt/ros/jade/share/actionlib_tutorials/action/Averaging.action
-- Up-to-date: /opt/ros/jade/share/actionlib_tutorials/msg/FibonacciAction.msg
-- Up-to-date: /opt/ros/jade/share/actionlib_tutorials/msg/FibonacciActionGoal.msg
-- Up-to-date: /opt/ros/jade/share/actionlib_tutorials/msg/FibonacciActionResult.msg
-- Up-to-date: /opt/ros/jade/share/actionlib_tutorials/msg/FibonacciActionFeedback.msg
-- Up-to-date: /opt/ros/jade/share/actionlib_tutorials/msg/FibonacciGoal.msg
-- Up-to-date: /opt/ros/jade/share/actionlib_tutorials/msg/FibonacciResult.msg
-- Up-to-date: /opt/ros/jade/share/actionlib_tutorials/msg/FibonacciFeedback.msg
-- Up-to-date: /opt/ros/jade/share/actionlib_tutorials/msg/AveragingAction.msg
-- Up-to-date: /opt/ros/jade/share/actionlib_tutorials/msg/AveragingActionGoal.msg
-- Up-to-date: /opt/ros/jade/share/actionlib_tutorials/msg/AveragingActionResult.msg
-- Up-to-date: /opt/ros/jade/share/actionlib_tutorials/msg/AveragingActionFeedback.msg
-- Up-to-date: /opt/ros/jade/share/actionlib_tutorials/msg/AveragingGoal.msg
-- Up-to-date: /opt/ros/jade/share/actionlib_tutorials/msg/AveragingResult.msg
-- Up-to-date: /opt/ros/jade/share/actionlib_tutorials/msg/AveragingFeedback.msg
-- Up-to-date: /opt/ros/jade/share/actionlib_tutorials/cmake/actionlib_tutorials-msg-paths.cmake
-- Up-to-date: /opt/ros/jade/include/actionlib_tutorials
-- Up-to-date: /opt/ros/jade/include/actionlib_tutorials/AveragingAction.h
-- Up-to-date: /opt/ros/jade/include/actionlib_tutorials/AveragingActionFeedback.h
-- Up-to-date: /opt/ros/jade/include/actionlib_tutorials/AveragingActionGoal.h
-- Up-to-date: /opt/ros/jade/include/actionlib_tutorials/AveragingActionResult.h
-- Up-to-date: /opt/ros/jade/include/actionlib_tutorials/AveragingFeedback.h
-- Up-to-date: /opt/ros/jade/include/actionlib_tutorials/AveragingGoal.h
-- Up-to-date: /opt/ros/jade/include/actionlib_tutorials/AveragingResult.h
-- Up-to-date: /opt/ros/jade/include/actionlib_tutorials/FibonacciAction.h
-- Up-to-date: /opt/ros/jade/include/actionlib_tutorials/FibonacciActionFeedback.h
-- Up-to-date: /opt/ros/jade/include/actionlib_tutorials/FibonacciActionGoal.h
-- Up-to-date: /opt/ros/jade/include/actionlib_tutorials/FibonacciActionResult.h
-- Up-to-date: /opt/ros/jade/include/actionlib_tutorials/FibonacciFeedback.h
-- Up-to-date: /opt/ros/jade/include/actionlib_tutorials/FibonacciGoal.h
-- Up-to-date: /opt/ros/jade/include/actionlib_tutorials/FibonacciResult.h
-- Up-to-date: /opt/ros/jade/share/roseus/ros/actionlib_tutorials
-- Up-to-date: /opt/ros/jade/share/roseus/ros/actionlib_tutorials/manifest.l
-- Up-to-date: /opt/ros/jade/share/roseus/ros/actionlib_tutorials/msg
-- Up-to-date: /opt/ros/jade/share/roseus/ros/actionlib_tutorials/msg/AveragingAction.l
-- Up-to-date: /opt/ros/jade/share/roseus/ros/actionlib_tutorials/msg/AveragingActionFeedback.l
-- Up-to-date: /opt/ros/jade/share/roseus/ros/actionlib_tutorials/msg/AveragingActionGoal.l
-- Up-to-date: /opt/ros/jade/share/roseus/ros/actionlib_tutorials/msg/AveragingActionResult.l
-- Up-to-date: /opt/ros/jade/share/roseus/ros/actionlib_tutorials/msg/AveragingFeedback.l
-- Up-to-date: /opt/ros/jade/share/roseus/ros/actionlib_tutorials/msg/AveragingGoal.l
-- Up-to-date: /opt/ros/jade/share/roseus/ros/actionlib_tutorials/msg/AveragingResult.l
-- Up-to-date: /opt/ros/jade/share/roseus/ros/actionlib_tutorials/msg/FibonacciAction.l
-- Up-to-date: /opt/ros/jade/share/roseus/ros/actionlib_tutorials/msg/FibonacciActionFeedback.l
-- Up-to-date: /opt/ros/jade/share/roseus/ros/actionlib_tutorials/msg/FibonacciActionGoal.l
-- Up-to-date: /opt/ros/jade/share/roseus/ros/actionlib_tutorials/msg/FibonacciActionResult.l
-- Up-to-date: /opt/ros/jade/share/roseus/ros/actionlib_tutorials/msg/FibonacciFeedback.l
-- Up-to-date: /opt/ros/jade/share/roseus/ros/actionlib_tutorials/msg/FibonacciGoal.l
-- Up-to-date: /opt/ros/jade/share/roseus/ros/actionlib_tutorials/msg/FibonacciResult.l
-- Up-to-date: /opt/ros/jade/share/common-lisp/ros/actionlib_tutorials
-- Up-to-date: /opt/ros/jade/share/common-lisp/ros/actionlib_tutorials/msg
-- Up-to-date: /opt/ros/jade/share/common-lisp/ros/actionlib_tutorials/msg/_package.lisp
-- Up-to-date: /opt/ros/jade/share/common-lisp/ros/actionlib_tutorials/msg/_package_AveragingAction.lisp
-- Up-to-date: /opt/ros/jade/share/common-lisp/ros/actionlib_tutorials/msg/_package_AveragingActionFeedback.lisp
-- Up-to-date: /opt/ros/jade/share/common-lisp/ros/actionlib_tutorials/msg/_package_AveragingActionGoal.lisp
-- Up-to-date: /opt/ros/jade/share/common-lisp/ros/actionlib_tutorials/msg/_package_AveragingActionResult.lisp
-- Up-to-date: /opt/ros/jade/share/common-lisp/ros/actionlib_tutorials/msg/_package_AveragingFeedback.lisp
-- Up-to-date: /opt/ros/jade/share/common-lisp/ros/actionlib_tutorials/msg/_package_AveragingGoal.lisp
-- Up-to-date: /opt/ros/jade/share/common-lisp/ros/actionlib_tutorials/msg/_package_AveragingResult.lisp
-- Up-to-date: /opt/ros/jade/share/common-lisp/ros/actionlib_tutorials/msg/_package_FibonacciAction.lisp
-- Up-to-date: /opt/ros/jade/share/common-lisp/ros/actionlib_tutorials/msg/_package_FibonacciActionFeedback.lisp
-- Up-to-date: /opt/ros/jade/share/common-lisp/ros/actionlib_tutorials/msg/_package_FibonacciActionGoal.lisp
-- Up-to-date: /opt/ros/jade/share/common-lisp/ros/actionlib_tutorials/msg/_package_FibonacciActionResult.lisp
-- Up-to-date: /opt/ros/jade/share/common-lisp/ros/actionlib_tutorials/msg/_package_FibonacciFeedback.lisp
-- Up-to-date: /opt/ros/jade/share/common-lisp/ros/actionlib_tutorials/msg/_package_FibonacciGoal.lisp
-- Up-to-date: /opt/ros/jade/share/common-lisp/ros/actionlib_tutorials/msg/_package_FibonacciResult.lisp
-- Up-to-date: /opt/ros/jade/share/common-lisp/ros/actionlib_tutorials/msg/actionlib_tutorials-msg.asd
-- Up-to-date: /opt/ros/jade/share/common-lisp/ros/actionlib_tutorials/msg/AveragingAction.lisp
-- Up-to-date: /opt/ros/jade/share/common-lisp/ros/actionlib_tutorials/msg/AveragingActionFeedback.lisp
-- Up-to-date: /opt/ros/jade/share/common-lisp/ros/actionlib_tutorials/msg/AveragingActionGoal.lisp
-- Up-to-date: /opt/ros/jade/share/common-lisp/ros/actionlib_tutorials/msg/AveragingActionResult.lisp
-- Up-to-date: /opt/ros/jade/share/common-lisp/ros/actionlib_tutorials/msg/AveragingFeedback.lisp
-- Up-to-date: /opt/ros/jade/share/common-lisp/ros/actionlib_tutorials/msg/AveragingGoal.lisp
-- Up-to-date: /opt/ros/jade/share/common-lisp/ros/actionlib_tutorials/msg/AveragingResult.lisp
-- Up-to-date: /opt/ros/jade/share/common-lisp/ros/actionlib_tutorials/msg/FibonacciAction.lisp
-- Up-to-date: /opt/ros/jade/share/common-lisp/ros/actionlib_tutorials/msg/FibonacciActionFeedback.lisp
-- Up-to-date: /opt/ros/jade/share/common-lisp/ros/actionlib_tutorials/msg/FibonacciActionGoal.lisp
-- Up-to-date: /opt/ros/jade/share/common-lisp/ros/actionlib_tutorials/msg/FibonacciActionResult.lisp
-- Up-to-date: /opt/ros/jade/share/common-lisp/ros/actionlib_tutorials/msg/FibonacciFeedback.lisp
-- Up-to-date: /opt/ros/jade/share/common-lisp/ros/actionlib_tutorials/msg/FibonacciGoal.lisp
-- Up-to-date: /opt/ros/jade/share/common-lisp/ros/actionlib_tutorials/msg/FibonacciResult.lisp
Listing /Users/adityabhat/Downloads/devel/lib/python2.7/site-packages/actionlib_tutorials ...
Listing /Users/adityabhat/Downloads/devel/lib/python2.7/site-packages/actionlib_tutorials/msg ...
-- Up-to-date: /opt/ros/jade/lib/python2.7/site-packages/actionlib_tutorials
-- Up-to-date: /opt/ros/jade/lib/python2.7/site-packages/actionlib_tutorials/__init__.py
-- Up-to-date: /opt/ros/jade/lib/python2.7/site-packages/actionlib_tutorials/__init__.pyc
-- Up-to-date: /opt/ros/jade/lib/python2.7/site-packages/actionlib_tutorials/msg
-- Up-to-date: /opt/ros/jade/lib/python2.7/site-packages/actionlib_tutorials/msg/__init__.py
-- Up-to-date: /opt/ros/jade/lib/python2.7/site-packages/actionlib_tutorials/msg/__init__.pyc
-- Up-to-date: /opt/ros/jade/lib/python2.7/site-packages/actionlib_tutorials/msg/_AveragingAction.py
-- Up-to-date: /opt/ros/jade/lib/python2.7/site-packages/actionlib_tutorials/msg/_AveragingAction.pyc
-- Up-to-date: /opt/ros/jade/lib/python2.7/site-packages/actionlib_tutorials/msg/_AveragingActionFeedback.py
-- Up-to-date: /opt/ros/jade/lib/python2.7/site-packages/actionlib_tutorials/msg/_AveragingActionFeedback.pyc
-- Up-to-date: /opt/ros/jade/lib/python2.7/site-packages/actionlib_tutorials/msg/_AveragingActionGoal.py
-- Up-to-date: /opt/ros/jade/lib/python2.7/site-packages/actionlib_tutorials/msg/_AveragingActionGoal.pyc
-- Up-to-date: /opt/ros/jade/lib/python2.7/site-packages/actionlib_tutorials/msg/_AveragingActionResult.py
-- Up-to-date: /opt/ros/jade/lib/python2.7/site-packages/actionlib_tutorials/msg/_AveragingActionResult.pyc
-- Up-to-date: /opt/ros/jade/lib/python2.7/site-packages/actionlib_tutorials/msg/_AveragingFeedback.py
-- Up-to-date: /opt/ros/jade/lib/python2.7/site-packages/actionlib_tutorials/msg/_AveragingFeedback.pyc
-- Up-to-date: /opt/ros/jade/lib/python2.7/site-packages/actionlib_tutorials/msg/_AveragingGoal.py
-- Up-to-date: /opt/ros/jade/lib/python2.7/site-packages/actionlib_tutorials/msg/_AveragingGoal.pyc
-- Up-to-date: /opt/ros/jade/lib/python2.7/site-packages/actionlib_tutorials/msg/_AveragingResult.py
-- Up-to-date: /opt/ros/jade/lib/python2.7/site-packages/actionlib_tutorials/msg/_AveragingResult.pyc
-- Up-to-date: /opt/ros/jade/lib/python2.7/site-packages/actionlib_tutorials/msg/_FibonacciAction.py
-- Up-to-date: /opt/ros/jade/lib/python2.7/site-packages/actionlib_tutorials/msg/_FibonacciAction.pyc
-- Up-to-date: /opt/ros/jade/lib/python2.7/site-packages/actionlib_tutorials/msg/_FibonacciActionFeedback.py
-- Up-to-date: /opt/ros/jade/lib/python2.7/site-packages/actionlib_tutorials/msg/_FibonacciActionFeedback.pyc
-- Up-to-date: /opt/ros/jade/lib/python2.7/site-packages/actionlib_tutorials/msg/_FibonacciActionGoal.py
-- Up-to-date: /opt/ros/jade/lib/python2.7/site-packages/actionlib_tutorials/msg/_FibonacciActionGoal.pyc
-- Up-to-date: /opt/ros/jade/lib/python2.7/site-packages/actionlib_tutorials/msg/_FibonacciActionResult.py
-- Up-to-date: /opt/ros/jade/lib/python2.7/site-packages/actionlib_tutorials/msg/_FibonacciActionResult.pyc
-- Up-to-date: /opt/ros/jade/lib/python2.7/site-packages/actionlib_tutorials/msg/_FibonacciFeedback.py
-- Up-to-date: /opt/ros/jade/lib/python2.7/site-packages/actionlib_tutorials/msg/_FibonacciFeedback.pyc
-- Up-to-date: /opt/ros/jade/lib/python2.7/site-packages/actionlib_tutorials/msg/_FibonacciGoal.py
-- Up-to-date: /opt/ros/jade/lib/python2.7/site-packages/actionlib_tutorials/msg/_FibonacciGoal.pyc
-- Up-to-date: /opt/ros/jade/lib/python2.7/site-packages/actionlib_tutorials/msg/_FibonacciResult.py
-- Up-to-date: /opt/ros/jade/lib/python2.7/site-packages/actionlib_tutorials/msg/_FibonacciResult.pyc
-- Installing: /opt/ros/jade/lib/pkgconfig/actionlib_tutorials.pc
-- Up-to-date: /opt/ros/jade/share/actionlib_tutorials/cmake/actionlib_tutorials-msg-extras.cmake
-- Up-to-date: /opt/ros/jade/share/actionlib_tutorials/cmake/actionlib_tutorialsConfig.cmake
-- Up-to-date: /opt/ros/jade/share/actionlib_tutorials/cmake/actionlib_tutorialsConfig-version.cmake
-- Up-to-date: /opt/ros/jade/share/actionlib_tutorials/package.xml
-- Up-to-date: /opt/ros/jade/lib/actionlib_tutorials/gen_numbers.py
-- Up-to-date: /opt/ros/jade/lib/actionlib_tutorials/averaging_server
-- Up-to-date: /opt/ros/jade/lib/actionlib_tutorials/averaging_client
-- Up-to-date: /opt/ros/jade/lib/actionlib_tutorials/fibonacci_server
-- Up-to-date: /opt/ros/jade/lib/actionlib_tutorials/fibonacci_client
[[36mactionlib_tutorials[0m] [32m<==[0m '[1m/Users/adityabhat/Downloads/build/actionlib_tutorials/build_env.sh /usr/bin/make install[0m' finished with return code '[1m0[0m'[0m
