[[36mactionlib_msgs[0m] [1m[34m==>[0m '[1m/Users/adityabhat/Downloads/build/actionlib_msgs/build_env.sh /usr/bin/make cmake_check_build_system[0m' [30m[1min[0m '[1m/Users/adityabhat/Downloads/build/actionlib_msgs[0m'[0m
-- Using CATKIN_DEVEL_PREFIX: /Users/adityabhat/Downloads/devel
-- Using CMAKE_PREFIX_PATH: /opt/ros/jade
-- This workspace overlays: /opt/ros/jade
-- Using PYTHON_EXECUTABLE: /usr/bin/python
-- Using default Python package layout
-- Using empy: /usr/local/lib/python2.7/site-packages/em.pyc
-- Using CATKIN_ENABLE_TESTING: ON
-- Call enable_testing()
-- Using CATKIN_TEST_RESULTS_DIR: /Users/adityabhat/Downloads/build/actionlib_msgs/test_results
-- Found gtest: gtests will be built
CMake Warning at /opt/ros/jade/share/catkin/cmake/test/nosetests.cmake:98 (message):
  nosetests not found, Python tests can not be run (try installing package
  'python-nose')
Call Stack (most recent call first):
  /opt/ros/jade/share/catkin/cmake/all.cmake:147 (include)
  /opt/ros/jade/share/catkin/cmake/catkinConfig.cmake:20 (include)
  CMakeLists.txt:4 (find_package)


-- catkin 0.6.16
-- Using these message generators: gencpp;geneus;genlisp;genpy
-- actionlib_msgs: 3 messages, 0 services
-- Configuring done
-- Generating done
-- Build files have been written to: /Users/adityabhat/Downloads/build/actionlib_msgs
[[36mactionlib_msgs[0m] [32m<==[0m '[1m/Users/adityabhat/Downloads/build/actionlib_msgs/build_env.sh /usr/bin/make cmake_check_build_system[0m' finished with return code '[1m0[0m'[0m
[[36mactionlib_msgs[0m] [1m[34m==>[0m '[1m/Users/adityabhat/Downloads/build/actionlib_msgs/build_env.sh /usr/bin/make --jobserver-fds=3,4 -j[0m' [30m[1min[0m '[1m/Users/adityabhat/Downloads/build/actionlib_msgs[0m'[0m
[  0%] Built target _actionlib_msgs_generate_messages_check_deps_GoalID
[  0%] Built target _actionlib_msgs_generate_messages_check_deps_GoalStatusArray
[  0%] Built target _actionlib_msgs_generate_messages_check_deps_GoalStatus
[  0%] Built target std_msgs_generate_messages_cpp
[  0%] Built target std_msgs_generate_messages_py
[  0%] Built target std_msgs_generate_messages_lisp
[  0%] Built target std_msgs_generate_messages_eus
[ 21%] Built target actionlib_msgs_generate_messages_cpp
[ 50%] Built target actionlib_msgs_generate_messages_py
[ 71%] Built target actionlib_msgs_generate_messages_lisp
[100%] Built target actionlib_msgs_generate_messages_eus
[100%] Built target actionlib_msgs_generate_messages
[[36mactionlib_msgs[0m] [32m<==[0m '[1m/Users/adityabhat/Downloads/build/actionlib_msgs/build_env.sh /usr/bin/make --jobserver-fds=3,4 -j[0m' finished with return code '[1m0[0m'[0m
[[36mactionlib_msgs[0m] [1m[34m==>[0m '[1m/Users/adityabhat/Downloads/build/actionlib_msgs/build_env.sh /usr/bin/make install[0m' [30m[1min[0m '[1m/Users/adityabhat/Downloads/build/actionlib_msgs[0m'[0m
[  0%] Built target _actionlib_msgs_generate_messages_check_deps_GoalID
[  0%] Built target _actionlib_msgs_generate_messages_check_deps_GoalStatusArray
[  0%] Built target _actionlib_msgs_generate_messages_check_deps_GoalStatus
[  0%] Built target std_msgs_generate_messages_cpp
[ 21%] Built target actionlib_msgs_generate_messages_cpp
[ 21%] Built target std_msgs_generate_messages_py
[ 50%] Built target actionlib_msgs_generate_messages_py
[ 50%] Built target std_msgs_generate_messages_lisp
[ 71%] Built target actionlib_msgs_generate_messages_lisp
[ 71%] Built target std_msgs_generate_messages_eus
[100%] Built target actionlib_msgs_generate_messages_eus
[100%] Built target actionlib_msgs_generate_messages
[36mInstall the project...[0m
-- Install configuration: "Release"
-- Installing: /opt/ros/jade/_setup_util.py
-- Installing: /opt/ros/jade/env.sh
-- Installing: /opt/ros/jade/setup.bash
-- Installing: /opt/ros/jade/setup.sh
-- Installing: /opt/ros/jade/setup.zsh
-- Installing: /opt/ros/jade/.rosinstall
-- Up-to-date: /opt/ros/jade/share/actionlib_msgs/msg/GoalID.msg
-- Up-to-date: /opt/ros/jade/share/actionlib_msgs/msg/GoalStatus.msg
-- Up-to-date: /opt/ros/jade/share/actionlib_msgs/msg/GoalStatusArray.msg
-- Up-to-date: /opt/ros/jade/share/actionlib_msgs/cmake/actionlib_msgs-msg-paths.cmake
-- Up-to-date: /opt/ros/jade/include/actionlib_msgs
-- Up-to-date: /opt/ros/jade/include/actionlib_msgs/GoalID.h
-- Up-to-date: /opt/ros/jade/include/actionlib_msgs/GoalStatus.h
-- Up-to-date: /opt/ros/jade/include/actionlib_msgs/GoalStatusArray.h
-- Up-to-date: /opt/ros/jade/share/roseus/ros/actionlib_msgs
-- Up-to-date: /opt/ros/jade/share/roseus/ros/actionlib_msgs/manifest.l
-- Up-to-date: /opt/ros/jade/share/roseus/ros/actionlib_msgs/msg
-- Up-to-date: /opt/ros/jade/share/roseus/ros/actionlib_msgs/msg/GoalID.l
-- Up-to-date: /opt/ros/jade/share/roseus/ros/actionlib_msgs/msg/GoalStatus.l
-- Up-to-date: /opt/ros/jade/share/roseus/ros/actionlib_msgs/msg/GoalStatusArray.l
-- Up-to-date: /opt/ros/jade/share/common-lisp/ros/actionlib_msgs
-- Up-to-date: /opt/ros/jade/share/common-lisp/ros/actionlib_msgs/msg
-- Up-to-date: /opt/ros/jade/share/common-lisp/ros/actionlib_msgs/msg/_package.lisp
-- Up-to-date: /opt/ros/jade/share/common-lisp/ros/actionlib_msgs/msg/_package_GoalID.lisp
-- Up-to-date: /opt/ros/jade/share/common-lisp/ros/actionlib_msgs/msg/_package_GoalStatus.lisp
-- Up-to-date: /opt/ros/jade/share/common-lisp/ros/actionlib_msgs/msg/_package_GoalStatusArray.lisp
-- Up-to-date: /opt/ros/jade/share/common-lisp/ros/actionlib_msgs/msg/actionlib_msgs-msg.asd
-- Up-to-date: /opt/ros/jade/share/common-lisp/ros/actionlib_msgs/msg/GoalID.lisp
-- Up-to-date: /opt/ros/jade/share/common-lisp/ros/actionlib_msgs/msg/GoalStatus.lisp
-- Up-to-date: /opt/ros/jade/share/common-lisp/ros/actionlib_msgs/msg/GoalStatusArray.lisp
Listing /Users/adityabhat/Downloads/devel/lib/python2.7/site-packages/actionlib_msgs ...
Listing /Users/adityabhat/Downloads/devel/lib/python2.7/site-packages/actionlib_msgs/msg ...
-- Up-to-date: /opt/ros/jade/lib/python2.7/site-packages/actionlib_msgs
-- Up-to-date: /opt/ros/jade/lib/python2.7/site-packages/actionlib_msgs/__init__.py
-- Up-to-date: /opt/ros/jade/lib/python2.7/site-packages/actionlib_msgs/__init__.pyc
-- Up-to-date: /opt/ros/jade/lib/python2.7/site-packages/actionlib_msgs/msg
-- Up-to-date: /opt/ros/jade/lib/python2.7/site-packages/actionlib_msgs/msg/__init__.py
-- Up-to-date: /opt/ros/jade/lib/python2.7/site-packages/actionlib_msgs/msg/__init__.pyc
-- Up-to-date: /opt/ros/jade/lib/python2.7/site-packages/actionlib_msgs/msg/_GoalID.py
-- Up-to-date: /opt/ros/jade/lib/python2.7/site-packages/actionlib_msgs/msg/_GoalID.pyc
-- Up-to-date: /opt/ros/jade/lib/python2.7/site-packages/actionlib_msgs/msg/_GoalStatus.py
-- Up-to-date: /opt/ros/jade/lib/python2.7/site-packages/actionlib_msgs/msg/_GoalStatus.pyc
-- Up-to-date: /opt/ros/jade/lib/python2.7/site-packages/actionlib_msgs/msg/_GoalStatusArray.py
-- Up-to-date: /opt/ros/jade/lib/python2.7/site-packages/actionlib_msgs/msg/_GoalStatusArray.pyc
-- Installing: /opt/ros/jade/lib/pkgconfig/actionlib_msgs.pc
-- Up-to-date: /opt/ros/jade/share/actionlib_msgs/cmake/actionlib_msgs-msg-extras.cmake
-- Installing: /opt/ros/jade/share/actionlib_msgs/cmake/actionlib_msgs-extras.cmake
-- Up-to-date: /opt/ros/jade/share/actionlib_msgs/cmake/actionlib_msgsConfig.cmake
-- Up-to-date: /opt/ros/jade/share/actionlib_msgs/cmake/actionlib_msgsConfig-version.cmake
-- Up-to-date: /opt/ros/jade/share/actionlib_msgs/package.xml
-- Installing: /opt/ros/jade/lib/actionlib_msgs/genaction.py
-- Up-to-date: /opt/ros/jade/share/actionlib_msgs/cmake/actionbuild.cmake
[[36mactionlib_msgs[0m] [32m<==[0m '[1m/Users/adityabhat/Downloads/build/actionlib_msgs/build_env.sh /usr/bin/make install[0m' finished with return code '[1m0[0m'[0m
