[[36mangles[0m] [1m[34m==>[0m '[1m/Users/adityabhat/Downloads/build/angles/build_env.sh /usr/bin/make cmake_check_build_system[0m' [30m[1min[0m '[1m/Users/adityabhat/Downloads/build/angles[0m'[0m
[[36mangles[0m] [32m<==[0m '[1m/Users/adityabhat/Downloads/build/angles/build_env.sh /usr/bin/make cmake_check_build_system[0m' finished with return code '[1m0[0m'[0m
[[36mangles[0m] [1m[34m==>[0m '[1m/Users/adityabhat/Downloads/build/angles/build_env.sh /usr/bin/make --jobserver-fds=3,4 -j[0m' [30m[1min[0m '[1m/Users/adityabhat/Downloads/build/angles[0m'[0m
[[36mangles[0m] [32m<==[0m '[1m/Users/adityabhat/Downloads/build/angles/build_env.sh /usr/bin/make --jobserver-fds=3,4 -j[0m' finished with return code '[1m0[0m'[0m
[[36mangles[0m] [1m[34m==>[0m '[1m/Users/adityabhat/Downloads/build/angles/build_env.sh /usr/bin/make install[0m' [30m[1min[0m '[1m/Users/adityabhat/Downloads/build/angles[0m'[0m
[36mInstall the project...[0m
-- Install configuration: "Release"
-- Installing: /opt/ros/jade/_setup_util.py
-- Installing: /opt/ros/jade/env.sh
-- Installing: /opt/ros/jade/setup.bash
-- Installing: /opt/ros/jade/setup.sh
-- Installing: /opt/ros/jade/setup.zsh
-- Installing: /opt/ros/jade/.rosinstall
-- Up-to-date: /opt/ros/jade/lib/pkgconfig/angles.pc
-- Up-to-date: /opt/ros/jade/share/angles/cmake/anglesConfig.cmake
-- Up-to-date: /opt/ros/jade/share/angles/cmake/anglesConfig-version.cmake
-- Up-to-date: /opt/ros/jade/share/angles/package.xml
-- Up-to-date: /opt/ros/jade/include/angles
-- Up-to-date: /opt/ros/jade/include/angles/angles.h
[[36mangles[0m] [32m<==[0m '[1m/Users/adityabhat/Downloads/build/angles/build_env.sh /usr/bin/make install[0m' finished with return code '[1m0[0m'[0m
