[[36mcamera_info_manager[0m] [1m[34m==>[0m '[1m/Users/adityabhat/Downloads/build/camera_info_manager/build_env.sh /usr/bin/make cmake_check_build_system[0m' [30m[1min[0m '[1m/Users/adityabhat/Downloads/build/camera_info_manager[0m'[0m
[[36mcamera_info_manager[0m] [32m<==[0m '[1m/Users/adityabhat/Downloads/build/camera_info_manager/build_env.sh /usr/bin/make cmake_check_build_system[0m' finished with return code '[1m0[0m'[0m
[[36mcamera_info_manager[0m] [1m[34m==>[0m '[1m/Users/adityabhat/Downloads/build/camera_info_manager/build_env.sh /usr/bin/make --jobserver-fds=3,4 -j[0m' [30m[1min[0m '[1m/Users/adityabhat/Downloads/build/camera_info_manager[0m'[0m
[ 50%] Built target camera_info_manager
[100%] Built target unit_test
[[36mcamera_info_manager[0m] [32m<==[0m '[1m/Users/adityabhat/Downloads/build/camera_info_manager/build_env.sh /usr/bin/make --jobserver-fds=3,4 -j[0m' finished with return code '[1m0[0m'[0m
[[36mcamera_info_manager[0m] [1m[34m==>[0m '[1m/Users/adityabhat/Downloads/build/camera_info_manager/build_env.sh /usr/bin/make install[0m' [30m[1min[0m '[1m/Users/adityabhat/Downloads/build/camera_info_manager[0m'[0m
[ 50%] Built target camera_info_manager
[100%] Built target unit_test
[36mInstall the project...[0m
-- Install configuration: "Release"
-- Installing: /opt/ros/jade/_setup_util.py
-- Installing: /opt/ros/jade/env.sh
-- Installing: /opt/ros/jade/setup.bash
-- Installing: /opt/ros/jade/setup.sh
-- Installing: /opt/ros/jade/setup.zsh
-- Installing: /opt/ros/jade/.rosinstall
-- Up-to-date: /opt/ros/jade/lib/pkgconfig/camera_info_manager.pc
-- Up-to-date: /opt/ros/jade/share/camera_info_manager/cmake/camera_info_managerConfig.cmake
-- Up-to-date: /opt/ros/jade/share/camera_info_manager/cmake/camera_info_managerConfig-version.cmake
-- Up-to-date: /opt/ros/jade/share/camera_info_manager/package.xml
-- Installing: /opt/ros/jade/lib/libcamera_info_manager.dylib
-- Up-to-date: /opt/ros/jade/include/camera_info_manager
-- Up-to-date: /opt/ros/jade/include/camera_info_manager/camera_info_manager.h
[[36mcamera_info_manager[0m] [32m<==[0m '[1m/Users/adityabhat/Downloads/build/camera_info_manager/build_env.sh /usr/bin/make install[0m' finished with return code '[1m0[0m'[0m
