[[36mcamera_calibration_parsers[0m] [1m[34m==>[0m '[1m/Users/adityabhat/Downloads/build/camera_calibration_parsers/build_env.sh /usr/bin/make cmake_check_build_system[0m' [30m[1min[0m '[1m/Users/adityabhat/Downloads/build/camera_calibration_parsers[0m'[0m
[[36mcamera_calibration_parsers[0m] [32m<==[0m '[1m/Users/adityabhat/Downloads/build/camera_calibration_parsers/build_env.sh /usr/bin/make cmake_check_build_system[0m' finished with return code '[1m0[0m'[0m
[[36mcamera_calibration_parsers[0m] [1m[34m==>[0m '[1m/Users/adityabhat/Downloads/build/camera_calibration_parsers/build_env.sh /usr/bin/make --jobserver-fds=3,4 -j[0m' [30m[1min[0m '[1m/Users/adityabhat/Downloads/build/camera_calibration_parsers[0m'[0m
[  0%] Built target std_msgs_generate_messages_cpp
[  0%] Built target rosgraph_msgs_generate_messages_py
[  0%] Built target rosgraph_msgs_generate_messages_eus
[  0%] Built target roscpp_generate_messages_eus
[  0%] Built target roscpp_generate_messages_cpp
[  0%] Built target std_msgs_generate_messages_lisp
[  0%] Built target roscpp_generate_messages_py
[  0%] Built target std_msgs_generate_messages_py
[  0%] Built target geometry_msgs_generate_messages_py
[  0%] Built target std_msgs_generate_messages_eus
[  0%] Built target sensor_msgs_generate_messages_cpp
[  0%] Built target rosgraph_msgs_generate_messages_cpp
[  0%] Built target geometry_msgs_generate_messages_lisp
[  0%] Built target sensor_msgs_generate_messages_lisp
[  0%] Built target sensor_msgs_generate_messages_eus
[  0%] Built target sensor_msgs_generate_messages_py
[  0%] Built target geometry_msgs_generate_messages_eus
[  0%] Built target geometry_msgs_generate_messages_cpp
[  0%] Built target roscpp_generate_messages_lisp
[  0%] Built target rosgraph_msgs_generate_messages_lisp
[ 50%] Built target camera_calibration_parsers
[ 75%] Built target convert
[100%] Built target camera_calibration_parsers_wrapper
[[36mcamera_calibration_parsers[0m] [32m<==[0m '[1m/Users/adityabhat/Downloads/build/camera_calibration_parsers/build_env.sh /usr/bin/make --jobserver-fds=3,4 -j[0m' finished with return code '[1m0[0m'[0m
[[36mcamera_calibration_parsers[0m] [1m[34m==>[0m '[1m/Users/adityabhat/Downloads/build/camera_calibration_parsers/build_env.sh /usr/bin/make install[0m' [30m[1min[0m '[1m/Users/adityabhat/Downloads/build/camera_calibration_parsers[0m'[0m
[  0%] Built target std_msgs_generate_messages_cpp
[  0%] Built target rosgraph_msgs_generate_messages_py
[  0%] Built target roscpp_generate_messages_eus
[  0%] Built target rosgraph_msgs_generate_messages_eus
[  0%] Built target roscpp_generate_messages_py
[  0%] Built target roscpp_generate_messages_cpp
[  0%] Built target std_msgs_generate_messages_lisp
[  0%] Built target std_msgs_generate_messages_py
[  0%] Built target std_msgs_generate_messages_eus
[  0%] Built target geometry_msgs_generate_messages_py
[  0%] Built target sensor_msgs_generate_messages_cpp
[  0%] Built target rosgraph_msgs_generate_messages_cpp
[  0%] Built target geometry_msgs_generate_messages_lisp
[  0%] Built target sensor_msgs_generate_messages_lisp
[  0%] Built target sensor_msgs_generate_messages_eus
[  0%] Built target sensor_msgs_generate_messages_py
[  0%] Built target geometry_msgs_generate_messages_eus
[  0%] Built target geometry_msgs_generate_messages_cpp
[  0%] Built target roscpp_generate_messages_lisp
[  0%] Built target rosgraph_msgs_generate_messages_lisp
[ 50%] Built target camera_calibration_parsers
[ 75%] Built target convert
[100%] Built target camera_calibration_parsers_wrapper
[36mInstall the project...[0m
-- Install configuration: "Release"
-- Installing: /opt/ros/jade/_setup_util.py
-- Installing: /opt/ros/jade/env.sh
-- Installing: /opt/ros/jade/setup.bash
-- Installing: /opt/ros/jade/setup.sh
-- Installing: /opt/ros/jade/setup.zsh
-- Installing: /opt/ros/jade/.rosinstall
+ cd /Users/adityabhat/Downloads/src/image_common/camera_calibration_parsers
+ /usr/bin/env PYTHONPATH=/opt/ros/jade/lib/python2.7/site-packages:/Users/adityabhat/Downloads/build/camera_calibration_parsers/lib/python2.7/site-packages:/opt/ros/jade/lib/python2.7/site-packages CATKIN_BINARY_DIR=/Users/adityabhat/Downloads/build/camera_calibration_parsers /usr/bin/python /Users/adityabhat/Downloads/src/image_common/camera_calibration_parsers/setup.py build --build-base /Users/adityabhat/Downloads/build/camera_calibration_parsers install --prefix=/opt/ros/jade --install-scripts=/opt/ros/jade/bin
running build
running build_py
running install
running install_lib
running install_egg_info
Removing /opt/ros/jade/lib/python2.7/site-packages/camera_calibration_parsers-1.11.10-py2.7.egg-info
Writing /opt/ros/jade/lib/python2.7/site-packages/camera_calibration_parsers-1.11.10-py2.7.egg-info
-- Up-to-date: /opt/ros/jade/lib/pkgconfig/camera_calibration_parsers.pc
-- Up-to-date: /opt/ros/jade/share/camera_calibration_parsers/cmake/camera_calibration_parsersConfig.cmake
-- Up-to-date: /opt/ros/jade/share/camera_calibration_parsers/cmake/camera_calibration_parsersConfig-version.cmake
-- Up-to-date: /opt/ros/jade/share/camera_calibration_parsers/package.xml
-- Installing: /opt/ros/jade/lib/libcamera_calibration_parsers.dylib
-- Up-to-date: /opt/ros/jade/include/camera_calibration_parsers
-- Up-to-date: /opt/ros/jade/include/camera_calibration_parsers/parse.h
-- Up-to-date: /opt/ros/jade/include/camera_calibration_parsers/parse_ini.h
-- Up-to-date: /opt/ros/jade/include/camera_calibration_parsers/parse_wrapper.h
-- Up-to-date: /opt/ros/jade/include/camera_calibration_parsers/parse_yml.h
-- Installing: /opt/ros/jade/lib/camera_calibration_parsers/convert
-- Installing: /opt/ros/jade/lib/python2.7/site-packages/camera_calibration_parsers/camera_calibration_parsers_wrapper.dylib
[[36mcamera_calibration_parsers[0m] [32m<==[0m '[1m/Users/adityabhat/Downloads/build/camera_calibration_parsers/build_env.sh /usr/bin/make install[0m' finished with return code '[1m0[0m'[0m
