[[36mcamera_calibration[0m] [1m[34m==>[0m '[1m/Users/adityabhat/Downloads/build/camera_calibration/build_env.sh /usr/bin/make cmake_check_build_system[0m' [30m[1min[0m '[1m/Users/adityabhat/Downloads/build/camera_calibration[0m'[0m
[[36mcamera_calibration[0m] [32m<==[0m '[1m/Users/adityabhat/Downloads/build/camera_calibration/build_env.sh /usr/bin/make cmake_check_build_system[0m' finished with return code '[1m0[0m'[0m
[[36mcamera_calibration[0m] [1m[34m==>[0m '[1m/Users/adityabhat/Downloads/build/camera_calibration/build_env.sh /usr/bin/make --jobserver-fds=3,4 -j[0m' [30m[1min[0m '[1m/Users/adityabhat/Downloads/build/camera_calibration[0m'[0m
[[36mcamera_calibration[0m] [32m<==[0m '[1m/Users/adityabhat/Downloads/build/camera_calibration/build_env.sh /usr/bin/make --jobserver-fds=3,4 -j[0m' finished with return code '[1m0[0m'[0m
[[36mcamera_calibration[0m] [1m[34m==>[0m '[1m/Users/adityabhat/Downloads/build/camera_calibration/build_env.sh /usr/bin/make install[0m' [30m[1min[0m '[1m/Users/adityabhat/Downloads/build/camera_calibration[0m'[0m
[36mInstall the project...[0m
-- Install configuration: "Release"
-- Installing: /opt/ros/jade/_setup_util.py
-- Installing: /opt/ros/jade/env.sh
-- Installing: /opt/ros/jade/setup.bash
-- Installing: /opt/ros/jade/setup.sh
-- Installing: /opt/ros/jade/setup.zsh
-- Installing: /opt/ros/jade/.rosinstall
-- Up-to-date: /opt/ros/jade/lib/pkgconfig/camera_calibration.pc
-- Up-to-date: /opt/ros/jade/share/camera_calibration/cmake/camera_calibrationConfig.cmake
-- Up-to-date: /opt/ros/jade/share/camera_calibration/cmake/camera_calibrationConfig-version.cmake
-- Up-to-date: /opt/ros/jade/share/camera_calibration/package.xml
+ cd /Users/adityabhat/Downloads/src/image_pipeline/camera_calibration
+ /usr/bin/env PYTHONPATH=/opt/ros/jade/lib/python2.7/site-packages:/Users/adityabhat/Downloads/build/camera_calibration/lib/python2.7/site-packages:/opt/ros/jade/lib/python2.7/site-packages CATKIN_BINARY_DIR=/Users/adityabhat/Downloads/build/camera_calibration /usr/bin/python /Users/adityabhat/Downloads/src/image_pipeline/camera_calibration/setup.py build --build-base /Users/adityabhat/Downloads/build/camera_calibration install --prefix=/opt/ros/jade --install-scripts=/opt/ros/jade/bin
running build
running build_py
running install
running install_lib
running install_egg_info
Removing /opt/ros/jade/lib/python2.7/site-packages/camera_calibration-1.12.15-py2.7.egg-info
Writing /opt/ros/jade/lib/python2.7/site-packages/camera_calibration-1.12.15-py2.7.egg-info
-- Up-to-date: /opt/ros/jade/lib/camera_calibration/cameracalibrator.py
-- Up-to-date: /opt/ros/jade/lib/camera_calibration/cameracheck.py
-- Up-to-date: /opt/ros/jade/lib/camera_calibration/tarfile_calibration.py
[[36mcamera_calibration[0m] [32m<==[0m '[1m/Users/adityabhat/Downloads/build/camera_calibration/build_env.sh /usr/bin/make install[0m' finished with return code '[1m0[0m'[0m
