[[36mcollada_parser[0m] [1m[34m==>[0m '[1m/Users/adityabhat/Downloads/build/collada_parser/build_env.sh /usr/bin/make cmake_check_build_system[0m' [30m[1min[0m '[1m/Users/adityabhat/Downloads/build/collada_parser[0m'[0m
[[36mcollada_parser[0m] [32m<==[0m '[1m/Users/adityabhat/Downloads/build/collada_parser/build_env.sh /usr/bin/make cmake_check_build_system[0m' finished with return code '[1m0[0m'[0m
[[36mcollada_parser[0m] [1m[34m==>[0m '[1m/Users/adityabhat/Downloads/build/collada_parser/build_env.sh /usr/bin/make --jobserver-fds=3,4 -j[0m' [30m[1min[0m '[1m/Users/adityabhat/Downloads/build/collada_parser[0m'[0m
[ 50%] Built target collada_parser
[100%] Built target collada_parser_plugin
[[36mcollada_parser[0m] [32m<==[0m '[1m/Users/adityabhat/Downloads/build/collada_parser/build_env.sh /usr/bin/make --jobserver-fds=3,4 -j[0m' finished with return code '[1m0[0m'[0m
[[36mcollada_parser[0m] [1m[34m==>[0m '[1m/Users/adityabhat/Downloads/build/collada_parser/build_env.sh /usr/bin/make install[0m' [30m[1min[0m '[1m/Users/adityabhat/Downloads/build/collada_parser[0m'[0m
[ 50%] Built target collada_parser
[100%] Built target collada_parser_plugin
[36mInstall the project...[0m
-- Install configuration: "Release"
-- Installing: /opt/ros/jade/_setup_util.py
-- Installing: /opt/ros/jade/env.sh
-- Installing: /opt/ros/jade/setup.bash
-- Installing: /opt/ros/jade/setup.sh
-- Installing: /opt/ros/jade/setup.zsh
-- Installing: /opt/ros/jade/.rosinstall
-- Up-to-date: /opt/ros/jade/lib/pkgconfig/collada_parser.pc
-- Up-to-date: /opt/ros/jade/share/collada_parser/cmake/collada_parserConfig.cmake
-- Up-to-date: /opt/ros/jade/share/collada_parser/cmake/collada_parserConfig-version.cmake
-- Up-to-date: /opt/ros/jade/share/collada_parser/package.xml
-- Installing: /opt/ros/jade/lib/libcollada_parser.dylib
-- Installing: /opt/ros/jade/lib/libcollada_parser_plugin.dylib
-- Up-to-date: /opt/ros/jade/include/collada_parser
-- Up-to-date: /opt/ros/jade/include/collada_parser/collada_parser.h
-- Up-to-date: /opt/ros/jade/include/collada_parser/collada_parser_plugin.h
-- Up-to-date: /opt/ros/jade/share/collada_parser/collada_parser_plugin_description.xml
[[36mcollada_parser[0m] [32m<==[0m '[1m/Users/adityabhat/Downloads/build/collada_parser/build_env.sh /usr/bin/make install[0m' finished with return code '[1m0[0m'[0m
