[[36mcv_bridge[0m] [1m[34m==>[0m '[1m/Users/adityabhat/Downloads/build/cv_bridge/build_env.sh /usr/bin/make cmake_check_build_system[0m' [30m[1min[0m '[1m/Users/adityabhat/Downloads/build/cv_bridge[0m'[0m
[[36mcv_bridge[0m] [32m<==[0m '[1m/Users/adityabhat/Downloads/build/cv_bridge/build_env.sh /usr/bin/make cmake_check_build_system[0m' finished with return code '[1m0[0m'[0m
[[36mcv_bridge[0m] [1m[34m==>[0m '[1m/Users/adityabhat/Downloads/build/cv_bridge/build_env.sh /usr/bin/make --jobserver-fds=3,4 -j[0m' [30m[1min[0m '[1m/Users/adityabhat/Downloads/build/cv_bridge[0m'[0m
[  0%] Built target std_msgs_generate_messages_cpp
[  0%] Built target std_msgs_generate_messages_lisp
[  0%] Built target std_msgs_generate_messages_py
[  0%] Built target std_msgs_generate_messages_eus
[  0%] Built target geometry_msgs_generate_messages_py
[  0%] Built target geometry_msgs_generate_messages_lisp
[  0%] Built target sensor_msgs_generate_messages_cpp
[  0%] Built target sensor_msgs_generate_messages_lisp
[  0%] Built target sensor_msgs_generate_messages_eus
[  0%] Built target sensor_msgs_generate_messages_py
[  0%] Built target geometry_msgs_generate_messages_eus
[  0%] Built target geometry_msgs_generate_messages_cpp
[ 50%] Built target cv_bridge
[100%] Built target cv_bridge_boost
[[36mcv_bridge[0m] [32m<==[0m '[1m/Users/adityabhat/Downloads/build/cv_bridge/build_env.sh /usr/bin/make --jobserver-fds=3,4 -j[0m' finished with return code '[1m0[0m'[0m
[[36mcv_bridge[0m] [1m[34m==>[0m '[1m/Users/adityabhat/Downloads/build/cv_bridge/build_env.sh /usr/bin/make install[0m' [30m[1min[0m '[1m/Users/adityabhat/Downloads/build/cv_bridge[0m'[0m
[  0%] Built target std_msgs_generate_messages_cpp
[  0%] Built target std_msgs_generate_messages_lisp
[  0%] Built target std_msgs_generate_messages_py
[  0%] Built target std_msgs_generate_messages_eus
[  0%] Built target geometry_msgs_generate_messages_py
[  0%] Built target geometry_msgs_generate_messages_lisp
[  0%] Built target sensor_msgs_generate_messages_cpp
[  0%] Built target sensor_msgs_generate_messages_lisp
[  0%] Built target sensor_msgs_generate_messages_eus
[  0%] Built target sensor_msgs_generate_messages_py
[  0%] Built target geometry_msgs_generate_messages_eus
[  0%] Built target geometry_msgs_generate_messages_cpp
[ 50%] Built target cv_bridge
[100%] Built target cv_bridge_boost
[36mInstall the project...[0m
-- Install configuration: "Release"
-- Installing: /opt/ros/jade/_setup_util.py
-- Installing: /opt/ros/jade/env.sh
-- Installing: /opt/ros/jade/setup.bash
-- Installing: /opt/ros/jade/setup.sh
-- Installing: /opt/ros/jade/setup.zsh
-- Installing: /opt/ros/jade/.rosinstall
-- Up-to-date: /opt/ros/jade/lib/pkgconfig/cv_bridge.pc
-- Up-to-date: /opt/ros/jade/share/cv_bridge/cmake/cv_bridgeConfig.cmake
-- Up-to-date: /opt/ros/jade/share/cv_bridge/cmake/cv_bridgeConfig-version.cmake
-- Up-to-date: /opt/ros/jade/share/cv_bridge/package.xml
+ cd /Users/adityabhat/Downloads/src/vision_opencv/cv_bridge
+ /usr/bin/env PYTHONPATH=/opt/ros/jade/lib/python2.7/site-packages:/Users/adityabhat/Downloads/build/cv_bridge/lib/python2.7/site-packages:/opt/ros/jade/lib/python2.7/site-packages CATKIN_BINARY_DIR=/Users/adityabhat/Downloads/build/cv_bridge /usr/bin/python /Users/adityabhat/Downloads/src/vision_opencv/cv_bridge/setup.py build --build-base /Users/adityabhat/Downloads/build/cv_bridge install --prefix=/opt/ros/jade --install-scripts=/opt/ros/jade/bin
running build
running build_py
running install
running install_lib
running install_egg_info
Removing /opt/ros/jade/lib/python2.7/site-packages/cv_bridge-1.11.11-py2.7.egg-info
Writing /opt/ros/jade/lib/python2.7/site-packages/cv_bridge-1.11.11-py2.7.egg-info
-- Up-to-date: /opt/ros/jade/include/cv_bridge
-- Up-to-date: /opt/ros/jade/include/cv_bridge/cv_bridge.h
-- Up-to-date: /opt/ros/jade/include/cv_bridge/rgb_colors.h
-- Up-to-date: /opt/ros/jade/lib/python2.7/site-packages/cv_bridge/boost/__init__.py
-- Installing: /opt/ros/jade/lib/libcv_bridge.dylib
-- Installing: /opt/ros/jade/lib/python2.7/site-packages/cv_bridge/boost/cv_bridge_boost.so
[[36mcv_bridge[0m] [32m<==[0m '[1m/Users/adityabhat/Downloads/build/cv_bridge/build_env.sh /usr/bin/make install[0m' finished with return code '[1m0[0m'[0m
