[[36mdepth_image_proc[0m] [1m[34m==>[0m '[1m/Users/adityabhat/Downloads/build/depth_image_proc/build_env.sh /usr/bin/make cmake_check_build_system[0m' [30m[1min[0m '[1m/Users/adityabhat/Downloads/build/depth_image_proc[0m'[0m
-- Using CATKIN_DEVEL_PREFIX: /Users/adityabhat/Downloads/devel
-- Using CMAKE_PREFIX_PATH: /opt/ros/jade
-- This workspace overlays: /opt/ros/jade
-- Using PYTHON_EXECUTABLE: /usr/bin/python
-- Using default Python package layout
-- Using empy: /usr/local/lib/python2.7/site-packages/em.pyc
-- Using CATKIN_ENABLE_TESTING: ON
-- Call enable_testing()
-- Using CATKIN_TEST_RESULTS_DIR: /Users/adityabhat/Downloads/build/depth_image_proc/test_results
-- Found gtest: gtests will be built
CMake Warning at /opt/ros/jade/share/catkin/cmake/test/nosetests.cmake:98 (message):
  nosetests not found, Python tests can not be run (try installing package
  'python-nose')
Call Stack (most recent call first):
  /opt/ros/jade/share/catkin/cmake/all.cmake:147 (include)
  /opt/ros/jade/share/catkin/cmake/catkinConfig.cmake:20 (include)
  CMakeLists.txt:4 (find_package)

-- catkin 0.6.16
-- Using these message generators: gencpp;geneus;genlisp;genpy
-- Boost version: 1.60.0
CMake Warning at /Users/adityabhat/Downloads/src/cmake_modules/cmake/Modules/FindEigen.cmake:62 (message):
  The FindEigen.cmake Module in the cmake_modules package is deprecated.

  Please use the FindEigen3.cmake Module provided with Eigen.  Change
  instances of find_package(Eigen) to find_package(Eigen3).  Check the
  FindEigen3.cmake Module for the resulting CMake variable names.
Call Stack (most recent call first):
  CMakeLists.txt:11 (find_package)


-- Eigen found (include: /usr/local/Cellar/eigen/3.2.8/include/eigen3)
-- Configuring done
CMake Warning (dev):
  Policy CMP0042 is not set: MACOSX_RPATH is enabled by default.  Run "cmake
  --help-policy CMP0042" for policy details.  Use the cmake_policy command to
  set the policy and suppress this warning.

  MACOSX_RPATH is not specified for the following targets:

   depth_image_proc

This warning is for project developers.  Use -Wno-dev to suppress it.

-- Generating done
-- Build files have been written to: /Users/adityabhat/Downloads/build/depth_image_proc
[[36mdepth_image_proc[0m] [32m<==[0m '[1m/Users/adityabhat/Downloads/build/depth_image_proc/build_env.sh /usr/bin/make cmake_check_build_system[0m' finished with return code '[1m0[0m'[0m
[[36mdepth_image_proc[0m] [1m[34m==>[0m '[1m/Users/adityabhat/Downloads/build/depth_image_proc/build_env.sh /usr/bin/make --jobserver-fds=3,4 -j[0m' [30m[1min[0m '[1m/Users/adityabhat/Downloads/build/depth_image_proc[0m'[0m
[ 11%] [32m[1mLinking CXX shared library /Users/adityabhat/Downloads/devel/lib/libdepth_image_proc.dylib[0m
[100%] Built target depth_image_proc
[[36mdepth_image_proc[0m] [32m<==[0m '[1m/Users/adityabhat/Downloads/build/depth_image_proc/build_env.sh /usr/bin/make --jobserver-fds=3,4 -j[0m' finished with return code '[1m0[0m'[0m
[[36mdepth_image_proc[0m] [1m[34m==>[0m '[1m/Users/adityabhat/Downloads/build/depth_image_proc/build_env.sh /usr/bin/make install[0m' [30m[1min[0m '[1m/Users/adityabhat/Downloads/build/depth_image_proc[0m'[0m
[100%] Built target depth_image_proc
[36mInstall the project...[0m
-- Install configuration: "Release"
-- Installing: /opt/ros/jade/_setup_util.py
-- Installing: /opt/ros/jade/env.sh
-- Installing: /opt/ros/jade/setup.bash
-- Installing: /opt/ros/jade/setup.sh
-- Installing: /opt/ros/jade/setup.zsh
-- Installing: /opt/ros/jade/.rosinstall
-- Installing: /opt/ros/jade/lib/pkgconfig/depth_image_proc.pc
-- Up-to-date: /opt/ros/jade/share/depth_image_proc/cmake/depth_image_procConfig.cmake
-- Up-to-date: /opt/ros/jade/share/depth_image_proc/cmake/depth_image_procConfig-version.cmake
-- Up-to-date: /opt/ros/jade/share/depth_image_proc/package.xml
-- Up-to-date: /opt/ros/jade/include/depth_image_proc
-- Up-to-date: /opt/ros/jade/include/depth_image_proc/depth_conversions.h
-- Up-to-date: /opt/ros/jade/include/depth_image_proc/depth_traits.h
-- Installing: /opt/ros/jade/lib/libdepth_image_proc.dylib
-- Up-to-date: /opt/ros/jade/share/depth_image_proc/nodelet_plugins.xml
[[36mdepth_image_proc[0m] [32m<==[0m '[1m/Users/adityabhat/Downloads/build/depth_image_proc/build_env.sh /usr/bin/make install[0m' finished with return code '[1m0[0m'[0m
