[[36mdiagnostic_analysis[0m] [1m[34m==>[0m '[1m/Users/adityabhat/Downloads/build/diagnostic_analysis/build_env.sh /usr/bin/make cmake_check_build_system[0m' [30m[1min[0m '[1m/Users/adityabhat/Downloads/build/diagnostic_analysis[0m'[0m
[[36mdiagnostic_analysis[0m] [32m<==[0m '[1m/Users/adityabhat/Downloads/build/diagnostic_analysis/build_env.sh /usr/bin/make cmake_check_build_system[0m' finished with return code '[1m0[0m'[0m
[[36mdiagnostic_analysis[0m] [1m[34m==>[0m '[1m/Users/adityabhat/Downloads/build/diagnostic_analysis/build_env.sh /usr/bin/make --jobserver-fds=3,4 -j[0m' [30m[1min[0m '[1m/Users/adityabhat/Downloads/build/diagnostic_analysis[0m'[0m
[[36mdiagnostic_analysis[0m] [32m<==[0m '[1m/Users/adityabhat/Downloads/build/diagnostic_analysis/build_env.sh /usr/bin/make --jobserver-fds=3,4 -j[0m' finished with return code '[1m0[0m'[0m
[[36mdiagnostic_analysis[0m] [1m[34m==>[0m '[1m/Users/adityabhat/Downloads/build/diagnostic_analysis/build_env.sh /usr/bin/make install[0m' [30m[1min[0m '[1m/Users/adityabhat/Downloads/build/diagnostic_analysis[0m'[0m
[36mInstall the project...[0m
-- Install configuration: "Release"
-- Installing: /opt/ros/jade/_setup_util.py
-- Installing: /opt/ros/jade/env.sh
-- Installing: /opt/ros/jade/setup.bash
-- Installing: /opt/ros/jade/setup.sh
-- Installing: /opt/ros/jade/setup.zsh
-- Installing: /opt/ros/jade/.rosinstall
-- Up-to-date: /opt/ros/jade/lib/pkgconfig/diagnostic_analysis.pc
-- Up-to-date: /opt/ros/jade/share/diagnostic_analysis/cmake/diagnostic_analysisConfig.cmake
-- Up-to-date: /opt/ros/jade/share/diagnostic_analysis/cmake/diagnostic_analysisConfig-version.cmake
-- Up-to-date: /opt/ros/jade/share/diagnostic_analysis/package.xml
+ cd /Users/adityabhat/Downloads/src/diagnostics/diagnostic_analysis
+ /usr/bin/env PYTHONPATH=/opt/ros/jade/lib/python2.7/site-packages:/Users/adityabhat/Downloads/build/diagnostic_analysis/lib/python2.7/site-packages:/opt/ros/jade/lib/python2.7/site-packages CATKIN_BINARY_DIR=/Users/adityabhat/Downloads/build/diagnostic_analysis /usr/bin/python /Users/adityabhat/Downloads/src/diagnostics/diagnostic_analysis/setup.py build --build-base /Users/adityabhat/Downloads/build/diagnostic_analysis install --prefix=/opt/ros/jade --install-scripts=/opt/ros/jade/bin
running build
running build_py
running install
running install_lib
running install_egg_info
Removing /opt/ros/jade/lib/python2.7/site-packages/diagnostic_analysis-1.8.7-py2.7.egg-info
Writing /opt/ros/jade/lib/python2.7/site-packages/diagnostic_analysis-1.8.7-py2.7.egg-info
[[36mdiagnostic_analysis[0m] [32m<==[0m '[1m/Users/adityabhat/Downloads/build/diagnostic_analysis/build_env.sh /usr/bin/make install[0m' finished with return code '[1m0[0m'[0m
