[[36mdynamic_reconfigure[0m] [1m[34m==>[0m '[1m/Users/adityabhat/Downloads/build/dynamic_reconfigure/build_env.sh /usr/bin/make cmake_check_build_system[0m' [30m[1min[0m '[1m/Users/adityabhat/Downloads/build/dynamic_reconfigure[0m'[0m
-- Using CATKIN_DEVEL_PREFIX: /Users/adityabhat/Downloads/devel
-- Using CMAKE_PREFIX_PATH: /opt/ros/jade
-- This workspace overlays: /opt/ros/jade
-- Using PYTHON_EXECUTABLE: /usr/bin/python
-- Using default Python package layout
-- Using empy: /usr/local/lib/python2.7/site-packages/em.pyc
-- Using CATKIN_ENABLE_TESTING: ON
-- Call enable_testing()
-- Using CATKIN_TEST_RESULTS_DIR: /Users/adityabhat/Downloads/build/dynamic_reconfigure/test_results
-- Found gtest: gtests will be built
CMake Warning at /opt/ros/jade/share/catkin/cmake/test/nosetests.cmake:98 (message):
  nosetests not found, Python tests can not be run (try installing package
  'python-nose')
Call Stack (most recent call first):
  /opt/ros/jade/share/catkin/cmake/all.cmake:147 (include)
  /opt/ros/jade/share/catkin/cmake/catkinConfig.cmake:20 (include)
  CMakeLists.txt:4 (find_package)


-- catkin 0.6.16
-- Using these message generators: gencpp;geneus;genlisp;genpy
-- Boost version: 1.60.0
-- Found the following Boost libraries:
--   system
--   thread
--   chrono
--   date_time
--   atomic
-- dynamic_reconfigure: 10 messages, 1 services
-- Configuring done
CMake Warning (dev):
  Policy CMP0042 is not set: MACOSX_RPATH is enabled by default.  Run "cmake
  --help-policy CMP0042" for policy details.  Use the cmake_policy command to
  set the policy and suppress this warning.

  MACOSX_RPATH is not specified for the following targets:

   dynamic_reconfigure_config_init_mutex

This warning is for project developers.  Use -Wno-dev to suppress it.

-- Generating done
-- Build files have been written to: /Users/adityabhat/Downloads/build/dynamic_reconfigure
[[36mdynamic_reconfigure[0m] [32m<==[0m '[1m/Users/adityabhat/Downloads/build/dynamic_reconfigure/build_env.sh /usr/bin/make cmake_check_build_system[0m' finished with return code '[1m0[0m'[0m
[[36mdynamic_reconfigure[0m] [1m[34m==>[0m '[1m/Users/adityabhat/Downloads/build/dynamic_reconfigure/build_env.sh /usr/bin/make --jobserver-fds=3,4 -j[0m' [30m[1min[0m '[1m/Users/adityabhat/Downloads/build/dynamic_reconfigure[0m'[0m
[  4%] Built target dynamic_reconfigure_config_init_mutex
[  4%] Built target _dynamic_reconfigure_generate_messages_check_deps_IntParameter
[  4%] Built target _dynamic_reconfigure_generate_messages_check_deps_Group
[  4%] Built target _dynamic_reconfigure_generate_messages_check_deps_GroupState
[  4%] Built target _dynamic_reconfigure_generate_messages_check_deps_StrParameter
[  4%] Built target std_msgs_generate_messages_eus
[  4%] Built target _dynamic_reconfigure_generate_messages_check_deps_ConfigDescription
[  4%] Built target _dynamic_reconfigure_generate_messages_check_deps_Config
[  4%] Built target _dynamic_reconfigure_generate_messages_check_deps_DoubleParameter
[  4%] Built target _dynamic_reconfigure_generate_messages_check_deps_Reconfigure
[  4%] Built target _dynamic_reconfigure_generate_messages_check_deps_BoolParameter
[  4%] Built target _dynamic_reconfigure_generate_messages_check_deps_ParamDescription
[  4%] Built target std_msgs_generate_messages_lisp
[  4%] Built target _dynamic_reconfigure_generate_messages_check_deps_SensorLevels
[  4%] Built target std_msgs_generate_messages_py
[  4%] Built target std_msgs_generate_messages_cpp
[  6%] Built target dynamic_reconfigure_gencfg
[ 48%] Built target dynamic_reconfigure_generate_messages_eus
[ 72%] Built target dynamic_reconfigure_generate_messages_py
[ 78%] Built target dynamic_reconfigure_generate_messages_lisp
[100%] Built target dynamic_reconfigure_generate_messages_cpp
[100%] Built target dynamic_reconfigure_generate_messages
[[36mdynamic_reconfigure[0m] [32m<==[0m '[1m/Users/adityabhat/Downloads/build/dynamic_reconfigure/build_env.sh /usr/bin/make --jobserver-fds=3,4 -j[0m' finished with return code '[1m0[0m'[0m
[[36mdynamic_reconfigure[0m] [1m[34m==>[0m '[1m/Users/adityabhat/Downloads/build/dynamic_reconfigure/build_env.sh /usr/bin/make install[0m' [30m[1min[0m '[1m/Users/adityabhat/Downloads/build/dynamic_reconfigure[0m'[0m
[  4%] Built target dynamic_reconfigure_config_init_mutex
[  4%] Built target _dynamic_reconfigure_generate_messages_check_deps_Group
[  4%] Built target _dynamic_reconfigure_generate_messages_check_deps_IntParameter
[  4%] Built target _dynamic_reconfigure_generate_messages_check_deps_GroupState
[  4%] Built target _dynamic_reconfigure_generate_messages_check_deps_StrParameter
[  4%] Built target _dynamic_reconfigure_generate_messages_check_deps_ConfigDescription
[  4%] Built target _dynamic_reconfigure_generate_messages_check_deps_Config
[  4%] Built target _dynamic_reconfigure_generate_messages_check_deps_DoubleParameter
[  4%] Built target std_msgs_generate_messages_eus
[  4%] Built target _dynamic_reconfigure_generate_messages_check_deps_BoolParameter
[  4%] Built target _dynamic_reconfigure_generate_messages_check_deps_ParamDescription
[  4%] Built target _dynamic_reconfigure_generate_messages_check_deps_Reconfigure
[  4%] Built target _dynamic_reconfigure_generate_messages_check_deps_SensorLevels
[ 28%] Built target dynamic_reconfigure_generate_messages_eus
[ 28%] Built target std_msgs_generate_messages_lisp
[ 50%] Built target dynamic_reconfigure_generate_messages_lisp
[ 50%] Built target std_msgs_generate_messages_py
[ 76%] Built target dynamic_reconfigure_generate_messages_py
[ 76%] Built target std_msgs_generate_messages_cpp
[ 98%] Built target dynamic_reconfigure_generate_messages_cpp
[ 98%] Built target dynamic_reconfigure_generate_messages
[100%] Built target dynamic_reconfigure_gencfg
[36mInstall the project...[0m
-- Install configuration: "Release"
-- Installing: /opt/ros/jade/_setup_util.py
-- Installing: /opt/ros/jade/env.sh
-- Installing: /opt/ros/jade/setup.bash
-- Installing: /opt/ros/jade/setup.sh
-- Installing: /opt/ros/jade/setup.zsh
-- Installing: /opt/ros/jade/.rosinstall
+ cd /Users/adityabhat/Downloads/src/dynamic_reconfigure
+ /usr/bin/env PYTHONPATH=/opt/ros/jade/lib/python2.7/site-packages:/Users/adityabhat/Downloads/build/dynamic_reconfigure/lib/python2.7/site-packages:/opt/ros/jade/lib/python2.7/site-packages CATKIN_BINARY_DIR=/Users/adityabhat/Downloads/build/dynamic_reconfigure /usr/bin/python /Users/adityabhat/Downloads/src/dynamic_reconfigure/setup.py build --build-base /Users/adityabhat/Downloads/build/dynamic_reconfigure install --prefix=/opt/ros/jade --install-scripts=/opt/ros/jade/bin
running build
running build_py
running install
running install_lib
running install_egg_info
Removing /opt/ros/jade/lib/python2.7/site-packages/dynamic_reconfigure-1.5.39-py2.7.egg-info
Writing /opt/ros/jade/lib/python2.7/site-packages/dynamic_reconfigure-1.5.39-py2.7.egg-info
-- Up-to-date: /opt/ros/jade/share/dynamic_reconfigure/msg/BoolParameter.msg
-- Up-to-date: /opt/ros/jade/share/dynamic_reconfigure/msg/Config.msg
-- Up-to-date: /opt/ros/jade/share/dynamic_reconfigure/msg/Group.msg
-- Up-to-date: /opt/ros/jade/share/dynamic_reconfigure/msg/IntParameter.msg
-- Up-to-date: /opt/ros/jade/share/dynamic_reconfigure/msg/SensorLevels.msg
-- Up-to-date: /opt/ros/jade/share/dynamic_reconfigure/msg/ConfigDescription.msg
-- Up-to-date: /opt/ros/jade/share/dynamic_reconfigure/msg/DoubleParameter.msg
-- Up-to-date: /opt/ros/jade/share/dynamic_reconfigure/msg/GroupState.msg
-- Up-to-date: /opt/ros/jade/share/dynamic_reconfigure/msg/ParamDescription.msg
-- Up-to-date: /opt/ros/jade/share/dynamic_reconfigure/msg/StrParameter.msg
-- Up-to-date: /opt/ros/jade/share/dynamic_reconfigure/srv/Reconfigure.srv
-- Up-to-date: /opt/ros/jade/share/dynamic_reconfigure/cmake/dynamic_reconfigure-msg-paths.cmake
-- Up-to-date: /opt/ros/jade/include/dynamic_reconfigure
-- Up-to-date: /opt/ros/jade/include/dynamic_reconfigure/BoolParameter.h
-- Up-to-date: /opt/ros/jade/include/dynamic_reconfigure/Config.h
-- Up-to-date: /opt/ros/jade/include/dynamic_reconfigure/ConfigDescription.h
-- Up-to-date: /opt/ros/jade/include/dynamic_reconfigure/DoubleParameter.h
-- Up-to-date: /opt/ros/jade/include/dynamic_reconfigure/Group.h
-- Up-to-date: /opt/ros/jade/include/dynamic_reconfigure/GroupState.h
-- Up-to-date: /opt/ros/jade/include/dynamic_reconfigure/IntParameter.h
-- Up-to-date: /opt/ros/jade/include/dynamic_reconfigure/ParamDescription.h
-- Up-to-date: /opt/ros/jade/include/dynamic_reconfigure/Reconfigure.h
-- Up-to-date: /opt/ros/jade/include/dynamic_reconfigure/ReconfigureRequest.h
-- Up-to-date: /opt/ros/jade/include/dynamic_reconfigure/ReconfigureResponse.h
-- Up-to-date: /opt/ros/jade/include/dynamic_reconfigure/SensorLevels.h
-- Up-to-date: /opt/ros/jade/include/dynamic_reconfigure/StrParameter.h
-- Up-to-date: /opt/ros/jade/include/dynamic_reconfigure/TestConfig.h
-- Up-to-date: /opt/ros/jade/share/roseus/ros/dynamic_reconfigure
-- Up-to-date: /opt/ros/jade/share/roseus/ros/dynamic_reconfigure/manifest.l
-- Up-to-date: /opt/ros/jade/share/roseus/ros/dynamic_reconfigure/msg
-- Up-to-date: /opt/ros/jade/share/roseus/ros/dynamic_reconfigure/msg/BoolParameter.l
-- Up-to-date: /opt/ros/jade/share/roseus/ros/dynamic_reconfigure/msg/Config.l
-- Up-to-date: /opt/ros/jade/share/roseus/ros/dynamic_reconfigure/msg/ConfigDescription.l
-- Up-to-date: /opt/ros/jade/share/roseus/ros/dynamic_reconfigure/msg/DoubleParameter.l
-- Up-to-date: /opt/ros/jade/share/roseus/ros/dynamic_reconfigure/msg/Group.l
-- Up-to-date: /opt/ros/jade/share/roseus/ros/dynamic_reconfigure/msg/GroupState.l
-- Up-to-date: /opt/ros/jade/share/roseus/ros/dynamic_reconfigure/msg/IntParameter.l
-- Up-to-date: /opt/ros/jade/share/roseus/ros/dynamic_reconfigure/msg/ParamDescription.l
-- Up-to-date: /opt/ros/jade/share/roseus/ros/dynamic_reconfigure/msg/SensorLevels.l
-- Up-to-date: /opt/ros/jade/share/roseus/ros/dynamic_reconfigure/msg/StrParameter.l
-- Up-to-date: /opt/ros/jade/share/roseus/ros/dynamic_reconfigure/srv
-- Up-to-date: /opt/ros/jade/share/roseus/ros/dynamic_reconfigure/srv/Reconfigure.l
-- Up-to-date: /opt/ros/jade/share/common-lisp/ros/dynamic_reconfigure
-- Up-to-date: /opt/ros/jade/share/common-lisp/ros/dynamic_reconfigure/msg
-- Up-to-date: /opt/ros/jade/share/common-lisp/ros/dynamic_reconfigure/msg/_package.lisp
-- Up-to-date: /opt/ros/jade/share/common-lisp/ros/dynamic_reconfigure/msg/_package_BoolParameter.lisp
-- Up-to-date: /opt/ros/jade/share/common-lisp/ros/dynamic_reconfigure/msg/_package_Config.lisp
-- Up-to-date: /opt/ros/jade/share/common-lisp/ros/dynamic_reconfigure/msg/_package_ConfigDescription.lisp
-- Up-to-date: /opt/ros/jade/share/common-lisp/ros/dynamic_reconfigure/msg/_package_DoubleParameter.lisp
-- Up-to-date: /opt/ros/jade/share/common-lisp/ros/dynamic_reconfigure/msg/_package_Group.lisp
-- Up-to-date: /opt/ros/jade/share/common-lisp/ros/dynamic_reconfigure/msg/_package_GroupState.lisp
-- Up-to-date: /opt/ros/jade/share/common-lisp/ros/dynamic_reconfigure/msg/_package_IntParameter.lisp
-- Up-to-date: /opt/ros/jade/share/common-lisp/ros/dynamic_reconfigure/msg/_package_ParamDescription.lisp
-- Up-to-date: /opt/ros/jade/share/common-lisp/ros/dynamic_reconfigure/msg/_package_SensorLevels.lisp
-- Up-to-date: /opt/ros/jade/share/common-lisp/ros/dynamic_reconfigure/msg/_package_StrParameter.lisp
-- Up-to-date: /opt/ros/jade/share/common-lisp/ros/dynamic_reconfigure/msg/BoolParameter.lisp
-- Up-to-date: /opt/ros/jade/share/common-lisp/ros/dynamic_reconfigure/msg/Config.lisp
-- Up-to-date: /opt/ros/jade/share/common-lisp/ros/dynamic_reconfigure/msg/ConfigDescription.lisp
-- Up-to-date: /opt/ros/jade/share/common-lisp/ros/dynamic_reconfigure/msg/DoubleParameter.lisp
-- Up-to-date: /opt/ros/jade/share/common-lisp/ros/dynamic_reconfigure/msg/dynamic_reconfigure-msg.asd
-- Up-to-date: /opt/ros/jade/share/common-lisp/ros/dynamic_reconfigure/msg/Group.lisp
-- Up-to-date: /opt/ros/jade/share/common-lisp/ros/dynamic_reconfigure/msg/GroupState.lisp
-- Up-to-date: /opt/ros/jade/share/common-lisp/ros/dynamic_reconfigure/msg/IntParameter.lisp
-- Up-to-date: /opt/ros/jade/share/common-lisp/ros/dynamic_reconfigure/msg/ParamDescription.lisp
-- Up-to-date: /opt/ros/jade/share/common-lisp/ros/dynamic_reconfigure/msg/SensorLevels.lisp
-- Up-to-date: /opt/ros/jade/share/common-lisp/ros/dynamic_reconfigure/msg/StrParameter.lisp
-- Up-to-date: /opt/ros/jade/share/common-lisp/ros/dynamic_reconfigure/srv
-- Up-to-date: /opt/ros/jade/share/common-lisp/ros/dynamic_reconfigure/srv/_package.lisp
-- Up-to-date: /opt/ros/jade/share/common-lisp/ros/dynamic_reconfigure/srv/_package_Reconfigure.lisp
-- Up-to-date: /opt/ros/jade/share/common-lisp/ros/dynamic_reconfigure/srv/dynamic_reconfigure-srv.asd
-- Up-to-date: /opt/ros/jade/share/common-lisp/ros/dynamic_reconfigure/srv/Reconfigure.lisp
Listing /Users/adityabhat/Downloads/devel/lib/python2.7/site-packages/dynamic_reconfigure ...
Listing /Users/adityabhat/Downloads/devel/lib/python2.7/site-packages/dynamic_reconfigure/cfg ...
Listing /Users/adityabhat/Downloads/devel/lib/python2.7/site-packages/dynamic_reconfigure/msg ...
Listing /Users/adityabhat/Downloads/devel/lib/python2.7/site-packages/dynamic_reconfigure/srv ...
-- Up-to-date: /opt/ros/jade/lib/python2.7/site-packages/dynamic_reconfigure
-- Up-to-date: /opt/ros/jade/lib/python2.7/site-packages/dynamic_reconfigure/cfg
-- Up-to-date: /opt/ros/jade/lib/python2.7/site-packages/dynamic_reconfigure/cfg/TestConfig.py
-- Up-to-date: /opt/ros/jade/lib/python2.7/site-packages/dynamic_reconfigure/cfg/TestConfig.pyc
-- Up-to-date: /opt/ros/jade/lib/python2.7/site-packages/dynamic_reconfigure/msg
-- Up-to-date: /opt/ros/jade/lib/python2.7/site-packages/dynamic_reconfigure/msg/_BoolParameter.py
-- Up-to-date: /opt/ros/jade/lib/python2.7/site-packages/dynamic_reconfigure/msg/_BoolParameter.pyc
-- Up-to-date: /opt/ros/jade/lib/python2.7/site-packages/dynamic_reconfigure/msg/_Config.py
-- Up-to-date: /opt/ros/jade/lib/python2.7/site-packages/dynamic_reconfigure/msg/_Config.pyc
-- Up-to-date: /opt/ros/jade/lib/python2.7/site-packages/dynamic_reconfigure/msg/_ConfigDescription.py
-- Up-to-date: /opt/ros/jade/lib/python2.7/site-packages/dynamic_reconfigure/msg/_ConfigDescription.pyc
-- Up-to-date: /opt/ros/jade/lib/python2.7/site-packages/dynamic_reconfigure/msg/_DoubleParameter.py
-- Up-to-date: /opt/ros/jade/lib/python2.7/site-packages/dynamic_reconfigure/msg/_DoubleParameter.pyc
-- Up-to-date: /opt/ros/jade/lib/python2.7/site-packages/dynamic_reconfigure/msg/_Group.py
-- Up-to-date: /opt/ros/jade/lib/python2.7/site-packages/dynamic_reconfigure/msg/_Group.pyc
-- Up-to-date: /opt/ros/jade/lib/python2.7/site-packages/dynamic_reconfigure/msg/_GroupState.py
-- Up-to-date: /opt/ros/jade/lib/python2.7/site-packages/dynamic_reconfigure/msg/_GroupState.pyc
-- Up-to-date: /opt/ros/jade/lib/python2.7/site-packages/dynamic_reconfigure/msg/_IntParameter.py
-- Up-to-date: /opt/ros/jade/lib/python2.7/site-packages/dynamic_reconfigure/msg/_IntParameter.pyc
-- Up-to-date: /opt/ros/jade/lib/python2.7/site-packages/dynamic_reconfigure/msg/_ParamDescription.py
-- Up-to-date: /opt/ros/jade/lib/python2.7/site-packages/dynamic_reconfigure/msg/_ParamDescription.pyc
-- Up-to-date: /opt/ros/jade/lib/python2.7/site-packages/dynamic_reconfigure/msg/_SensorLevels.py
-- Up-to-date: /opt/ros/jade/lib/python2.7/site-packages/dynamic_reconfigure/msg/_SensorLevels.pyc
-- Up-to-date: /opt/ros/jade/lib/python2.7/site-packages/dynamic_reconfigure/msg/_StrParameter.py
-- Up-to-date: /opt/ros/jade/lib/python2.7/site-packages/dynamic_reconfigure/msg/_StrParameter.pyc
-- Up-to-date: /opt/ros/jade/lib/python2.7/site-packages/dynamic_reconfigure/srv
-- Up-to-date: /opt/ros/jade/lib/python2.7/site-packages/dynamic_reconfigure/srv/_Reconfigure.py
-- Up-to-date: /opt/ros/jade/lib/python2.7/site-packages/dynamic_reconfigure/srv/_Reconfigure.pyc
-- Up-to-date: /opt/ros/jade/lib/python2.7/site-packages/dynamic_reconfigure
-- Up-to-date: /opt/ros/jade/lib/python2.7/site-packages/dynamic_reconfigure/cfg
-- Up-to-date: /opt/ros/jade/lib/python2.7/site-packages/dynamic_reconfigure/cfg/__init__.py
-- Up-to-date: /opt/ros/jade/lib/python2.7/site-packages/dynamic_reconfigure/cfg/__init__.pyc
-- Up-to-date: /opt/ros/jade/lib/python2.7/site-packages/dynamic_reconfigure/msg
-- Up-to-date: /opt/ros/jade/lib/python2.7/site-packages/dynamic_reconfigure/msg/__init__.py
-- Up-to-date: /opt/ros/jade/lib/python2.7/site-packages/dynamic_reconfigure/msg/__init__.pyc
-- Up-to-date: /opt/ros/jade/lib/python2.7/site-packages/dynamic_reconfigure/srv
-- Up-to-date: /opt/ros/jade/lib/python2.7/site-packages/dynamic_reconfigure/srv/__init__.py
-- Up-to-date: /opt/ros/jade/lib/python2.7/site-packages/dynamic_reconfigure/srv/__init__.pyc
-- Up-to-date: /opt/ros/jade/include/dynamic_reconfigure/TestConfig.h
Listing /Users/adityabhat/Downloads/devel/lib/python2.7/site-packages/dynamic_reconfigure/cfg ...
-- Up-to-date: /opt/ros/jade/lib/python2.7/site-packages/dynamic_reconfigure/cfg
-- Up-to-date: /opt/ros/jade/lib/python2.7/site-packages/dynamic_reconfigure/cfg/__init__.py
-- Up-to-date: /opt/ros/jade/lib/python2.7/site-packages/dynamic_reconfigure/cfg/__init__.pyc
-- Up-to-date: /opt/ros/jade/lib/python2.7/site-packages/dynamic_reconfigure/cfg/TestConfig.py
-- Up-to-date: /opt/ros/jade/lib/python2.7/site-packages/dynamic_reconfigure/cfg/TestConfig.pyc
-- Installing: /opt/ros/jade/lib/pkgconfig/dynamic_reconfigure.pc
-- Up-to-date: /opt/ros/jade/share/dynamic_reconfigure/cmake/dynamic_reconfigure-msg-extras.cmake
-- Installing: /opt/ros/jade/share/dynamic_reconfigure/cmake/dynamic_reconfigure-extras.cmake
-- Up-to-date: /opt/ros/jade/share/dynamic_reconfigure/cmake/dynamic_reconfigureConfig.cmake
-- Up-to-date: /opt/ros/jade/share/dynamic_reconfigure/cmake/dynamic_reconfigureConfig-version.cmake
-- Up-to-date: /opt/ros/jade/share/dynamic_reconfigure/package.xml
-- Up-to-date: /opt/ros/jade/include/dynamic_reconfigure
-- Up-to-date: /opt/ros/jade/include/dynamic_reconfigure/config_init_mutex.h
-- Up-to-date: /opt/ros/jade/include/dynamic_reconfigure/config_tools.h
-- Up-to-date: /opt/ros/jade/include/dynamic_reconfigure/server.h
-- Installing: /opt/ros/jade/lib/libdynamic_reconfigure_config_init_mutex.dylib
-- Up-to-date: /opt/ros/jade/share/dynamic_reconfigure/cmake
-- Up-to-date: /opt/ros/jade/share/dynamic_reconfigure/cmake/cfgbuild.cmake
-- Up-to-date: /opt/ros/jade/share/dynamic_reconfigure/cmake/dynamic_reconfigure
-- Up-to-date: /opt/ros/jade/share/dynamic_reconfigure/cmake/dynamic_reconfigure/__init__.py
-- Up-to-date: /opt/ros/jade/share/dynamic_reconfigure/cmake/dynamic_reconfigure/parameter_generator.py
-- Up-to-date: /opt/ros/jade/share/dynamic_reconfigure/cmake/dynamic_reconfigure-extras.cmake.em
-- Up-to-date: /opt/ros/jade/share/dynamic_reconfigure/cmake/dynamic_reconfigure-macros.cmake
-- Up-to-date: /opt/ros/jade/share/dynamic_reconfigure/cmake/gendeps
-- Up-to-date: /opt/ros/jade/share/dynamic_reconfigure/msg
-- Up-to-date: /opt/ros/jade/share/dynamic_reconfigure/msg/BoolParameter.msg
-- Up-to-date: /opt/ros/jade/share/dynamic_reconfigure/msg/Config.msg
-- Up-to-date: /opt/ros/jade/share/dynamic_reconfigure/msg/ConfigDescription.msg
-- Up-to-date: /opt/ros/jade/share/dynamic_reconfigure/msg/DoubleParameter.msg
-- Up-to-date: /opt/ros/jade/share/dynamic_reconfigure/msg/Group.msg
-- Up-to-date: /opt/ros/jade/share/dynamic_reconfigure/msg/GroupState.msg
-- Up-to-date: /opt/ros/jade/share/dynamic_reconfigure/msg/IntParameter.msg
-- Up-to-date: /opt/ros/jade/share/dynamic_reconfigure/msg/ParamDescription.msg
-- Up-to-date: /opt/ros/jade/share/dynamic_reconfigure/msg/SensorLevels.msg
-- Up-to-date: /opt/ros/jade/share/dynamic_reconfigure/msg/StrParameter.msg
-- Up-to-date: /opt/ros/jade/lib/dynamic_reconfigure/dynparam
-- Up-to-date: /opt/ros/jade/lib/dynamic_reconfigure/reconfigure_gui
-- Up-to-date: /opt/ros/jade/share/dynamic_reconfigure/srv
-- Up-to-date: /opt/ros/jade/share/dynamic_reconfigure/srv/Reconfigure.srv
-- Up-to-date: /opt/ros/jade/share/dynamic_reconfigure/templates
-- Up-to-date: /opt/ros/jade/share/dynamic_reconfigure/templates/ConfigType.h.template
-- Up-to-date: /opt/ros/jade/share/dynamic_reconfigure/templates/ConfigType.py.template
-- Up-to-date: /opt/ros/jade/share/dynamic_reconfigure/templates/GroupClass.h.template
[[36mdynamic_reconfigure[0m] [32m<==[0m '[1m/Users/adityabhat/Downloads/build/dynamic_reconfigure/build_env.sh /usr/bin/make install[0m' finished with return code '[1m0[0m'[0m
