[[36mgenlisp[0m] [1m[34m==>[0m '[1m/Users/adityabhat/Downloads/build/genlisp/build_env.sh /usr/bin/make cmake_check_build_system[0m' [30m[1min[0m '[1m/Users/adityabhat/Downloads/build/genlisp[0m'[0m
-- Using CATKIN_DEVEL_PREFIX: /Users/adityabhat/Downloads/devel
-- Using CMAKE_PREFIX_PATH: /opt/ros/jade
-- This workspace overlays: /opt/ros/jade
-- Using PYTHON_EXECUTABLE: /usr/bin/python
-- Using default Python package layout
-- Using empy: /usr/local/lib/python2.7/site-packages/em.pyc
-- Using CATKIN_ENABLE_TESTING: ON
-- Call enable_testing()
-- Using CATKIN_TEST_RESULTS_DIR: /Users/adityabhat/Downloads/build/genlisp/test_results
-- Found gtest: gtests will be built
CMake Warning at /opt/ros/jade/share/catkin/cmake/test/nosetests.cmake:98 (message):
  nosetests not found, Python tests can not be run (try installing package
  'python-nose')
Call Stack (most recent call first):
  /opt/ros/jade/share/catkin/cmake/all.cmake:147 (include)
  /opt/ros/jade/share/catkin/cmake/catkinConfig.cmake:20 (include)
  CMakeLists.txt:3 (find_package)


-- catkin 0.6.16
-- Using these message generators: gencpp;geneus;genlisp;genpy
-- Configuring done
-- Generating done
-- Build files have been written to: /Users/adityabhat/Downloads/build/genlisp
[[36mgenlisp[0m] [32m<==[0m '[1m/Users/adityabhat/Downloads/build/genlisp/build_env.sh /usr/bin/make cmake_check_build_system[0m' finished with return code '[1m0[0m'[0m
[[36mgenlisp[0m] [1m[34m==>[0m '[1m/Users/adityabhat/Downloads/build/genlisp/build_env.sh /usr/bin/make --jobserver-fds=3,4 -j[0m' [30m[1min[0m '[1m/Users/adityabhat/Downloads/build/genlisp[0m'[0m
[[36mgenlisp[0m] [32m<==[0m '[1m/Users/adityabhat/Downloads/build/genlisp/build_env.sh /usr/bin/make --jobserver-fds=3,4 -j[0m' finished with return code '[1m0[0m'[0m
[[36mgenlisp[0m] [1m[34m==>[0m '[1m/Users/adityabhat/Downloads/build/genlisp/build_env.sh /usr/bin/make install[0m' [30m[1min[0m '[1m/Users/adityabhat/Downloads/build/genlisp[0m'[0m
[36mInstall the project...[0m
-- Install configuration: "Release"
-- Up-to-date: /opt/ros/jade/_setup_util.py
-- Installing: /opt/ros/jade/env.sh
-- Installing: /opt/ros/jade/setup.bash
-- Installing: /opt/ros/jade/setup.sh
-- Installing: /opt/ros/jade/setup.zsh
-- Installing: /opt/ros/jade/.rosinstall
-- Installing: /opt/ros/jade/lib/pkgconfig/genlisp.pc
-- Installing: /opt/ros/jade/share/genlisp/cmake/genlisp-extras.cmake
-- Up-to-date: /opt/ros/jade/share/genlisp/cmake/genlispConfig.cmake
-- Up-to-date: /opt/ros/jade/share/genlisp/cmake/genlispConfig-version.cmake
-- Up-to-date: /opt/ros/jade/share/genlisp/package.xml
-- Installing: /opt/ros/jade/etc/ros/genmsg/genlisp
-- Installing: /opt/ros/jade/share/common-lisp/rospack_nosubdirs
+ cd /Users/adityabhat/Downloads/src/genlisp
+ /usr/bin/env PYTHONPATH=/opt/ros/jade/lib/python2.7/site-packages:/Users/adityabhat/Downloads/build/genlisp/lib/python2.7/site-packages:/opt/ros/jade/lib/python2.7/site-packages CATKIN_BINARY_DIR=/Users/adityabhat/Downloads/build/genlisp /usr/bin/python /Users/adityabhat/Downloads/src/genlisp/setup.py build --build-base /Users/adityabhat/Downloads/build/genlisp install --prefix=/opt/ros/jade --install-scripts=/opt/ros/jade/bin
running build
running build_py
running install
running install_lib
running install_egg_info
Removing /opt/ros/jade/lib/python2.7/site-packages/genlisp-0.4.15-py2.7.egg-info
Writing /opt/ros/jade/lib/python2.7/site-packages/genlisp-0.4.15-py2.7.egg-info
-- Up-to-date: /opt/ros/jade/share/genlisp/msg.lisp.template
-- Up-to-date: /opt/ros/jade/share/genlisp/srv.lisp.template
-- Installing: /opt/ros/jade/lib/genlisp/gen_lisp.py
[[36mgenlisp[0m] [32m<==[0m '[1m/Users/adityabhat/Downloads/build/genlisp/build_env.sh /usr/bin/make install[0m' finished with return code '[1m0[0m'[0m
