[[36mgenmsg[0m] [1m[34m==>[0m '[1m/Users/adityabhat/Downloads/build/genmsg/build_env.sh /usr/bin/make cmake_check_build_system[0m' [30m[1min[0m '[1m/Users/adityabhat/Downloads/build/genmsg[0m'[0m
[[36mgenmsg[0m] [32m<==[0m '[1m/Users/adityabhat/Downloads/build/genmsg/build_env.sh /usr/bin/make cmake_check_build_system[0m' finished with return code '[1m0[0m'[0m
[[36mgenmsg[0m] [1m[34m==>[0m '[1m/Users/adityabhat/Downloads/build/genmsg/build_env.sh /usr/bin/make --jobserver-fds=3,4 -j[0m' [30m[1min[0m '[1m/Users/adityabhat/Downloads/build/genmsg[0m'[0m
[[36mgenmsg[0m] [32m<==[0m '[1m/Users/adityabhat/Downloads/build/genmsg/build_env.sh /usr/bin/make --jobserver-fds=3,4 -j[0m' finished with return code '[1m0[0m'[0m
[[36mgenmsg[0m] [1m[34m==>[0m '[1m/Users/adityabhat/Downloads/build/genmsg/build_env.sh /usr/bin/make install[0m' [30m[1min[0m '[1m/Users/adityabhat/Downloads/build/genmsg[0m'[0m
[36mInstall the project...[0m
-- Install configuration: "Release"
-- Installing: /opt/ros/jade/_setup_util.py
-- Installing: /opt/ros/jade/env.sh
-- Installing: /opt/ros/jade/setup.bash
-- Installing: /opt/ros/jade/setup.sh
-- Installing: /opt/ros/jade/setup.zsh
-- Installing: /opt/ros/jade/.rosinstall
-- Up-to-date: /opt/ros/jade/lib/pkgconfig/genmsg.pc
-- Up-to-date: /opt/ros/jade/share/genmsg/cmake/genmsg-extras.cmake
-- Up-to-date: /opt/ros/jade/share/genmsg/cmake/genmsgConfig.cmake
-- Up-to-date: /opt/ros/jade/share/genmsg/cmake/genmsgConfig-version.cmake
-- Up-to-date: /opt/ros/jade/share/genmsg/package.xml
-- Up-to-date: /opt/ros/jade/share/genmsg/cmake/pkg-genmsg.cmake.em
-- Up-to-date: /opt/ros/jade/share/genmsg/cmake/pkg-genmsg.context.in
-- Up-to-date: /opt/ros/jade/share/genmsg/cmake/pkg-msg-extras.cmake.in
-- Up-to-date: /opt/ros/jade/share/genmsg/cmake/pkg-msg-paths.cmake.develspace.in
-- Up-to-date: /opt/ros/jade/share/genmsg/cmake/pkg-msg-paths.cmake.installspace.in
+ cd /Users/adityabhat/Downloads/src/genmsg
+ /usr/bin/env PYTHONPATH=/opt/ros/jade/lib/python2.7/site-packages:/Users/adityabhat/Downloads/build/genmsg/lib/python2.7/site-packages:/opt/ros/jade/lib/python2.7/site-packages CATKIN_BINARY_DIR=/Users/adityabhat/Downloads/build/genmsg /usr/bin/python /Users/adityabhat/Downloads/src/genmsg/setup.py build --build-base /Users/adityabhat/Downloads/build/genmsg install --prefix=/opt/ros/jade --install-scripts=/opt/ros/jade/bin
running build
running build_py
running install
running install_lib
running install_egg_info
Removing /opt/ros/jade/lib/python2.7/site-packages/genmsg-0.5.6-py2.7.egg-info
Writing /opt/ros/jade/lib/python2.7/site-packages/genmsg-0.5.6-py2.7.egg-info
-- Up-to-date: /opt/ros/jade/lib/genmsg/genmsg_check_deps.py
[[36mgenmsg[0m] [32m<==[0m '[1m/Users/adityabhat/Downloads/build/genmsg/build_env.sh /usr/bin/make install[0m' finished with return code '[1m0[0m'[0m
