[[36mgeometry_msgs[0m] [1m[34m==>[0m '[1m/Users/adityabhat/Downloads/build/geometry_msgs/build_env.sh /usr/bin/make cmake_check_build_system[0m' [30m[1min[0m '[1m/Users/adityabhat/Downloads/build/geometry_msgs[0m'[0m
-- Using CATKIN_DEVEL_PREFIX: /Users/adityabhat/Downloads/devel
-- Using CMAKE_PREFIX_PATH: /opt/ros/jade
-- This workspace overlays: /opt/ros/jade
-- Using PYTHON_EXECUTABLE: /usr/bin/python
-- Using default Python package layout
-- Using empy: /usr/local/lib/python2.7/site-packages/em.pyc
-- Using CATKIN_ENABLE_TESTING: ON
-- Call enable_testing()
-- Using CATKIN_TEST_RESULTS_DIR: /Users/adityabhat/Downloads/build/geometry_msgs/test_results
-- Found gtest: gtests will be built
CMake Warning at /opt/ros/jade/share/catkin/cmake/test/nosetests.cmake:98 (message):
  nosetests not found, Python tests can not be run (try installing package
  'python-nose')
Call Stack (most recent call first):
  /opt/ros/jade/share/catkin/cmake/all.cmake:147 (include)
  /opt/ros/jade/share/catkin/cmake/catkinConfig.cmake:20 (include)
  CMakeLists.txt:4 (find_package)

-- catkin 0.6.16
-- Using these message generators: gencpp;geneus;genlisp;genpy
-- geometry_msgs: 29 messages, 0 services
-- Configuring done
-- Generating done
-- Build files have been written to: /Users/adityabhat/Downloads/build/geometry_msgs
[[36mgeometry_msgs[0m] [32m<==[0m '[1m/Users/adityabhat/Downloads/build/geometry_msgs/build_env.sh /usr/bin/make cmake_check_build_system[0m' finished with return code '[1m0[0m'[0m
[[36mgeometry_msgs[0m] [1m[34m==>[0m '[1m/Users/adityabhat/Downloads/build/geometry_msgs/build_env.sh /usr/bin/make --jobserver-fds=3,4 -j[0m' [30m[1min[0m '[1m/Users/adityabhat/Downloads/build/geometry_msgs[0m'[0m
[  0%] Built target _geometry_msgs_generate_messages_check_deps_PointStamped
[  0%] Built target _geometry_msgs_generate_messages_check_deps_Point
[  0%] Built target _geometry_msgs_generate_messages_check_deps_PolygonStamped
[  0%] Built target _geometry_msgs_generate_messages_check_deps_TwistWithCovarianceStamped
[  0%] Built target _geometry_msgs_generate_messages_check_deps_PoseWithCovarianceStamped
[  0%] Built target _geometry_msgs_generate_messages_check_deps_Point32
[  0%] Built target _geometry_msgs_generate_messages_check_deps_Vector3Stamped
[  0%] Built target _geometry_msgs_generate_messages_check_deps_Pose2D
[  0%] Built target _geometry_msgs_generate_messages_check_deps_TwistWithCovariance
[  0%] Built target _geometry_msgs_generate_messages_check_deps_PoseStamped
[  0%] Built target _geometry_msgs_generate_messages_check_deps_WrenchStamped
[  0%] Built target _geometry_msgs_generate_messages_check_deps_AccelStamped
[  0%] Built target _geometry_msgs_generate_messages_check_deps_TransformStamped
[  0%] Built target _geometry_msgs_generate_messages_check_deps_PoseArray
[  0%] Built target _geometry_msgs_generate_messages_check_deps_Wrench
[  0%] Built target _geometry_msgs_generate_messages_check_deps_Inertia
[  0%] Built target _geometry_msgs_generate_messages_check_deps_Twist
[  0%] Built target _geometry_msgs_generate_messages_check_deps_PoseWithCovariance
[  0%] Built target _geometry_msgs_generate_messages_check_deps_Vector3
[  0%] Built target _geometry_msgs_generate_messages_check_deps_QuaternionStamped
[  0%] Built target _geometry_msgs_generate_messages_check_deps_Transform
[  0%] Built target _geometry_msgs_generate_messages_check_deps_TwistStamped
[  0%] Built target _geometry_msgs_generate_messages_check_deps_Quaternion
[  0%] Built target _geometry_msgs_generate_messages_check_deps_InertiaStamped
[  0%] Built target std_msgs_generate_messages_py
[  0%] Built target _geometry_msgs_generate_messages_check_deps_Accel
[  0%] Built target _geometry_msgs_generate_messages_check_deps_AccelWithCovarianceStamped
[  0%] Built target _geometry_msgs_generate_messages_check_deps_Pose
[  0%] Built target _geometry_msgs_generate_messages_check_deps_AccelWithCovariance
[  0%] Built target _geometry_msgs_generate_messages_check_deps_Polygon
[  0%] Built target std_msgs_generate_messages_cpp
[  0%] Built target std_msgs_generate_messages_lisp
[  0%] Built target std_msgs_generate_messages_eus
[ 26%] Built target geometry_msgs_generate_messages_py
[ 50%] Built target geometry_msgs_generate_messages_cpp
[ 74%] Built target geometry_msgs_generate_messages_lisp
[100%] Built target geometry_msgs_generate_messages_eus
[100%] Built target geometry_msgs_generate_messages
[[36mgeometry_msgs[0m] [32m<==[0m '[1m/Users/adityabhat/Downloads/build/geometry_msgs/build_env.sh /usr/bin/make --jobserver-fds=3,4 -j[0m' finished with return code '[1m0[0m'[0m
[[36mgeometry_msgs[0m] [1m[34m==>[0m '[1m/Users/adityabhat/Downloads/build/geometry_msgs/build_env.sh /usr/bin/make install[0m' [30m[1min[0m '[1m/Users/adityabhat/Downloads/build/geometry_msgs[0m'[0m
[  0%] Built target _geometry_msgs_generate_messages_check_deps_PointStamped
[  0%] Built target _geometry_msgs_generate_messages_check_deps_Point
[  0%] Built target _geometry_msgs_generate_messages_check_deps_PolygonStamped
[  0%] Built target _geometry_msgs_generate_messages_check_deps_TwistWithCovarianceStamped
[  0%] Built target _geometry_msgs_generate_messages_check_deps_PoseWithCovarianceStamped
[  0%] Built target _geometry_msgs_generate_messages_check_deps_Point32
[  0%] Built target _geometry_msgs_generate_messages_check_deps_Vector3Stamped
[  0%] Built target _geometry_msgs_generate_messages_check_deps_Pose2D
[  0%] Built target _geometry_msgs_generate_messages_check_deps_TwistWithCovariance
[  0%] Built target _geometry_msgs_generate_messages_check_deps_WrenchStamped
[  0%] Built target _geometry_msgs_generate_messages_check_deps_PoseStamped
[  0%] Built target _geometry_msgs_generate_messages_check_deps_AccelStamped
[  0%] Built target _geometry_msgs_generate_messages_check_deps_TransformStamped
[  0%] Built target _geometry_msgs_generate_messages_check_deps_PoseArray
[  0%] Built target _geometry_msgs_generate_messages_check_deps_Wrench
[  0%] Built target _geometry_msgs_generate_messages_check_deps_Inertia
[  0%] Built target _geometry_msgs_generate_messages_check_deps_Twist
[  0%] Built target _geometry_msgs_generate_messages_check_deps_PoseWithCovariance
[  0%] Built target _geometry_msgs_generate_messages_check_deps_Vector3
[  0%] Built target _geometry_msgs_generate_messages_check_deps_QuaternionStamped
[  0%] Built target _geometry_msgs_generate_messages_check_deps_Transform
[  0%] Built target _geometry_msgs_generate_messages_check_deps_TwistStamped
[  0%] Built target _geometry_msgs_generate_messages_check_deps_Quaternion
[  0%] Built target _geometry_msgs_generate_messages_check_deps_InertiaStamped
[  0%] Built target std_msgs_generate_messages_py
[  0%] Built target _geometry_msgs_generate_messages_check_deps_Accel
[  0%] Built target _geometry_msgs_generate_messages_check_deps_AccelWithCovarianceStamped
[  0%] Built target _geometry_msgs_generate_messages_check_deps_Pose
[  0%] Built target _geometry_msgs_generate_messages_check_deps_AccelWithCovariance
[  0%] Built target _geometry_msgs_generate_messages_check_deps_Polygon
[ 26%] Built target geometry_msgs_generate_messages_py
[ 26%] Built target std_msgs_generate_messages_cpp
[ 50%] Built target geometry_msgs_generate_messages_cpp
[ 50%] Built target std_msgs_generate_messages_lisp
[ 74%] Built target geometry_msgs_generate_messages_lisp
[ 74%] Built target std_msgs_generate_messages_eus
[100%] Built target geometry_msgs_generate_messages_eus
[100%] Built target geometry_msgs_generate_messages
[36mInstall the project...[0m
-- Install configuration: "Release"
-- Installing: /opt/ros/jade/_setup_util.py
-- Installing: /opt/ros/jade/env.sh
-- Installing: /opt/ros/jade/setup.bash
-- Installing: /opt/ros/jade/setup.sh
-- Installing: /opt/ros/jade/setup.zsh
-- Installing: /opt/ros/jade/.rosinstall
-- Up-to-date: /opt/ros/jade/share/geometry_msgs/msg/Accel.msg
-- Up-to-date: /opt/ros/jade/share/geometry_msgs/msg/AccelStamped.msg
-- Up-to-date: /opt/ros/jade/share/geometry_msgs/msg/AccelWithCovariance.msg
-- Up-to-date: /opt/ros/jade/share/geometry_msgs/msg/AccelWithCovarianceStamped.msg
-- Up-to-date: /opt/ros/jade/share/geometry_msgs/msg/Inertia.msg
-- Up-to-date: /opt/ros/jade/share/geometry_msgs/msg/InertiaStamped.msg
-- Up-to-date: /opt/ros/jade/share/geometry_msgs/msg/Point.msg
-- Up-to-date: /opt/ros/jade/share/geometry_msgs/msg/Point32.msg
-- Up-to-date: /opt/ros/jade/share/geometry_msgs/msg/PointStamped.msg
-- Up-to-date: /opt/ros/jade/share/geometry_msgs/msg/Polygon.msg
-- Up-to-date: /opt/ros/jade/share/geometry_msgs/msg/PolygonStamped.msg
-- Up-to-date: /opt/ros/jade/share/geometry_msgs/msg/Pose2D.msg
-- Up-to-date: /opt/ros/jade/share/geometry_msgs/msg/Pose.msg
-- Up-to-date: /opt/ros/jade/share/geometry_msgs/msg/PoseArray.msg
-- Up-to-date: /opt/ros/jade/share/geometry_msgs/msg/PoseStamped.msg
-- Up-to-date: /opt/ros/jade/share/geometry_msgs/msg/PoseWithCovariance.msg
-- Up-to-date: /opt/ros/jade/share/geometry_msgs/msg/PoseWithCovarianceStamped.msg
-- Up-to-date: /opt/ros/jade/share/geometry_msgs/msg/Quaternion.msg
-- Up-to-date: /opt/ros/jade/share/geometry_msgs/msg/QuaternionStamped.msg
-- Up-to-date: /opt/ros/jade/share/geometry_msgs/msg/Transform.msg
-- Up-to-date: /opt/ros/jade/share/geometry_msgs/msg/TransformStamped.msg
-- Up-to-date: /opt/ros/jade/share/geometry_msgs/msg/Twist.msg
-- Up-to-date: /opt/ros/jade/share/geometry_msgs/msg/TwistStamped.msg
-- Up-to-date: /opt/ros/jade/share/geometry_msgs/msg/TwistWithCovariance.msg
-- Up-to-date: /opt/ros/jade/share/geometry_msgs/msg/TwistWithCovarianceStamped.msg
-- Up-to-date: /opt/ros/jade/share/geometry_msgs/msg/Vector3.msg
-- Up-to-date: /opt/ros/jade/share/geometry_msgs/msg/Vector3Stamped.msg
-- Up-to-date: /opt/ros/jade/share/geometry_msgs/msg/Wrench.msg
-- Up-to-date: /opt/ros/jade/share/geometry_msgs/msg/WrenchStamped.msg
-- Up-to-date: /opt/ros/jade/share/geometry_msgs/cmake/geometry_msgs-msg-paths.cmake
-- Up-to-date: /opt/ros/jade/include/geometry_msgs
-- Up-to-date: /opt/ros/jade/include/geometry_msgs/Accel.h
-- Up-to-date: /opt/ros/jade/include/geometry_msgs/AccelStamped.h
-- Up-to-date: /opt/ros/jade/include/geometry_msgs/AccelWithCovariance.h
-- Up-to-date: /opt/ros/jade/include/geometry_msgs/AccelWithCovarianceStamped.h
-- Up-to-date: /opt/ros/jade/include/geometry_msgs/Inertia.h
-- Up-to-date: /opt/ros/jade/include/geometry_msgs/InertiaStamped.h
-- Up-to-date: /opt/ros/jade/include/geometry_msgs/Point.h
-- Up-to-date: /opt/ros/jade/include/geometry_msgs/Point32.h
-- Up-to-date: /opt/ros/jade/include/geometry_msgs/PointStamped.h
-- Up-to-date: /opt/ros/jade/include/geometry_msgs/Polygon.h
-- Up-to-date: /opt/ros/jade/include/geometry_msgs/PolygonStamped.h
-- Up-to-date: /opt/ros/jade/include/geometry_msgs/Pose.h
-- Up-to-date: /opt/ros/jade/include/geometry_msgs/Pose2D.h
-- Up-to-date: /opt/ros/jade/include/geometry_msgs/PoseArray.h
-- Up-to-date: /opt/ros/jade/include/geometry_msgs/PoseStamped.h
-- Up-to-date: /opt/ros/jade/include/geometry_msgs/PoseWithCovariance.h
-- Up-to-date: /opt/ros/jade/include/geometry_msgs/PoseWithCovarianceStamped.h
-- Up-to-date: /opt/ros/jade/include/geometry_msgs/Quaternion.h
-- Up-to-date: /opt/ros/jade/include/geometry_msgs/QuaternionStamped.h
-- Up-to-date: /opt/ros/jade/include/geometry_msgs/Transform.h
-- Up-to-date: /opt/ros/jade/include/geometry_msgs/TransformStamped.h
-- Up-to-date: /opt/ros/jade/include/geometry_msgs/Twist.h
-- Up-to-date: /opt/ros/jade/include/geometry_msgs/TwistStamped.h
-- Up-to-date: /opt/ros/jade/include/geometry_msgs/TwistWithCovariance.h
-- Up-to-date: /opt/ros/jade/include/geometry_msgs/TwistWithCovarianceStamped.h
-- Up-to-date: /opt/ros/jade/include/geometry_msgs/Vector3.h
-- Up-to-date: /opt/ros/jade/include/geometry_msgs/Vector3Stamped.h
-- Up-to-date: /opt/ros/jade/include/geometry_msgs/Wrench.h
-- Up-to-date: /opt/ros/jade/include/geometry_msgs/WrenchStamped.h
-- Up-to-date: /opt/ros/jade/share/roseus/ros/geometry_msgs
-- Up-to-date: /opt/ros/jade/share/roseus/ros/geometry_msgs/manifest.l
-- Up-to-date: /opt/ros/jade/share/roseus/ros/geometry_msgs/msg
-- Up-to-date: /opt/ros/jade/share/roseus/ros/geometry_msgs/msg/Accel.l
-- Up-to-date: /opt/ros/jade/share/roseus/ros/geometry_msgs/msg/AccelStamped.l
-- Up-to-date: /opt/ros/jade/share/roseus/ros/geometry_msgs/msg/AccelWithCovariance.l
-- Up-to-date: /opt/ros/jade/share/roseus/ros/geometry_msgs/msg/AccelWithCovarianceStamped.l
-- Up-to-date: /opt/ros/jade/share/roseus/ros/geometry_msgs/msg/Inertia.l
-- Up-to-date: /opt/ros/jade/share/roseus/ros/geometry_msgs/msg/InertiaStamped.l
-- Up-to-date: /opt/ros/jade/share/roseus/ros/geometry_msgs/msg/Point.l
-- Up-to-date: /opt/ros/jade/share/roseus/ros/geometry_msgs/msg/Point32.l
-- Up-to-date: /opt/ros/jade/share/roseus/ros/geometry_msgs/msg/PointStamped.l
-- Up-to-date: /opt/ros/jade/share/roseus/ros/geometry_msgs/msg/Polygon.l
-- Up-to-date: /opt/ros/jade/share/roseus/ros/geometry_msgs/msg/PolygonStamped.l
-- Up-to-date: /opt/ros/jade/share/roseus/ros/geometry_msgs/msg/Pose.l
-- Up-to-date: /opt/ros/jade/share/roseus/ros/geometry_msgs/msg/Pose2D.l
-- Up-to-date: /opt/ros/jade/share/roseus/ros/geometry_msgs/msg/PoseArray.l
-- Up-to-date: /opt/ros/jade/share/roseus/ros/geometry_msgs/msg/PoseStamped.l
-- Up-to-date: /opt/ros/jade/share/roseus/ros/geometry_msgs/msg/PoseWithCovariance.l
-- Up-to-date: /opt/ros/jade/share/roseus/ros/geometry_msgs/msg/PoseWithCovarianceStamped.l
-- Up-to-date: /opt/ros/jade/share/roseus/ros/geometry_msgs/msg/Quaternion.l
-- Up-to-date: /opt/ros/jade/share/roseus/ros/geometry_msgs/msg/QuaternionStamped.l
-- Up-to-date: /opt/ros/jade/share/roseus/ros/geometry_msgs/msg/Transform.l
-- Up-to-date: /opt/ros/jade/share/roseus/ros/geometry_msgs/msg/TransformStamped.l
-- Up-to-date: /opt/ros/jade/share/roseus/ros/geometry_msgs/msg/Twist.l
-- Up-to-date: /opt/ros/jade/share/roseus/ros/geometry_msgs/msg/TwistStamped.l
-- Up-to-date: /opt/ros/jade/share/roseus/ros/geometry_msgs/msg/TwistWithCovariance.l
-- Up-to-date: /opt/ros/jade/share/roseus/ros/geometry_msgs/msg/TwistWithCovarianceStamped.l
-- Up-to-date: /opt/ros/jade/share/roseus/ros/geometry_msgs/msg/Vector3.l
-- Up-to-date: /opt/ros/jade/share/roseus/ros/geometry_msgs/msg/Vector3Stamped.l
-- Up-to-date: /opt/ros/jade/share/roseus/ros/geometry_msgs/msg/Wrench.l
-- Up-to-date: /opt/ros/jade/share/roseus/ros/geometry_msgs/msg/WrenchStamped.l
-- Up-to-date: /opt/ros/jade/share/common-lisp/ros/geometry_msgs
-- Up-to-date: /opt/ros/jade/share/common-lisp/ros/geometry_msgs/msg
-- Up-to-date: /opt/ros/jade/share/common-lisp/ros/geometry_msgs/msg/_package.lisp
-- Up-to-date: /opt/ros/jade/share/common-lisp/ros/geometry_msgs/msg/_package_Accel.lisp
-- Up-to-date: /opt/ros/jade/share/common-lisp/ros/geometry_msgs/msg/_package_AccelStamped.lisp
-- Up-to-date: /opt/ros/jade/share/common-lisp/ros/geometry_msgs/msg/_package_AccelWithCovariance.lisp
-- Up-to-date: /opt/ros/jade/share/common-lisp/ros/geometry_msgs/msg/_package_AccelWithCovarianceStamped.lisp
-- Up-to-date: /opt/ros/jade/share/common-lisp/ros/geometry_msgs/msg/_package_Inertia.lisp
-- Up-to-date: /opt/ros/jade/share/common-lisp/ros/geometry_msgs/msg/_package_InertiaStamped.lisp
-- Up-to-date: /opt/ros/jade/share/common-lisp/ros/geometry_msgs/msg/_package_Point.lisp
-- Up-to-date: /opt/ros/jade/share/common-lisp/ros/geometry_msgs/msg/_package_Point32.lisp
-- Up-to-date: /opt/ros/jade/share/common-lisp/ros/geometry_msgs/msg/_package_PointStamped.lisp
-- Up-to-date: /opt/ros/jade/share/common-lisp/ros/geometry_msgs/msg/_package_Polygon.lisp
-- Up-to-date: /opt/ros/jade/share/common-lisp/ros/geometry_msgs/msg/_package_PolygonStamped.lisp
-- Up-to-date: /opt/ros/jade/share/common-lisp/ros/geometry_msgs/msg/_package_Pose.lisp
-- Up-to-date: /opt/ros/jade/share/common-lisp/ros/geometry_msgs/msg/_package_Pose2D.lisp
-- Up-to-date: /opt/ros/jade/share/common-lisp/ros/geometry_msgs/msg/_package_PoseArray.lisp
-- Up-to-date: /opt/ros/jade/share/common-lisp/ros/geometry_msgs/msg/_package_PoseStamped.lisp
-- Up-to-date: /opt/ros/jade/share/common-lisp/ros/geometry_msgs/msg/_package_PoseWithCovariance.lisp
-- Up-to-date: /opt/ros/jade/share/common-lisp/ros/geometry_msgs/msg/_package_PoseWithCovarianceStamped.lisp
-- Up-to-date: /opt/ros/jade/share/common-lisp/ros/geometry_msgs/msg/_package_Quaternion.lisp
-- Up-to-date: /opt/ros/jade/share/common-lisp/ros/geometry_msgs/msg/_package_QuaternionStamped.lisp
-- Up-to-date: /opt/ros/jade/share/common-lisp/ros/geometry_msgs/msg/_package_Transform.lisp
-- Up-to-date: /opt/ros/jade/share/common-lisp/ros/geometry_msgs/msg/_package_TransformStamped.lisp
-- Up-to-date: /opt/ros/jade/share/common-lisp/ros/geometry_msgs/msg/_package_Twist.lisp
-- Up-to-date: /opt/ros/jade/share/common-lisp/ros/geometry_msgs/msg/_package_TwistStamped.lisp
-- Up-to-date: /opt/ros/jade/share/common-lisp/ros/geometry_msgs/msg/_package_TwistWithCovariance.lisp
-- Up-to-date: /opt/ros/jade/share/common-lisp/ros/geometry_msgs/msg/_package_TwistWithCovarianceStamped.lisp
-- Up-to-date: /opt/ros/jade/share/common-lisp/ros/geometry_msgs/msg/_package_Vector3.lisp
-- Up-to-date: /opt/ros/jade/share/common-lisp/ros/geometry_msgs/msg/_package_Vector3Stamped.lisp
-- Up-to-date: /opt/ros/jade/share/common-lisp/ros/geometry_msgs/msg/_package_Wrench.lisp
-- Up-to-date: /opt/ros/jade/share/common-lisp/ros/geometry_msgs/msg/_package_WrenchStamped.lisp
-- Up-to-date: /opt/ros/jade/share/common-lisp/ros/geometry_msgs/msg/Accel.lisp
-- Up-to-date: /opt/ros/jade/share/common-lisp/ros/geometry_msgs/msg/AccelStamped.lisp
-- Up-to-date: /opt/ros/jade/share/common-lisp/ros/geometry_msgs/msg/AccelWithCovariance.lisp
-- Up-to-date: /opt/ros/jade/share/common-lisp/ros/geometry_msgs/msg/AccelWithCovarianceStamped.lisp
-- Up-to-date: /opt/ros/jade/share/common-lisp/ros/geometry_msgs/msg/geometry_msgs-msg.asd
-- Up-to-date: /opt/ros/jade/share/common-lisp/ros/geometry_msgs/msg/Inertia.lisp
-- Up-to-date: /opt/ros/jade/share/common-lisp/ros/geometry_msgs/msg/InertiaStamped.lisp
-- Up-to-date: /opt/ros/jade/share/common-lisp/ros/geometry_msgs/msg/Point.lisp
-- Up-to-date: /opt/ros/jade/share/common-lisp/ros/geometry_msgs/msg/Point32.lisp
-- Up-to-date: /opt/ros/jade/share/common-lisp/ros/geometry_msgs/msg/PointStamped.lisp
-- Up-to-date: /opt/ros/jade/share/common-lisp/ros/geometry_msgs/msg/Polygon.lisp
-- Up-to-date: /opt/ros/jade/share/common-lisp/ros/geometry_msgs/msg/PolygonStamped.lisp
-- Up-to-date: /opt/ros/jade/share/common-lisp/ros/geometry_msgs/msg/Pose.lisp
-- Up-to-date: /opt/ros/jade/share/common-lisp/ros/geometry_msgs/msg/Pose2D.lisp
-- Up-to-date: /opt/ros/jade/share/common-lisp/ros/geometry_msgs/msg/PoseArray.lisp
-- Up-to-date: /opt/ros/jade/share/common-lisp/ros/geometry_msgs/msg/PoseStamped.lisp
-- Up-to-date: /opt/ros/jade/share/common-lisp/ros/geometry_msgs/msg/PoseWithCovariance.lisp
-- Up-to-date: /opt/ros/jade/share/common-lisp/ros/geometry_msgs/msg/PoseWithCovarianceStamped.lisp
-- Up-to-date: /opt/ros/jade/share/common-lisp/ros/geometry_msgs/msg/Quaternion.lisp
-- Up-to-date: /opt/ros/jade/share/common-lisp/ros/geometry_msgs/msg/QuaternionStamped.lisp
-- Up-to-date: /opt/ros/jade/share/common-lisp/ros/geometry_msgs/msg/Transform.lisp
-- Up-to-date: /opt/ros/jade/share/common-lisp/ros/geometry_msgs/msg/TransformStamped.lisp
-- Up-to-date: /opt/ros/jade/share/common-lisp/ros/geometry_msgs/msg/Twist.lisp
-- Up-to-date: /opt/ros/jade/share/common-lisp/ros/geometry_msgs/msg/TwistStamped.lisp
-- Up-to-date: /opt/ros/jade/share/common-lisp/ros/geometry_msgs/msg/TwistWithCovariance.lisp
-- Up-to-date: /opt/ros/jade/share/common-lisp/ros/geometry_msgs/msg/TwistWithCovarianceStamped.lisp
-- Up-to-date: /opt/ros/jade/share/common-lisp/ros/geometry_msgs/msg/Vector3.lisp
-- Up-to-date: /opt/ros/jade/share/common-lisp/ros/geometry_msgs/msg/Vector3Stamped.lisp
-- Up-to-date: /opt/ros/jade/share/common-lisp/ros/geometry_msgs/msg/Wrench.lisp
-- Up-to-date: /opt/ros/jade/share/common-lisp/ros/geometry_msgs/msg/WrenchStamped.lisp
Listing /Users/adityabhat/Downloads/devel/lib/python2.7/site-packages/geometry_msgs ...
Listing /Users/adityabhat/Downloads/devel/lib/python2.7/site-packages/geometry_msgs/msg ...
-- Up-to-date: /opt/ros/jade/lib/python2.7/site-packages/geometry_msgs
-- Up-to-date: /opt/ros/jade/lib/python2.7/site-packages/geometry_msgs/__init__.py
-- Up-to-date: /opt/ros/jade/lib/python2.7/site-packages/geometry_msgs/__init__.pyc
-- Up-to-date: /opt/ros/jade/lib/python2.7/site-packages/geometry_msgs/msg
-- Up-to-date: /opt/ros/jade/lib/python2.7/site-packages/geometry_msgs/msg/__init__.py
-- Up-to-date: /opt/ros/jade/lib/python2.7/site-packages/geometry_msgs/msg/__init__.pyc
-- Up-to-date: /opt/ros/jade/lib/python2.7/site-packages/geometry_msgs/msg/_Accel.py
-- Up-to-date: /opt/ros/jade/lib/python2.7/site-packages/geometry_msgs/msg/_Accel.pyc
-- Up-to-date: /opt/ros/jade/lib/python2.7/site-packages/geometry_msgs/msg/_AccelStamped.py
-- Up-to-date: /opt/ros/jade/lib/python2.7/site-packages/geometry_msgs/msg/_AccelStamped.pyc
-- Up-to-date: /opt/ros/jade/lib/python2.7/site-packages/geometry_msgs/msg/_AccelWithCovariance.py
-- Up-to-date: /opt/ros/jade/lib/python2.7/site-packages/geometry_msgs/msg/_AccelWithCovariance.pyc
-- Up-to-date: /opt/ros/jade/lib/python2.7/site-packages/geometry_msgs/msg/_AccelWithCovarianceStamped.py
-- Up-to-date: /opt/ros/jade/lib/python2.7/site-packages/geometry_msgs/msg/_AccelWithCovarianceStamped.pyc
-- Up-to-date: /opt/ros/jade/lib/python2.7/site-packages/geometry_msgs/msg/_Inertia.py
-- Up-to-date: /opt/ros/jade/lib/python2.7/site-packages/geometry_msgs/msg/_Inertia.pyc
-- Up-to-date: /opt/ros/jade/lib/python2.7/site-packages/geometry_msgs/msg/_InertiaStamped.py
-- Up-to-date: /opt/ros/jade/lib/python2.7/site-packages/geometry_msgs/msg/_InertiaStamped.pyc
-- Up-to-date: /opt/ros/jade/lib/python2.7/site-packages/geometry_msgs/msg/_Point.py
-- Up-to-date: /opt/ros/jade/lib/python2.7/site-packages/geometry_msgs/msg/_Point.pyc
-- Up-to-date: /opt/ros/jade/lib/python2.7/site-packages/geometry_msgs/msg/_Point32.py
-- Up-to-date: /opt/ros/jade/lib/python2.7/site-packages/geometry_msgs/msg/_Point32.pyc
-- Up-to-date: /opt/ros/jade/lib/python2.7/site-packages/geometry_msgs/msg/_PointStamped.py
-- Up-to-date: /opt/ros/jade/lib/python2.7/site-packages/geometry_msgs/msg/_PointStamped.pyc
-- Up-to-date: /opt/ros/jade/lib/python2.7/site-packages/geometry_msgs/msg/_Polygon.py
-- Up-to-date: /opt/ros/jade/lib/python2.7/site-packages/geometry_msgs/msg/_Polygon.pyc
-- Up-to-date: /opt/ros/jade/lib/python2.7/site-packages/geometry_msgs/msg/_PolygonStamped.py
-- Up-to-date: /opt/ros/jade/lib/python2.7/site-packages/geometry_msgs/msg/_PolygonStamped.pyc
-- Up-to-date: /opt/ros/jade/lib/python2.7/site-packages/geometry_msgs/msg/_Pose.py
-- Up-to-date: /opt/ros/jade/lib/python2.7/site-packages/geometry_msgs/msg/_Pose.pyc
-- Up-to-date: /opt/ros/jade/lib/python2.7/site-packages/geometry_msgs/msg/_Pose2D.py
-- Up-to-date: /opt/ros/jade/lib/python2.7/site-packages/geometry_msgs/msg/_Pose2D.pyc
-- Up-to-date: /opt/ros/jade/lib/python2.7/site-packages/geometry_msgs/msg/_PoseArray.py
-- Up-to-date: /opt/ros/jade/lib/python2.7/site-packages/geometry_msgs/msg/_PoseArray.pyc
-- Up-to-date: /opt/ros/jade/lib/python2.7/site-packages/geometry_msgs/msg/_PoseStamped.py
-- Up-to-date: /opt/ros/jade/lib/python2.7/site-packages/geometry_msgs/msg/_PoseStamped.pyc
-- Up-to-date: /opt/ros/jade/lib/python2.7/site-packages/geometry_msgs/msg/_PoseWithCovariance.py
-- Up-to-date: /opt/ros/jade/lib/python2.7/site-packages/geometry_msgs/msg/_PoseWithCovariance.pyc
-- Up-to-date: /opt/ros/jade/lib/python2.7/site-packages/geometry_msgs/msg/_PoseWithCovarianceStamped.py
-- Up-to-date: /opt/ros/jade/lib/python2.7/site-packages/geometry_msgs/msg/_PoseWithCovarianceStamped.pyc
-- Up-to-date: /opt/ros/jade/lib/python2.7/site-packages/geometry_msgs/msg/_Quaternion.py
-- Up-to-date: /opt/ros/jade/lib/python2.7/site-packages/geometry_msgs/msg/_Quaternion.pyc
-- Up-to-date: /opt/ros/jade/lib/python2.7/site-packages/geometry_msgs/msg/_QuaternionStamped.py
-- Up-to-date: /opt/ros/jade/lib/python2.7/site-packages/geometry_msgs/msg/_QuaternionStamped.pyc
-- Up-to-date: /opt/ros/jade/lib/python2.7/site-packages/geometry_msgs/msg/_Transform.py
-- Up-to-date: /opt/ros/jade/lib/python2.7/site-packages/geometry_msgs/msg/_Transform.pyc
-- Up-to-date: /opt/ros/jade/lib/python2.7/site-packages/geometry_msgs/msg/_TransformStamped.py
-- Up-to-date: /opt/ros/jade/lib/python2.7/site-packages/geometry_msgs/msg/_TransformStamped.pyc
-- Up-to-date: /opt/ros/jade/lib/python2.7/site-packages/geometry_msgs/msg/_Twist.py
-- Up-to-date: /opt/ros/jade/lib/python2.7/site-packages/geometry_msgs/msg/_Twist.pyc
-- Up-to-date: /opt/ros/jade/lib/python2.7/site-packages/geometry_msgs/msg/_TwistStamped.py
-- Up-to-date: /opt/ros/jade/lib/python2.7/site-packages/geometry_msgs/msg/_TwistStamped.pyc
-- Up-to-date: /opt/ros/jade/lib/python2.7/site-packages/geometry_msgs/msg/_TwistWithCovariance.py
-- Up-to-date: /opt/ros/jade/lib/python2.7/site-packages/geometry_msgs/msg/_TwistWithCovariance.pyc
-- Up-to-date: /opt/ros/jade/lib/python2.7/site-packages/geometry_msgs/msg/_TwistWithCovarianceStamped.py
-- Up-to-date: /opt/ros/jade/lib/python2.7/site-packages/geometry_msgs/msg/_TwistWithCovarianceStamped.pyc
-- Up-to-date: /opt/ros/jade/lib/python2.7/site-packages/geometry_msgs/msg/_Vector3.py
-- Up-to-date: /opt/ros/jade/lib/python2.7/site-packages/geometry_msgs/msg/_Vector3.pyc
-- Up-to-date: /opt/ros/jade/lib/python2.7/site-packages/geometry_msgs/msg/_Vector3Stamped.py
-- Up-to-date: /opt/ros/jade/lib/python2.7/site-packages/geometry_msgs/msg/_Vector3Stamped.pyc
-- Up-to-date: /opt/ros/jade/lib/python2.7/site-packages/geometry_msgs/msg/_Wrench.py
-- Up-to-date: /opt/ros/jade/lib/python2.7/site-packages/geometry_msgs/msg/_Wrench.pyc
-- Up-to-date: /opt/ros/jade/lib/python2.7/site-packages/geometry_msgs/msg/_WrenchStamped.py
-- Up-to-date: /opt/ros/jade/lib/python2.7/site-packages/geometry_msgs/msg/_WrenchStamped.pyc
-- Installing: /opt/ros/jade/lib/pkgconfig/geometry_msgs.pc
-- Up-to-date: /opt/ros/jade/share/geometry_msgs/cmake/geometry_msgs-msg-extras.cmake
-- Up-to-date: /opt/ros/jade/share/geometry_msgs/cmake/geometry_msgsConfig.cmake
-- Up-to-date: /opt/ros/jade/share/geometry_msgs/cmake/geometry_msgsConfig-version.cmake
-- Up-to-date: /opt/ros/jade/share/geometry_msgs/package.xml
[[36mgeometry_msgs[0m] [32m<==[0m '[1m/Users/adityabhat/Downloads/build/geometry_msgs/build_env.sh /usr/bin/make install[0m' finished with return code '[1m0[0m'[0m
