[[36mimage_rotate[0m] [1m[34m==>[0m '[1m/Users/adityabhat/Downloads/build/image_rotate/build_env.sh /usr/bin/make cmake_check_build_system[0m' [30m[1min[0m '[1m/Users/adityabhat/Downloads/build/image_rotate[0m'[0m
-- Using CATKIN_DEVEL_PREFIX: /Users/adityabhat/Downloads/devel
-- Using CMAKE_PREFIX_PATH: /opt/ros/jade
-- This workspace overlays: /opt/ros/jade
-- Using PYTHON_EXECUTABLE: /usr/bin/python
-- Using default Python package layout
-- Using empy: /usr/local/lib/python2.7/site-packages/em.pyc
-- Using CATKIN_ENABLE_TESTING: ON
-- Call enable_testing()
-- Using CATKIN_TEST_RESULTS_DIR: /Users/adityabhat/Downloads/build/image_rotate/test_results
-- Found gtest: gtests will be built
CMake Warning at /opt/ros/jade/share/catkin/cmake/test/nosetests.cmake:98 (message):
  nosetests not found, Python tests can not be run (try installing package
  'python-nose')
Call Stack (most recent call first):
  /opt/ros/jade/share/catkin/cmake/all.cmake:147 (include)
  /opt/ros/jade/share/catkin/cmake/catkinConfig.cmake:20 (include)
  CMakeLists.txt:4 (find_package)


-- catkin 0.6.16
-- Using these message generators: gencpp;geneus;genlisp;genpy
CMake Warning at /Users/adityabhat/Downloads/src/cmake_modules/cmake/Modules/FindEigen.cmake:62 (message):
  The FindEigen.cmake Module in the cmake_modules package is deprecated.

  Please use the FindEigen3.cmake Module provided with Eigen.  Change
  instances of find_package(Eigen) to find_package(Eigen3).  Check the
  FindEigen3.cmake Module for the resulting CMake variable names.

Call Stack (most recent call first):
  CMakeLists.txt:12 (find_package)


-- Eigen found (include: /usr/local/Cellar/eigen/3.2.8/include/eigen3)
-- Configuring done
CMake Warning (dev):
  Policy CMP0042 is not set: MACOSX_RPATH is enabled by default.  Run "cmake
  --help-policy CMP0042" for policy details.  Use the cmake_policy command to
  set the policy and suppress this warning.

  MACOSX_RPATH is not specified for the following targets:

   image_rotate

This warning is for project developers.  Use -Wno-dev to suppress it.

-- Generating done
-- Build files have been written to: /Users/adityabhat/Downloads/build/image_rotate
[[36mimage_rotate[0m] [32m<==[0m '[1m/Users/adityabhat/Downloads/build/image_rotate/build_env.sh /usr/bin/make cmake_check_build_system[0m' finished with return code '[1m0[0m'[0m
[[36mimage_rotate[0m] [1m[34m==>[0m '[1m/Users/adityabhat/Downloads/build/image_rotate/build_env.sh /usr/bin/make --jobserver-fds=3,4 -j[0m' [30m[1min[0m '[1m/Users/adityabhat/Downloads/build/image_rotate[0m'[0m
[ 20%] Built target image_rotate_gencfg
[ 40%] [32m[1mLinking CXX executable /Users/adityabhat/Downloads/devel/lib/image_rotate/image_rotate[0m
[ 60%] Built target image_rotate_exe
[ 80%] [32m[1mLinking CXX shared library /Users/adityabhat/Downloads/devel/lib/libimage_rotate.dylib[0m
[100%] Built target image_rotate
[[36mimage_rotate[0m] [32m<==[0m '[1m/Users/adityabhat/Downloads/build/image_rotate/build_env.sh /usr/bin/make --jobserver-fds=3,4 -j[0m' finished with return code '[1m0[0m'[0m
[[36mimage_rotate[0m] [1m[34m==>[0m '[1m/Users/adityabhat/Downloads/build/image_rotate/build_env.sh /usr/bin/make install[0m' [30m[1min[0m '[1m/Users/adityabhat/Downloads/build/image_rotate[0m'[0m
[ 20%] Built target image_rotate_gencfg
[ 60%] Built target image_rotate
[100%] Built target image_rotate_exe
[36mInstall the project...[0m
-- Install configuration: "Release"
-- Installing: /opt/ros/jade/_setup_util.py
-- Installing: /opt/ros/jade/env.sh
-- Installing: /opt/ros/jade/setup.bash
-- Installing: /opt/ros/jade/setup.sh
-- Installing: /opt/ros/jade/setup.zsh
-- Installing: /opt/ros/jade/.rosinstall
-- Up-to-date: /opt/ros/jade/include/image_rotate/ImageRotateConfig.h
-- Up-to-date: /opt/ros/jade/lib/python2.7/site-packages/image_rotate/__init__.py
Listing /Users/adityabhat/Downloads/devel/lib/python2.7/site-packages/image_rotate/cfg ...
-- Up-to-date: /opt/ros/jade/lib/python2.7/site-packages/image_rotate/cfg
-- Up-to-date: /opt/ros/jade/lib/python2.7/site-packages/image_rotate/cfg/__init__.py
-- Up-to-date: /opt/ros/jade/lib/python2.7/site-packages/image_rotate/cfg/__init__.pyc
-- Up-to-date: /opt/ros/jade/lib/python2.7/site-packages/image_rotate/cfg/ImageRotateConfig.py
-- Up-to-date: /opt/ros/jade/lib/python2.7/site-packages/image_rotate/cfg/ImageRotateConfig.pyc
-- Installing: /opt/ros/jade/lib/pkgconfig/image_rotate.pc
-- Up-to-date: /opt/ros/jade/share/image_rotate/cmake/image_rotateConfig.cmake
-- Up-to-date: /opt/ros/jade/share/image_rotate/cmake/image_rotateConfig-version.cmake
-- Up-to-date: /opt/ros/jade/share/image_rotate/package.xml
-- Installing: /opt/ros/jade/lib/libimage_rotate.dylib
-- Installing: /opt/ros/jade/lib/image_rotate/image_rotate
-- Up-to-date: /opt/ros/jade/share/image_rotate/nodelet_plugins.xml
[[36mimage_rotate[0m] [32m<==[0m '[1m/Users/adityabhat/Downloads/build/image_rotate/build_env.sh /usr/bin/make install[0m' finished with return code '[1m0[0m'[0m
