[[36mimage_transport[0m] [1m[34m==>[0m '[1m/Users/adityabhat/Downloads/build/image_transport/build_env.sh /usr/bin/make cmake_check_build_system[0m' [30m[1min[0m '[1m/Users/adityabhat/Downloads/build/image_transport[0m'[0m
[[36mimage_transport[0m] [32m<==[0m '[1m/Users/adityabhat/Downloads/build/image_transport/build_env.sh /usr/bin/make cmake_check_build_system[0m' finished with return code '[1m0[0m'[0m
[[36mimage_transport[0m] [1m[34m==>[0m '[1m/Users/adityabhat/Downloads/build/image_transport/build_env.sh /usr/bin/make --jobserver-fds=3,4 -j[0m' [30m[1min[0m '[1m/Users/adityabhat/Downloads/build/image_transport[0m'[0m
[  0%] Built target geometry_msgs_generate_messages_py
[  0%] Built target roscpp_generate_messages_lisp
[  0%] Built target geometry_msgs_generate_messages_lisp
[  0%] Built target geometry_msgs_generate_messages_eus
[  0%] Built target geometry_msgs_generate_messages_cpp
[  0%] Built target sensor_msgs_generate_messages_cpp
[  0%] Built target rosgraph_msgs_generate_messages_cpp
[  0%] Built target std_msgs_generate_messages_py
[  0%] Built target std_msgs_generate_messages_eus
[  0%] Built target sensor_msgs_generate_messages_py
[  0%] Built target rosgraph_msgs_generate_messages_py
[  0%] Built target std_msgs_generate_messages_lisp
[  0%] Built target std_msgs_generate_messages_cpp
[  0%] Built target rosgraph_msgs_generate_messages_lisp
[  0%] Built target rosgraph_msgs_generate_messages_eus
[  0%] Built target roscpp_generate_messages_eus
[  0%] Built target roscpp_generate_messages_py
[  0%] Built target roscpp_generate_messages_cpp
[  0%] Built target sensor_msgs_generate_messages_lisp
[  0%] Built target sensor_msgs_generate_messages_eus
[ 53%] Built target image_transport
[ 66%] Built target republish
[ 80%] Built target list_transports
[100%] Built target image_transport_plugins
[[36mimage_transport[0m] [32m<==[0m '[1m/Users/adityabhat/Downloads/build/image_transport/build_env.sh /usr/bin/make --jobserver-fds=3,4 -j[0m' finished with return code '[1m0[0m'[0m
[[36mimage_transport[0m] [1m[34m==>[0m '[1m/Users/adityabhat/Downloads/build/image_transport/build_env.sh /usr/bin/make install[0m' [30m[1min[0m '[1m/Users/adityabhat/Downloads/build/image_transport[0m'[0m
[  0%] Built target geometry_msgs_generate_messages_py
[  0%] Built target geometry_msgs_generate_messages_lisp
[  0%] Built target geometry_msgs_generate_messages_eus
[  0%] Built target roscpp_generate_messages_lisp
[  0%] Built target geometry_msgs_generate_messages_cpp
[  0%] Built target rosgraph_msgs_generate_messages_cpp
[  0%] Built target sensor_msgs_generate_messages_cpp
[  0%] Built target std_msgs_generate_messages_py
[  0%] Built target std_msgs_generate_messages_eus
[  0%] Built target sensor_msgs_generate_messages_py
[  0%] Built target rosgraph_msgs_generate_messages_py
[  0%] Built target std_msgs_generate_messages_lisp
[  0%] Built target std_msgs_generate_messages_cpp
[  0%] Built target rosgraph_msgs_generate_messages_lisp
[  0%] Built target rosgraph_msgs_generate_messages_eus
[  0%] Built target roscpp_generate_messages_eus
[  0%] Built target roscpp_generate_messages_cpp
[  0%] Built target roscpp_generate_messages_py
[  0%] Built target sensor_msgs_generate_messages_lisp
[  0%] Built target sensor_msgs_generate_messages_eus
[ 53%] Built target image_transport
[ 66%] Built target list_transports
[ 80%] Built target republish
[100%] Built target image_transport_plugins
[36mInstall the project...[0m
-- Install configuration: "Release"
-- Installing: /opt/ros/jade/_setup_util.py
-- Installing: /opt/ros/jade/env.sh
-- Installing: /opt/ros/jade/setup.bash
-- Installing: /opt/ros/jade/setup.sh
-- Installing: /opt/ros/jade/setup.zsh
-- Installing: /opt/ros/jade/.rosinstall
-- Up-to-date: /opt/ros/jade/lib/pkgconfig/image_transport.pc
-- Up-to-date: /opt/ros/jade/share/image_transport/cmake/image_transportConfig.cmake
-- Up-to-date: /opt/ros/jade/share/image_transport/cmake/image_transportConfig-version.cmake
-- Up-to-date: /opt/ros/jade/share/image_transport/package.xml
-- Installing: /opt/ros/jade/lib/libimage_transport.dylib
-- Installing: /opt/ros/jade/lib/libimage_transport_plugins.dylib
-- Up-to-date: /opt/ros/jade/include/image_transport
-- Up-to-date: /opt/ros/jade/include/image_transport/camera_common.h
-- Up-to-date: /opt/ros/jade/include/image_transport/camera_publisher.h
-- Up-to-date: /opt/ros/jade/include/image_transport/camera_subscriber.h
-- Up-to-date: /opt/ros/jade/include/image_transport/exception.h
-- Up-to-date: /opt/ros/jade/include/image_transport/image_transport.h
-- Up-to-date: /opt/ros/jade/include/image_transport/loader_fwds.h
-- Up-to-date: /opt/ros/jade/include/image_transport/publisher.h
-- Up-to-date: /opt/ros/jade/include/image_transport/publisher_plugin.h
-- Up-to-date: /opt/ros/jade/include/image_transport/raw_publisher.h
-- Up-to-date: /opt/ros/jade/include/image_transport/raw_subscriber.h
-- Up-to-date: /opt/ros/jade/include/image_transport/simple_publisher_plugin.h
-- Up-to-date: /opt/ros/jade/include/image_transport/simple_subscriber_plugin.h
-- Up-to-date: /opt/ros/jade/include/image_transport/single_subscriber_publisher.h
-- Up-to-date: /opt/ros/jade/include/image_transport/subscriber.h
-- Up-to-date: /opt/ros/jade/include/image_transport/subscriber_filter.h
-- Up-to-date: /opt/ros/jade/include/image_transport/subscriber_plugin.h
-- Up-to-date: /opt/ros/jade/include/image_transport/transport_hints.h
-- Installing: /opt/ros/jade/lib/image_transport/list_transports
-- Installing: /opt/ros/jade/lib/image_transport/republish
-- Up-to-date: /opt/ros/jade/share/image_transport/default_plugins.xml
[[36mimage_transport[0m] [32m<==[0m '[1m/Users/adityabhat/Downloads/build/image_transport/build_env.sh /usr/bin/make install[0m' finished with return code '[1m0[0m'[0m
