[[36mimage_proc[0m] [1m[34m==>[0m '[1m/Users/adityabhat/Downloads/build/image_proc/build_env.sh /usr/bin/make cmake_check_build_system[0m' [30m[1min[0m '[1m/Users/adityabhat/Downloads/build/image_proc[0m'[0m
-- Using CATKIN_DEVEL_PREFIX: /Users/adityabhat/Downloads/devel
-- Using CMAKE_PREFIX_PATH: /opt/ros/jade
-- This workspace overlays: /opt/ros/jade
-- Using PYTHON_EXECUTABLE: /usr/bin/python
-- Using default Python package layout
-- Using empy: /usr/local/lib/python2.7/site-packages/em.pyc
-- Using CATKIN_ENABLE_TESTING: ON
-- Call enable_testing()
-- Using CATKIN_TEST_RESULTS_DIR: /Users/adityabhat/Downloads/build/image_proc/test_results
-- Found gtest: gtests will be built
CMake Warning at /opt/ros/jade/share/catkin/cmake/test/nosetests.cmake:98 (message):
  nosetests not found, Python tests can not be run (try installing package
  'python-nose')
Call Stack (most recent call first):
  /opt/ros/jade/share/catkin/cmake/all.cmake:147 (include)
  /opt/ros/jade/share/catkin/cmake/catkinConfig.cmake:20 (include)
  CMakeLists.txt:4 (find_package)

-- catkin 0.6.16
-- Boost version: 1.60.0
-- Found the following Boost libraries:
--   thread
--   chrono
--   system
--   date_time
--   atomic
-- Configuring done
CMake Warning (dev):
  Policy CMP0042 is not set: MACOSX_RPATH is enabled by default.  Run "cmake
  --help-policy CMP0042" for policy details.  Use the cmake_policy command to
  set the policy and suppress this warning.

  MACOSX_RPATH is not specified for the following targets:

   image_proc

This warning is for project developers.  Use -Wno-dev to suppress it.

-- Generating done
-- Build files have been written to: /Users/adityabhat/Downloads/build/image_proc
[[36mimage_proc[0m] [32m<==[0m '[1m/Users/adityabhat/Downloads/build/image_proc/build_env.sh /usr/bin/make cmake_check_build_system[0m' finished with return code '[1m0[0m'[0m
[[36mimage_proc[0m] [1m[34m==>[0m '[1m/Users/adityabhat/Downloads/build/image_proc/build_env.sh /usr/bin/make --jobserver-fds=3,4 -j[0m' [30m[1min[0m '[1m/Users/adityabhat/Downloads/build/image_proc[0m'[0m
[ 25%] Built target image_proc_gencfg
[ 83%] Built target image_proc
[100%] Built target image_proc_exe
[[36mimage_proc[0m] [32m<==[0m '[1m/Users/adityabhat/Downloads/build/image_proc/build_env.sh /usr/bin/make --jobserver-fds=3,4 -j[0m' finished with return code '[1m0[0m'[0m
[[36mimage_proc[0m] [1m[34m==>[0m '[1m/Users/adityabhat/Downloads/build/image_proc/build_env.sh /usr/bin/make install[0m' [30m[1min[0m '[1m/Users/adityabhat/Downloads/build/image_proc[0m'[0m
[ 25%] Built target image_proc_gencfg
[ 83%] Built target image_proc
[100%] Built target image_proc_exe
[36mInstall the project...[0m
-- Install configuration: "Release"
-- Installing: /opt/ros/jade/_setup_util.py
-- Installing: /opt/ros/jade/env.sh
-- Installing: /opt/ros/jade/setup.bash
-- Installing: /opt/ros/jade/setup.sh
-- Installing: /opt/ros/jade/setup.zsh
-- Installing: /opt/ros/jade/.rosinstall
-- Up-to-date: /opt/ros/jade/include/image_proc/CropDecimateConfig.h
-- Up-to-date: /opt/ros/jade/include/image_proc/DebayerConfig.h
-- Up-to-date: /opt/ros/jade/include/image_proc/RectifyConfig.h
-- Up-to-date: /opt/ros/jade/lib/python2.7/site-packages/image_proc/__init__.py
Listing /Users/adityabhat/Downloads/devel/lib/python2.7/site-packages/image_proc/cfg ...
-- Up-to-date: /opt/ros/jade/lib/python2.7/site-packages/image_proc/cfg
-- Up-to-date: /opt/ros/jade/lib/python2.7/site-packages/image_proc/cfg/__init__.py
-- Up-to-date: /opt/ros/jade/lib/python2.7/site-packages/image_proc/cfg/__init__.pyc
-- Up-to-date: /opt/ros/jade/lib/python2.7/site-packages/image_proc/cfg/CropDecimateConfig.py
-- Up-to-date: /opt/ros/jade/lib/python2.7/site-packages/image_proc/cfg/CropDecimateConfig.pyc
-- Up-to-date: /opt/ros/jade/lib/python2.7/site-packages/image_proc/cfg/DebayerConfig.py
-- Up-to-date: /opt/ros/jade/lib/python2.7/site-packages/image_proc/cfg/DebayerConfig.pyc
-- Up-to-date: /opt/ros/jade/lib/python2.7/site-packages/image_proc/cfg/RectifyConfig.py
-- Up-to-date: /opt/ros/jade/lib/python2.7/site-packages/image_proc/cfg/RectifyConfig.pyc
-- Installing: /opt/ros/jade/lib/pkgconfig/image_proc.pc
-- Up-to-date: /opt/ros/jade/share/image_proc/cmake/image_procConfig.cmake
-- Up-to-date: /opt/ros/jade/share/image_proc/cmake/image_procConfig-version.cmake
-- Up-to-date: /opt/ros/jade/share/image_proc/package.xml
-- Installing: /opt/ros/jade/lib/libimage_proc.dylib
-- Up-to-date: /opt/ros/jade/include/image_proc
-- Up-to-date: /opt/ros/jade/include/image_proc/advertisement_checker.h
-- Up-to-date: /opt/ros/jade/include/image_proc/processor.h
-- Up-to-date: /opt/ros/jade/share/image_proc/nodelet_plugins.xml
-- Installing: /opt/ros/jade/lib/image_proc/image_proc
-- Up-to-date: /opt/ros/jade/share/image_proc//launch
-- Up-to-date: /opt/ros/jade/share/image_proc//launch/image_proc.launch
[[36mimage_proc[0m] [32m<==[0m '[1m/Users/adityabhat/Downloads/build/image_proc/build_env.sh /usr/bin/make install[0m' finished with return code '[1m0[0m'[0m
