[[36minteractive_markers[0m] [1m[34m==>[0m '[1m/Users/adityabhat/Downloads/build/interactive_markers/build_env.sh /usr/bin/make cmake_check_build_system[0m' [30m[1min[0m '[1m/Users/adityabhat/Downloads/build/interactive_markers[0m'[0m
-- Using CATKIN_DEVEL_PREFIX: /Users/adityabhat/Downloads/devel
-- Using CMAKE_PREFIX_PATH: /opt/ros/jade
-- This workspace overlays: /opt/ros/jade
-- Using PYTHON_EXECUTABLE: /usr/bin/python
-- Using default Python package layout
-- Using empy: /usr/local/lib/python2.7/site-packages/em.pyc
-- Using CATKIN_ENABLE_TESTING: ON
-- Call enable_testing()
-- Using CATKIN_TEST_RESULTS_DIR: /Users/adityabhat/Downloads/build/interactive_markers/test_results
-- Found gtest: gtests will be built
CMake Warning at /opt/ros/jade/share/catkin/cmake/test/nosetests.cmake:98 (message):
  nosetests not found, Python tests can not be run (try installing package
  'python-nose')
Call Stack (most recent call first):
  /opt/ros/jade/share/catkin/cmake/all.cmake:147 (include)
  /opt/ros/jade/share/catkin/cmake/catkinConfig.cmake:20 (include)
  CMakeLists.txt:3 (find_package)


-- catkin 0.6.16
-- Using these message generators: gencpp;geneus;genlisp;genpy
-- Configuring done
CMake Warning (dev):
  Policy CMP0042 is not set: MACOSX_RPATH is enabled by default.  Run "cmake
  --help-policy CMP0042" for policy details.  Use the cmake_policy command to
  set the policy and suppress this warning.

  MACOSX_RPATH is not specified for the following targets:

   interactive_markers

This warning is for project developers.  Use -Wno-dev to suppress it.

-- Generating done
-- Build files have been written to: /Users/adityabhat/Downloads/build/interactive_markers
[[36minteractive_markers[0m] [32m<==[0m '[1m/Users/adityabhat/Downloads/build/interactive_markers/build_env.sh /usr/bin/make cmake_check_build_system[0m' finished with return code '[1m0[0m'[0m
[[36minteractive_markers[0m] [1m[34m==>[0m '[1m/Users/adityabhat/Downloads/build/interactive_markers/build_env.sh /usr/bin/make --jobserver-fds=3,4 -j[0m' [30m[1min[0m '[1m/Users/adityabhat/Downloads/build/interactive_markers[0m'[0m
[100%] Built target interactive_markers
[[36minteractive_markers[0m] [32m<==[0m '[1m/Users/adityabhat/Downloads/build/interactive_markers/build_env.sh /usr/bin/make --jobserver-fds=3,4 -j[0m' finished with return code '[1m0[0m'[0m
[[36minteractive_markers[0m] [1m[34m==>[0m '[1m/Users/adityabhat/Downloads/build/interactive_markers/build_env.sh /usr/bin/make install[0m' [30m[1min[0m '[1m/Users/adityabhat/Downloads/build/interactive_markers[0m'[0m
[100%] Built target interactive_markers
[36mInstall the project...[0m
-- Install configuration: "Release"
-- Up-to-date: /opt/ros/jade/_setup_util.py
-- Installing: /opt/ros/jade/env.sh
-- Installing: /opt/ros/jade/setup.bash
-- Installing: /opt/ros/jade/setup.sh
-- Installing: /opt/ros/jade/setup.zsh
-- Installing: /opt/ros/jade/.rosinstall
-- Installing: /opt/ros/jade/lib/pkgconfig/interactive_markers.pc
-- Up-to-date: /opt/ros/jade/share/interactive_markers/cmake/interactive_markersConfig.cmake
-- Up-to-date: /opt/ros/jade/share/interactive_markers/cmake/interactive_markersConfig-version.cmake
-- Up-to-date: /opt/ros/jade/share/interactive_markers/package.xml
+ cd /Users/adityabhat/Downloads/src/interactive_markers
+ /usr/bin/env PYTHONPATH=/opt/ros/jade/lib/python2.7/site-packages:/Users/adityabhat/Downloads/build/interactive_markers/lib/python2.7/site-packages:/opt/ros/jade/lib/python2.7/site-packages CATKIN_BINARY_DIR=/Users/adityabhat/Downloads/build/interactive_markers /usr/bin/python /Users/adityabhat/Downloads/src/interactive_markers/setup.py build --build-base /Users/adityabhat/Downloads/build/interactive_markers install --prefix=/opt/ros/jade --install-scripts=/opt/ros/jade/bin
running build
running build_py
running install
running install_lib
running install_egg_info
Removing /opt/ros/jade/lib/python2.7/site-packages/interactive_markers-1.11.1-py2.7.egg-info
Writing /opt/ros/jade/lib/python2.7/site-packages/interactive_markers-1.11.1-py2.7.egg-info
-- Installing: /opt/ros/jade/lib/libinteractive_markers.dylib
-- Up-to-date: /opt/ros/jade/include/interactive_markers
-- Up-to-date: /opt/ros/jade/include/interactive_markers/detail
-- Up-to-date: /opt/ros/jade/include/interactive_markers/detail/message_context.h
-- Up-to-date: /opt/ros/jade/include/interactive_markers/detail/single_client.h
-- Up-to-date: /opt/ros/jade/include/interactive_markers/detail/state_machine.h
-- Up-to-date: /opt/ros/jade/include/interactive_markers/interactive_marker_client.h
-- Up-to-date: /opt/ros/jade/include/interactive_markers/interactive_marker_server.h
-- Up-to-date: /opt/ros/jade/include/interactive_markers/menu_handler.h
-- Up-to-date: /opt/ros/jade/include/interactive_markers/tools.h
[[36minteractive_markers[0m] [32m<==[0m '[1m/Users/adityabhat/Downloads/build/interactive_markers/build_env.sh /usr/bin/make install[0m' finished with return code '[1m0[0m'[0m
