[[36mkdl_conversions[0m] [1m[34m==>[0m '[1m/Users/adityabhat/Downloads/build/kdl_conversions/build_env.sh /usr/bin/make cmake_check_build_system[0m' [30m[1min[0m '[1m/Users/adityabhat/Downloads/build/kdl_conversions[0m'[0m
[[36mkdl_conversions[0m] [32m<==[0m '[1m/Users/adityabhat/Downloads/build/kdl_conversions/build_env.sh /usr/bin/make cmake_check_build_system[0m' finished with return code '[1m0[0m'[0m
[[36mkdl_conversions[0m] [1m[34m==>[0m '[1m/Users/adityabhat/Downloads/build/kdl_conversions/build_env.sh /usr/bin/make --jobserver-fds=3,4 -j[0m' [30m[1min[0m '[1m/Users/adityabhat/Downloads/build/kdl_conversions[0m'[0m
[ 50%] [32m[1mLinking CXX shared library /Users/adityabhat/Downloads/devel/lib/libkdl_conversions.dylib[0m
[100%] Built target kdl_conversions
[[36mkdl_conversions[0m] [32m<==[0m '[1m/Users/adityabhat/Downloads/build/kdl_conversions/build_env.sh /usr/bin/make --jobserver-fds=3,4 -j[0m' finished with return code '[1m0[0m'[0m
[[36mkdl_conversions[0m] [1m[34m==>[0m '[1m/Users/adityabhat/Downloads/build/kdl_conversions/build_env.sh /usr/bin/make install[0m' [30m[1min[0m '[1m/Users/adityabhat/Downloads/build/kdl_conversions[0m'[0m
[100%] Built target kdl_conversions
[36mInstall the project...[0m
-- Install configuration: "Release"
-- Installing: /opt/ros/jade/_setup_util.py
-- Installing: /opt/ros/jade/env.sh
-- Installing: /opt/ros/jade/setup.bash
-- Installing: /opt/ros/jade/setup.sh
-- Installing: /opt/ros/jade/setup.zsh
-- Installing: /opt/ros/jade/.rosinstall
-- Up-to-date: /opt/ros/jade/lib/pkgconfig/kdl_conversions.pc
-- Up-to-date: /opt/ros/jade/share/kdl_conversions/cmake/kdl_conversionsConfig.cmake
-- Up-to-date: /opt/ros/jade/share/kdl_conversions/cmake/kdl_conversionsConfig-version.cmake
-- Up-to-date: /opt/ros/jade/share/kdl_conversions/package.xml
-- Up-to-date: /opt/ros/jade/include/kdl_conversions
-- Up-to-date: /opt/ros/jade/include/kdl_conversions/kdl_msg.h
-- Installing: /opt/ros/jade/lib/libkdl_conversions.dylib
[[36mkdl_conversions[0m] [32m<==[0m '[1m/Users/adityabhat/Downloads/build/kdl_conversions/build_env.sh /usr/bin/make install[0m' finished with return code '[1m0[0m'[0m
