[[36mkdl_parser[0m] [1m[34m==>[0m '[1m/Users/adityabhat/Downloads/build/kdl_parser/build_env.sh /usr/bin/make cmake_check_build_system[0m' [30m[1min[0m '[1m/Users/adityabhat/Downloads/build/kdl_parser[0m'[0m
[[36mkdl_parser[0m] [32m<==[0m '[1m/Users/adityabhat/Downloads/build/kdl_parser/build_env.sh /usr/bin/make cmake_check_build_system[0m' finished with return code '[1m0[0m'[0m
[[36mkdl_parser[0m] [1m[34m==>[0m '[1m/Users/adityabhat/Downloads/build/kdl_parser/build_env.sh /usr/bin/make --jobserver-fds=3,4 -j[0m' [30m[1min[0m '[1m/Users/adityabhat/Downloads/build/kdl_parser[0m'[0m
[ 25%] [32m[1mLinking CXX shared library /Users/adityabhat/Downloads/devel/lib/libkdl_parser.dylib[0m
[ 50%] Built target kdl_parser
[ 75%] [32m[1mLinking CXX executable /Users/adityabhat/Downloads/devel/lib/kdl_parser/check_kdl_parser[0m
[100%] Built target check_kdl_parser
[[36mkdl_parser[0m] [32m<==[0m '[1m/Users/adityabhat/Downloads/build/kdl_parser/build_env.sh /usr/bin/make --jobserver-fds=3,4 -j[0m' finished with return code '[1m0[0m'[0m
[[36mkdl_parser[0m] [1m[34m==>[0m '[1m/Users/adityabhat/Downloads/build/kdl_parser/build_env.sh /usr/bin/make install[0m' [30m[1min[0m '[1m/Users/adityabhat/Downloads/build/kdl_parser[0m'[0m
[ 50%] Built target kdl_parser
[100%] Built target check_kdl_parser
[36mInstall the project...[0m
-- Install configuration: "Release"
-- Installing: /opt/ros/jade/_setup_util.py
-- Installing: /opt/ros/jade/env.sh
-- Installing: /opt/ros/jade/setup.bash
-- Installing: /opt/ros/jade/setup.sh
-- Installing: /opt/ros/jade/setup.zsh
-- Installing: /opt/ros/jade/.rosinstall
-- Up-to-date: /opt/ros/jade/lib/pkgconfig/kdl_parser.pc
-- Up-to-date: /opt/ros/jade/share/kdl_parser/cmake/kdl_parserConfig.cmake
-- Up-to-date: /opt/ros/jade/share/kdl_parser/cmake/kdl_parserConfig-version.cmake
-- Up-to-date: /opt/ros/jade/share/kdl_parser/package.xml
-- Installing: /opt/ros/jade/lib/libkdl_parser.dylib
-- Up-to-date: /opt/ros/jade/include/kdl_parser
-- Up-to-date: /opt/ros/jade/include/kdl_parser/kdl_parser.hpp
[[36mkdl_parser[0m] [32m<==[0m '[1m/Users/adityabhat/Downloads/build/kdl_parser/build_env.sh /usr/bin/make install[0m' finished with return code '[1m0[0m'[0m
