[[36mlaser_filters[0m] [1m[34m==>[0m '[1m/Users/adityabhat/Downloads/build/laser_filters/build_env.sh /usr/local/bin/cmake /Users/adityabhat/Downloads/src/laser_filters -DCATKIN_DEVEL_PREFIX=/Users/adityabhat/Downloads/devel -DCMAKE_INSTALL_PREFIX=/opt/ros/jade -DCMAKE_BUILD_TYPE=Release -DPYTHON_LIBRARY=/usr/local/Cellar/python/2.7.11/Frameworks/Python.framework/Versions/2.7/lib/libpython2.7.dylib -DPYTHON_INCLUDE_DIR=/usr/local/Cellar/python/2.7.11/Frameworks/Python.framework/Versions/2.7/include/python2.7[0m' [30m[1min[0m '[1m/Users/adityabhat/Downloads/build/laser_filters[0m'[0m
[36m-- [0mThe C compiler identification is AppleClang 7.0.2.7000181
[0m[36m-- [0mThe CXX compiler identification is AppleClang 7.0.2.7000181
[0m[36m-- [0mCheck for working C compiler:[33m /Applications/Xcode.app/Contents/Developer/Toolchains/XcodeDefault.xctoolchain/usr/bin/cc
[0m[0m[36m-- [0mCheck for working C compiler:[33m /Applications/Xcode.app/Contents/Developer/Toolchains/XcodeDefault.xctoolchain/usr/bin/cc -- works
[0m[0m[36m-- [0mDetecting C compiler ABI info
[0m[36m-- [0mDetecting C compiler ABI info - done
[0m[36m-- [0mDetecting C compile features
[0m[36m-- [0mDetecting C compile features - done
[0m[36m-- [0mCheck for working CXX compiler:[33m /Applications/Xcode.app/Contents/Developer/Toolchains/XcodeDefault.xctoolchain/usr/bin/c++
[0m[0m[36m-- [0mCheck for working CXX compiler:[33m /Applications/Xcode.app/Contents/Developer/Toolchains/XcodeDefault.xctoolchain/usr/bin/c++ -- works
[0m[0m[36m-- [0mDetecting CXX compiler ABI info
[0m[36m-- [0mDetecting CXX compiler ABI info - done
[0m[36m-- [0mDetecting CXX compile features
[0m[36m-- [0mDetecting CXX compile features - done
[0m[36m-- [0mUsing CATKIN_DEVEL_PREFIX:[33m /Users/adityabhat/Downloads/devel
[0m[0m[36m-- [0mUsing CMAKE_PREFIX_PATH:[33m /opt/ros/jade
[0m[0m[36m-- [0mThis workspace overlays:[33m /opt/ros/jade
[0m[0m[36m-- [0mFound PythonInterp:[33m /usr/bin/python (found version "2.7.10") 
[0m[0m[36m-- [0mUsing PYTHON_EXECUTABLE:[33m /usr/bin/python
[0m[0m[36m-- [0mUsing default Python package layout
[0m[36m-- [0mFound PY_em:[33m /usr/local/lib/python2.7/site-packages/em.pyc  
[0m[0m[36m-- [0mUsing empy:[33m /usr/local/lib/python2.7/site-packages/em.pyc
[0m[0m[36m-- [0mUsing CATKIN_ENABLE_TESTING:[33m ON
[0m[0m[36m-- [0mCall enable_testing()
[0m[36m-- [0mUsing CATKIN_TEST_RESULTS_DIR:[33m /Users/adityabhat/Downloads/build/laser_filters/test_results
[0m[0m[36m-- [0mFound gtest:[33m gtests will be built
[0m[0m[33m[1mCMake Warning[0m at /opt/ros/jade/share/catkin/cmake/test/nosetests.cmake:98 (message):
[0m  nosetests not found, Python tests can not be run (try installing package
[0m  'python-nose')
[0m[36m[4mCall Stack (most recent call first):[0m
[0m  /opt/ros/jade/share/catkin/cmake/all.cmake:147 (include)
[0m  /opt/ros/jade/share/catkin/cmake/catkinConfig.cmake:20 (include)
[0m  CMakeLists.txt:11 (find_package)
[0m
[0m
[0m[36m-- [0mcatkin 0.6.16
[0m[36m-- [0mUsing these message generators:[33m gencpp;geneus;genlisp;genpy
[0m[0m[36m-- [0mBoost version:[33m 1.60.0
[0m[0m[36m-- [0mFound the following Boost libraries:[33m
[0m[0m[36m-- [0m  system
[0m[36m-- [0m  signals
[0m[36m-- [0mFound PkgConfig:[33m /usr/local/bin/pkg-config (found version "0.29") 
[0m[0m[36m-- [0mChecking for module 'eigen3'
[0m[36m-- [0m  Found eigen3, version 3.2.8
[0m[33m[1mCMake Warning[0m at /Users/adityabhat/Downloads/src/cmake_modules/cmake/Modules/FindEigen.cmake:62 (message):
[0m  The FindEigen.cmake Module in the cmake_modules package is deprecated.
[0m
[0m  Please use the FindEigen3.cmake Module provided with Eigen.  Change
[0m  instances of find_package(Eigen) to find_package(Eigen3).  Check the
[0m  FindEigen3.cmake Module for the resulting CMake variable names.
[0m
[0m[36m[4mCall Stack (most recent call first):[0m
[0m  CMakeLists.txt:13 (find_package)
[0m
[0m
[0m[36m-- [0mFound Eigen:[33m /usr/local/Cellar/eigen/3.2.8/include/eigen3  
[0m[0m[36m-- [0mEigen found (include:[33m /usr/local/Cellar/eigen/3.2.8/include/eigen3)
[0m[0m[36m-- [0mConfiguring done
[0m[33m[1mCMake Warning[0m (dev):
[0m  Policy CMP0042 is not set: MACOSX_RPATH is enabled by default.  Run "cmake
[0m  --help-policy CMP0042" for policy details.  Use the cmake_policy command to
[0m  set the policy and suppress this warning.
[0m
[0m  MACOSX_RPATH is not specified for the following targets:
[0m
[0m   laser_scan_filters
[0m   pointcloud_filters
[0m
[0mThis warning is for project developers.  Use -Wno-dev to suppress it.
[0m
[0m[36m-- [0mGenerating done
[0m[33m[1mCMake Warning[0m:
[0m  Manually-specified variables were not used by the project:
[0m
[0m    PYTHON_INCLUDE_DIR
[0m    PYTHON_LIBRARY
[0m
[0m
[0m[36m-- [0mBuild files have been written to:[33m /Users/adityabhat/Downloads/build/laser_filters
[0m[0m[[36mlaser_filters[0m] [32m<==[0m '[1m/Users/adityabhat/Downloads/build/laser_filters/build_env.sh /usr/local/bin/cmake /Users/adityabhat/Downloads/src/laser_filters -DCATKIN_DEVEL_PREFIX=/Users/adityabhat/Downloads/devel -DCMAKE_INSTALL_PREFIX=/opt/ros/jade -DCMAKE_BUILD_TYPE=Release -DPYTHON_LIBRARY=/usr/local/Cellar/python/2.7.11/Frameworks/Python.framework/Versions/2.7/lib/libpython2.7.dylib -DPYTHON_INCLUDE_DIR=/usr/local/Cellar/python/2.7.11/Frameworks/Python.framework/Versions/2.7/include/python2.7[0m' finished with return code '[1m0[0m'[0m
[[36mlaser_filters[0m] [1m[34m==>[0m '[1m/Users/adityabhat/Downloads/build/laser_filters/build_env.sh /usr/bin/make --jobserver-fds=3,4 -j[0m' [30m[1min[0m '[1m/Users/adityabhat/Downloads/build/laser_filters[0m'[0m
[35m[1mScanning dependencies of target scan_to_cloud_filter_chain[0m
[35m[1mScanning dependencies of target generic_laser_filter_node[0m
[35m[1mScanning dependencies of target scan_to_scan_filter_chain[0m
[35m[1mScanning dependencies of target laser_scan_filters[0m
[  7%] [32mBuilding CXX object CMakeFiles/generic_laser_filter_node.dir/src/generic_laser_filter_node.cpp.o[0m
[ 14%] [32mBuilding CXX object CMakeFiles/scan_to_scan_filter_chain.dir/src/scan_to_scan_filter_chain.cpp.o[0m
[ 21%] [32mBuilding CXX object CMakeFiles/scan_to_cloud_filter_chain.dir/src/scan_to_cloud_filter_chain.cpp.o[0m
[ 28%] [32mBuilding CXX object CMakeFiles/laser_scan_filters.dir/src/laser_scan_filters.cpp.o[0m
In file included from /Users/adityabhat/Downloads/src/laser_filters/src/laser_scan_filters.cpp:34:
[1m/Users/adityabhat/Downloads/src/laser_filters/include/laser_filters/scan_shadows_filter.h:129:24: [0m[0;1;35mwarning: [0m[1musing integer absolute value function 'abs' when argument is of floating point type [-Wabsolute-value][0m
        double angle = abs(angles::to_degrees(getAngleWithViewpoint (scan_in.ranges[i],scan_in.ranges[j], y * scan_in.angle_increment)));
[0;1;32m                       ^
[0m[1m/Users/adityabhat/Downloads/src/laser_filters/include/laser_filters/scan_shadows_filter.h:129:24: [0m[0;1;30mnote: [0muse function 'std::abs' instead[0m
        double angle = abs(angles::to_degrees(getAngleWithViewpoint (scan_in.ranges[i],scan_in.ranges[j], y * scan_in.angle_increment)));
[0;1;32m                       ^~~
[0m[0;32m                       std::abs
[0m1 warning generated.
[ 35%] [32mBuilding CXX object CMakeFiles/laser_scan_filters.dir/src/median_filter.cpp.o[0m
[ 42%] [32m[1mLinking CXX executable /Users/adityabhat/Downloads/devel/lib/laser_filters/generic_laser_filter_node[0m
[ 50%] [32m[1mLinking CXX executable /Users/adityabhat/Downloads/devel/lib/laser_filters/scan_to_scan_filter_chain[0m
[ 50%] Built target scan_to_scan_filter_chain
[ 50%] Built target generic_laser_filter_node
[ 57%] [32mBuilding CXX object CMakeFiles/laser_scan_filters.dir/src/array_filter.cpp.o[0m
[35m[1mScanning dependencies of target pointcloud_filters[0m
[ 64%] [32mBuilding CXX object CMakeFiles/pointcloud_filters.dir/src/pointcloud_filters.cpp.o[0m
[ 71%] [32m[1mLinking CXX executable /Users/adityabhat/Downloads/devel/lib/laser_filters/scan_to_cloud_filter_chain[0m
[ 71%] Built target scan_to_cloud_filter_chain
[ 78%] [32m[1mLinking CXX shared library /Users/adityabhat/Downloads/devel/lib/liblaser_scan_filters.dylib[0m
[ 78%] Built target laser_scan_filters
[35m[1mScanning dependencies of target test_scan_filter_chain[0m
[ 85%] [32m[1mLinking CXX shared library /Users/adityabhat/Downloads/devel/lib/libpointcloud_filters.dylib[0m
[ 85%] Built target pointcloud_filters
[ 92%] [32mBuilding CXX object CMakeFiles/test_scan_filter_chain.dir/test/test_scan_filter_chain.cpp.o[0m
[100%] [32m[1mLinking CXX executable /Users/adityabhat/Downloads/devel/lib/laser_filters/test_scan_filter_chain[0m
[100%] Built target test_scan_filter_chain
[[36mlaser_filters[0m] [32m<==[0m '[1m/Users/adityabhat/Downloads/build/laser_filters/build_env.sh /usr/bin/make --jobserver-fds=3,4 -j[0m' finished with return code '[1m0[0m'[0m
[[36mlaser_filters[0m] [1m[34m==>[0m '[1m/Users/adityabhat/Downloads/build/laser_filters/build_env.sh /usr/bin/make install[0m' [30m[1min[0m '[1m/Users/adityabhat/Downloads/build/laser_filters[0m'[0m
[ 28%] Built target laser_scan_filters
[ 42%] Built target test_scan_filter_chain
[ 57%] Built target generic_laser_filter_node
[ 71%] Built target scan_to_cloud_filter_chain
[ 85%] Built target scan_to_scan_filter_chain
[100%] Built target pointcloud_filters
[36mInstall the project...[0m
-- Install configuration: "Release"
-- Installing: /opt/ros/jade/_setup_util.py
-- Installing: /opt/ros/jade/env.sh
-- Installing: /opt/ros/jade/setup.bash
-- Installing: /opt/ros/jade/setup.sh
-- Installing: /opt/ros/jade/setup.zsh
-- Installing: /opt/ros/jade/.rosinstall
-- Installing: /opt/ros/jade/lib/pkgconfig/laser_filters.pc
-- Installing: /opt/ros/jade/share/laser_filters/cmake/laser_filtersConfig.cmake
-- Installing: /opt/ros/jade/share/laser_filters/cmake/laser_filtersConfig-version.cmake
-- Installing: /opt/ros/jade/share/laser_filters/package.xml
-- Installing: /opt/ros/jade/lib/libpointcloud_filters.dylib
-- Installing: /opt/ros/jade/lib/liblaser_scan_filters.dylib
-- Installing: /opt/ros/jade/lib/laser_filters/scan_to_cloud_filter_chain
-- Installing: /opt/ros/jade/lib/laser_filters/scan_to_scan_filter_chain
-- Installing: /opt/ros/jade/lib/laser_filters/generic_laser_filter_node
-- Installing: /opt/ros/jade/include/laser_filters
-- Installing: /opt/ros/jade/include/laser_filters/angular_bounds_filter.h
-- Installing: /opt/ros/jade/include/laser_filters/angular_bounds_filter_in_place.h
-- Installing: /opt/ros/jade/include/laser_filters/array_filter.h
-- Installing: /opt/ros/jade/include/laser_filters/footprint_filter.h
-- Installing: /opt/ros/jade/include/laser_filters/intensity_filter.h
-- Installing: /opt/ros/jade/include/laser_filters/interpolation_filter.h
-- Installing: /opt/ros/jade/include/laser_filters/median_filter.h
-- Installing: /opt/ros/jade/include/laser_filters/point_cloud_footprint_filter.h
-- Installing: /opt/ros/jade/include/laser_filters/range_filter.h
-- Installing: /opt/ros/jade/include/laser_filters/scan_shadows_filter.h
-- Installing: /opt/ros/jade/share/laser_filters/laser_filters_plugins.xml
[[36mlaser_filters[0m] [32m<==[0m '[1m/Users/adityabhat/Downloads/build/laser_filters/build_env.sh /usr/bin/make install[0m' finished with return code '[1m0[0m'[0m
