[[36mnodelet_tutorial_math[0m] [1m[34m==>[0m '[1m/Users/adityabhat/Downloads/build/nodelet_tutorial_math/build_env.sh /usr/bin/make cmake_check_build_system[0m' [30m[1min[0m '[1m/Users/adityabhat/Downloads/build/nodelet_tutorial_math[0m'[0m
[[36mnodelet_tutorial_math[0m] [32m<==[0m '[1m/Users/adityabhat/Downloads/build/nodelet_tutorial_math/build_env.sh /usr/bin/make cmake_check_build_system[0m' finished with return code '[1m0[0m'[0m
[[36mnodelet_tutorial_math[0m] [1m[34m==>[0m '[1m/Users/adityabhat/Downloads/build/nodelet_tutorial_math/build_env.sh /usr/bin/make --jobserver-fds=3,4 -j[0m' [30m[1min[0m '[1m/Users/adityabhat/Downloads/build/nodelet_tutorial_math[0m'[0m
[100%] Built target nodelet_math
[[36mnodelet_tutorial_math[0m] [32m<==[0m '[1m/Users/adityabhat/Downloads/build/nodelet_tutorial_math/build_env.sh /usr/bin/make --jobserver-fds=3,4 -j[0m' finished with return code '[1m0[0m'[0m
[[36mnodelet_tutorial_math[0m] [1m[34m==>[0m '[1m/Users/adityabhat/Downloads/build/nodelet_tutorial_math/build_env.sh /usr/bin/make install[0m' [30m[1min[0m '[1m/Users/adityabhat/Downloads/build/nodelet_tutorial_math[0m'[0m
[100%] Built target nodelet_math
[36mInstall the project...[0m
-- Install configuration: "Release"
-- Installing: /opt/ros/jade/_setup_util.py
-- Installing: /opt/ros/jade/env.sh
-- Installing: /opt/ros/jade/setup.bash
-- Installing: /opt/ros/jade/setup.sh
-- Installing: /opt/ros/jade/setup.zsh
-- Installing: /opt/ros/jade/.rosinstall
-- Up-to-date: /opt/ros/jade/lib/pkgconfig/nodelet_tutorial_math.pc
-- Up-to-date: /opt/ros/jade/share/nodelet_tutorial_math/cmake/nodelet_tutorial_mathConfig.cmake
-- Up-to-date: /opt/ros/jade/share/nodelet_tutorial_math/cmake/nodelet_tutorial_mathConfig-version.cmake
-- Up-to-date: /opt/ros/jade/share/nodelet_tutorial_math/package.xml
-- Installing: /opt/ros/jade/lib/libnodelet_math.dylib
-- Up-to-date: /opt/ros/jade/share/nodelet_tutorial_math/nodelet_math.xml
-- Up-to-date: /opt/ros/jade/share/nodelet_tutorial_math/plus.launch
-- Up-to-date: /opt/ros/jade/share/nodelet_tutorial_math/plus_default.yaml
[[36mnodelet_tutorial_math[0m] [32m<==[0m '[1m/Users/adityabhat/Downloads/build/nodelet_tutorial_math/build_env.sh /usr/bin/make install[0m' finished with return code '[1m0[0m'[0m
