[[36mpluginlib_tutorials[0m] [1m[34m==>[0m '[1m/Users/adityabhat/Downloads/build/pluginlib_tutorials/build_env.sh /usr/bin/make cmake_check_build_system[0m' [30m[1min[0m '[1m/Users/adityabhat/Downloads/build/pluginlib_tutorials[0m'[0m
[[36mpluginlib_tutorials[0m] [32m<==[0m '[1m/Users/adityabhat/Downloads/build/pluginlib_tutorials/build_env.sh /usr/bin/make cmake_check_build_system[0m' finished with return code '[1m0[0m'[0m
[[36mpluginlib_tutorials[0m] [1m[34m==>[0m '[1m/Users/adityabhat/Downloads/build/pluginlib_tutorials/build_env.sh /usr/bin/make --jobserver-fds=3,4 -j[0m' [30m[1min[0m '[1m/Users/adityabhat/Downloads/build/pluginlib_tutorials[0m'[0m
[ 50%] Built target pluginlib_tutorials
[100%] Built target polygon_loader
[[36mpluginlib_tutorials[0m] [32m<==[0m '[1m/Users/adityabhat/Downloads/build/pluginlib_tutorials/build_env.sh /usr/bin/make --jobserver-fds=3,4 -j[0m' finished with return code '[1m0[0m'[0m
[[36mpluginlib_tutorials[0m] [1m[34m==>[0m '[1m/Users/adityabhat/Downloads/build/pluginlib_tutorials/build_env.sh /usr/bin/make install[0m' [30m[1min[0m '[1m/Users/adityabhat/Downloads/build/pluginlib_tutorials[0m'[0m
[ 50%] Built target polygon_loader
[100%] Built target pluginlib_tutorials
[36mInstall the project...[0m
-- Install configuration: "Release"
-- Installing: /opt/ros/jade/_setup_util.py
-- Installing: /opt/ros/jade/env.sh
-- Installing: /opt/ros/jade/setup.bash
-- Installing: /opt/ros/jade/setup.sh
-- Installing: /opt/ros/jade/setup.zsh
-- Installing: /opt/ros/jade/.rosinstall
-- Up-to-date: /opt/ros/jade/lib/pkgconfig/pluginlib_tutorials.pc
-- Up-to-date: /opt/ros/jade/share/pluginlib_tutorials/cmake/pluginlib_tutorialsConfig.cmake
-- Up-to-date: /opt/ros/jade/share/pluginlib_tutorials/cmake/pluginlib_tutorialsConfig-version.cmake
-- Up-to-date: /opt/ros/jade/share/pluginlib_tutorials/package.xml
-- Installing: /opt/ros/jade/lib/libpluginlib_tutorials.dylib
-- Up-to-date: /opt/ros/jade/lib/pluginlib_tutorials/polygon_loader
-- Up-to-date: /opt/ros/jade/include/pluginlib_tutorials
-- Up-to-date: /opt/ros/jade/include/pluginlib_tutorials/polygon_base.h
-- Up-to-date: /opt/ros/jade/include/pluginlib_tutorials/polygon_plugins.h
-- Up-to-date: /opt/ros/jade/share/pluginlib_tutorials/polygon_plugins.xml
[[36mpluginlib_tutorials[0m] [32m<==[0m '[1m/Users/adityabhat/Downloads/build/pluginlib_tutorials/build_env.sh /usr/bin/make install[0m' finished with return code '[1m0[0m'[0m
