[[36mpr2_description[0m] [1m[34m==>[0m '[1m/Users/adityabhat/Downloads/build/pr2_description/build_env.sh /usr/bin/make cmake_check_build_system[0m' [30m[1min[0m '[1m/Users/adityabhat/Downloads/build/pr2_description[0m'[0m
[[36mpr2_description[0m] [32m<==[0m '[1m/Users/adityabhat/Downloads/build/pr2_description/build_env.sh /usr/bin/make cmake_check_build_system[0m' finished with return code '[1m0[0m'[0m
[[36mpr2_description[0m] [1m[34m==>[0m '[1m/Users/adityabhat/Downloads/build/pr2_description/build_env.sh /usr/bin/make --jobserver-fds=3,4 -j[0m' [30m[1min[0m '[1m/Users/adityabhat/Downloads/build/pr2_description[0m'[0m
[100%] Built target media_files
[[36mpr2_description[0m] [32m<==[0m '[1m/Users/adityabhat/Downloads/build/pr2_description/build_env.sh /usr/bin/make --jobserver-fds=3,4 -j[0m' finished with return code '[1m0[0m'[0m
[[36mpr2_description[0m] [1m[34m==>[0m '[1m/Users/adityabhat/Downloads/build/pr2_description/build_env.sh /usr/bin/make install[0m' [30m[1min[0m '[1m/Users/adityabhat/Downloads/build/pr2_description[0m'[0m
[100%] Built target media_files
[36mInstall the project...[0m
-- Install configuration: "Release"
-- Installing: /opt/ros/jade/_setup_util.py
-- Installing: /opt/ros/jade/env.sh
-- Installing: /opt/ros/jade/setup.bash
-- Installing: /opt/ros/jade/setup.sh
-- Installing: /opt/ros/jade/setup.zsh
-- Installing: /opt/ros/jade/.rosinstall
-- Up-to-date: /opt/ros/jade/lib/pkgconfig/pr2_description.pc
-- Up-to-date: /opt/ros/jade/share/pr2_description/cmake/pr2_descriptionConfig.cmake
-- Up-to-date: /opt/ros/jade/share/pr2_description/cmake/pr2_descriptionConfig-version.cmake
-- Up-to-date: /opt/ros/jade/share/pr2_description/package.xml
-- Up-to-date: /opt/ros/jade/share/pr2_description/meshes
-- Up-to-date: /opt/ros/jade/share/pr2_description/meshes/base_v0
-- Up-to-date: /opt/ros/jade/share/pr2_description/meshes/base_v0/base.dae
-- Up-to-date: /opt/ros/jade/share/pr2_description/meshes/base_v0/base.stl
-- Up-to-date: /opt/ros/jade/share/pr2_description/meshes/base_v0/base_color.tif
-- Up-to-date: /opt/ros/jade/share/pr2_description/meshes/base_v0/base_L.stl
-- Up-to-date: /opt/ros/jade/share/pr2_description/meshes/base_v0/base_normals.tif
-- Up-to-date: /opt/ros/jade/share/pr2_description/meshes/base_v0/caster.stl
-- Up-to-date: /opt/ros/jade/share/pr2_description/meshes/base_v0/caster_L.stl
-- Up-to-date: /opt/ros/jade/share/pr2_description/meshes/base_v0/convex
-- Up-to-date: /opt/ros/jade/share/pr2_description/meshes/base_v0/convex/base.dae
-- Up-to-date: /opt/ros/jade/share/pr2_description/meshes/base_v0/convex/base.obj
-- Up-to-date: /opt/ros/jade/share/pr2_description/meshes/base_v0/convex/base.xml
-- Up-to-date: /opt/ros/jade/share/pr2_description/meshes/base_v0/convex/base_convex.iv
-- Up-to-date: /opt/ros/jade/share/pr2_description/meshes/base_v0/convex/base_convex.obj
-- Up-to-date: /opt/ros/jade/share/pr2_description/meshes/base_v0/convex/base_convex.stla
-- Up-to-date: /opt/ros/jade/share/pr2_description/meshes/base_v0/convex/base_convex.stlb
-- Up-to-date: /opt/ros/jade/share/pr2_description/meshes/base_v0/convex/base_L.dae
-- Up-to-date: /opt/ros/jade/share/pr2_description/meshes/base_v0/convex/base_L.obj
-- Up-to-date: /opt/ros/jade/share/pr2_description/meshes/base_v0/convex/base_L.xml
-- Up-to-date: /opt/ros/jade/share/pr2_description/meshes/base_v0/convex/base_L_convex.iv
-- Up-to-date: /opt/ros/jade/share/pr2_description/meshes/base_v0/convex/base_L_convex.obj
-- Up-to-date: /opt/ros/jade/share/pr2_description/meshes/base_v0/convex/base_L_convex.stla
-- Up-to-date: /opt/ros/jade/share/pr2_description/meshes/base_v0/convex/base_L_convex.stlb
-- Up-to-date: /opt/ros/jade/share/pr2_description/meshes/base_v0/convex/caster.dae
-- Up-to-date: /opt/ros/jade/share/pr2_description/meshes/base_v0/convex/caster.obj
-- Up-to-date: /opt/ros/jade/share/pr2_description/meshes/base_v0/convex/caster.xml
-- Up-to-date: /opt/ros/jade/share/pr2_description/meshes/base_v0/convex/caster_convex.iv
-- Up-to-date: /opt/ros/jade/share/pr2_description/meshes/base_v0/convex/caster_convex.obj
-- Up-to-date: /opt/ros/jade/share/pr2_description/meshes/base_v0/convex/caster_convex.stla
-- Up-to-date: /opt/ros/jade/share/pr2_description/meshes/base_v0/convex/caster_convex.stlb
-- Up-to-date: /opt/ros/jade/share/pr2_description/meshes/base_v0/convex/caster_L.dae
-- Up-to-date: /opt/ros/jade/share/pr2_description/meshes/base_v0/convex/caster_L.obj
-- Up-to-date: /opt/ros/jade/share/pr2_description/meshes/base_v0/convex/caster_L.xml
-- Up-to-date: /opt/ros/jade/share/pr2_description/meshes/base_v0/convex/caster_L_convex.iv
-- Up-to-date: /opt/ros/jade/share/pr2_description/meshes/base_v0/convex/caster_L_convex.obj
-- Up-to-date: /opt/ros/jade/share/pr2_description/meshes/base_v0/convex/caster_L_convex.stla
-- Up-to-date: /opt/ros/jade/share/pr2_description/meshes/base_v0/convex/caster_L_convex.stlb
-- Up-to-date: /opt/ros/jade/share/pr2_description/meshes/base_v0/convex/pr2_wheel.dae
-- Up-to-date: /opt/ros/jade/share/pr2_description/meshes/base_v0/convex/pr2_wheel.obj
-- Up-to-date: /opt/ros/jade/share/pr2_description/meshes/base_v0/convex/pr2_wheel.xml
-- Up-to-date: /opt/ros/jade/share/pr2_description/meshes/base_v0/convex/pr2_wheel_convex.iv
-- Up-to-date: /opt/ros/jade/share/pr2_description/meshes/base_v0/convex/pr2_wheel_convex.obj
-- Up-to-date: /opt/ros/jade/share/pr2_description/meshes/base_v0/convex/pr2_wheel_convex.stla
-- Up-to-date: /opt/ros/jade/share/pr2_description/meshes/base_v0/convex/pr2_wheel_convex.stlb
-- Up-to-date: /opt/ros/jade/share/pr2_description/meshes/base_v0/convex/wheel.dae
-- Up-to-date: /opt/ros/jade/share/pr2_description/meshes/base_v0/convex/wheel.obj
-- Up-to-date: /opt/ros/jade/share/pr2_description/meshes/base_v0/convex/wheel.xml
-- Up-to-date: /opt/ros/jade/share/pr2_description/meshes/base_v0/convex/wheel_convex.iv
-- Up-to-date: /opt/ros/jade/share/pr2_description/meshes/base_v0/convex/wheel_convex.obj
-- Up-to-date: /opt/ros/jade/share/pr2_description/meshes/base_v0/convex/wheel_convex.stla
-- Up-to-date: /opt/ros/jade/share/pr2_description/meshes/base_v0/convex/wheel_convex.stlb
-- Up-to-date: /opt/ros/jade/share/pr2_description/meshes/base_v0/iv
-- Up-to-date: /opt/ros/jade/share/pr2_description/meshes/base_v0/iv/base.iv
-- Up-to-date: /opt/ros/jade/share/pr2_description/meshes/base_v0/iv/base_L.iv
-- Up-to-date: /opt/ros/jade/share/pr2_description/meshes/base_v0/iv/caster.iv
-- Up-to-date: /opt/ros/jade/share/pr2_description/meshes/base_v0/iv/caster_L.iv
-- Up-to-date: /opt/ros/jade/share/pr2_description/meshes/base_v0/iv/pr2_wheel.iv
-- Up-to-date: /opt/ros/jade/share/pr2_description/meshes/base_v0/iv/wheel.iv
-- Up-to-date: /opt/ros/jade/share/pr2_description/meshes/base_v0/pr2_wheel.stl
-- Up-to-date: /opt/ros/jade/share/pr2_description/meshes/base_v0/wheel.dae
-- Up-to-date: /opt/ros/jade/share/pr2_description/meshes/base_v0/wheel.stl
-- Up-to-date: /opt/ros/jade/share/pr2_description/meshes/base_v0/wheel_color.tif
-- Up-to-date: /opt/ros/jade/share/pr2_description/meshes/base_v0/wheel_h.dae
-- Up-to-date: /opt/ros/jade/share/pr2_description/meshes/base_v0/wheel_h_color.tif
-- Up-to-date: /opt/ros/jade/share/pr2_description/meshes/base_v0/wheel_normals.tif
-- Up-to-date: /opt/ros/jade/share/pr2_description/meshes/forearm_v0
-- Up-to-date: /opt/ros/jade/share/pr2_description/meshes/forearm_v0/convex
-- Up-to-date: /opt/ros/jade/share/pr2_description/meshes/forearm_v0/convex/forearm.dae
-- Up-to-date: /opt/ros/jade/share/pr2_description/meshes/forearm_v0/convex/forearm.obj
-- Up-to-date: /opt/ros/jade/share/pr2_description/meshes/forearm_v0/convex/forearm.xml
-- Up-to-date: /opt/ros/jade/share/pr2_description/meshes/forearm_v0/convex/forearm_convex.iv
-- Up-to-date: /opt/ros/jade/share/pr2_description/meshes/forearm_v0/convex/forearm_convex.obj
-- Up-to-date: /opt/ros/jade/share/pr2_description/meshes/forearm_v0/convex/forearm_convex.stla
-- Up-to-date: /opt/ros/jade/share/pr2_description/meshes/forearm_v0/convex/forearm_convex.stlb
-- Up-to-date: /opt/ros/jade/share/pr2_description/meshes/forearm_v0/convex/wrist_flex.dae
-- Up-to-date: /opt/ros/jade/share/pr2_description/meshes/forearm_v0/convex/wrist_flex.obj
-- Up-to-date: /opt/ros/jade/share/pr2_description/meshes/forearm_v0/convex/wrist_flex.xml
-- Up-to-date: /opt/ros/jade/share/pr2_description/meshes/forearm_v0/convex/wrist_flex_convex.iv
-- Up-to-date: /opt/ros/jade/share/pr2_description/meshes/forearm_v0/convex/wrist_flex_convex.obj
-- Up-to-date: /opt/ros/jade/share/pr2_description/meshes/forearm_v0/convex/wrist_flex_convex.stla
-- Up-to-date: /opt/ros/jade/share/pr2_description/meshes/forearm_v0/convex/wrist_flex_convex.stlb
-- Up-to-date: /opt/ros/jade/share/pr2_description/meshes/forearm_v0/convex/wrist_roll.dae
-- Up-to-date: /opt/ros/jade/share/pr2_description/meshes/forearm_v0/convex/wrist_roll.obj
-- Up-to-date: /opt/ros/jade/share/pr2_description/meshes/forearm_v0/convex/wrist_roll.xml
-- Up-to-date: /opt/ros/jade/share/pr2_description/meshes/forearm_v0/convex/wrist_roll_convex.iv
-- Up-to-date: /opt/ros/jade/share/pr2_description/meshes/forearm_v0/convex/wrist_roll_convex.obj
-- Up-to-date: /opt/ros/jade/share/pr2_description/meshes/forearm_v0/convex/wrist_roll_convex.stla
-- Up-to-date: /opt/ros/jade/share/pr2_description/meshes/forearm_v0/convex/wrist_roll_convex.stlb
-- Up-to-date: /opt/ros/jade/share/pr2_description/meshes/forearm_v0/convex/wrist_roll_L.dae
-- Up-to-date: /opt/ros/jade/share/pr2_description/meshes/forearm_v0/convex/wrist_roll_L.obj
-- Up-to-date: /opt/ros/jade/share/pr2_description/meshes/forearm_v0/convex/wrist_roll_L.xml
-- Up-to-date: /opt/ros/jade/share/pr2_description/meshes/forearm_v0/convex/wrist_roll_L_convex.iv
-- Up-to-date: /opt/ros/jade/share/pr2_description/meshes/forearm_v0/convex/wrist_roll_L_convex.obj
-- Up-to-date: /opt/ros/jade/share/pr2_description/meshes/forearm_v0/convex/wrist_roll_L_convex.stla
-- Up-to-date: /opt/ros/jade/share/pr2_description/meshes/forearm_v0/convex/wrist_roll_L_convex.stlb
-- Up-to-date: /opt/ros/jade/share/pr2_description/meshes/forearm_v0/forearm.dae
-- Up-to-date: /opt/ros/jade/share/pr2_description/meshes/forearm_v0/forearm.jpg
-- Up-to-date: /opt/ros/jade/share/pr2_description/meshes/forearm_v0/forearm.stl
-- Up-to-date: /opt/ros/jade/share/pr2_description/meshes/forearm_v0/forearm_color.tif
-- Up-to-date: /opt/ros/jade/share/pr2_description/meshes/forearm_v0/forearm_normals.tif
-- Up-to-date: /opt/ros/jade/share/pr2_description/meshes/forearm_v0/iv
-- Up-to-date: /opt/ros/jade/share/pr2_description/meshes/forearm_v0/iv/forearm.iv
-- Up-to-date: /opt/ros/jade/share/pr2_description/meshes/forearm_v0/iv/wrist_flex.iv
-- Up-to-date: /opt/ros/jade/share/pr2_description/meshes/forearm_v0/iv/wrist_roll.iv
-- Up-to-date: /opt/ros/jade/share/pr2_description/meshes/forearm_v0/iv/wrist_roll_L.iv
-- Up-to-date: /opt/ros/jade/share/pr2_description/meshes/forearm_v0/wrist_color.tif
-- Up-to-date: /opt/ros/jade/share/pr2_description/meshes/forearm_v0/wrist_flex.dae
-- Up-to-date: /opt/ros/jade/share/pr2_description/meshes/forearm_v0/wrist_flex.stl
-- Up-to-date: /opt/ros/jade/share/pr2_description/meshes/forearm_v0/wrist_normals.tif
-- Up-to-date: /opt/ros/jade/share/pr2_description/meshes/forearm_v0/wrist_roll.stl
-- Up-to-date: /opt/ros/jade/share/pr2_description/meshes/forearm_v0/wrist_roll_L.stl
-- Up-to-date: /opt/ros/jade/share/pr2_description/meshes/gripper_v0
-- Up-to-date: /opt/ros/jade/share/pr2_description/meshes/gripper_v0/convex
-- Up-to-date: /opt/ros/jade/share/pr2_description/meshes/gripper_v0/convex/finger_tip_l.dae
-- Up-to-date: /opt/ros/jade/share/pr2_description/meshes/gripper_v0/convex/finger_tip_l.obj
-- Up-to-date: /opt/ros/jade/share/pr2_description/meshes/gripper_v0/convex/finger_tip_l.xml
-- Up-to-date: /opt/ros/jade/share/pr2_description/meshes/gripper_v0/convex/finger_tip_l_convex.iv
-- Up-to-date: /opt/ros/jade/share/pr2_description/meshes/gripper_v0/convex/finger_tip_l_convex.obj
-- Up-to-date: /opt/ros/jade/share/pr2_description/meshes/gripper_v0/convex/finger_tip_l_convex.stla
-- Up-to-date: /opt/ros/jade/share/pr2_description/meshes/gripper_v0/convex/finger_tip_l_convex.stlb
-- Up-to-date: /opt/ros/jade/share/pr2_description/meshes/gripper_v0/convex/finger_tip_pad2_l.dae
-- Up-to-date: /opt/ros/jade/share/pr2_description/meshes/gripper_v0/convex/finger_tip_pad2_l.obj
-- Up-to-date: /opt/ros/jade/share/pr2_description/meshes/gripper_v0/convex/finger_tip_pad2_l.xml
-- Up-to-date: /opt/ros/jade/share/pr2_description/meshes/gripper_v0/convex/finger_tip_pad2_l_convex.iv
-- Up-to-date: /opt/ros/jade/share/pr2_description/meshes/gripper_v0/convex/finger_tip_pad2_l_convex.obj
-- Up-to-date: /opt/ros/jade/share/pr2_description/meshes/gripper_v0/convex/finger_tip_pad2_l_convex.stla
-- Up-to-date: /opt/ros/jade/share/pr2_description/meshes/gripper_v0/convex/finger_tip_pad2_l_convex.stlb
-- Up-to-date: /opt/ros/jade/share/pr2_description/meshes/gripper_v0/convex/finger_tip_pad2_r.dae
-- Up-to-date: /opt/ros/jade/share/pr2_description/meshes/gripper_v0/convex/finger_tip_pad2_r.obj
-- Up-to-date: /opt/ros/jade/share/pr2_description/meshes/gripper_v0/convex/finger_tip_pad2_r.xml
-- Up-to-date: /opt/ros/jade/share/pr2_description/meshes/gripper_v0/convex/finger_tip_pad2_r_convex.iv
-- Up-to-date: /opt/ros/jade/share/pr2_description/meshes/gripper_v0/convex/finger_tip_pad2_r_convex.obj
-- Up-to-date: /opt/ros/jade/share/pr2_description/meshes/gripper_v0/convex/finger_tip_pad2_r_convex.stla
-- Up-to-date: /opt/ros/jade/share/pr2_description/meshes/gripper_v0/convex/finger_tip_pad2_r_convex.stlb
-- Up-to-date: /opt/ros/jade/share/pr2_description/meshes/gripper_v0/convex/finger_tip_r.dae
-- Up-to-date: /opt/ros/jade/share/pr2_description/meshes/gripper_v0/convex/finger_tip_r.obj
-- Up-to-date: /opt/ros/jade/share/pr2_description/meshes/gripper_v0/convex/finger_tip_r.xml
-- Up-to-date: /opt/ros/jade/share/pr2_description/meshes/gripper_v0/convex/finger_tip_r_convex.iv
-- Up-to-date: /opt/ros/jade/share/pr2_description/meshes/gripper_v0/convex/finger_tip_r_convex.obj
-- Up-to-date: /opt/ros/jade/share/pr2_description/meshes/gripper_v0/convex/finger_tip_r_convex.stla
-- Up-to-date: /opt/ros/jade/share/pr2_description/meshes/gripper_v0/convex/finger_tip_r_convex.stlb
-- Up-to-date: /opt/ros/jade/share/pr2_description/meshes/gripper_v0/convex/gripper_palm.dae
-- Up-to-date: /opt/ros/jade/share/pr2_description/meshes/gripper_v0/convex/gripper_palm.obj
-- Up-to-date: /opt/ros/jade/share/pr2_description/meshes/gripper_v0/convex/gripper_palm.xml
-- Up-to-date: /opt/ros/jade/share/pr2_description/meshes/gripper_v0/convex/gripper_palm_convex.iv
-- Up-to-date: /opt/ros/jade/share/pr2_description/meshes/gripper_v0/convex/gripper_palm_convex.obj
-- Up-to-date: /opt/ros/jade/share/pr2_description/meshes/gripper_v0/convex/gripper_palm_convex.stla
-- Up-to-date: /opt/ros/jade/share/pr2_description/meshes/gripper_v0/convex/gripper_palm_convex.stlb
-- Up-to-date: /opt/ros/jade/share/pr2_description/meshes/gripper_v0/convex/l_finger.dae
-- Up-to-date: /opt/ros/jade/share/pr2_description/meshes/gripper_v0/convex/l_finger.obj
-- Up-to-date: /opt/ros/jade/share/pr2_description/meshes/gripper_v0/convex/l_finger.xml
-- Up-to-date: /opt/ros/jade/share/pr2_description/meshes/gripper_v0/convex/l_finger_convex.iv
-- Up-to-date: /opt/ros/jade/share/pr2_description/meshes/gripper_v0/convex/l_finger_convex.obj
-- Up-to-date: /opt/ros/jade/share/pr2_description/meshes/gripper_v0/convex/l_finger_convex.stla
-- Up-to-date: /opt/ros/jade/share/pr2_description/meshes/gripper_v0/convex/l_finger_convex.stlb
-- Up-to-date: /opt/ros/jade/share/pr2_description/meshes/gripper_v0/convex/l_finger_tip.dae
-- Up-to-date: /opt/ros/jade/share/pr2_description/meshes/gripper_v0/convex/l_finger_tip.obj
-- Up-to-date: /opt/ros/jade/share/pr2_description/meshes/gripper_v0/convex/l_finger_tip.xml
-- Up-to-date: /opt/ros/jade/share/pr2_description/meshes/gripper_v0/convex/l_finger_tip_convex.iv
-- Up-to-date: /opt/ros/jade/share/pr2_description/meshes/gripper_v0/convex/l_finger_tip_convex.obj
-- Up-to-date: /opt/ros/jade/share/pr2_description/meshes/gripper_v0/convex/l_finger_tip_convex.stla
-- Up-to-date: /opt/ros/jade/share/pr2_description/meshes/gripper_v0/convex/l_finger_tip_convex.stlb
-- Up-to-date: /opt/ros/jade/share/pr2_description/meshes/gripper_v0/convex/l_floating.dae
-- Up-to-date: /opt/ros/jade/share/pr2_description/meshes/gripper_v0/convex/l_floating.obj
-- Up-to-date: /opt/ros/jade/share/pr2_description/meshes/gripper_v0/convex/l_floating.xml
-- Up-to-date: /opt/ros/jade/share/pr2_description/meshes/gripper_v0/convex/l_floating_convex.iv
-- Up-to-date: /opt/ros/jade/share/pr2_description/meshes/gripper_v0/convex/l_floating_convex.obj
-- Up-to-date: /opt/ros/jade/share/pr2_description/meshes/gripper_v0/convex/l_floating_convex.stla
-- Up-to-date: /opt/ros/jade/share/pr2_description/meshes/gripper_v0/convex/l_floating_convex.stlb
-- Up-to-date: /opt/ros/jade/share/pr2_description/meshes/gripper_v0/convex/upper_finger_l.dae
-- Up-to-date: /opt/ros/jade/share/pr2_description/meshes/gripper_v0/convex/upper_finger_l.obj
-- Up-to-date: /opt/ros/jade/share/pr2_description/meshes/gripper_v0/convex/upper_finger_l.xml
-- Up-to-date: /opt/ros/jade/share/pr2_description/meshes/gripper_v0/convex/upper_finger_l_convex.iv
-- Up-to-date: /opt/ros/jade/share/pr2_description/meshes/gripper_v0/convex/upper_finger_l_convex.obj
-- Up-to-date: /opt/ros/jade/share/pr2_description/meshes/gripper_v0/convex/upper_finger_l_convex.stla
-- Up-to-date: /opt/ros/jade/share/pr2_description/meshes/gripper_v0/convex/upper_finger_l_convex.stlb
-- Up-to-date: /opt/ros/jade/share/pr2_description/meshes/gripper_v0/convex/upper_finger_r.dae
-- Up-to-date: /opt/ros/jade/share/pr2_description/meshes/gripper_v0/convex/upper_finger_r.obj
-- Up-to-date: /opt/ros/jade/share/pr2_description/meshes/gripper_v0/convex/upper_finger_r.xml
-- Up-to-date: /opt/ros/jade/share/pr2_description/meshes/gripper_v0/convex/upper_finger_r_convex.iv
-- Up-to-date: /opt/ros/jade/share/pr2_description/meshes/gripper_v0/convex/upper_finger_r_convex.obj
-- Up-to-date: /opt/ros/jade/share/pr2_description/meshes/gripper_v0/convex/upper_finger_r_convex.stla
-- Up-to-date: /opt/ros/jade/share/pr2_description/meshes/gripper_v0/convex/upper_finger_r_convex.stlb
-- Up-to-date: /opt/ros/jade/share/pr2_description/meshes/gripper_v0/finger_H_Color_100430.tif
-- Up-to-date: /opt/ros/jade/share/pr2_description/meshes/gripper_v0/finger_H_UV_100430.dae
-- Up-to-date: /opt/ros/jade/share/pr2_description/meshes/gripper_v0/finger_tip_H_UV_100430.dae
-- Up-to-date: /opt/ros/jade/share/pr2_description/meshes/gripper_v0/finger_tip_l.stl
-- Up-to-date: /opt/ros/jade/share/pr2_description/meshes/gripper_v0/finger_tip_pad2_l.stl
-- Up-to-date: /opt/ros/jade/share/pr2_description/meshes/gripper_v0/finger_tip_pad2_r.stl
-- Up-to-date: /opt/ros/jade/share/pr2_description/meshes/gripper_v0/finger_tip_r.stl
-- Up-to-date: /opt/ros/jade/share/pr2_description/meshes/gripper_v0/fingertip_H_Color_100430.tif
-- Up-to-date: /opt/ros/jade/share/pr2_description/meshes/gripper_v0/float_H_Color_100430.tif
-- Up-to-date: /opt/ros/jade/share/pr2_description/meshes/gripper_v0/float_H_UV_100430.dae
-- Up-to-date: /opt/ros/jade/share/pr2_description/meshes/gripper_v0/gripper_palm.dae
-- Up-to-date: /opt/ros/jade/share/pr2_description/meshes/gripper_v0/gripper_palm.stl
-- Up-to-date: /opt/ros/jade/share/pr2_description/meshes/gripper_v0/gripper_palm_color.tif
-- Up-to-date: /opt/ros/jade/share/pr2_description/meshes/gripper_v0/gripper_palm_normals.tif
-- Up-to-date: /opt/ros/jade/share/pr2_description/meshes/gripper_v0/iv
-- Up-to-date: /opt/ros/jade/share/pr2_description/meshes/gripper_v0/iv/finger_tip_l.iv
-- Up-to-date: /opt/ros/jade/share/pr2_description/meshes/gripper_v0/iv/finger_tip_pad2_l.iv
-- Up-to-date: /opt/ros/jade/share/pr2_description/meshes/gripper_v0/iv/finger_tip_pad2_r.iv
-- Up-to-date: /opt/ros/jade/share/pr2_description/meshes/gripper_v0/iv/finger_tip_r.iv
-- Up-to-date: /opt/ros/jade/share/pr2_description/meshes/gripper_v0/iv/gripper_palm.iv
-- Up-to-date: /opt/ros/jade/share/pr2_description/meshes/gripper_v0/iv/l_finger.iv
-- Up-to-date: /opt/ros/jade/share/pr2_description/meshes/gripper_v0/iv/l_finger_tip.iv
-- Up-to-date: /opt/ros/jade/share/pr2_description/meshes/gripper_v0/iv/l_floating.iv
-- Up-to-date: /opt/ros/jade/share/pr2_description/meshes/gripper_v0/iv/upper_finger_l.iv
-- Up-to-date: /opt/ros/jade/share/pr2_description/meshes/gripper_v0/iv/upper_finger_r.iv
-- Up-to-date: /opt/ros/jade/share/pr2_description/meshes/gripper_v0/l_finger.dae
-- Up-to-date: /opt/ros/jade/share/pr2_description/meshes/gripper_v0/l_finger.stl
-- Up-to-date: /opt/ros/jade/share/pr2_description/meshes/gripper_v0/l_finger_color.tif
-- Up-to-date: /opt/ros/jade/share/pr2_description/meshes/gripper_v0/l_finger_normals.tif
-- Up-to-date: /opt/ros/jade/share/pr2_description/meshes/gripper_v0/l_finger_tip.dae
-- Up-to-date: /opt/ros/jade/share/pr2_description/meshes/gripper_v0/l_finger_tip.stl
-- Up-to-date: /opt/ros/jade/share/pr2_description/meshes/gripper_v0/l_finger_tip_color.tif
-- Up-to-date: /opt/ros/jade/share/pr2_description/meshes/gripper_v0/l_finger_tip_normals.tif
-- Up-to-date: /opt/ros/jade/share/pr2_description/meshes/gripper_v0/l_float.dae
-- Up-to-date: /opt/ros/jade/share/pr2_description/meshes/gripper_v0/l_float_color.tif
-- Up-to-date: /opt/ros/jade/share/pr2_description/meshes/gripper_v0/l_float_normals.tif
-- Up-to-date: /opt/ros/jade/share/pr2_description/meshes/gripper_v0/l_floating.stl
-- Up-to-date: /opt/ros/jade/share/pr2_description/meshes/gripper_v0/palm_H_Color_100430.tif
-- Up-to-date: /opt/ros/jade/share/pr2_description/meshes/gripper_v0/palm_H_UV_100430.dae
-- Up-to-date: /opt/ros/jade/share/pr2_description/meshes/gripper_v0/upper_finger_l.stl
-- Up-to-date: /opt/ros/jade/share/pr2_description/meshes/gripper_v0/upper_finger_r.stl
-- Up-to-date: /opt/ros/jade/share/pr2_description/meshes/head_v0
-- Up-to-date: /opt/ros/jade/share/pr2_description/meshes/head_v0/convex
-- Up-to-date: /opt/ros/jade/share/pr2_description/meshes/head_v0/convex/head_pan.dae
-- Up-to-date: /opt/ros/jade/share/pr2_description/meshes/head_v0/convex/head_pan.obj
-- Up-to-date: /opt/ros/jade/share/pr2_description/meshes/head_v0/convex/head_pan.xml
-- Up-to-date: /opt/ros/jade/share/pr2_description/meshes/head_v0/convex/head_pan_convex.iv
-- Up-to-date: /opt/ros/jade/share/pr2_description/meshes/head_v0/convex/head_pan_convex.obj
-- Up-to-date: /opt/ros/jade/share/pr2_description/meshes/head_v0/convex/head_pan_convex.stla
-- Up-to-date: /opt/ros/jade/share/pr2_description/meshes/head_v0/convex/head_pan_convex.stlb
-- Up-to-date: /opt/ros/jade/share/pr2_description/meshes/head_v0/convex/head_pan_L.dae
-- Up-to-date: /opt/ros/jade/share/pr2_description/meshes/head_v0/convex/head_pan_L.obj
-- Up-to-date: /opt/ros/jade/share/pr2_description/meshes/head_v0/convex/head_pan_L.xml
-- Up-to-date: /opt/ros/jade/share/pr2_description/meshes/head_v0/convex/head_pan_L_convex.iv
-- Up-to-date: /opt/ros/jade/share/pr2_description/meshes/head_v0/convex/head_pan_L_convex.obj
-- Up-to-date: /opt/ros/jade/share/pr2_description/meshes/head_v0/convex/head_pan_L_convex.stla
-- Up-to-date: /opt/ros/jade/share/pr2_description/meshes/head_v0/convex/head_pan_L_convex.stlb
-- Up-to-date: /opt/ros/jade/share/pr2_description/meshes/head_v0/convex/head_tilt.dae
-- Up-to-date: /opt/ros/jade/share/pr2_description/meshes/head_v0/convex/head_tilt.obj
-- Up-to-date: /opt/ros/jade/share/pr2_description/meshes/head_v0/convex/head_tilt.xml
-- Up-to-date: /opt/ros/jade/share/pr2_description/meshes/head_v0/convex/head_tilt_convex.iv
-- Up-to-date: /opt/ros/jade/share/pr2_description/meshes/head_v0/convex/head_tilt_convex.obj
-- Up-to-date: /opt/ros/jade/share/pr2_description/meshes/head_v0/convex/head_tilt_convex.stla
-- Up-to-date: /opt/ros/jade/share/pr2_description/meshes/head_v0/convex/head_tilt_convex.stlb
-- Up-to-date: /opt/ros/jade/share/pr2_description/meshes/head_v0/convex/head_tilt_L.dae
-- Up-to-date: /opt/ros/jade/share/pr2_description/meshes/head_v0/convex/head_tilt_L.obj
-- Up-to-date: /opt/ros/jade/share/pr2_description/meshes/head_v0/convex/head_tilt_L.xml
-- Up-to-date: /opt/ros/jade/share/pr2_description/meshes/head_v0/convex/head_tilt_L_convex.iv
-- Up-to-date: /opt/ros/jade/share/pr2_description/meshes/head_v0/convex/head_tilt_L_convex.obj
-- Up-to-date: /opt/ros/jade/share/pr2_description/meshes/head_v0/convex/head_tilt_L_convex.stla
-- Up-to-date: /opt/ros/jade/share/pr2_description/meshes/head_v0/convex/head_tilt_L_convex.stlb
-- Up-to-date: /opt/ros/jade/share/pr2_description/meshes/head_v0/head_pan.dae
-- Up-to-date: /opt/ros/jade/share/pr2_description/meshes/head_v0/head_pan.stl
-- Up-to-date: /opt/ros/jade/share/pr2_description/meshes/head_v0/head_pan_color.tif
-- Up-to-date: /opt/ros/jade/share/pr2_description/meshes/head_v0/head_pan_L.stl
-- Up-to-date: /opt/ros/jade/share/pr2_description/meshes/head_v0/head_pan_normals.tif
-- Up-to-date: /opt/ros/jade/share/pr2_description/meshes/head_v0/head_tilt.dae
-- Up-to-date: /opt/ros/jade/share/pr2_description/meshes/head_v0/head_tilt.stl
-- Up-to-date: /opt/ros/jade/share/pr2_description/meshes/head_v0/head_tilt_color.tif
-- Up-to-date: /opt/ros/jade/share/pr2_description/meshes/head_v0/head_tilt_color_red.tif
-- Up-to-date: /opt/ros/jade/share/pr2_description/meshes/head_v0/head_tilt_color_yellow.tif
-- Up-to-date: /opt/ros/jade/share/pr2_description/meshes/head_v0/head_tilt_green.tif
-- Up-to-date: /opt/ros/jade/share/pr2_description/meshes/head_v0/head_tilt_L.stl
-- Up-to-date: /opt/ros/jade/share/pr2_description/meshes/head_v0/head_tilt_normals.tif
-- Up-to-date: /opt/ros/jade/share/pr2_description/meshes/head_v0/iv
-- Up-to-date: /opt/ros/jade/share/pr2_description/meshes/head_v0/iv/head_pan.iv
-- Up-to-date: /opt/ros/jade/share/pr2_description/meshes/head_v0/iv/head_pan_L.iv
-- Up-to-date: /opt/ros/jade/share/pr2_description/meshes/head_v0/iv/head_tilt.iv
-- Up-to-date: /opt/ros/jade/share/pr2_description/meshes/head_v0/iv/head_tilt_L.iv
-- Up-to-date: /opt/ros/jade/share/pr2_description/meshes/sensors
-- Up-to-date: /opt/ros/jade/share/pr2_description/meshes/sensors/kinect_prosilica_v0
-- Up-to-date: /opt/ros/jade/share/pr2_description/meshes/sensors/kinect_prosilica_v0/115x100_swept_back--coarse.STL
-- Up-to-date: /opt/ros/jade/share/pr2_description/meshes/sensors/kinect_prosilica_v0/115x100_swept_back_no_sensors--coarse.STL
-- Up-to-date: /opt/ros/jade/share/pr2_description/meshes/sensors/kinect_prosilica_v0/115x100_swept_fwd--coarse.STL
-- Up-to-date: /opt/ros/jade/share/pr2_description/meshes/sensors/kinect_prosilica_v0/115x100_swept_fwd_no_sensors--coarse.STL
-- Up-to-date: /opt/ros/jade/share/pr2_description/meshes/sensors/kinect_prosilica_v0/68-04546_Kinect_Sensor--coarse.STL
-- Up-to-date: /opt/ros/jade/share/pr2_description/meshes/sensors/kinect_prosilica_v0/Prosilica_w_Lens--coarse.STL
-- Up-to-date: /opt/ros/jade/share/pr2_description/meshes/sensors/kinect_v0
-- Up-to-date: /opt/ros/jade/share/pr2_description/meshes/sensors/kinect_v0/kinect.dae
-- Up-to-date: /opt/ros/jade/share/pr2_description/meshes/sensors/kinect_v0/kinect.tga
-- Up-to-date: /opt/ros/jade/share/pr2_description/meshes/sensors/kinect_v0/kinect_color.tga
-- Up-to-date: /opt/ros/jade/share/pr2_description/meshes/sensors/kinect_v0/kinect_mount.stl
-- Up-to-date: /opt/ros/jade/share/pr2_description/meshes/shoulder_v0
-- Up-to-date: /opt/ros/jade/share/pr2_description/meshes/shoulder_v0/convex
-- Up-to-date: /opt/ros/jade/share/pr2_description/meshes/shoulder_v0/convex/shoulder_lift.dae
-- Up-to-date: /opt/ros/jade/share/pr2_description/meshes/shoulder_v0/convex/shoulder_lift.obj
-- Up-to-date: /opt/ros/jade/share/pr2_description/meshes/shoulder_v0/convex/shoulder_lift.xml
-- Up-to-date: /opt/ros/jade/share/pr2_description/meshes/shoulder_v0/convex/shoulder_lift_convex.iv
-- Up-to-date: /opt/ros/jade/share/pr2_description/meshes/shoulder_v0/convex/shoulder_lift_convex.obj
-- Up-to-date: /opt/ros/jade/share/pr2_description/meshes/shoulder_v0/convex/shoulder_lift_convex.stla
-- Up-to-date: /opt/ros/jade/share/pr2_description/meshes/shoulder_v0/convex/shoulder_lift_convex.stlb
-- Up-to-date: /opt/ros/jade/share/pr2_description/meshes/shoulder_v0/convex/shoulder_pan.dae
-- Up-to-date: /opt/ros/jade/share/pr2_description/meshes/shoulder_v0/convex/shoulder_pan.obj
-- Up-to-date: /opt/ros/jade/share/pr2_description/meshes/shoulder_v0/convex/shoulder_pan.xml
-- Up-to-date: /opt/ros/jade/share/pr2_description/meshes/shoulder_v0/convex/shoulder_pan_convex.iv
-- Up-to-date: /opt/ros/jade/share/pr2_description/meshes/shoulder_v0/convex/shoulder_pan_convex.obj
-- Up-to-date: /opt/ros/jade/share/pr2_description/meshes/shoulder_v0/convex/shoulder_pan_convex.stla
-- Up-to-date: /opt/ros/jade/share/pr2_description/meshes/shoulder_v0/convex/shoulder_pan_convex.stlb
-- Up-to-date: /opt/ros/jade/share/pr2_description/meshes/shoulder_v0/convex/shoulder_yaw.dae
-- Up-to-date: /opt/ros/jade/share/pr2_description/meshes/shoulder_v0/convex/shoulder_yaw.obj
-- Up-to-date: /opt/ros/jade/share/pr2_description/meshes/shoulder_v0/convex/shoulder_yaw.xml
-- Up-to-date: /opt/ros/jade/share/pr2_description/meshes/shoulder_v0/convex/shoulder_yaw_convex.iv
-- Up-to-date: /opt/ros/jade/share/pr2_description/meshes/shoulder_v0/convex/shoulder_yaw_convex.obj
-- Up-to-date: /opt/ros/jade/share/pr2_description/meshes/shoulder_v0/convex/shoulder_yaw_convex.stla
-- Up-to-date: /opt/ros/jade/share/pr2_description/meshes/shoulder_v0/convex/shoulder_yaw_convex.stlb
-- Up-to-date: /opt/ros/jade/share/pr2_description/meshes/shoulder_v0/convex/upper_arm_roll.dae
-- Up-to-date: /opt/ros/jade/share/pr2_description/meshes/shoulder_v0/convex/upper_arm_roll.obj
-- Up-to-date: /opt/ros/jade/share/pr2_description/meshes/shoulder_v0/convex/upper_arm_roll.xml
-- Up-to-date: /opt/ros/jade/share/pr2_description/meshes/shoulder_v0/convex/upper_arm_roll_convex.iv
-- Up-to-date: /opt/ros/jade/share/pr2_description/meshes/shoulder_v0/convex/upper_arm_roll_convex.obj
-- Up-to-date: /opt/ros/jade/share/pr2_description/meshes/shoulder_v0/convex/upper_arm_roll_convex.stla
-- Up-to-date: /opt/ros/jade/share/pr2_description/meshes/shoulder_v0/convex/upper_arm_roll_convex.stlb
-- Up-to-date: /opt/ros/jade/share/pr2_description/meshes/shoulder_v0/convex/upper_arm_roll_L.dae
-- Up-to-date: /opt/ros/jade/share/pr2_description/meshes/shoulder_v0/convex/upper_arm_roll_L.obj
-- Up-to-date: /opt/ros/jade/share/pr2_description/meshes/shoulder_v0/convex/upper_arm_roll_L.xml
-- Up-to-date: /opt/ros/jade/share/pr2_description/meshes/shoulder_v0/convex/upper_arm_roll_L_convex.iv
-- Up-to-date: /opt/ros/jade/share/pr2_description/meshes/shoulder_v0/convex/upper_arm_roll_L_convex.obj
-- Up-to-date: /opt/ros/jade/share/pr2_description/meshes/shoulder_v0/convex/upper_arm_roll_L_convex.stla
-- Up-to-date: /opt/ros/jade/share/pr2_description/meshes/shoulder_v0/convex/upper_arm_roll_L_convex.stlb
-- Up-to-date: /opt/ros/jade/share/pr2_description/meshes/shoulder_v0/iv
-- Up-to-date: /opt/ros/jade/share/pr2_description/meshes/shoulder_v0/iv/shoulder_lift.iv
-- Up-to-date: /opt/ros/jade/share/pr2_description/meshes/shoulder_v0/iv/shoulder_pan.iv
-- Up-to-date: /opt/ros/jade/share/pr2_description/meshes/shoulder_v0/iv/shoulder_yaw.iv
-- Up-to-date: /opt/ros/jade/share/pr2_description/meshes/shoulder_v0/iv/upper_arm_roll.iv
-- Up-to-date: /opt/ros/jade/share/pr2_description/meshes/shoulder_v0/iv/upper_arm_roll_L.iv
-- Up-to-date: /opt/ros/jade/share/pr2_description/meshes/shoulder_v0/shoulder_lift.dae
-- Up-to-date: /opt/ros/jade/share/pr2_description/meshes/shoulder_v0/shoulder_lift.stl
-- Up-to-date: /opt/ros/jade/share/pr2_description/meshes/shoulder_v0/shoulder_lift_color.tif
-- Up-to-date: /opt/ros/jade/share/pr2_description/meshes/shoulder_v0/shoulder_lift_normals.tif
-- Up-to-date: /opt/ros/jade/share/pr2_description/meshes/shoulder_v0/shoulder_pan.dae
-- Up-to-date: /opt/ros/jade/share/pr2_description/meshes/shoulder_v0/shoulder_pan.stl
-- Up-to-date: /opt/ros/jade/share/pr2_description/meshes/shoulder_v0/shoulder_pan_color.tif
-- Up-to-date: /opt/ros/jade/share/pr2_description/meshes/shoulder_v0/shoulder_pan_normals.tif
-- Up-to-date: /opt/ros/jade/share/pr2_description/meshes/shoulder_v0/shoulder_yaw.stl
-- Up-to-date: /opt/ros/jade/share/pr2_description/meshes/shoulder_v0/upper_arm_roll.dae
-- Up-to-date: /opt/ros/jade/share/pr2_description/meshes/shoulder_v0/upper_arm_roll.stl
-- Up-to-date: /opt/ros/jade/share/pr2_description/meshes/shoulder_v0/upper_arm_roll_color.tif
-- Up-to-date: /opt/ros/jade/share/pr2_description/meshes/shoulder_v0/upper_arm_roll_L.stl
-- Up-to-date: /opt/ros/jade/share/pr2_description/meshes/shoulder_v0/upper_arm_roll_normals.tif
-- Up-to-date: /opt/ros/jade/share/pr2_description/meshes/tilting_laser_v0
-- Up-to-date: /opt/ros/jade/share/pr2_description/meshes/tilting_laser_v0/convex
-- Up-to-date: /opt/ros/jade/share/pr2_description/meshes/tilting_laser_v0/convex/hok_tilt.dae
-- Up-to-date: /opt/ros/jade/share/pr2_description/meshes/tilting_laser_v0/convex/hok_tilt.obj
-- Up-to-date: /opt/ros/jade/share/pr2_description/meshes/tilting_laser_v0/convex/hok_tilt.xml
-- Up-to-date: /opt/ros/jade/share/pr2_description/meshes/tilting_laser_v0/convex/hok_tilt_convex.iv
-- Up-to-date: /opt/ros/jade/share/pr2_description/meshes/tilting_laser_v0/convex/hok_tilt_convex.obj
-- Up-to-date: /opt/ros/jade/share/pr2_description/meshes/tilting_laser_v0/convex/hok_tilt_convex.stla
-- Up-to-date: /opt/ros/jade/share/pr2_description/meshes/tilting_laser_v0/convex/hok_tilt_convex.stlb
-- Up-to-date: /opt/ros/jade/share/pr2_description/meshes/tilting_laser_v0/convex/tilting_hokuyo.dae
-- Up-to-date: /opt/ros/jade/share/pr2_description/meshes/tilting_laser_v0/convex/tilting_hokuyo.obj
-- Up-to-date: /opt/ros/jade/share/pr2_description/meshes/tilting_laser_v0/convex/tilting_hokuyo.xml
-- Up-to-date: /opt/ros/jade/share/pr2_description/meshes/tilting_laser_v0/convex/tilting_hokuyo_convex.iv
-- Up-to-date: /opt/ros/jade/share/pr2_description/meshes/tilting_laser_v0/convex/tilting_hokuyo_convex.obj
-- Up-to-date: /opt/ros/jade/share/pr2_description/meshes/tilting_laser_v0/convex/tilting_hokuyo_convex.stla
-- Up-to-date: /opt/ros/jade/share/pr2_description/meshes/tilting_laser_v0/convex/tilting_hokuyo_convex.stlb
-- Up-to-date: /opt/ros/jade/share/pr2_description/meshes/tilting_laser_v0/convex/tilting_hokuyo_L.dae
-- Up-to-date: /opt/ros/jade/share/pr2_description/meshes/tilting_laser_v0/convex/tilting_hokuyo_L.obj
-- Up-to-date: /opt/ros/jade/share/pr2_description/meshes/tilting_laser_v0/convex/tilting_hokuyo_L.xml
-- Up-to-date: /opt/ros/jade/share/pr2_description/meshes/tilting_laser_v0/convex/tilting_hokuyo_L_convex.iv
-- Up-to-date: /opt/ros/jade/share/pr2_description/meshes/tilting_laser_v0/convex/tilting_hokuyo_L_convex.obj
-- Up-to-date: /opt/ros/jade/share/pr2_description/meshes/tilting_laser_v0/convex/tilting_hokuyo_L_convex.stla
-- Up-to-date: /opt/ros/jade/share/pr2_description/meshes/tilting_laser_v0/convex/tilting_hokuyo_L_convex.stlb
-- Up-to-date: /opt/ros/jade/share/pr2_description/meshes/tilting_laser_v0/hok_tilt.stl
-- Up-to-date: /opt/ros/jade/share/pr2_description/meshes/tilting_laser_v0/iv
-- Up-to-date: /opt/ros/jade/share/pr2_description/meshes/tilting_laser_v0/iv/hok_tilt.iv
-- Up-to-date: /opt/ros/jade/share/pr2_description/meshes/tilting_laser_v0/iv/tilting_hokuyo.iv
-- Up-to-date: /opt/ros/jade/share/pr2_description/meshes/tilting_laser_v0/iv/tilting_hokuyo_L.iv
-- Up-to-date: /opt/ros/jade/share/pr2_description/meshes/tilting_laser_v0/tilting_hokuyo.dae
-- Up-to-date: /opt/ros/jade/share/pr2_description/meshes/tilting_laser_v0/tilting_hokuyo.stl
-- Up-to-date: /opt/ros/jade/share/pr2_description/meshes/tilting_laser_v0/tilting_hokuyo_color.tif
-- Up-to-date: /opt/ros/jade/share/pr2_description/meshes/tilting_laser_v0/tilting_hokuyo_L.stl
-- Up-to-date: /opt/ros/jade/share/pr2_description/meshes/tilting_laser_v0/tilting_hokuyo_normals.tif
-- Up-to-date: /opt/ros/jade/share/pr2_description/meshes/torso_v0
-- Up-to-date: /opt/ros/jade/share/pr2_description/meshes/torso_v0/convex
-- Up-to-date: /opt/ros/jade/share/pr2_description/meshes/torso_v0/convex/torso.dae
-- Up-to-date: /opt/ros/jade/share/pr2_description/meshes/torso_v0/convex/torso.obj
-- Up-to-date: /opt/ros/jade/share/pr2_description/meshes/torso_v0/convex/torso.xml
-- Up-to-date: /opt/ros/jade/share/pr2_description/meshes/torso_v0/convex/torso_convex.iv
-- Up-to-date: /opt/ros/jade/share/pr2_description/meshes/torso_v0/convex/torso_convex.obj
-- Up-to-date: /opt/ros/jade/share/pr2_description/meshes/torso_v0/convex/torso_convex.stla
-- Up-to-date: /opt/ros/jade/share/pr2_description/meshes/torso_v0/convex/torso_convex.stlb
-- Up-to-date: /opt/ros/jade/share/pr2_description/meshes/torso_v0/convex/torso_lift.dae
-- Up-to-date: /opt/ros/jade/share/pr2_description/meshes/torso_v0/convex/torso_lift.obj
-- Up-to-date: /opt/ros/jade/share/pr2_description/meshes/torso_v0/convex/torso_lift.xml
-- Up-to-date: /opt/ros/jade/share/pr2_description/meshes/torso_v0/convex/torso_lift_convex.iv
-- Up-to-date: /opt/ros/jade/share/pr2_description/meshes/torso_v0/convex/torso_lift_convex.obj
-- Up-to-date: /opt/ros/jade/share/pr2_description/meshes/torso_v0/convex/torso_lift_convex.stla
-- Up-to-date: /opt/ros/jade/share/pr2_description/meshes/torso_v0/convex/torso_lift_convex.stlb
-- Up-to-date: /opt/ros/jade/share/pr2_description/meshes/torso_v0/convex/torso_lift_L.dae
-- Up-to-date: /opt/ros/jade/share/pr2_description/meshes/torso_v0/convex/torso_lift_L.obj
-- Up-to-date: /opt/ros/jade/share/pr2_description/meshes/torso_v0/convex/torso_lift_L.xml
-- Up-to-date: /opt/ros/jade/share/pr2_description/meshes/torso_v0/convex/torso_lift_L_convex.iv
-- Up-to-date: /opt/ros/jade/share/pr2_description/meshes/torso_v0/convex/torso_lift_L_convex.obj
-- Up-to-date: /opt/ros/jade/share/pr2_description/meshes/torso_v0/convex/torso_lift_L_convex.stla
-- Up-to-date: /opt/ros/jade/share/pr2_description/meshes/torso_v0/convex/torso_lift_L_convex.stlb
-- Up-to-date: /opt/ros/jade/share/pr2_description/meshes/torso_v0/iv
-- Up-to-date: /opt/ros/jade/share/pr2_description/meshes/torso_v0/iv/torso.iv
-- Up-to-date: /opt/ros/jade/share/pr2_description/meshes/torso_v0/iv/torso_lift.iv
-- Up-to-date: /opt/ros/jade/share/pr2_description/meshes/torso_v0/iv/torso_lift_L.iv
-- Up-to-date: /opt/ros/jade/share/pr2_description/meshes/torso_v0/torso.stl
-- Up-to-date: /opt/ros/jade/share/pr2_description/meshes/torso_v0/torso_lift.dae
-- Up-to-date: /opt/ros/jade/share/pr2_description/meshes/torso_v0/torso_lift.stl
-- Up-to-date: /opt/ros/jade/share/pr2_description/meshes/torso_v0/torso_lift_color.tif
-- Up-to-date: /opt/ros/jade/share/pr2_description/meshes/torso_v0/torso_lift_L.stl
-- Up-to-date: /opt/ros/jade/share/pr2_description/meshes/torso_v0/torso_lift_normals.tif
-- Up-to-date: /opt/ros/jade/share/pr2_description/meshes/upper_arm_v0
-- Up-to-date: /opt/ros/jade/share/pr2_description/meshes/upper_arm_v0/convex
-- Up-to-date: /opt/ros/jade/share/pr2_description/meshes/upper_arm_v0/convex/elbow_flex.dae
-- Up-to-date: /opt/ros/jade/share/pr2_description/meshes/upper_arm_v0/convex/elbow_flex.obj
-- Up-to-date: /opt/ros/jade/share/pr2_description/meshes/upper_arm_v0/convex/elbow_flex.xml
-- Up-to-date: /opt/ros/jade/share/pr2_description/meshes/upper_arm_v0/convex/elbow_flex_convex.iv
-- Up-to-date: /opt/ros/jade/share/pr2_description/meshes/upper_arm_v0/convex/elbow_flex_convex.obj
-- Up-to-date: /opt/ros/jade/share/pr2_description/meshes/upper_arm_v0/convex/elbow_flex_convex.stla
-- Up-to-date: /opt/ros/jade/share/pr2_description/meshes/upper_arm_v0/convex/elbow_flex_convex.stlb
-- Up-to-date: /opt/ros/jade/share/pr2_description/meshes/upper_arm_v0/convex/forearm_roll.dae
-- Up-to-date: /opt/ros/jade/share/pr2_description/meshes/upper_arm_v0/convex/forearm_roll.obj
-- Up-to-date: /opt/ros/jade/share/pr2_description/meshes/upper_arm_v0/convex/forearm_roll.xml
-- Up-to-date: /opt/ros/jade/share/pr2_description/meshes/upper_arm_v0/convex/forearm_roll_convex.iv
-- Up-to-date: /opt/ros/jade/share/pr2_description/meshes/upper_arm_v0/convex/forearm_roll_convex.obj
-- Up-to-date: /opt/ros/jade/share/pr2_description/meshes/upper_arm_v0/convex/forearm_roll_convex.stla
-- Up-to-date: /opt/ros/jade/share/pr2_description/meshes/upper_arm_v0/convex/forearm_roll_convex.stlb
-- Up-to-date: /opt/ros/jade/share/pr2_description/meshes/upper_arm_v0/convex/forearm_roll_L.dae
-- Up-to-date: /opt/ros/jade/share/pr2_description/meshes/upper_arm_v0/convex/forearm_roll_L.obj
-- Up-to-date: /opt/ros/jade/share/pr2_description/meshes/upper_arm_v0/convex/forearm_roll_L.xml
-- Up-to-date: /opt/ros/jade/share/pr2_description/meshes/upper_arm_v0/convex/forearm_roll_L_convex.iv
-- Up-to-date: /opt/ros/jade/share/pr2_description/meshes/upper_arm_v0/convex/forearm_roll_L_convex.obj
-- Up-to-date: /opt/ros/jade/share/pr2_description/meshes/upper_arm_v0/convex/forearm_roll_L_convex.stla
-- Up-to-date: /opt/ros/jade/share/pr2_description/meshes/upper_arm_v0/convex/forearm_roll_L_convex.stlb
-- Up-to-date: /opt/ros/jade/share/pr2_description/meshes/upper_arm_v0/convex/upper_arm.dae
-- Up-to-date: /opt/ros/jade/share/pr2_description/meshes/upper_arm_v0/convex/upper_arm.obj
-- Up-to-date: /opt/ros/jade/share/pr2_description/meshes/upper_arm_v0/convex/upper_arm.xml
-- Up-to-date: /opt/ros/jade/share/pr2_description/meshes/upper_arm_v0/convex/upper_arm_convex.iv
-- Up-to-date: /opt/ros/jade/share/pr2_description/meshes/upper_arm_v0/convex/upper_arm_convex.obj
-- Up-to-date: /opt/ros/jade/share/pr2_description/meshes/upper_arm_v0/convex/upper_arm_convex.stla
-- Up-to-date: /opt/ros/jade/share/pr2_description/meshes/upper_arm_v0/convex/upper_arm_convex.stlb
-- Up-to-date: /opt/ros/jade/share/pr2_description/meshes/upper_arm_v0/elbow_flex.dae
-- Up-to-date: /opt/ros/jade/share/pr2_description/meshes/upper_arm_v0/elbow_flex.stl
-- Up-to-date: /opt/ros/jade/share/pr2_description/meshes/upper_arm_v0/elbow_flex_color.tif
-- Up-to-date: /opt/ros/jade/share/pr2_description/meshes/upper_arm_v0/elbow_flex_normals.tif
-- Up-to-date: /opt/ros/jade/share/pr2_description/meshes/upper_arm_v0/forearm_roll.stl
-- Up-to-date: /opt/ros/jade/share/pr2_description/meshes/upper_arm_v0/forearm_roll_L.stl
-- Up-to-date: /opt/ros/jade/share/pr2_description/meshes/upper_arm_v0/iv
-- Up-to-date: /opt/ros/jade/share/pr2_description/meshes/upper_arm_v0/iv/elbow_flex.iv
-- Up-to-date: /opt/ros/jade/share/pr2_description/meshes/upper_arm_v0/iv/forearm_roll.iv
-- Up-to-date: /opt/ros/jade/share/pr2_description/meshes/upper_arm_v0/iv/forearm_roll_L.iv
-- Up-to-date: /opt/ros/jade/share/pr2_description/meshes/upper_arm_v0/iv/upper_arm.iv
-- Up-to-date: /opt/ros/jade/share/pr2_description/meshes/upper_arm_v0/upper_arm.dae
-- Up-to-date: /opt/ros/jade/share/pr2_description/meshes/upper_arm_v0/upper_arm.jpg
-- Up-to-date: /opt/ros/jade/share/pr2_description/meshes/upper_arm_v0/upper_arm.stl
-- Up-to-date: /opt/ros/jade/share/pr2_description/meshes/upper_arm_v0/upper_arm_color.tif
-- Up-to-date: /opt/ros/jade/share/pr2_description/meshes/upper_arm_v0/upper_arm_normals.tif
-- Up-to-date: /opt/ros/jade/share/pr2_description/gazebo
-- Up-to-date: /opt/ros/jade/share/pr2_description/gazebo/gazebo.urdf.xacro
-- Up-to-date: /opt/ros/jade/share/pr2_description/materials
-- Up-to-date: /opt/ros/jade/share/pr2_description/materials/textures
-- Up-to-date: /opt/ros/jade/share/pr2_description/materials/textures/pr2_caster_texture.png
-- Up-to-date: /opt/ros/jade/share/pr2_description/materials/textures/pr2_wheel_left.png
-- Up-to-date: /opt/ros/jade/share/pr2_description/materials/textures/pr2_wheel_right.png
-- Up-to-date: /opt/ros/jade/share/pr2_description/robots
-- Up-to-date: /opt/ros/jade/share/pr2_description/robots/pr2.urdf.xacro
-- Up-to-date: /opt/ros/jade/share/pr2_description/robots/pr2_no_arms.urdf.xacro
-- Up-to-date: /opt/ros/jade/share/pr2_description/robots/pr2_no_kinect.urdf.xacro
-- Up-to-date: /opt/ros/jade/share/pr2_description/robots/pr2_se.urdf.xacro
-- Up-to-date: /opt/ros/jade/share/pr2_description/robots/README
-- Up-to-date: /opt/ros/jade/share/pr2_description/robots/upload_pr2.launch
-- Up-to-date: /opt/ros/jade/share/pr2_description/documents
-- Up-to-date: /opt/ros/jade/share/pr2_description/documents/090224_link_data_with_motor_info.xls
-- Up-to-date: /opt/ros/jade/share/pr2_description/documents/100416_floating_link.ppt
-- Up-to-date: /opt/ros/jade/share/pr2_description/documents/head_pan_and_tilt_mass_props.zip
-- Up-to-date: /opt/ros/jade/share/pr2_description/urdf
-- Up-to-date: /opt/ros/jade/share/pr2_description/urdf/base_v0
-- Up-to-date: /opt/ros/jade/share/pr2_description/urdf/base_v0/base.gazebo.xacro
-- Up-to-date: /opt/ros/jade/share/pr2_description/urdf/base_v0/base.transmission.xacro
-- Up-to-date: /opt/ros/jade/share/pr2_description/urdf/base_v0/base.urdf.xacro
-- Up-to-date: /opt/ros/jade/share/pr2_description/urdf/common.xacro
-- Up-to-date: /opt/ros/jade/share/pr2_description/urdf/forearm_v0
-- Up-to-date: /opt/ros/jade/share/pr2_description/urdf/forearm_v0/forearm.gazebo.xacro
-- Up-to-date: /opt/ros/jade/share/pr2_description/urdf/forearm_v0/forearm.transmission.xacro
-- Up-to-date: /opt/ros/jade/share/pr2_description/urdf/forearm_v0/forearm.urdf.xacro
-- Up-to-date: /opt/ros/jade/share/pr2_description/urdf/gripper_v0
-- Up-to-date: /opt/ros/jade/share/pr2_description/urdf/gripper_v0/gripper.gazebo.xacro
-- Up-to-date: /opt/ros/jade/share/pr2_description/urdf/gripper_v0/gripper.transmission.xacro
-- Up-to-date: /opt/ros/jade/share/pr2_description/urdf/gripper_v0/gripper.urdf.xacro
-- Up-to-date: /opt/ros/jade/share/pr2_description/urdf/head_v0
-- Up-to-date: /opt/ros/jade/share/pr2_description/urdf/head_v0/head.gazebo.xacro
-- Up-to-date: /opt/ros/jade/share/pr2_description/urdf/head_v0/head.transmission.xacro
-- Up-to-date: /opt/ros/jade/share/pr2_description/urdf/head_v0/head.urdf.xacro
-- Up-to-date: /opt/ros/jade/share/pr2_description/urdf/materials.urdf.xacro
-- Up-to-date: /opt/ros/jade/share/pr2_description/urdf/sensors
-- Up-to-date: /opt/ros/jade/share/pr2_description/urdf/sensors/double_stereo_camera.gazebo.xacro
-- Up-to-date: /opt/ros/jade/share/pr2_description/urdf/sensors/double_stereo_camera.urdf.xacro
-- Up-to-date: /opt/ros/jade/share/pr2_description/urdf/sensors/head_sensor_package.gazebo.xacro
-- Up-to-date: /opt/ros/jade/share/pr2_description/urdf/sensors/head_sensor_package.urdf.xacro
-- Up-to-date: /opt/ros/jade/share/pr2_description/urdf/sensors/hokuyo_lx30_laser.gazebo.xacro
-- Up-to-date: /opt/ros/jade/share/pr2_description/urdf/sensors/hokuyo_lx30_laser.urdf.xacro
-- Up-to-date: /opt/ros/jade/share/pr2_description/urdf/sensors/kinect_camera.gazebo.xacro
-- Up-to-date: /opt/ros/jade/share/pr2_description/urdf/sensors/kinect_camera.urdf.xacro
-- Up-to-date: /opt/ros/jade/share/pr2_description/urdf/sensors/kinect_prosilica_camera.gazebo.xacro
-- Up-to-date: /opt/ros/jade/share/pr2_description/urdf/sensors/kinect_prosilica_camera.urdf.xacro
-- Up-to-date: /opt/ros/jade/share/pr2_description/urdf/sensors/microstrain_3dmgx2_imu.gazebo.xacro
-- Up-to-date: /opt/ros/jade/share/pr2_description/urdf/sensors/microstrain_3dmgx2_imu.urdf.xacro
-- Up-to-date: /opt/ros/jade/share/pr2_description/urdf/sensors/projector_wg6802418.gazebo.xacro
-- Up-to-date: /opt/ros/jade/share/pr2_description/urdf/sensors/projector_wg6802418.urdf.xacro
-- Up-to-date: /opt/ros/jade/share/pr2_description/urdf/sensors/prosilica_gc2450_camera.gazebo.xacro
-- Up-to-date: /opt/ros/jade/share/pr2_description/urdf/sensors/prosilica_gc2450_camera.urdf.xacro
-- Up-to-date: /opt/ros/jade/share/pr2_description/urdf/sensors/stereo_camera.gazebo.xacro
-- Up-to-date: /opt/ros/jade/share/pr2_description/urdf/sensors/stereo_camera.urdf.xacro
-- Up-to-date: /opt/ros/jade/share/pr2_description/urdf/sensors/wge100_camera.gazebo.xacro
-- Up-to-date: /opt/ros/jade/share/pr2_description/urdf/sensors/wge100_camera.urdf.xacro
-- Up-to-date: /opt/ros/jade/share/pr2_description/urdf/shoulder_v0
-- Up-to-date: /opt/ros/jade/share/pr2_description/urdf/shoulder_v0/shoulder.gazebo.xacro
-- Up-to-date: /opt/ros/jade/share/pr2_description/urdf/shoulder_v0/shoulder.transmission.xacro
-- Up-to-date: /opt/ros/jade/share/pr2_description/urdf/shoulder_v0/shoulder.urdf.xacro
-- Up-to-date: /opt/ros/jade/share/pr2_description/urdf/tilting_laser_v0
-- Up-to-date: /opt/ros/jade/share/pr2_description/urdf/tilting_laser_v0/tilting_laser.gazebo.xacro
-- Up-to-date: /opt/ros/jade/share/pr2_description/urdf/tilting_laser_v0/tilting_laser.transmission.xacro
-- Up-to-date: /opt/ros/jade/share/pr2_description/urdf/tilting_laser_v0/tilting_laser.urdf.xacro
-- Up-to-date: /opt/ros/jade/share/pr2_description/urdf/torso_v0
-- Up-to-date: /opt/ros/jade/share/pr2_description/urdf/torso_v0/torso.gazebo.xacro
-- Up-to-date: /opt/ros/jade/share/pr2_description/urdf/torso_v0/torso.transmission.xacro
-- Up-to-date: /opt/ros/jade/share/pr2_description/urdf/torso_v0/torso.urdf.xacro
-- Up-to-date: /opt/ros/jade/share/pr2_description/urdf/upper_arm_v0
-- Up-to-date: /opt/ros/jade/share/pr2_description/urdf/upper_arm_v0/upper_arm.gazebo.xacro
-- Up-to-date: /opt/ros/jade/share/pr2_description/urdf/upper_arm_v0/upper_arm.transmission.xacro
-- Up-to-date: /opt/ros/jade/share/pr2_description/urdf/upper_arm_v0/upper_arm.urdf.xacro
[[36mpr2_description[0m] [32m<==[0m '[1m/Users/adityabhat/Downloads/build/pr2_description/build_env.sh /usr/bin/make install[0m' finished with return code '[1m0[0m'[0m
