[[36mrobot_state_publisher[0m] [1m[34m==>[0m '[1m/Users/adityabhat/Downloads/build/robot_state_publisher/build_env.sh /usr/local/bin/cmake /Users/adityabhat/Downloads/src/robot_state_publisher -DCATKIN_DEVEL_PREFIX=/Users/adityabhat/Downloads/devel -DCMAKE_INSTALL_PREFIX=/opt/ros/jade -DCMAKE_BUILD_TYPE=Release -DPYTHON_LIBRARY=/usr/local/Cellar/python/2.7.11/Frameworks/Python.framework/Versions/2.7/lib/libpython2.7.dylib -DPYTHON_INCLUDE_DIR=/usr/local/Cellar/python/2.7.11/Frameworks/Python.framework/Versions/2.7/include/python2.7[0m' [30m[1min[0m '[1m/Users/adityabhat/Downloads/build/robot_state_publisher[0m'[0m
[36m-- [0mThe C compiler identification is AppleClang 7.0.2.7000181
[0m[36m-- [0mThe CXX compiler identification is AppleClang 7.0.2.7000181
[0m[36m-- [0mCheck for working C compiler:[33m /Applications/Xcode.app/Contents/Developer/Toolchains/XcodeDefault.xctoolchain/usr/bin/cc
[0m[0m[36m-- [0mCheck for working C compiler:[33m /Applications/Xcode.app/Contents/Developer/Toolchains/XcodeDefault.xctoolchain/usr/bin/cc -- works
[0m[0m[36m-- [0mDetecting C compiler ABI info
[0m[36m-- [0mDetecting C compiler ABI info - done
[0m[36m-- [0mDetecting C compile features
[0m[36m-- [0mDetecting C compile features - done
[0m[36m-- [0mCheck for working CXX compiler:[33m /Applications/Xcode.app/Contents/Developer/Toolchains/XcodeDefault.xctoolchain/usr/bin/c++
[0m[0m[36m-- [0mCheck for working CXX compiler:[33m /Applications/Xcode.app/Contents/Developer/Toolchains/XcodeDefault.xctoolchain/usr/bin/c++ -- works
[0m[0m[36m-- [0mDetecting CXX compiler ABI info
[0m[36m-- [0mDetecting CXX compiler ABI info - done
[0m[36m-- [0mDetecting CXX compile features
[0m[36m-- [0mDetecting CXX compile features - done
[0m[36m-- [0mUsing CATKIN_DEVEL_PREFIX:[33m /Users/adityabhat/Downloads/devel
[0m[0m[36m-- [0mUsing CMAKE_PREFIX_PATH:[33m /opt/ros/jade
[0m[0m[36m-- [0mThis workspace overlays:[33m /opt/ros/jade
[0m[0m[36m-- [0mFound PythonInterp:[33m /usr/bin/python (found version "2.7.10") 
[0m[0m[36m-- [0mUsing PYTHON_EXECUTABLE:[33m /usr/bin/python
[0m[0m[36m-- [0mUsing default Python package layout
[0m[36m-- [0mFound PY_em:[33m /usr/local/lib/python2.7/site-packages/em.pyc  
[0m[0m[36m-- [0mUsing empy:[33m /usr/local/lib/python2.7/site-packages/em.pyc
[0m[0m[36m-- [0mUsing CATKIN_ENABLE_TESTING:[33m ON
[0m[0m[36m-- [0mCall enable_testing()
[0m[36m-- [0mUsing CATKIN_TEST_RESULTS_DIR:[33m /Users/adityabhat/Downloads/build/robot_state_publisher/test_results
[0m[0m[36m-- [0mFound gtest:[33m gtests will be built
[0m[0m[33m[1mCMake Warning[0m at /opt/ros/jade/share/catkin/cmake/test/nosetests.cmake:98 (message):
[0m  nosetests not found, Python tests can not be run (try installing package
[0m  'python-nose')
[0m[36m[4mCall Stack (most recent call first):[0m
[0m  /opt/ros/jade/share/catkin/cmake/all.cmake:147 (include)
[0m  /opt/ros/jade/share/catkin/cmake/catkinConfig.cmake:20 (include)
[0m  CMakeLists.txt:5 (find_package)
[0m
[0m[36m-- [0mcatkin 0.6.16
[0m[36m-- [0mUsing these message generators:[33m gencpp;geneus;genlisp;genpy
[0m[0m[36m-- [0mFound PkgConfig:[33m /usr/local/bin/pkg-config (found version "0.29") 
[0m[0m[36m-- [0mChecking for module 'eigen3'
[0m[36m-- [0m  Found eigen3, version 3.2.8
[0m[33m[1mCMake Warning[0m at /Users/adityabhat/Downloads/src/cmake_modules/cmake/Modules/FindEigen.cmake:62 (message):
[0m  The FindEigen.cmake Module in the cmake_modules package is deprecated.
[0m
[0m  Please use the FindEigen3.cmake Module provided with Eigen.  Change
[0m  instances of find_package(Eigen) to find_package(Eigen3).  Check the
[0m  FindEigen3.cmake Module for the resulting CMake variable names.
[0m
[0m[36m[4mCall Stack (most recent call first):[0m
[0m  CMakeLists.txt:8 (find_package)
[0m
[0m
[0m[36m-- [0mFound Eigen:[33m /usr/local/Cellar/eigen/3.2.8/include/eigen3  
[0m[0m[36m-- [0mEigen found (include:[33m /usr/local/Cellar/eigen/3.2.8/include/eigen3)
[0m[0m[36m-- [0mConfiguring done
[0m[33m[1mCMake Warning[0m (dev):
[0m  Policy CMP0042 is not set: MACOSX_RPATH is enabled by default.  Run "cmake
[0m  --help-policy CMP0042" for policy details.  Use the cmake_policy command to
[0m  set the policy and suppress this warning.
[0m
[0m  MACOSX_RPATH is not specified for the following targets:
[0m
[0m   robot_state_publisher_solver
[0m
[0mThis warning is for project developers.  Use -Wno-dev to suppress it.
[0m
[0m[36m-- [0mGenerating done
[0m[33m[1mCMake Warning[0m:
[0m  Manually-specified variables were not used by the project:
[0m
[0m    PYTHON_INCLUDE_DIR
[0m    PYTHON_LIBRARY
[0m
[0m
[0m[36m-- [0mBuild files have been written to:[33m /Users/adityabhat/Downloads/build/robot_state_publisher
[0m[0m[[36mrobot_state_publisher[0m] [32m<==[0m '[1m/Users/adityabhat/Downloads/build/robot_state_publisher/build_env.sh /usr/local/bin/cmake /Users/adityabhat/Downloads/src/robot_state_publisher -DCATKIN_DEVEL_PREFIX=/Users/adityabhat/Downloads/devel -DCMAKE_INSTALL_PREFIX=/opt/ros/jade -DCMAKE_BUILD_TYPE=Release -DPYTHON_LIBRARY=/usr/local/Cellar/python/2.7.11/Frameworks/Python.framework/Versions/2.7/lib/libpython2.7.dylib -DPYTHON_INCLUDE_DIR=/usr/local/Cellar/python/2.7.11/Frameworks/Python.framework/Versions/2.7/include/python2.7[0m' finished with return code '[1m0[0m'[0m
[[36mrobot_state_publisher[0m] [1m[34m==>[0m '[1m/Users/adityabhat/Downloads/build/robot_state_publisher/build_env.sh /usr/bin/make --jobserver-fds=3,4 -j[0m' [30m[1min[0m '[1m/Users/adityabhat/Downloads/build/robot_state_publisher[0m'[0m
[35m[1mScanning dependencies of target robot_state_publisher_solver[0m
[ 14%] [32mBuilding CXX object CMakeFiles/robot_state_publisher_solver.dir/src/robot_state_publisher.cpp.o[0m
[ 28%] [32mBuilding CXX object CMakeFiles/robot_state_publisher_solver.dir/src/treefksolverposfull_recursive.cpp.o[0m
[ 42%] [32m[1mLinking CXX shared library /Users/adityabhat/Downloads/devel/lib/librobot_state_publisher_solver.dylib[0m
[ 42%] Built target robot_state_publisher_solver
[35m[1mScanning dependencies of target robot_state_publisher[0m
[35m[1mScanning dependencies of target state_publisher[0m
[ 57%] [32mBuilding CXX object CMakeFiles/robot_state_publisher.dir/src/joint_state_listener.cpp.o[0m
[ 71%] [32mBuilding CXX object CMakeFiles/state_publisher.dir/src/joint_state_listener.cpp.o[0m
[ 85%] [32m[1mLinking CXX executable /Users/adityabhat/Downloads/devel/lib/robot_state_publisher/state_publisher[0m
[100%] [32m[1mLinking CXX executable /Users/adityabhat/Downloads/devel/lib/robot_state_publisher/robot_state_publisher[0m
[100%] Built target state_publisher
[100%] Built target robot_state_publisher
[[36mrobot_state_publisher[0m] [32m<==[0m '[1m/Users/adityabhat/Downloads/build/robot_state_publisher/build_env.sh /usr/bin/make --jobserver-fds=3,4 -j[0m' finished with return code '[1m0[0m'[0m
[[36mrobot_state_publisher[0m] [1m[34m==>[0m '[1m/Users/adityabhat/Downloads/build/robot_state_publisher/build_env.sh /usr/bin/make install[0m' [30m[1min[0m '[1m/Users/adityabhat/Downloads/build/robot_state_publisher[0m'[0m
[ 42%] Built target robot_state_publisher_solver
[ 71%] Built target robot_state_publisher
[100%] Built target state_publisher
[36mInstall the project...[0m
-- Install configuration: "Release"
-- Installing: /opt/ros/jade/_setup_util.py
-- Installing: /opt/ros/jade/env.sh
-- Installing: /opt/ros/jade/setup.bash
-- Installing: /opt/ros/jade/setup.sh
-- Installing: /opt/ros/jade/setup.zsh
-- Installing: /opt/ros/jade/.rosinstall
-- Installing: /opt/ros/jade/lib/pkgconfig/robot_state_publisher.pc
-- Installing: /opt/ros/jade/share/robot_state_publisher/cmake/robot_state_publisherConfig.cmake
-- Installing: /opt/ros/jade/share/robot_state_publisher/cmake/robot_state_publisherConfig-version.cmake
-- Installing: /opt/ros/jade/share/robot_state_publisher/package.xml
-- Installing: /opt/ros/jade/share/robot_state_publisher/test/one_link.urdf
-- Installing: /opt/ros/jade/share/robot_state_publisher/test/pr2.urdf
-- Installing: /opt/ros/jade/share/robot_state_publisher/test/two_links_fixed_joint.urdf
-- Installing: /opt/ros/jade/share/robot_state_publisher/test/two_links_moving_joint.urdf
-- Installing: /opt/ros/jade/lib/librobot_state_publisher_solver.dylib
-- Installing: /opt/ros/jade/lib/robot_state_publisher/robot_state_publisher
-- Installing: /opt/ros/jade/lib/robot_state_publisher/state_publisher
-- Installing: /opt/ros/jade/include/robot_state_publisher
-- Installing: /opt/ros/jade/include/robot_state_publisher/joint_state_listener.h
-- Installing: /opt/ros/jade/include/robot_state_publisher/robot_state_publisher.h
-- Installing: /opt/ros/jade/include/robot_state_publisher/treefksolverposfull_recursive.hpp
[[36mrobot_state_publisher[0m] [32m<==[0m '[1m/Users/adityabhat/Downloads/build/robot_state_publisher/build_env.sh /usr/bin/make install[0m' finished with return code '[1m0[0m'[0m
