[[36mrosbag[0m] [1m[34m==>[0m '[1m/Users/adityabhat/Downloads/build/rosbag/build_env.sh /usr/bin/make cmake_check_build_system[0m' [30m[1min[0m '[1m/Users/adityabhat/Downloads/build/rosbag[0m'[0m
[[36mrosbag[0m] [32m<==[0m '[1m/Users/adityabhat/Downloads/build/rosbag/build_env.sh /usr/bin/make cmake_check_build_system[0m' finished with return code '[1m0[0m'[0m
[[36mrosbag[0m] [1m[34m==>[0m '[1m/Users/adityabhat/Downloads/build/rosbag/build_env.sh /usr/bin/make --jobserver-fds=3,4 -j[0m' [30m[1min[0m '[1m/Users/adityabhat/Downloads/build/rosbag[0m'[0m
[ 50%] Built target rosbag
[ 75%] Built target play
[100%] Built target record
[[36mrosbag[0m] [32m<==[0m '[1m/Users/adityabhat/Downloads/build/rosbag/build_env.sh /usr/bin/make --jobserver-fds=3,4 -j[0m' finished with return code '[1m0[0m'[0m
[[36mrosbag[0m] [1m[34m==>[0m '[1m/Users/adityabhat/Downloads/build/rosbag/build_env.sh /usr/bin/make install[0m' [30m[1min[0m '[1m/Users/adityabhat/Downloads/build/rosbag[0m'[0m
[ 50%] Built target rosbag
[ 75%] Built target play
[100%] Built target record
[36mInstall the project...[0m
-- Install configuration: "Release"
-- Installing: /opt/ros/jade/_setup_util.py
-- Installing: /opt/ros/jade/env.sh
-- Installing: /opt/ros/jade/setup.bash
-- Installing: /opt/ros/jade/setup.sh
-- Installing: /opt/ros/jade/setup.zsh
-- Installing: /opt/ros/jade/.rosinstall
+ cd /Users/adityabhat/Downloads/src/ros_comm/rosbag
+ /usr/bin/env PYTHONPATH=/opt/ros/jade/lib/python2.7/site-packages:/Users/adityabhat/Downloads/build/rosbag/lib/python2.7/site-packages:/opt/ros/jade/lib/python2.7/site-packages CATKIN_BINARY_DIR=/Users/adityabhat/Downloads/build/rosbag /usr/bin/python /Users/adityabhat/Downloads/src/ros_comm/rosbag/setup.py build --build-base /Users/adityabhat/Downloads/build/rosbag install --prefix=/opt/ros/jade --install-scripts=/opt/ros/jade/bin
running build
running build_py
running build_scripts
running install
running install_lib
running install_scripts
changing mode of /opt/ros/jade/bin/rosbag to 755
running install_egg_info
Removing /opt/ros/jade/lib/python2.7/site-packages/rosbag-1.11.16-py2.7.egg-info
Writing /opt/ros/jade/lib/python2.7/site-packages/rosbag-1.11.16-py2.7.egg-info
-- Up-to-date: /opt/ros/jade/lib/pkgconfig/rosbag.pc
-- Up-to-date: /opt/ros/jade/share/rosbag/cmake/rosbagConfig.cmake
-- Up-to-date: /opt/ros/jade/share/rosbag/cmake/rosbagConfig-version.cmake
-- Up-to-date: /opt/ros/jade/share/rosbag/package.xml
-- Up-to-date: /opt/ros/jade/include/rosbag
-- Up-to-date: /opt/ros/jade/include/rosbag/player.h
-- Up-to-date: /opt/ros/jade/include/rosbag/recorder.h
-- Up-to-date: /opt/ros/jade/include/rosbag/time_translator.h
-- Installing: /opt/ros/jade/lib/librosbag.dylib
-- Installing: /opt/ros/jade/lib/rosbag/record
-- Installing: /opt/ros/jade/lib/rosbag/play
-- Up-to-date: /opt/ros/jade/lib/rosbag/bag2png.py
-- Up-to-date: /opt/ros/jade/lib/rosbag/bagsort.py
-- Up-to-date: /opt/ros/jade/lib/rosbag/fastrebag.py
-- Up-to-date: /opt/ros/jade/lib/rosbag/fixbag.py
-- Up-to-date: /opt/ros/jade/lib/rosbag/fixbag_batch.py
-- Up-to-date: /opt/ros/jade/lib/rosbag/fix_md5sums.py
-- Up-to-date: /opt/ros/jade/lib/rosbag/fix_moved_messages.py
-- Up-to-date: /opt/ros/jade/lib/rosbag/fix_msg_defs.py
-- Up-to-date: /opt/ros/jade/lib/rosbag/makerule.py
-- Up-to-date: /opt/ros/jade/lib/rosbag/savemsg.py
-- Up-to-date: /opt/ros/jade/lib/rosbag/topic_renamer.py
[[36mrosbag[0m] [32m<==[0m '[1m/Users/adityabhat/Downloads/build/rosbag/build_env.sh /usr/bin/make install[0m' finished with return code '[1m0[0m'[0m
