[[36mroscpp_serialization[0m] [1m[34m==>[0m '[1m/Users/adityabhat/Downloads/build/roscpp_serialization/build_env.sh /usr/bin/make cmake_check_build_system[0m' [30m[1min[0m '[1m/Users/adityabhat/Downloads/build/roscpp_serialization[0m'[0m
[[36mroscpp_serialization[0m] [32m<==[0m '[1m/Users/adityabhat/Downloads/build/roscpp_serialization/build_env.sh /usr/bin/make cmake_check_build_system[0m' finished with return code '[1m0[0m'[0m
[[36mroscpp_serialization[0m] [1m[34m==>[0m '[1m/Users/adityabhat/Downloads/build/roscpp_serialization/build_env.sh /usr/bin/make --jobserver-fds=3,4 -j[0m' [30m[1min[0m '[1m/Users/adityabhat/Downloads/build/roscpp_serialization[0m'[0m
[100%] Built target roscpp_serialization
[[36mroscpp_serialization[0m] [32m<==[0m '[1m/Users/adityabhat/Downloads/build/roscpp_serialization/build_env.sh /usr/bin/make --jobserver-fds=3,4 -j[0m' finished with return code '[1m0[0m'[0m
[[36mroscpp_serialization[0m] [1m[34m==>[0m '[1m/Users/adityabhat/Downloads/build/roscpp_serialization/build_env.sh /usr/bin/make install[0m' [30m[1min[0m '[1m/Users/adityabhat/Downloads/build/roscpp_serialization[0m'[0m
[100%] Built target roscpp_serialization
[36mInstall the project...[0m
-- Install configuration: "Release"
-- Installing: /opt/ros/jade/_setup_util.py
-- Installing: /opt/ros/jade/env.sh
-- Installing: /opt/ros/jade/setup.bash
-- Installing: /opt/ros/jade/setup.sh
-- Installing: /opt/ros/jade/setup.zsh
-- Installing: /opt/ros/jade/.rosinstall
-- Up-to-date: /opt/ros/jade/lib/pkgconfig/roscpp_serialization.pc
-- Up-to-date: /opt/ros/jade/share/roscpp_serialization/cmake/roscpp_serializationConfig.cmake
-- Up-to-date: /opt/ros/jade/share/roscpp_serialization/cmake/roscpp_serializationConfig-version.cmake
-- Up-to-date: /opt/ros/jade/share/roscpp_serialization/package.xml
-- Installing: /opt/ros/jade/lib/libroscpp_serialization.dylib
-- Up-to-date: /opt/ros/jade/include
-- Up-to-date: /opt/ros/jade/include/ros
-- Up-to-date: /opt/ros/jade/include/ros/roscpp_serialization_macros.h
-- Up-to-date: /opt/ros/jade/include/ros/serialization.h
-- Up-to-date: /opt/ros/jade/include/ros/serialized_message.h
[[36mroscpp_serialization[0m] [32m<==[0m '[1m/Users/adityabhat/Downloads/build/roscpp_serialization/build_env.sh /usr/bin/make install[0m' finished with return code '[1m0[0m'[0m
