[[36mrosconsole_bridge[0m] [1m[34m==>[0m '[1m/Users/adityabhat/Downloads/build/rosconsole_bridge/build_env.sh /usr/bin/make cmake_check_build_system[0m' [30m[1min[0m '[1m/Users/adityabhat/Downloads/build/rosconsole_bridge[0m'[0m
[[36mrosconsole_bridge[0m] [32m<==[0m '[1m/Users/adityabhat/Downloads/build/rosconsole_bridge/build_env.sh /usr/bin/make cmake_check_build_system[0m' finished with return code '[1m0[0m'[0m
[[36mrosconsole_bridge[0m] [1m[34m==>[0m '[1m/Users/adityabhat/Downloads/build/rosconsole_bridge/build_env.sh /usr/bin/make --jobserver-fds=3,4 -j[0m' [30m[1min[0m '[1m/Users/adityabhat/Downloads/build/rosconsole_bridge[0m'[0m
[100%] Built target rosconsole_bridge
[[36mrosconsole_bridge[0m] [32m<==[0m '[1m/Users/adityabhat/Downloads/build/rosconsole_bridge/build_env.sh /usr/bin/make --jobserver-fds=3,4 -j[0m' finished with return code '[1m0[0m'[0m
[[36mrosconsole_bridge[0m] [1m[34m==>[0m '[1m/Users/adityabhat/Downloads/build/rosconsole_bridge/build_env.sh /usr/bin/make install[0m' [30m[1min[0m '[1m/Users/adityabhat/Downloads/build/rosconsole_bridge[0m'[0m
[100%] Built target rosconsole_bridge
[36mInstall the project...[0m
-- Install configuration: "Release"
-- Installing: /opt/ros/jade/_setup_util.py
-- Installing: /opt/ros/jade/env.sh
-- Installing: /opt/ros/jade/setup.bash
-- Installing: /opt/ros/jade/setup.sh
-- Installing: /opt/ros/jade/setup.zsh
-- Installing: /opt/ros/jade/.rosinstall
-- Up-to-date: /opt/ros/jade/lib/pkgconfig/rosconsole_bridge.pc
-- Up-to-date: /opt/ros/jade/share/rosconsole_bridge/cmake/rosconsole_bridgeConfig.cmake
-- Up-to-date: /opt/ros/jade/share/rosconsole_bridge/cmake/rosconsole_bridgeConfig-version.cmake
-- Up-to-date: /opt/ros/jade/share/rosconsole_bridge/package.xml
-- Installing: /opt/ros/jade/lib/librosconsole_bridge.dylib
-- Up-to-date: /opt/ros/jade/include
-- Up-to-date: /opt/ros/jade/include/rosconsole_bridge
-- Up-to-date: /opt/ros/jade/include/rosconsole_bridge/bridge.h
[[36mrosconsole_bridge[0m] [32m<==[0m '[1m/Users/adityabhat/Downloads/build/rosconsole_bridge/build_env.sh /usr/bin/make install[0m' finished with return code '[1m0[0m'[0m
