[[36mrosgraph_msgs[0m] [1m[34m==>[0m '[1m/Users/adityabhat/Downloads/build/rosgraph_msgs/build_env.sh /usr/bin/make cmake_check_build_system[0m' [30m[1min[0m '[1m/Users/adityabhat/Downloads/build/rosgraph_msgs[0m'[0m
-- Using CATKIN_DEVEL_PREFIX: /Users/adityabhat/Downloads/devel
-- Using CMAKE_PREFIX_PATH: /opt/ros/jade
-- This workspace overlays: /opt/ros/jade
-- Using PYTHON_EXECUTABLE: /usr/bin/python
-- Using default Python package layout
-- Using empy: /usr/local/lib/python2.7/site-packages/em.pyc
-- Using CATKIN_ENABLE_TESTING: ON
-- Call enable_testing()
-- Using CATKIN_TEST_RESULTS_DIR: /Users/adityabhat/Downloads/build/rosgraph_msgs/test_results
-- Found gtest: gtests will be built
CMake Warning at /opt/ros/jade/share/catkin/cmake/test/nosetests.cmake:98 (message):
  nosetests not found, Python tests can not be run (try installing package
  'python-nose')
Call Stack (most recent call first):
  /opt/ros/jade/share/catkin/cmake/all.cmake:147 (include)
  /opt/ros/jade/share/catkin/cmake/catkinConfig.cmake:20 (include)
  CMakeLists.txt:4 (find_package)


-- catkin 0.6.16
-- Using these message generators: gencpp;geneus;genlisp;genpy
-- rosgraph_msgs: 3 messages, 0 services
-- Configuring done
-- Generating done
-- Build files have been written to: /Users/adityabhat/Downloads/build/rosgraph_msgs
[[36mrosgraph_msgs[0m] [32m<==[0m '[1m/Users/adityabhat/Downloads/build/rosgraph_msgs/build_env.sh /usr/bin/make cmake_check_build_system[0m' finished with return code '[1m0[0m'[0m
[[36mrosgraph_msgs[0m] [1m[34m==>[0m '[1m/Users/adityabhat/Downloads/build/rosgraph_msgs/build_env.sh /usr/bin/make --jobserver-fds=3,4 -j[0m' [30m[1min[0m '[1m/Users/adityabhat/Downloads/build/rosgraph_msgs[0m'[0m
[  0%] Built target std_msgs_generate_messages_eus
[  0%] Built target _rosgraph_msgs_generate_messages_check_deps_TopicStatistics
[  0%] Built target _rosgraph_msgs_generate_messages_check_deps_Clock
[  0%] Built target _rosgraph_msgs_generate_messages_check_deps_Log
[  0%] Built target std_msgs_generate_messages_py
[  0%] Built target std_msgs_generate_messages_cpp
[  0%] Built target std_msgs_generate_messages_lisp
[ 28%] Built target rosgraph_msgs_generate_messages_eus
[ 57%] Built target rosgraph_msgs_generate_messages_py
[ 78%] Built target rosgraph_msgs_generate_messages_cpp
[100%] Built target rosgraph_msgs_generate_messages_lisp
[100%] Built target rosgraph_msgs_generate_messages
[[36mrosgraph_msgs[0m] [32m<==[0m '[1m/Users/adityabhat/Downloads/build/rosgraph_msgs/build_env.sh /usr/bin/make --jobserver-fds=3,4 -j[0m' finished with return code '[1m0[0m'[0m
[[36mrosgraph_msgs[0m] [1m[34m==>[0m '[1m/Users/adityabhat/Downloads/build/rosgraph_msgs/build_env.sh /usr/bin/make install[0m' [30m[1min[0m '[1m/Users/adityabhat/Downloads/build/rosgraph_msgs[0m'[0m
[  0%] Built target std_msgs_generate_messages_eus
[  0%] Built target _rosgraph_msgs_generate_messages_check_deps_TopicStatistics
[  0%] Built target _rosgraph_msgs_generate_messages_check_deps_Clock
[  0%] Built target _rosgraph_msgs_generate_messages_check_deps_Log
[ 28%] Built target rosgraph_msgs_generate_messages_eus
[ 28%] Built target std_msgs_generate_messages_py
[ 57%] Built target rosgraph_msgs_generate_messages_py
[ 57%] Built target std_msgs_generate_messages_cpp
[ 78%] Built target rosgraph_msgs_generate_messages_cpp
[ 78%] Built target std_msgs_generate_messages_lisp
[100%] Built target rosgraph_msgs_generate_messages_lisp
[100%] Built target rosgraph_msgs_generate_messages
[36mInstall the project...[0m
-- Install configuration: "Release"
-- Installing: /opt/ros/jade/_setup_util.py
-- Installing: /opt/ros/jade/env.sh
-- Installing: /opt/ros/jade/setup.bash
-- Installing: /opt/ros/jade/setup.sh
-- Installing: /opt/ros/jade/setup.zsh
-- Installing: /opt/ros/jade/.rosinstall
-- Up-to-date: /opt/ros/jade/share/rosgraph_msgs/msg/Clock.msg
-- Up-to-date: /opt/ros/jade/share/rosgraph_msgs/msg/Log.msg
-- Up-to-date: /opt/ros/jade/share/rosgraph_msgs/msg/TopicStatistics.msg
-- Up-to-date: /opt/ros/jade/share/rosgraph_msgs/cmake/rosgraph_msgs-msg-paths.cmake
-- Up-to-date: /opt/ros/jade/include/rosgraph_msgs
-- Up-to-date: /opt/ros/jade/include/rosgraph_msgs/Clock.h
-- Up-to-date: /opt/ros/jade/include/rosgraph_msgs/Log.h
-- Up-to-date: /opt/ros/jade/include/rosgraph_msgs/TopicStatistics.h
-- Up-to-date: /opt/ros/jade/share/roseus/ros/rosgraph_msgs
-- Up-to-date: /opt/ros/jade/share/roseus/ros/rosgraph_msgs/manifest.l
-- Up-to-date: /opt/ros/jade/share/roseus/ros/rosgraph_msgs/msg
-- Up-to-date: /opt/ros/jade/share/roseus/ros/rosgraph_msgs/msg/Clock.l
-- Up-to-date: /opt/ros/jade/share/roseus/ros/rosgraph_msgs/msg/Log.l
-- Up-to-date: /opt/ros/jade/share/roseus/ros/rosgraph_msgs/msg/TopicStatistics.l
-- Up-to-date: /opt/ros/jade/share/common-lisp/ros/rosgraph_msgs
-- Up-to-date: /opt/ros/jade/share/common-lisp/ros/rosgraph_msgs/msg
-- Up-to-date: /opt/ros/jade/share/common-lisp/ros/rosgraph_msgs/msg/_package.lisp
-- Up-to-date: /opt/ros/jade/share/common-lisp/ros/rosgraph_msgs/msg/_package_Clock.lisp
-- Up-to-date: /opt/ros/jade/share/common-lisp/ros/rosgraph_msgs/msg/_package_Log.lisp
-- Up-to-date: /opt/ros/jade/share/common-lisp/ros/rosgraph_msgs/msg/_package_TopicStatistics.lisp
-- Up-to-date: /opt/ros/jade/share/common-lisp/ros/rosgraph_msgs/msg/Clock.lisp
-- Up-to-date: /opt/ros/jade/share/common-lisp/ros/rosgraph_msgs/msg/Log.lisp
-- Up-to-date: /opt/ros/jade/share/common-lisp/ros/rosgraph_msgs/msg/rosgraph_msgs-msg.asd
-- Up-to-date: /opt/ros/jade/share/common-lisp/ros/rosgraph_msgs/msg/TopicStatistics.lisp
Listing /Users/adityabhat/Downloads/devel/lib/python2.7/site-packages/rosgraph_msgs ...
Listing /Users/adityabhat/Downloads/devel/lib/python2.7/site-packages/rosgraph_msgs/msg ...
-- Up-to-date: /opt/ros/jade/lib/python2.7/site-packages/rosgraph_msgs
-- Up-to-date: /opt/ros/jade/lib/python2.7/site-packages/rosgraph_msgs/__init__.py
-- Up-to-date: /opt/ros/jade/lib/python2.7/site-packages/rosgraph_msgs/__init__.pyc
-- Up-to-date: /opt/ros/jade/lib/python2.7/site-packages/rosgraph_msgs/msg
-- Up-to-date: /opt/ros/jade/lib/python2.7/site-packages/rosgraph_msgs/msg/__init__.py
-- Up-to-date: /opt/ros/jade/lib/python2.7/site-packages/rosgraph_msgs/msg/__init__.pyc
-- Up-to-date: /opt/ros/jade/lib/python2.7/site-packages/rosgraph_msgs/msg/_Clock.py
-- Up-to-date: /opt/ros/jade/lib/python2.7/site-packages/rosgraph_msgs/msg/_Clock.pyc
-- Up-to-date: /opt/ros/jade/lib/python2.7/site-packages/rosgraph_msgs/msg/_Log.py
-- Up-to-date: /opt/ros/jade/lib/python2.7/site-packages/rosgraph_msgs/msg/_Log.pyc
-- Up-to-date: /opt/ros/jade/lib/python2.7/site-packages/rosgraph_msgs/msg/_TopicStatistics.py
-- Up-to-date: /opt/ros/jade/lib/python2.7/site-packages/rosgraph_msgs/msg/_TopicStatistics.pyc
-- Installing: /opt/ros/jade/lib/pkgconfig/rosgraph_msgs.pc
-- Up-to-date: /opt/ros/jade/share/rosgraph_msgs/cmake/rosgraph_msgs-msg-extras.cmake
-- Up-to-date: /opt/ros/jade/share/rosgraph_msgs/cmake/rosgraph_msgsConfig.cmake
-- Up-to-date: /opt/ros/jade/share/rosgraph_msgs/cmake/rosgraph_msgsConfig-version.cmake
-- Up-to-date: /opt/ros/jade/share/rosgraph_msgs/package.xml
[[36mrosgraph_msgs[0m] [32m<==[0m '[1m/Users/adityabhat/Downloads/build/rosgraph_msgs/build_env.sh /usr/bin/make install[0m' finished with return code '[1m0[0m'[0m
