[[36mroslz4[0m] [1m[34m==>[0m '[1m/Users/adityabhat/Downloads/build/roslz4/build_env.sh /usr/bin/make cmake_check_build_system[0m' [30m[1min[0m '[1m/Users/adityabhat/Downloads/build/roslz4[0m'[0m
[[36mroslz4[0m] [32m<==[0m '[1m/Users/adityabhat/Downloads/build/roslz4/build_env.sh /usr/bin/make cmake_check_build_system[0m' finished with return code '[1m0[0m'[0m
[[36mroslz4[0m] [1m[34m==>[0m '[1m/Users/adityabhat/Downloads/build/roslz4/build_env.sh /usr/bin/make --jobserver-fds=3,4 -j[0m' [30m[1min[0m '[1m/Users/adityabhat/Downloads/build/roslz4[0m'[0m
[ 60%] Built target roslz4
[100%] Built target roslz4_py
[[36mroslz4[0m] [32m<==[0m '[1m/Users/adityabhat/Downloads/build/roslz4/build_env.sh /usr/bin/make --jobserver-fds=3,4 -j[0m' finished with return code '[1m0[0m'[0m
[[36mroslz4[0m] [1m[34m==>[0m '[1m/Users/adityabhat/Downloads/build/roslz4/build_env.sh /usr/bin/make install[0m' [30m[1min[0m '[1m/Users/adityabhat/Downloads/build/roslz4[0m'[0m
[ 60%] Built target roslz4
[100%] Built target roslz4_py
[36mInstall the project...[0m
-- Install configuration: "Release"
-- Installing: /opt/ros/jade/_setup_util.py
-- Installing: /opt/ros/jade/env.sh
-- Installing: /opt/ros/jade/setup.bash
-- Installing: /opt/ros/jade/setup.sh
-- Installing: /opt/ros/jade/setup.zsh
-- Installing: /opt/ros/jade/.rosinstall
+ cd /Users/adityabhat/Downloads/src/ros_comm/roslz4
+ /usr/bin/env PYTHONPATH=/opt/ros/jade/lib/python2.7/site-packages:/Users/adityabhat/Downloads/build/roslz4/lib/python2.7/site-packages:/opt/ros/jade/lib/python2.7/site-packages CATKIN_BINARY_DIR=/Users/adityabhat/Downloads/build/roslz4 /usr/bin/python /Users/adityabhat/Downloads/src/ros_comm/roslz4/setup.py build --build-base /Users/adityabhat/Downloads/build/roslz4 install --prefix=/opt/ros/jade --install-scripts=/opt/ros/jade/bin
running build
running build_py
running install
running install_lib
running install_egg_info
Removing /opt/ros/jade/lib/python2.7/site-packages/roslz4-1.11.16-py2.7.egg-info
Writing /opt/ros/jade/lib/python2.7/site-packages/roslz4-1.11.16-py2.7.egg-info
-- Up-to-date: /opt/ros/jade/lib/pkgconfig/roslz4.pc
-- Up-to-date: /opt/ros/jade/share/roslz4/cmake/roslz4Config.cmake
-- Up-to-date: /opt/ros/jade/share/roslz4/cmake/roslz4Config-version.cmake
-- Up-to-date: /opt/ros/jade/share/roslz4/package.xml
-- Installing: /opt/ros/jade/lib/libroslz4.dylib
-- Installing: /opt/ros/jade/lib/python2.7/site-packages/roslz4/_roslz4.so
-- Up-to-date: /opt/ros/jade/include/roslz4
-- Up-to-date: /opt/ros/jade/include/roslz4/lz4s.h
[[36mroslz4[0m] [32m<==[0m '[1m/Users/adityabhat/Downloads/build/roslz4/build_env.sh /usr/bin/make install[0m' finished with return code '[1m0[0m'[0m
