[[36mroslib[0m] [1m[34m==>[0m '[1m/Users/adityabhat/Downloads/build/roslib/build_env.sh /usr/bin/make cmake_check_build_system[0m' [30m[1min[0m '[1m/Users/adityabhat/Downloads/build/roslib[0m'[0m
[[36mroslib[0m] [32m<==[0m '[1m/Users/adityabhat/Downloads/build/roslib/build_env.sh /usr/bin/make cmake_check_build_system[0m' finished with return code '[1m0[0m'[0m
[[36mroslib[0m] [1m[34m==>[0m '[1m/Users/adityabhat/Downloads/build/roslib/build_env.sh /usr/bin/make --jobserver-fds=3,4 -j[0m' [30m[1min[0m '[1m/Users/adityabhat/Downloads/build/roslib[0m'[0m
/opt/ros/jade/setup.sh: line 81: [: 0: unary operator expected
[100%] Built target roslib
[[36mroslib[0m] [32m<==[0m '[1m/Users/adityabhat/Downloads/build/roslib/build_env.sh /usr/bin/make --jobserver-fds=3,4 -j[0m' finished with return code '[1m0[0m'[0m
[[36mroslib[0m] [1m[34m==>[0m '[1m/Users/adityabhat/Downloads/build/roslib/build_env.sh /usr/bin/make install[0m' [30m[1min[0m '[1m/Users/adityabhat/Downloads/build/roslib[0m'[0m
[100%] Built target roslib
[36mInstall the project...[0m
-- Install configuration: "Release"
-- Installing: /opt/ros/jade/_setup_util.py
-- Installing: /opt/ros/jade/env.sh
-- Installing: /opt/ros/jade/setup.bash
-- Installing: /opt/ros/jade/setup.sh
-- Installing: /opt/ros/jade/setup.zsh
-- Installing: /opt/ros/jade/.rosinstall
-- Up-to-date: /opt/ros/jade/lib/pkgconfig/roslib.pc
-- Up-to-date: /opt/ros/jade/share/roslib/cmake/roslib-extras.cmake
-- Up-to-date: /opt/ros/jade/share/roslib/cmake/roslibConfig.cmake
-- Up-to-date: /opt/ros/jade/share/roslib/cmake/roslibConfig-version.cmake
-- Up-to-date: /opt/ros/jade/share/roslib/package.xml
-- Up-to-date: /opt/ros/jade/etc/catkin/profile.d/10.ros.sh
+ cd /Users/adityabhat/Downloads/src/ros/roslib
+ /usr/bin/env PYTHONPATH=/opt/ros/jade/lib/python2.7/site-packages:/Users/adityabhat/Downloads/build/roslib/lib/python2.7/site-packages:/opt/ros/jade/lib/python2.7/site-packages CATKIN_BINARY_DIR=/Users/adityabhat/Downloads/build/roslib /usr/bin/python /Users/adityabhat/Downloads/src/ros/roslib/setup.py build --build-base /Users/adityabhat/Downloads/build/roslib install --prefix=/opt/ros/jade --install-scripts=/opt/ros/jade/bin
running build
running build_py
running install
running install_lib
running install_egg_info
Removing /opt/ros/jade/lib/python2.7/site-packages/roslib-1.12.5-py2.7.egg-info
Writing /opt/ros/jade/lib/python2.7/site-packages/roslib-1.12.5-py2.7.egg-info
-- Installing: /opt/ros/jade/lib/libroslib.dylib
-- Up-to-date: /opt/ros/jade/include
-- Up-to-date: /opt/ros/jade/include/ros
-- Up-to-date: /opt/ros/jade/include/ros/package.h
-- Up-to-date: /opt/ros/jade/lib/roslib/gendeps
[[36mroslib[0m] [32m<==[0m '[1m/Users/adityabhat/Downloads/build/roslib/build_env.sh /usr/bin/make install[0m' finished with return code '[1m0[0m'[0m
