[[36mroslaunch[0m] [1m[34m==>[0m '[1m/Users/adityabhat/Downloads/build/roslaunch/build_env.sh /usr/bin/make cmake_check_build_system[0m' [30m[1min[0m '[1m/Users/adityabhat/Downloads/build/roslaunch[0m'[0m
[[36mroslaunch[0m] [32m<==[0m '[1m/Users/adityabhat/Downloads/build/roslaunch/build_env.sh /usr/bin/make cmake_check_build_system[0m' finished with return code '[1m0[0m'[0m
[[36mroslaunch[0m] [1m[34m==>[0m '[1m/Users/adityabhat/Downloads/build/roslaunch/build_env.sh /usr/bin/make --jobserver-fds=3,4 -j[0m' [30m[1min[0m '[1m/Users/adityabhat/Downloads/build/roslaunch[0m'[0m
[[36mroslaunch[0m] [32m<==[0m '[1m/Users/adityabhat/Downloads/build/roslaunch/build_env.sh /usr/bin/make --jobserver-fds=3,4 -j[0m' finished with return code '[1m0[0m'[0m
[[36mroslaunch[0m] [1m[34m==>[0m '[1m/Users/adityabhat/Downloads/build/roslaunch/build_env.sh /usr/bin/make install[0m' [30m[1min[0m '[1m/Users/adityabhat/Downloads/build/roslaunch[0m'[0m
[36mInstall the project...[0m
-- Install configuration: "Release"
-- Installing: /opt/ros/jade/_setup_util.py
-- Installing: /opt/ros/jade/env.sh
-- Installing: /opt/ros/jade/setup.bash
-- Installing: /opt/ros/jade/setup.sh
-- Installing: /opt/ros/jade/setup.zsh
-- Installing: /opt/ros/jade/.rosinstall
-- Up-to-date: /opt/ros/jade/lib/pkgconfig/roslaunch.pc
-- Up-to-date: /opt/ros/jade/share/roslaunch/cmake/roslaunch-extras.cmake
-- Up-to-date: /opt/ros/jade/share/roslaunch/cmake/roslaunchConfig.cmake
-- Up-to-date: /opt/ros/jade/share/roslaunch/cmake/roslaunchConfig-version.cmake
-- Up-to-date: /opt/ros/jade/share/roslaunch/package.xml
-- Up-to-date: /opt/ros/jade/etc/catkin/profile.d/10.roslaunch.sh
+ cd /Users/adityabhat/Downloads/src/ros_comm/roslaunch
+ /usr/bin/env PYTHONPATH=/opt/ros/jade/lib/python2.7/site-packages:/Users/adityabhat/Downloads/build/roslaunch/lib/python2.7/site-packages:/opt/ros/jade/lib/python2.7/site-packages CATKIN_BINARY_DIR=/Users/adityabhat/Downloads/build/roslaunch /usr/bin/python /Users/adityabhat/Downloads/src/ros_comm/roslaunch/setup.py build --build-base /Users/adityabhat/Downloads/build/roslaunch install --prefix=/opt/ros/jade --install-scripts=/opt/ros/jade/bin
running build
running build_py
running build_scripts
running install
running install_lib
running install_scripts
changing mode of /opt/ros/jade/bin/roscore to 755
changing mode of /opt/ros/jade/bin/roslaunch to 755
changing mode of /opt/ros/jade/bin/roslaunch-complete to 755
changing mode of /opt/ros/jade/bin/roslaunch-deps to 755
changing mode of /opt/ros/jade/bin/roslaunch-logs to 755
running install_egg_info
Removing /opt/ros/jade/lib/python2.7/site-packages/roslaunch-1.11.16-py2.7.egg-info
Writing /opt/ros/jade/lib/python2.7/site-packages/roslaunch-1.11.16-py2.7.egg-info
-- Up-to-date: /opt/ros/jade/etc/ros/roscore.xml
-- Up-to-date: /opt/ros/jade/share/roslaunch/resources
-- Up-to-date: /opt/ros/jade/share/roslaunch/resources/example-env-substutition.xml
-- Up-to-date: /opt/ros/jade/share/roslaunch/resources/example-gdb.launch
-- Up-to-date: /opt/ros/jade/share/roslaunch/resources/example-include.launch
-- Up-to-date: /opt/ros/jade/share/roslaunch/resources/example-min.launch
-- Up-to-date: /opt/ros/jade/share/roslaunch/resources/example-params.launch
-- Up-to-date: /opt/ros/jade/share/roslaunch/resources/example-ssh.launch
-- Up-to-date: /opt/ros/jade/share/roslaunch/resources/example.launch
-- Up-to-date: /opt/ros/jade/share/roslaunch/resources/roscore.xml
-- Up-to-date: /opt/ros/jade/share/roslaunch/scripts/roslaunch-check
[[36mroslaunch[0m] [32m<==[0m '[1m/Users/adityabhat/Downloads/build/roslaunch/build_env.sh /usr/bin/make install[0m' finished with return code '[1m0[0m'[0m
