[[36mrosnode[0m] [1m[34m==>[0m '[1m/Users/adityabhat/Downloads/build/rosnode/build_env.sh /usr/bin/make cmake_check_build_system[0m' [30m[1min[0m '[1m/Users/adityabhat/Downloads/build/rosnode[0m'[0m
[[36mrosnode[0m] [32m<==[0m '[1m/Users/adityabhat/Downloads/build/rosnode/build_env.sh /usr/bin/make cmake_check_build_system[0m' finished with return code '[1m0[0m'[0m
[[36mrosnode[0m] [1m[34m==>[0m '[1m/Users/adityabhat/Downloads/build/rosnode/build_env.sh /usr/bin/make --jobserver-fds=3,4 -j[0m' [30m[1min[0m '[1m/Users/adityabhat/Downloads/build/rosnode[0m'[0m
[[36mrosnode[0m] [32m<==[0m '[1m/Users/adityabhat/Downloads/build/rosnode/build_env.sh /usr/bin/make --jobserver-fds=3,4 -j[0m' finished with return code '[1m0[0m'[0m
[[36mrosnode[0m] [1m[34m==>[0m '[1m/Users/adityabhat/Downloads/build/rosnode/build_env.sh /usr/bin/make install[0m' [30m[1min[0m '[1m/Users/adityabhat/Downloads/build/rosnode[0m'[0m
[36mInstall the project...[0m
-- Install configuration: "Release"
-- Installing: /opt/ros/jade/_setup_util.py
-- Installing: /opt/ros/jade/env.sh
-- Installing: /opt/ros/jade/setup.bash
-- Installing: /opt/ros/jade/setup.sh
-- Installing: /opt/ros/jade/setup.zsh
-- Installing: /opt/ros/jade/.rosinstall
-- Up-to-date: /opt/ros/jade/lib/pkgconfig/rosnode.pc
-- Up-to-date: /opt/ros/jade/share/rosnode/cmake/rosnodeConfig.cmake
-- Up-to-date: /opt/ros/jade/share/rosnode/cmake/rosnodeConfig-version.cmake
-- Up-to-date: /opt/ros/jade/share/rosnode/package.xml
+ cd /Users/adityabhat/Downloads/src/ros_comm/rosnode
+ /usr/bin/env PYTHONPATH=/opt/ros/jade/lib/python2.7/site-packages:/Users/adityabhat/Downloads/build/rosnode/lib/python2.7/site-packages:/opt/ros/jade/lib/python2.7/site-packages CATKIN_BINARY_DIR=/Users/adityabhat/Downloads/build/rosnode /usr/bin/python /Users/adityabhat/Downloads/src/ros_comm/rosnode/setup.py build --build-base /Users/adityabhat/Downloads/build/rosnode install --prefix=/opt/ros/jade --install-scripts=/opt/ros/jade/bin
running build
running build_py
running build_scripts
running install
running install_lib
running install_scripts
changing mode of /opt/ros/jade/bin/rosnode to 755
running install_egg_info
Removing /opt/ros/jade/lib/python2.7/site-packages/rosnode-1.11.16-py2.7.egg-info
Writing /opt/ros/jade/lib/python2.7/site-packages/rosnode-1.11.16-py2.7.egg-info
[[36mrosnode[0m] [32m<==[0m '[1m/Users/adityabhat/Downloads/build/rosnode/build_env.sh /usr/bin/make install[0m' finished with return code '[1m0[0m'[0m
