[[36mrosunit[0m] [1m[34m==>[0m '[1m/Users/adityabhat/Downloads/build/rosunit/build_env.sh /usr/bin/make cmake_check_build_system[0m' [30m[1min[0m '[1m/Users/adityabhat/Downloads/build/rosunit[0m'[0m
[[36mrosunit[0m] [32m<==[0m '[1m/Users/adityabhat/Downloads/build/rosunit/build_env.sh /usr/bin/make cmake_check_build_system[0m' finished with return code '[1m0[0m'[0m
[[36mrosunit[0m] [1m[34m==>[0m '[1m/Users/adityabhat/Downloads/build/rosunit/build_env.sh /usr/bin/make --jobserver-fds=3,4 -j[0m' [30m[1min[0m '[1m/Users/adityabhat/Downloads/build/rosunit[0m'[0m
[[36mrosunit[0m] [32m<==[0m '[1m/Users/adityabhat/Downloads/build/rosunit/build_env.sh /usr/bin/make --jobserver-fds=3,4 -j[0m' finished with return code '[1m0[0m'[0m
[[36mrosunit[0m] [1m[34m==>[0m '[1m/Users/adityabhat/Downloads/build/rosunit/build_env.sh /usr/bin/make install[0m' [30m[1min[0m '[1m/Users/adityabhat/Downloads/build/rosunit[0m'[0m
[36mInstall the project...[0m
-- Install configuration: "Release"
-- Up-to-date: /opt/ros/jade/_setup_util.py
-- Up-to-date: /opt/ros/jade/env.sh
-- Up-to-date: /opt/ros/jade/setup.bash
-- Up-to-date: /opt/ros/jade/setup.sh
-- Up-to-date: /opt/ros/jade/setup.zsh
-- Up-to-date: /opt/ros/jade/.rosinstall
-- Up-to-date: /opt/ros/jade/lib/pkgconfig/rosunit.pc
-- Up-to-date: /opt/ros/jade/share/rosunit/cmake/rosunit-extras.cmake
-- Up-to-date: /opt/ros/jade/share/rosunit/cmake/rosunitConfig.cmake
-- Up-to-date: /opt/ros/jade/share/rosunit/cmake/rosunitConfig-version.cmake
-- Up-to-date: /opt/ros/jade/share/rosunit/package.xml
+ cd /Users/adityabhat/Downloads/src/ros/rosunit
+ /usr/bin/env PYTHONPATH=/opt/ros/jade/lib/python2.7/site-packages:/Users/adityabhat/Downloads/build/rosunit/lib/python2.7/site-packages:/opt/ros/jade/lib/python2.7/site-packages CATKIN_BINARY_DIR=/Users/adityabhat/Downloads/build/rosunit /usr/bin/python /Users/adityabhat/Downloads/src/ros/rosunit/setup.py build --build-base /Users/adityabhat/Downloads/build/rosunit install --prefix=/opt/ros/jade --install-scripts=/opt/ros/jade/bin
running build
running build_py
running build_scripts
running install
running install_lib
running install_scripts
changing mode of /opt/ros/jade/bin/rosunit to 755
running install_egg_info
Removing /opt/ros/jade/lib/python2.7/site-packages/rosunit-1.12.5-py2.7.egg-info
Writing /opt/ros/jade/lib/python2.7/site-packages/rosunit-1.12.5-py2.7.egg-info
-- Up-to-date: /opt/ros/jade/share/rosunit/scripts/check_test_ran.py
-- Up-to-date: /opt/ros/jade/share/rosunit/scripts/clean_junit_xml.py
-- Up-to-date: /opt/ros/jade/share/rosunit/scripts/pycoverage_to_html.py
-- Up-to-date: /opt/ros/jade/share/rosunit/scripts/summarize_results.py
-- Up-to-date: /opt/ros/jade/share/rosunit/scripts/test_results_dir.py
[[36mrosunit[0m] [32m<==[0m '[1m/Users/adityabhat/Downloads/build/rosunit/build_env.sh /usr/bin/make install[0m' finished with return code '[1m0[0m'[0m
