[[36mrqt_py_common[0m] [1m[34m==>[0m '[1m/Users/adityabhat/Downloads/build/rqt_py_common/build_env.sh /usr/bin/make cmake_check_build_system[0m' [30m[1min[0m '[1m/Users/adityabhat/Downloads/build/rqt_py_common[0m'[0m
-- Using CATKIN_DEVEL_PREFIX: /Users/adityabhat/Downloads/devel
-- Using CMAKE_PREFIX_PATH: /opt/ros/jade
-- This workspace overlays: /opt/ros/jade
-- Using PYTHON_EXECUTABLE: /usr/bin/python
-- Using default Python package layout
-- Using empy: /usr/local/lib/python2.7/site-packages/em.pyc
-- Using CATKIN_ENABLE_TESTING: ON
-- Call enable_testing()
-- Using CATKIN_TEST_RESULTS_DIR: /Users/adityabhat/Downloads/build/rqt_py_common/test_results
-- Found gtest: gtests will be built
CMake Warning at /opt/ros/jade/share/catkin/cmake/test/nosetests.cmake:98 (message):
  nosetests not found, Python tests can not be run (try installing package
  'python-nose')
Call Stack (most recent call first):
  /opt/ros/jade/share/catkin/cmake/all.cmake:147 (include)
  /opt/ros/jade/share/catkin/cmake/catkinConfig.cmake:20 (include)
  CMakeLists.txt:4 (find_package)

-- catkin 0.6.16
-- Using these message generators: gencpp;geneus;genlisp;genpy
-- rqt_py_common: 2 messages, 0 services
-- skipping nosetests(test) in project 'rqt_py_common'
-- Configuring done
-- Generating done
-- Build files have been written to: /Users/adityabhat/Downloads/build/rqt_py_common
[[36mrqt_py_common[0m] [32m<==[0m '[1m/Users/adityabhat/Downloads/build/rqt_py_common/build_env.sh /usr/bin/make cmake_check_build_system[0m' finished with return code '[1m0[0m'[0m
[[36mrqt_py_common[0m] [1m[34m==>[0m '[1m/Users/adityabhat/Downloads/build/rqt_py_common/build_env.sh /usr/bin/make --jobserver-fds=3,4 -j[0m' [30m[1min[0m '[1m/Users/adityabhat/Downloads/build/rqt_py_common[0m'[0m
[  0%] Built target _rqt_py_common_generate_messages_check_deps_Val
[  0%] Built target std_msgs_generate_messages_eus
[  0%] Built target _rqt_py_common_generate_messages_check_deps_ArrayVal
[  0%] Built target std_msgs_generate_messages_py
[  0%] Built target std_msgs_generate_messages_cpp
[  0%] Built target std_msgs_generate_messages_lisp
[ 30%] Built target rqt_py_common_generate_messages_eus
[ 60%] Built target rqt_py_common_generate_messages_py
[ 80%] Built target rqt_py_common_generate_messages_cpp
[100%] Built target rqt_py_common_generate_messages_lisp
[100%] Built target rqt_py_common_generate_messages
[[36mrqt_py_common[0m] [32m<==[0m '[1m/Users/adityabhat/Downloads/build/rqt_py_common/build_env.sh /usr/bin/make --jobserver-fds=3,4 -j[0m' finished with return code '[1m0[0m'[0m
[[36mrqt_py_common[0m] [1m[34m==>[0m '[1m/Users/adityabhat/Downloads/build/rqt_py_common/build_env.sh /usr/bin/make install[0m' [30m[1min[0m '[1m/Users/adityabhat/Downloads/build/rqt_py_common[0m'[0m
[  0%] Built target _rqt_py_common_generate_messages_check_deps_Val
[  0%] Built target std_msgs_generate_messages_eus
[  0%] Built target _rqt_py_common_generate_messages_check_deps_ArrayVal
[ 30%] Built target rqt_py_common_generate_messages_eus
[ 30%] Built target std_msgs_generate_messages_py
[ 60%] Built target rqt_py_common_generate_messages_py
[ 60%] Built target std_msgs_generate_messages_cpp
[ 80%] Built target rqt_py_common_generate_messages_cpp
[ 80%] Built target std_msgs_generate_messages_lisp
[100%] Built target rqt_py_common_generate_messages_lisp
[100%] Built target rqt_py_common_generate_messages
[36mInstall the project...[0m
-- Install configuration: "Release"
-- Installing: /opt/ros/jade/_setup_util.py
-- Installing: /opt/ros/jade/env.sh
-- Installing: /opt/ros/jade/setup.bash
-- Installing: /opt/ros/jade/setup.sh
-- Installing: /opt/ros/jade/setup.zsh
-- Installing: /opt/ros/jade/.rosinstall
+ cd /Users/adityabhat/Downloads/src/rqt_common_plugins/rqt_py_common
+ /usr/bin/env PYTHONPATH=/opt/ros/jade/lib/python2.7/site-packages:/Users/adityabhat/Downloads/build/rqt_py_common/lib/python2.7/site-packages:/opt/ros/jade/lib/python2.7/site-packages CATKIN_BINARY_DIR=/Users/adityabhat/Downloads/build/rqt_py_common /usr/bin/python /Users/adityabhat/Downloads/src/rqt_common_plugins/rqt_py_common/setup.py build --build-base /Users/adityabhat/Downloads/build/rqt_py_common install --prefix=/opt/ros/jade --install-scripts=/opt/ros/jade/bin
running build
running build_py
running install
running install_lib
running install_egg_info
Removing /opt/ros/jade/lib/python2.7/site-packages/rqt_py_common-0.3.13-py2.7.egg-info
Writing /opt/ros/jade/lib/python2.7/site-packages/rqt_py_common-0.3.13-py2.7.egg-info
-- Up-to-date: /opt/ros/jade/share/rqt_py_common/cmake/rqt_py_common-msg-paths.cmake
-- Up-to-date: /opt/ros/jade/include/rqt_py_common
-- Up-to-date: /opt/ros/jade/include/rqt_py_common/ArrayVal.h
-- Up-to-date: /opt/ros/jade/include/rqt_py_common/Val.h
-- Up-to-date: /opt/ros/jade/share/roseus/ros/rqt_py_common
-- Up-to-date: /opt/ros/jade/share/roseus/ros/rqt_py_common/manifest.l
-- Up-to-date: /opt/ros/jade/share/roseus/ros/rqt_py_common/msg
-- Up-to-date: /opt/ros/jade/share/roseus/ros/rqt_py_common/msg/ArrayVal.l
-- Up-to-date: /opt/ros/jade/share/roseus/ros/rqt_py_common/msg/Val.l
-- Up-to-date: /opt/ros/jade/share/common-lisp/ros/rqt_py_common
-- Up-to-date: /opt/ros/jade/share/common-lisp/ros/rqt_py_common/msg
-- Up-to-date: /opt/ros/jade/share/common-lisp/ros/rqt_py_common/msg/_package.lisp
-- Up-to-date: /opt/ros/jade/share/common-lisp/ros/rqt_py_common/msg/_package_ArrayVal.lisp
-- Up-to-date: /opt/ros/jade/share/common-lisp/ros/rqt_py_common/msg/_package_Val.lisp
-- Up-to-date: /opt/ros/jade/share/common-lisp/ros/rqt_py_common/msg/ArrayVal.lisp
-- Up-to-date: /opt/ros/jade/share/common-lisp/ros/rqt_py_common/msg/rqt_py_common-msg.asd
-- Up-to-date: /opt/ros/jade/share/common-lisp/ros/rqt_py_common/msg/Val.lisp
Listing /Users/adityabhat/Downloads/devel/lib/python2.7/site-packages/rqt_py_common ...
Listing /Users/adityabhat/Downloads/devel/lib/python2.7/site-packages/rqt_py_common/msg ...
-- Up-to-date: /opt/ros/jade/lib/python2.7/site-packages/rqt_py_common
-- Up-to-date: /opt/ros/jade/lib/python2.7/site-packages/rqt_py_common/msg
-- Up-to-date: /opt/ros/jade/lib/python2.7/site-packages/rqt_py_common/msg/_ArrayVal.py
-- Up-to-date: /opt/ros/jade/lib/python2.7/site-packages/rqt_py_common/msg/_ArrayVal.pyc
-- Up-to-date: /opt/ros/jade/lib/python2.7/site-packages/rqt_py_common/msg/_Val.py
-- Up-to-date: /opt/ros/jade/lib/python2.7/site-packages/rqt_py_common/msg/_Val.pyc
-- Up-to-date: /opt/ros/jade/lib/python2.7/site-packages/rqt_py_common
-- Up-to-date: /opt/ros/jade/lib/python2.7/site-packages/rqt_py_common/msg
-- Up-to-date: /opt/ros/jade/lib/python2.7/site-packages/rqt_py_common/msg/__init__.py
-- Up-to-date: /opt/ros/jade/lib/python2.7/site-packages/rqt_py_common/msg/__init__.pyc
-- Installing: /opt/ros/jade/lib/pkgconfig/rqt_py_common.pc
-- Up-to-date: /opt/ros/jade/share/rqt_py_common/cmake/rqt_py_common-msg-extras.cmake
-- Up-to-date: /opt/ros/jade/share/rqt_py_common/cmake/rqt_py_commonConfig.cmake
-- Up-to-date: /opt/ros/jade/share/rqt_py_common/cmake/rqt_py_commonConfig-version.cmake
-- Up-to-date: /opt/ros/jade/share/rqt_py_common/package.xml
-- Up-to-date: /opt/ros/jade/share/rqt_py_common/resource
-- Up-to-date: /opt/ros/jade/share/rqt_py_common/resource/plugin_container.ui
[[36mrqt_py_common[0m] [32m<==[0m '[1m/Users/adityabhat/Downloads/build/rqt_py_common/build_env.sh /usr/bin/make install[0m' finished with return code '[1m0[0m'[0m
