[[36mrqt_image_view[0m] [1m[34m==>[0m '[1m/Users/adityabhat/Downloads/build/rqt_image_view/build_env.sh /usr/bin/make cmake_check_build_system[0m' [30m[1min[0m '[1m/Users/adityabhat/Downloads/build/rqt_image_view[0m'[0m
[[36mrqt_image_view[0m] [32m<==[0m '[1m/Users/adityabhat/Downloads/build/rqt_image_view/build_env.sh /usr/bin/make cmake_check_build_system[0m' finished with return code '[1m0[0m'[0m
[[36mrqt_image_view[0m] [1m[34m==>[0m '[1m/Users/adityabhat/Downloads/build/rqt_image_view/build_env.sh /usr/bin/make --jobserver-fds=3,4 -j[0m' [30m[1min[0m '[1m/Users/adityabhat/Downloads/build/rqt_image_view[0m'[0m
[100%] Built target rqt_image_view
[[36mrqt_image_view[0m] [32m<==[0m '[1m/Users/adityabhat/Downloads/build/rqt_image_view/build_env.sh /usr/bin/make --jobserver-fds=3,4 -j[0m' finished with return code '[1m0[0m'[0m
[[36mrqt_image_view[0m] [1m[34m==>[0m '[1m/Users/adityabhat/Downloads/build/rqt_image_view/build_env.sh /usr/bin/make install[0m' [30m[1min[0m '[1m/Users/adityabhat/Downloads/build/rqt_image_view[0m'[0m
[100%] Built target rqt_image_view
[36mInstall the project...[0m
-- Install configuration: "Release"
-- Installing: /opt/ros/jade/_setup_util.py
-- Installing: /opt/ros/jade/env.sh
-- Installing: /opt/ros/jade/setup.bash
-- Installing: /opt/ros/jade/setup.sh
-- Installing: /opt/ros/jade/setup.zsh
-- Installing: /opt/ros/jade/.rosinstall
-- Up-to-date: /opt/ros/jade/lib/pkgconfig/rqt_image_view.pc
-- Up-to-date: /opt/ros/jade/share/rqt_image_view/cmake/rqt_image_viewConfig.cmake
-- Up-to-date: /opt/ros/jade/share/rqt_image_view/cmake/rqt_image_viewConfig-version.cmake
-- Up-to-date: /opt/ros/jade/share/rqt_image_view/package.xml
+ cd /Users/adityabhat/Downloads/src/rqt_common_plugins/rqt_image_view
+ /usr/bin/env PYTHONPATH=/opt/ros/jade/lib/python2.7/site-packages:/Users/adityabhat/Downloads/build/rqt_image_view/lib/python2.7/site-packages:/opt/ros/jade/lib/python2.7/site-packages CATKIN_BINARY_DIR=/Users/adityabhat/Downloads/build/rqt_image_view /usr/bin/python /Users/adityabhat/Downloads/src/rqt_common_plugins/rqt_image_view/setup.py build --build-base /Users/adityabhat/Downloads/build/rqt_image_view install --prefix=/opt/ros/jade --install-scripts=/opt/ros/jade/bin
running build
running build_py
package init file 'src/rqt_image_view/__init__.py' not found (or not a regular file)
package init file 'src/rqt_image_view/__init__.py' not found (or not a regular file)
running install
running install_lib
running install_egg_info
warning: install_lib: '/Users/adityabhat/Downloads/build/rqt_image_view/lib' does not exist -- no Python modules to install

Removing /opt/ros/jade/lib/python2.7/site-packages/rqt_image_view-0.3.13-py2.7.egg-info
Writing /opt/ros/jade/lib/python2.7/site-packages/rqt_image_view-0.3.13-py2.7.egg-info
-- Up-to-date: /opt/ros/jade/share/rqt_image_view/plugin.xml
-- Installing: /opt/ros/jade/lib/librqt_image_view.dylib
-- Up-to-date: /opt/ros/jade/bin/rqt_image_view
-- Up-to-date: /opt/ros/jade/lib/rqt_image_view/rqt_image_view
-- Up-to-date: /opt/ros/jade/include/rqt_image_view
-- Up-to-date: /opt/ros/jade/include/rqt_image_view/image_view.h
-- Up-to-date: /opt/ros/jade/include/rqt_image_view/ratio_layouted_frame.h
[[36mrqt_image_view[0m] [32m<==[0m '[1m/Users/adityabhat/Downloads/build/rqt_image_view/build_env.sh /usr/bin/make install[0m' finished with return code '[1m0[0m'[0m
