[[36mrqt_graph[0m] [1m[34m==>[0m '[1m/Users/adityabhat/Downloads/build/rqt_graph/build_env.sh /usr/bin/make cmake_check_build_system[0m' [30m[1min[0m '[1m/Users/adityabhat/Downloads/build/rqt_graph[0m'[0m
[[36mrqt_graph[0m] [32m<==[0m '[1m/Users/adityabhat/Downloads/build/rqt_graph/build_env.sh /usr/bin/make cmake_check_build_system[0m' finished with return code '[1m0[0m'[0m
[[36mrqt_graph[0m] [1m[34m==>[0m '[1m/Users/adityabhat/Downloads/build/rqt_graph/build_env.sh /usr/bin/make --jobserver-fds=3,4 -j[0m' [30m[1min[0m '[1m/Users/adityabhat/Downloads/build/rqt_graph[0m'[0m
/opt/ros/jade/setup.sh: line 59: /opt/ros/jade/_setup_util.py: Permission denied
Failed to run '"/opt/ros/jade/_setup_util.py" --extend': return code 126
[[36mrqt_graph[0m] [32m<==[0m '[1m/Users/adityabhat/Downloads/build/rqt_graph/build_env.sh /usr/bin/make --jobserver-fds=3,4 -j[0m' finished with return code '[1m0[0m'[0m
[[36mrqt_graph[0m] [1m[34m==>[0m '[1m/Users/adityabhat/Downloads/build/rqt_graph/build_env.sh /usr/bin/make install[0m' [30m[1min[0m '[1m/Users/adityabhat/Downloads/build/rqt_graph[0m'[0m
[36mInstall the project...[0m
-- Install configuration: "Release"
-- Installing: /opt/ros/jade/_setup_util.py
-- Installing: /opt/ros/jade/env.sh
-- Installing: /opt/ros/jade/setup.bash
-- Installing: /opt/ros/jade/setup.sh
-- Installing: /opt/ros/jade/setup.zsh
-- Installing: /opt/ros/jade/.rosinstall
-- Up-to-date: /opt/ros/jade/lib/pkgconfig/rqt_graph.pc
-- Up-to-date: /opt/ros/jade/share/rqt_graph/cmake/rqt_graphConfig.cmake
-- Up-to-date: /opt/ros/jade/share/rqt_graph/cmake/rqt_graphConfig-version.cmake
-- Up-to-date: /opt/ros/jade/share/rqt_graph/package.xml
+ cd /Users/adityabhat/Downloads/src/rqt_common_plugins/rqt_graph
+ /usr/bin/env PYTHONPATH=/opt/ros/jade/lib/python2.7/site-packages:/Users/adityabhat/Downloads/build/rqt_graph/lib/python2.7/site-packages:/opt/ros/jade/lib/python2.7/site-packages CATKIN_BINARY_DIR=/Users/adityabhat/Downloads/build/rqt_graph /usr/bin/python /Users/adityabhat/Downloads/src/rqt_common_plugins/rqt_graph/setup.py build --build-base /Users/adityabhat/Downloads/build/rqt_graph install --prefix=/opt/ros/jade --install-scripts=/opt/ros/jade/bin
running build
running build_py
running build_scripts
running install
running install_lib
running install_scripts
changing mode of /opt/ros/jade/bin/rqt_graph to 755
running install_egg_info
Removing /opt/ros/jade/lib/python2.7/site-packages/rqt_graph-0.3.13-py2.7.egg-info
Writing /opt/ros/jade/lib/python2.7/site-packages/rqt_graph-0.3.13-py2.7.egg-info
-- Up-to-date: /opt/ros/jade/share/rqt_graph/plugin.xml
-- Up-to-date: /opt/ros/jade/share/rqt_graph/resource
-- Up-to-date: /opt/ros/jade/share/rqt_graph/resource/RosGraph.ui
-- Up-to-date: /opt/ros/jade/lib/rqt_graph/rqt_graph
[[36mrqt_graph[0m] [32m<==[0m '[1m/Users/adityabhat/Downloads/build/rqt_graph/build_env.sh /usr/bin/make install[0m' finished with return code '[1m0[0m'[0m
