[[36mrqt_gui_cpp[0m] [1m[34m==>[0m '[1m/Users/adityabhat/Downloads/build/rqt_gui_cpp/build_env.sh /usr/bin/make cmake_check_build_system[0m' [30m[1min[0m '[1m/Users/adityabhat/Downloads/build/rqt_gui_cpp[0m'[0m
[[36mrqt_gui_cpp[0m] [32m<==[0m '[1m/Users/adityabhat/Downloads/build/rqt_gui_cpp/build_env.sh /usr/bin/make cmake_check_build_system[0m' finished with return code '[1m0[0m'[0m
[[36mrqt_gui_cpp[0m] [1m[34m==>[0m '[1m/Users/adityabhat/Downloads/build/rqt_gui_cpp/build_env.sh /usr/bin/make --jobserver-fds=3,4 -j[0m' [30m[1min[0m '[1m/Users/adityabhat/Downloads/build/rqt_gui_cpp[0m'[0m
[100%] Built target rqt_gui_cpp
[[36mrqt_gui_cpp[0m] [32m<==[0m '[1m/Users/adityabhat/Downloads/build/rqt_gui_cpp/build_env.sh /usr/bin/make --jobserver-fds=3,4 -j[0m' finished with return code '[1m0[0m'[0m
[[36mrqt_gui_cpp[0m] [1m[34m==>[0m '[1m/Users/adityabhat/Downloads/build/rqt_gui_cpp/build_env.sh /usr/bin/make install[0m' [30m[1min[0m '[1m/Users/adityabhat/Downloads/build/rqt_gui_cpp[0m'[0m
[100%] Built target rqt_gui_cpp
[36mInstall the project...[0m
-- Install configuration: "Release"
-- Installing: /opt/ros/jade/_setup_util.py
-- Installing: /opt/ros/jade/env.sh
-- Installing: /opt/ros/jade/setup.bash
-- Installing: /opt/ros/jade/setup.sh
-- Installing: /opt/ros/jade/setup.zsh
-- Installing: /opt/ros/jade/.rosinstall
-- Up-to-date: /opt/ros/jade/lib/pkgconfig/rqt_gui_cpp.pc
-- Up-to-date: /opt/ros/jade/share/rqt_gui_cpp/cmake/rqt_gui_cppConfig.cmake
-- Up-to-date: /opt/ros/jade/share/rqt_gui_cpp/cmake/rqt_gui_cppConfig-version.cmake
-- Up-to-date: /opt/ros/jade/share/rqt_gui_cpp/package.xml
-- Up-to-date: /opt/ros/jade/share/rqt_gui_cpp/plugin.xml
-- Installing: /opt/ros/jade/lib/librqt_gui_cpp.dylib
-- Up-to-date: /opt/ros/jade/include/rqt_gui_cpp
-- Up-to-date: /opt/ros/jade/include/rqt_gui_cpp/plugin.h
[[36mrqt_gui_cpp[0m] [32m<==[0m '[1m/Users/adityabhat/Downloads/build/rqt_gui_cpp/build_env.sh /usr/bin/make install[0m' finished with return code '[1m0[0m'[0m
