[[36mrqt_service_caller[0m] [1m[34m==>[0m '[1m/Users/adityabhat/Downloads/build/rqt_service_caller/build_env.sh /usr/bin/make cmake_check_build_system[0m' [30m[1min[0m '[1m/Users/adityabhat/Downloads/build/rqt_service_caller[0m'[0m
[[36mrqt_service_caller[0m] [32m<==[0m '[1m/Users/adityabhat/Downloads/build/rqt_service_caller/build_env.sh /usr/bin/make cmake_check_build_system[0m' finished with return code '[1m0[0m'[0m
[[36mrqt_service_caller[0m] [1m[34m==>[0m '[1m/Users/adityabhat/Downloads/build/rqt_service_caller/build_env.sh /usr/bin/make --jobserver-fds=3,4 -j[0m' [30m[1min[0m '[1m/Users/adityabhat/Downloads/build/rqt_service_caller[0m'[0m
[[36mrqt_service_caller[0m] [32m<==[0m '[1m/Users/adityabhat/Downloads/build/rqt_service_caller/build_env.sh /usr/bin/make --jobserver-fds=3,4 -j[0m' finished with return code '[1m0[0m'[0m
[[36mrqt_service_caller[0m] [1m[34m==>[0m '[1m/Users/adityabhat/Downloads/build/rqt_service_caller/build_env.sh /usr/bin/make install[0m' [30m[1min[0m '[1m/Users/adityabhat/Downloads/build/rqt_service_caller[0m'[0m
[36mInstall the project...[0m
-- Install configuration: "Release"
-- Installing: /opt/ros/jade/_setup_util.py
-- Installing: /opt/ros/jade/env.sh
-- Installing: /opt/ros/jade/setup.bash
-- Installing: /opt/ros/jade/setup.sh
-- Installing: /opt/ros/jade/setup.zsh
-- Installing: /opt/ros/jade/.rosinstall
-- Up-to-date: /opt/ros/jade/lib/pkgconfig/rqt_service_caller.pc
-- Up-to-date: /opt/ros/jade/share/rqt_service_caller/cmake/rqt_service_callerConfig.cmake
-- Up-to-date: /opt/ros/jade/share/rqt_service_caller/cmake/rqt_service_callerConfig-version.cmake
-- Up-to-date: /opt/ros/jade/share/rqt_service_caller/package.xml
+ cd /Users/adityabhat/Downloads/src/rqt_common_plugins/rqt_service_caller
+ /usr/bin/env PYTHONPATH=/opt/ros/jade/lib/python2.7/site-packages:/Users/adityabhat/Downloads/build/rqt_service_caller/lib/python2.7/site-packages:/opt/ros/jade/lib/python2.7/site-packages CATKIN_BINARY_DIR=/Users/adityabhat/Downloads/build/rqt_service_caller /usr/bin/python /Users/adityabhat/Downloads/src/rqt_common_plugins/rqt_service_caller/setup.py build --build-base /Users/adityabhat/Downloads/build/rqt_service_caller install --prefix=/opt/ros/jade --install-scripts=/opt/ros/jade/bin
running build
running build_py
running install
running install_lib
running install_egg_info
Removing /opt/ros/jade/lib/python2.7/site-packages/rqt_service_caller-0.3.13-py2.7.egg-info
Writing /opt/ros/jade/lib/python2.7/site-packages/rqt_service_caller-0.3.13-py2.7.egg-info
-- Up-to-date: /opt/ros/jade/share/rqt_service_caller/plugin.xml
-- Up-to-date: /opt/ros/jade/share/rqt_service_caller/resource
-- Up-to-date: /opt/ros/jade/share/rqt_service_caller/resource/ServiceCaller.ui
-- Up-to-date: /opt/ros/jade/lib/rqt_service_caller/rqt_service_caller
[[36mrqt_service_caller[0m] [32m<==[0m '[1m/Users/adityabhat/Downloads/build/rqt_service_caller/build_env.sh /usr/bin/make install[0m' finished with return code '[1m0[0m'[0m
