[[36msmach_msgs[0m] [1m[34m==>[0m '[1m/Users/adityabhat/Downloads/build/smach_msgs/build_env.sh /usr/bin/make cmake_check_build_system[0m' [30m[1min[0m '[1m/Users/adityabhat/Downloads/build/smach_msgs[0m'[0m
-- Using CATKIN_DEVEL_PREFIX: /Users/adityabhat/Downloads/devel
-- Using CMAKE_PREFIX_PATH: /opt/ros/jade
-- This workspace overlays: /opt/ros/jade
-- Using PYTHON_EXECUTABLE: /usr/bin/python
-- Using default Python package layout
-- Using empy: /usr/local/lib/python2.7/site-packages/em.pyc
-- Using CATKIN_ENABLE_TESTING: ON
-- Call enable_testing()
-- Using CATKIN_TEST_RESULTS_DIR: /Users/adityabhat/Downloads/build/smach_msgs/test_results
-- Found gtest: gtests will be built
CMake Warning at /opt/ros/jade/share/catkin/cmake/test/nosetests.cmake:98 (message):
  nosetests not found, Python tests can not be run (try installing package
  'python-nose')
Call Stack (most recent call first):
  /opt/ros/jade/share/catkin/cmake/all.cmake:147 (include)
  /opt/ros/jade/share/catkin/cmake/catkinConfig.cmake:20 (include)
  CMakeLists.txt:5 (find_package)

-- catkin 0.6.16
-- Using these message generators: gencpp;geneus;genlisp;genpy
-- smach_msgs: 3 messages, 0 services
-- Configuring done
-- Generating done
-- Build files have been written to: /Users/adityabhat/Downloads/build/smach_msgs
[[36msmach_msgs[0m] [32m<==[0m '[1m/Users/adityabhat/Downloads/build/smach_msgs/build_env.sh /usr/bin/make cmake_check_build_system[0m' finished with return code '[1m0[0m'[0m
[[36msmach_msgs[0m] [1m[34m==>[0m '[1m/Users/adityabhat/Downloads/build/smach_msgs/build_env.sh /usr/bin/make --jobserver-fds=3,4 -j[0m' [30m[1min[0m '[1m/Users/adityabhat/Downloads/build/smach_msgs[0m'[0m
[  0%] Built target _smach_msgs_generate_messages_check_deps_SmachContainerStructure
[  0%] Built target _smach_msgs_generate_messages_check_deps_SmachContainerStatus
[  0%] Built target _smach_msgs_generate_messages_check_deps_SmachContainerInitialStatusCmd
[  0%] Built target std_msgs_generate_messages_lisp
[  0%] Built target std_msgs_generate_messages_cpp
[  0%] Built target std_msgs_generate_messages_py
[  0%] Built target std_msgs_generate_messages_eus
[ 21%] Built target smach_msgs_generate_messages_lisp
[ 42%] Built target smach_msgs_generate_messages_cpp
[ 71%] Built target smach_msgs_generate_messages_py
[100%] Built target smach_msgs_generate_messages_eus
[100%] Built target smach_msgs_generate_messages
[[36msmach_msgs[0m] [32m<==[0m '[1m/Users/adityabhat/Downloads/build/smach_msgs/build_env.sh /usr/bin/make --jobserver-fds=3,4 -j[0m' finished with return code '[1m0[0m'[0m
[[36msmach_msgs[0m] [1m[34m==>[0m '[1m/Users/adityabhat/Downloads/build/smach_msgs/build_env.sh /usr/bin/make install[0m' [30m[1min[0m '[1m/Users/adityabhat/Downloads/build/smach_msgs[0m'[0m
[  0%] Built target _smach_msgs_generate_messages_check_deps_SmachContainerStructure
[  0%] Built target _smach_msgs_generate_messages_check_deps_SmachContainerStatus
[  0%] Built target _smach_msgs_generate_messages_check_deps_SmachContainerInitialStatusCmd
[  0%] Built target std_msgs_generate_messages_lisp
[ 21%] Built target smach_msgs_generate_messages_lisp
[ 21%] Built target std_msgs_generate_messages_cpp
[ 42%] Built target smach_msgs_generate_messages_cpp
[ 42%] Built target std_msgs_generate_messages_py
[ 71%] Built target smach_msgs_generate_messages_py
[ 71%] Built target std_msgs_generate_messages_eus
[100%] Built target smach_msgs_generate_messages_eus
[100%] Built target smach_msgs_generate_messages
[36mInstall the project...[0m
-- Install configuration: "Release"
-- Installing: /opt/ros/jade/_setup_util.py
-- Installing: /opt/ros/jade/env.sh
-- Installing: /opt/ros/jade/setup.bash
-- Installing: /opt/ros/jade/setup.sh
-- Installing: /opt/ros/jade/setup.zsh
-- Installing: /opt/ros/jade/.rosinstall
-- Up-to-date: /opt/ros/jade/share/smach_msgs/msg/SmachContainerInitialStatusCmd.msg
-- Up-to-date: /opt/ros/jade/share/smach_msgs/msg/SmachContainerStructure.msg
-- Up-to-date: /opt/ros/jade/share/smach_msgs/msg/SmachContainerStatus.msg
-- Up-to-date: /opt/ros/jade/share/smach_msgs/cmake/smach_msgs-msg-paths.cmake
-- Up-to-date: /opt/ros/jade/include/smach_msgs
-- Up-to-date: /opt/ros/jade/include/smach_msgs/SmachContainerInitialStatusCmd.h
-- Up-to-date: /opt/ros/jade/include/smach_msgs/SmachContainerStatus.h
-- Up-to-date: /opt/ros/jade/include/smach_msgs/SmachContainerStructure.h
-- Up-to-date: /opt/ros/jade/share/roseus/ros/smach_msgs
-- Up-to-date: /opt/ros/jade/share/roseus/ros/smach_msgs/manifest.l
-- Up-to-date: /opt/ros/jade/share/roseus/ros/smach_msgs/msg
-- Up-to-date: /opt/ros/jade/share/roseus/ros/smach_msgs/msg/SmachContainerInitialStatusCmd.l
-- Up-to-date: /opt/ros/jade/share/roseus/ros/smach_msgs/msg/SmachContainerStatus.l
-- Up-to-date: /opt/ros/jade/share/roseus/ros/smach_msgs/msg/SmachContainerStructure.l
-- Up-to-date: /opt/ros/jade/share/common-lisp/ros/smach_msgs
-- Up-to-date: /opt/ros/jade/share/common-lisp/ros/smach_msgs/msg
-- Up-to-date: /opt/ros/jade/share/common-lisp/ros/smach_msgs/msg/_package.lisp
-- Up-to-date: /opt/ros/jade/share/common-lisp/ros/smach_msgs/msg/_package_SmachContainerInitialStatusCmd.lisp
-- Up-to-date: /opt/ros/jade/share/common-lisp/ros/smach_msgs/msg/_package_SmachContainerStatus.lisp
-- Up-to-date: /opt/ros/jade/share/common-lisp/ros/smach_msgs/msg/_package_SmachContainerStructure.lisp
-- Up-to-date: /opt/ros/jade/share/common-lisp/ros/smach_msgs/msg/smach_msgs-msg.asd
-- Up-to-date: /opt/ros/jade/share/common-lisp/ros/smach_msgs/msg/SmachContainerInitialStatusCmd.lisp
-- Up-to-date: /opt/ros/jade/share/common-lisp/ros/smach_msgs/msg/SmachContainerStatus.lisp
-- Up-to-date: /opt/ros/jade/share/common-lisp/ros/smach_msgs/msg/SmachContainerStructure.lisp
Listing /Users/adityabhat/Downloads/devel/lib/python2.7/site-packages/smach_msgs ...
Listing /Users/adityabhat/Downloads/devel/lib/python2.7/site-packages/smach_msgs/msg ...
-- Up-to-date: /opt/ros/jade/lib/python2.7/site-packages/smach_msgs
-- Up-to-date: /opt/ros/jade/lib/python2.7/site-packages/smach_msgs/__init__.py
-- Up-to-date: /opt/ros/jade/lib/python2.7/site-packages/smach_msgs/__init__.pyc
-- Up-to-date: /opt/ros/jade/lib/python2.7/site-packages/smach_msgs/msg
-- Up-to-date: /opt/ros/jade/lib/python2.7/site-packages/smach_msgs/msg/__init__.py
-- Up-to-date: /opt/ros/jade/lib/python2.7/site-packages/smach_msgs/msg/__init__.pyc
-- Up-to-date: /opt/ros/jade/lib/python2.7/site-packages/smach_msgs/msg/_SmachContainerInitialStatusCmd.py
-- Up-to-date: /opt/ros/jade/lib/python2.7/site-packages/smach_msgs/msg/_SmachContainerInitialStatusCmd.pyc
-- Up-to-date: /opt/ros/jade/lib/python2.7/site-packages/smach_msgs/msg/_SmachContainerStatus.py
-- Up-to-date: /opt/ros/jade/lib/python2.7/site-packages/smach_msgs/msg/_SmachContainerStatus.pyc
-- Up-to-date: /opt/ros/jade/lib/python2.7/site-packages/smach_msgs/msg/_SmachContainerStructure.py
-- Up-to-date: /opt/ros/jade/lib/python2.7/site-packages/smach_msgs/msg/_SmachContainerStructure.pyc
-- Installing: /opt/ros/jade/lib/pkgconfig/smach_msgs.pc
-- Up-to-date: /opt/ros/jade/share/smach_msgs/cmake/smach_msgs-msg-extras.cmake
-- Up-to-date: /opt/ros/jade/share/smach_msgs/cmake/smach_msgsConfig.cmake
-- Up-to-date: /opt/ros/jade/share/smach_msgs/cmake/smach_msgsConfig-version.cmake
-- Up-to-date: /opt/ros/jade/share/smach_msgs/package.xml
[[36msmach_msgs[0m] [32m<==[0m '[1m/Users/adityabhat/Downloads/build/smach_msgs/build_env.sh /usr/bin/make install[0m' finished with return code '[1m0[0m'[0m
