[[36mstd_srvs[0m] [1m[34m==>[0m '[1m/Users/adityabhat/Downloads/build/std_srvs/build_env.sh /usr/bin/make cmake_check_build_system[0m' [30m[1min[0m '[1m/Users/adityabhat/Downloads/build/std_srvs[0m'[0m
-- Using CATKIN_DEVEL_PREFIX: /Users/adityabhat/Downloads/devel
-- Using CMAKE_PREFIX_PATH: /opt/ros/jade
-- This workspace overlays: /opt/ros/jade
-- Using PYTHON_EXECUTABLE: /usr/bin/python
-- Using default Python package layout
-- Using empy: /usr/local/lib/python2.7/site-packages/em.pyc
-- Using CATKIN_ENABLE_TESTING: ON
-- Call enable_testing()
-- Using CATKIN_TEST_RESULTS_DIR: /Users/adityabhat/Downloads/build/std_srvs/test_results
-- Found gtest: gtests will be built
CMake Warning at /opt/ros/jade/share/catkin/cmake/test/nosetests.cmake:98 (message):
  nosetests not found, Python tests can not be run (try installing package
  'python-nose')
Call Stack (most recent call first):
  /opt/ros/jade/share/catkin/cmake/all.cmake:147 (include)
  /opt/ros/jade/share/catkin/cmake/catkinConfig.cmake:20 (include)
  CMakeLists.txt:4 (find_package)

-- catkin 0.6.16
-- Using these message generators: gencpp;geneus;genlisp;genpy
-- std_srvs: 0 messages, 2 services
-- Configuring done
-- Generating done
-- Build files have been written to: /Users/adityabhat/Downloads/build/std_srvs
[[36mstd_srvs[0m] [32m<==[0m '[1m/Users/adityabhat/Downloads/build/std_srvs/build_env.sh /usr/bin/make cmake_check_build_system[0m' finished with return code '[1m0[0m'[0m
[[36mstd_srvs[0m] [1m[34m==>[0m '[1m/Users/adityabhat/Downloads/build/std_srvs/build_env.sh /usr/bin/make --jobserver-fds=3,4 -j[0m' [30m[1min[0m '[1m/Users/adityabhat/Downloads/build/std_srvs[0m'[0m
[  0%] Built target _std_srvs_generate_messages_check_deps_Empty
[  0%] Built target _std_srvs_generate_messages_check_deps_Trigger
[ 30%] Built target std_srvs_generate_messages_eus
[ 60%] Built target std_srvs_generate_messages_py
[ 80%] Built target std_srvs_generate_messages_cpp
[100%] Built target std_srvs_generate_messages_lisp
[100%] Built target std_srvs_generate_messages
[[36mstd_srvs[0m] [32m<==[0m '[1m/Users/adityabhat/Downloads/build/std_srvs/build_env.sh /usr/bin/make --jobserver-fds=3,4 -j[0m' finished with return code '[1m0[0m'[0m
[[36mstd_srvs[0m] [1m[34m==>[0m '[1m/Users/adityabhat/Downloads/build/std_srvs/build_env.sh /usr/bin/make install[0m' [30m[1min[0m '[1m/Users/adityabhat/Downloads/build/std_srvs[0m'[0m
[  0%] Built target _std_srvs_generate_messages_check_deps_Empty
[  0%] Built target _std_srvs_generate_messages_check_deps_Trigger
[ 30%] Built target std_srvs_generate_messages_eus
[ 50%] Built target std_srvs_generate_messages_cpp
[ 80%] Built target std_srvs_generate_messages_py
[100%] Built target std_srvs_generate_messages_lisp
[100%] Built target std_srvs_generate_messages
[36mInstall the project...[0m
-- Install configuration: "Release"
-- Installing: /opt/ros/jade/_setup_util.py
-- Installing: /opt/ros/jade/env.sh
-- Installing: /opt/ros/jade/setup.bash
-- Installing: /opt/ros/jade/setup.sh
-- Installing: /opt/ros/jade/setup.zsh
-- Installing: /opt/ros/jade/.rosinstall
-- Up-to-date: /opt/ros/jade/share/std_srvs/srv/Empty.srv
-- Up-to-date: /opt/ros/jade/share/std_srvs/srv/Trigger.srv
-- Up-to-date: /opt/ros/jade/share/std_srvs/cmake/std_srvs-msg-paths.cmake
-- Up-to-date: /opt/ros/jade/include/std_srvs
-- Up-to-date: /opt/ros/jade/include/std_srvs/Empty.h
-- Up-to-date: /opt/ros/jade/include/std_srvs/EmptyRequest.h
-- Up-to-date: /opt/ros/jade/include/std_srvs/EmptyResponse.h
-- Up-to-date: /opt/ros/jade/include/std_srvs/Trigger.h
-- Up-to-date: /opt/ros/jade/include/std_srvs/TriggerRequest.h
-- Up-to-date: /opt/ros/jade/include/std_srvs/TriggerResponse.h
-- Up-to-date: /opt/ros/jade/share/roseus/ros/std_srvs
-- Up-to-date: /opt/ros/jade/share/roseus/ros/std_srvs/manifest.l
-- Up-to-date: /opt/ros/jade/share/roseus/ros/std_srvs/srv
-- Up-to-date: /opt/ros/jade/share/roseus/ros/std_srvs/srv/Empty.l
-- Up-to-date: /opt/ros/jade/share/roseus/ros/std_srvs/srv/Trigger.l
-- Up-to-date: /opt/ros/jade/share/common-lisp/ros/std_srvs
-- Up-to-date: /opt/ros/jade/share/common-lisp/ros/std_srvs/srv
-- Up-to-date: /opt/ros/jade/share/common-lisp/ros/std_srvs/srv/_package.lisp
-- Up-to-date: /opt/ros/jade/share/common-lisp/ros/std_srvs/srv/_package_Empty.lisp
-- Up-to-date: /opt/ros/jade/share/common-lisp/ros/std_srvs/srv/_package_Trigger.lisp
-- Up-to-date: /opt/ros/jade/share/common-lisp/ros/std_srvs/srv/Empty.lisp
-- Up-to-date: /opt/ros/jade/share/common-lisp/ros/std_srvs/srv/std_srvs-srv.asd
-- Up-to-date: /opt/ros/jade/share/common-lisp/ros/std_srvs/srv/Trigger.lisp
Listing /Users/adityabhat/Downloads/devel/lib/python2.7/site-packages/std_srvs ...
Listing /Users/adityabhat/Downloads/devel/lib/python2.7/site-packages/std_srvs/srv ...
-- Up-to-date: /opt/ros/jade/lib/python2.7/site-packages/std_srvs
-- Up-to-date: /opt/ros/jade/lib/python2.7/site-packages/std_srvs/__init__.py
-- Up-to-date: /opt/ros/jade/lib/python2.7/site-packages/std_srvs/__init__.pyc
-- Up-to-date: /opt/ros/jade/lib/python2.7/site-packages/std_srvs/srv
-- Up-to-date: /opt/ros/jade/lib/python2.7/site-packages/std_srvs/srv/__init__.py
-- Up-to-date: /opt/ros/jade/lib/python2.7/site-packages/std_srvs/srv/__init__.pyc
-- Up-to-date: /opt/ros/jade/lib/python2.7/site-packages/std_srvs/srv/_Empty.py
-- Up-to-date: /opt/ros/jade/lib/python2.7/site-packages/std_srvs/srv/_Empty.pyc
-- Up-to-date: /opt/ros/jade/lib/python2.7/site-packages/std_srvs/srv/_Trigger.py
-- Up-to-date: /opt/ros/jade/lib/python2.7/site-packages/std_srvs/srv/_Trigger.pyc
-- Installing: /opt/ros/jade/lib/pkgconfig/std_srvs.pc
-- Up-to-date: /opt/ros/jade/share/std_srvs/cmake/std_srvs-msg-extras.cmake
-- Up-to-date: /opt/ros/jade/share/std_srvs/cmake/std_srvsConfig.cmake
-- Up-to-date: /opt/ros/jade/share/std_srvs/cmake/std_srvsConfig-version.cmake
-- Up-to-date: /opt/ros/jade/share/std_srvs/package.xml
[[36mstd_srvs[0m] [32m<==[0m '[1m/Users/adityabhat/Downloads/build/std_srvs/build_env.sh /usr/bin/make install[0m' finished with return code '[1m0[0m'[0m
