[[36mstereo_msgs[0m] [1m[34m==>[0m '[1m/Users/adityabhat/Downloads/build/stereo_msgs/build_env.sh /usr/bin/make cmake_check_build_system[0m' [30m[1min[0m '[1m/Users/adityabhat/Downloads/build/stereo_msgs[0m'[0m
-- Using CATKIN_DEVEL_PREFIX: /Users/adityabhat/Downloads/devel
-- Using CMAKE_PREFIX_PATH: /opt/ros/jade
-- This workspace overlays: /opt/ros/jade
-- Using PYTHON_EXECUTABLE: /usr/bin/python
-- Using default Python package layout
-- Using empy: /usr/local/lib/python2.7/site-packages/em.pyc
-- Using CATKIN_ENABLE_TESTING: ON
-- Call enable_testing()
-- Using CATKIN_TEST_RESULTS_DIR: /Users/adityabhat/Downloads/build/stereo_msgs/test_results
-- Found gtest: gtests will be built
CMake Warning at /opt/ros/jade/share/catkin/cmake/test/nosetests.cmake:98 (message):
  nosetests not found, Python tests can not be run (try installing package
  'python-nose')
Call Stack (most recent call first):
  /opt/ros/jade/share/catkin/cmake/all.cmake:147 (include)
  /opt/ros/jade/share/catkin/cmake/catkinConfig.cmake:20 (include)
  CMakeLists.txt:4 (find_package)


-- catkin 0.6.16
-- Using these message generators: gencpp;geneus;genlisp;genpy
-- stereo_msgs: 1 messages, 0 services
-- Configuring done
-- Generating done
-- Build files have been written to: /Users/adityabhat/Downloads/build/stereo_msgs
[[36mstereo_msgs[0m] [32m<==[0m '[1m/Users/adityabhat/Downloads/build/stereo_msgs/build_env.sh /usr/bin/make cmake_check_build_system[0m' finished with return code '[1m0[0m'[0m
[[36mstereo_msgs[0m] [1m[34m==>[0m '[1m/Users/adityabhat/Downloads/build/stereo_msgs/build_env.sh /usr/bin/make --jobserver-fds=3,4 -j[0m' [30m[1min[0m '[1m/Users/adityabhat/Downloads/build/stereo_msgs[0m'[0m
[  0%] Built target sensor_msgs_generate_messages_cpp
[  0%] Built target sensor_msgs_generate_messages_lisp
[  0%] Built target std_msgs_generate_messages_cpp
[  0%] Built target sensor_msgs_generate_messages_eus
[  0%] Built target std_msgs_generate_messages_eus
[  0%] Built target std_msgs_generate_messages_lisp
[  0%] Built target std_msgs_generate_messages_py
[  0%] Built target _stereo_msgs_generate_messages_check_deps_DisparityImage
[  0%] Built target sensor_msgs_generate_messages_py
[ 33%] Built target stereo_msgs_generate_messages_eus
[ 50%] Built target stereo_msgs_generate_messages_cpp
[ 66%] Built target stereo_msgs_generate_messages_lisp
[100%] Built target stereo_msgs_generate_messages_py
[100%] Built target stereo_msgs_generate_messages
[[36mstereo_msgs[0m] [32m<==[0m '[1m/Users/adityabhat/Downloads/build/stereo_msgs/build_env.sh /usr/bin/make --jobserver-fds=3,4 -j[0m' finished with return code '[1m0[0m'[0m
[[36mstereo_msgs[0m] [1m[34m==>[0m '[1m/Users/adityabhat/Downloads/build/stereo_msgs/build_env.sh /usr/bin/make install[0m' [30m[1min[0m '[1m/Users/adityabhat/Downloads/build/stereo_msgs[0m'[0m
[  0%] Built target std_msgs_generate_messages_cpp
[  0%] Built target _stereo_msgs_generate_messages_check_deps_DisparityImage
[  0%] Built target sensor_msgs_generate_messages_cpp
[ 16%] Built target stereo_msgs_generate_messages_cpp
[ 16%] Built target sensor_msgs_generate_messages_lisp
[ 16%] Built target std_msgs_generate_messages_lisp
[ 33%] Built target stereo_msgs_generate_messages_lisp
[ 33%] Built target sensor_msgs_generate_messages_eus
[ 33%] Built target std_msgs_generate_messages_eus
[ 66%] Built target stereo_msgs_generate_messages_eus
[ 66%] Built target sensor_msgs_generate_messages_py
[ 66%] Built target std_msgs_generate_messages_py
[100%] Built target stereo_msgs_generate_messages_py
[100%] Built target stereo_msgs_generate_messages
[36mInstall the project...[0m
-- Install configuration: "Release"
-- Installing: /opt/ros/jade/_setup_util.py
-- Installing: /opt/ros/jade/env.sh
-- Installing: /opt/ros/jade/setup.bash
-- Installing: /opt/ros/jade/setup.sh
-- Installing: /opt/ros/jade/setup.zsh
-- Installing: /opt/ros/jade/.rosinstall
-- Up-to-date: /opt/ros/jade/share/stereo_msgs/msg/DisparityImage.msg
-- Up-to-date: /opt/ros/jade/share/stereo_msgs/cmake/stereo_msgs-msg-paths.cmake
-- Up-to-date: /opt/ros/jade/include/stereo_msgs
-- Up-to-date: /opt/ros/jade/include/stereo_msgs/DisparityImage.h
-- Up-to-date: /opt/ros/jade/share/roseus/ros/stereo_msgs
-- Up-to-date: /opt/ros/jade/share/roseus/ros/stereo_msgs/manifest.l
-- Up-to-date: /opt/ros/jade/share/roseus/ros/stereo_msgs/msg
-- Up-to-date: /opt/ros/jade/share/roseus/ros/stereo_msgs/msg/DisparityImage.l
-- Up-to-date: /opt/ros/jade/share/common-lisp/ros/stereo_msgs
-- Up-to-date: /opt/ros/jade/share/common-lisp/ros/stereo_msgs/msg
-- Up-to-date: /opt/ros/jade/share/common-lisp/ros/stereo_msgs/msg/_package.lisp
-- Up-to-date: /opt/ros/jade/share/common-lisp/ros/stereo_msgs/msg/_package_DisparityImage.lisp
-- Up-to-date: /opt/ros/jade/share/common-lisp/ros/stereo_msgs/msg/DisparityImage.lisp
-- Up-to-date: /opt/ros/jade/share/common-lisp/ros/stereo_msgs/msg/stereo_msgs-msg.asd
Listing /Users/adityabhat/Downloads/devel/lib/python2.7/site-packages/stereo_msgs ...
Listing /Users/adityabhat/Downloads/devel/lib/python2.7/site-packages/stereo_msgs/msg ...
-- Up-to-date: /opt/ros/jade/lib/python2.7/site-packages/stereo_msgs
-- Up-to-date: /opt/ros/jade/lib/python2.7/site-packages/stereo_msgs/__init__.py
-- Up-to-date: /opt/ros/jade/lib/python2.7/site-packages/stereo_msgs/__init__.pyc
-- Up-to-date: /opt/ros/jade/lib/python2.7/site-packages/stereo_msgs/msg
-- Up-to-date: /opt/ros/jade/lib/python2.7/site-packages/stereo_msgs/msg/__init__.py
-- Up-to-date: /opt/ros/jade/lib/python2.7/site-packages/stereo_msgs/msg/__init__.pyc
-- Up-to-date: /opt/ros/jade/lib/python2.7/site-packages/stereo_msgs/msg/_DisparityImage.py
-- Up-to-date: /opt/ros/jade/lib/python2.7/site-packages/stereo_msgs/msg/_DisparityImage.pyc
-- Installing: /opt/ros/jade/lib/pkgconfig/stereo_msgs.pc
-- Up-to-date: /opt/ros/jade/share/stereo_msgs/cmake/stereo_msgs-msg-extras.cmake
-- Up-to-date: /opt/ros/jade/share/stereo_msgs/cmake/stereo_msgsConfig.cmake
-- Up-to-date: /opt/ros/jade/share/stereo_msgs/cmake/stereo_msgsConfig-version.cmake
-- Up-to-date: /opt/ros/jade/share/stereo_msgs/package.xml
[[36mstereo_msgs[0m] [32m<==[0m '[1m/Users/adityabhat/Downloads/build/stereo_msgs/build_env.sh /usr/bin/make install[0m' finished with return code '[1m0[0m'[0m
