[[36mtf2_geometry_msgs[0m] [1m[34m==>[0m '[1m/Users/adityabhat/Downloads/build/tf2_geometry_msgs/build_env.sh /usr/bin/make cmake_check_build_system[0m' [30m[1min[0m '[1m/Users/adityabhat/Downloads/build/tf2_geometry_msgs[0m'[0m
-- Using CATKIN_DEVEL_PREFIX: /Users/adityabhat/Downloads/devel
-- Using CMAKE_PREFIX_PATH: /opt/ros/jade
-- This workspace overlays: /opt/ros/jade
-- Using PYTHON_EXECUTABLE: /usr/bin/python
-- Using default Python package layout
-- Using empy: /usr/local/lib/python2.7/site-packages/em.pyc
-- Using CATKIN_ENABLE_TESTING: ON
-- Call enable_testing()
-- Using CATKIN_TEST_RESULTS_DIR: /Users/adityabhat/Downloads/build/tf2_geometry_msgs/test_results
-- Found gtest: gtests will be built
CMake Warning at /opt/ros/jade/share/catkin/cmake/test/nosetests.cmake:98 (message):
  nosetests not found, Python tests can not be run (try installing package
  'python-nose')
Call Stack (most recent call first):
  /opt/ros/jade/share/catkin/cmake/all.cmake:147 (include)
  /opt/ros/jade/share/catkin/cmake/catkinConfig.cmake:20 (include)
  CMakeLists.txt:5 (find_package)

-- catkin 0.6.16
-- Using these message generators: gencpp;geneus;genlisp;genpy
-- Boost version: 1.60.0
-- Found the following Boost libraries:
--   thread
--   chrono
--   system
--   date_time
--   atomic
-- Configuring done
-- Generating done
-- Build files have been written to: /Users/adityabhat/Downloads/build/tf2_geometry_msgs
[[36mtf2_geometry_msgs[0m] [32m<==[0m '[1m/Users/adityabhat/Downloads/build/tf2_geometry_msgs/build_env.sh /usr/bin/make cmake_check_build_system[0m' finished with return code '[1m0[0m'[0m
[[36mtf2_geometry_msgs[0m] [1m[34m==>[0m '[1m/Users/adityabhat/Downloads/build/tf2_geometry_msgs/build_env.sh /usr/bin/make --jobserver-fds=3,4 -j[0m' [30m[1min[0m '[1m/Users/adityabhat/Downloads/build/tf2_geometry_msgs[0m'[0m
[[36mtf2_geometry_msgs[0m] [32m<==[0m '[1m/Users/adityabhat/Downloads/build/tf2_geometry_msgs/build_env.sh /usr/bin/make --jobserver-fds=3,4 -j[0m' finished with return code '[1m0[0m'[0m
[[36mtf2_geometry_msgs[0m] [1m[34m==>[0m '[1m/Users/adityabhat/Downloads/build/tf2_geometry_msgs/build_env.sh /usr/bin/make install[0m' [30m[1min[0m '[1m/Users/adityabhat/Downloads/build/tf2_geometry_msgs[0m'[0m
[36mInstall the project...[0m
-- Install configuration: "Release"
-- Installing: /opt/ros/jade/_setup_util.py
-- Installing: /opt/ros/jade/env.sh
-- Installing: /opt/ros/jade/setup.bash
-- Installing: /opt/ros/jade/setup.sh
-- Installing: /opt/ros/jade/setup.zsh
-- Installing: /opt/ros/jade/.rosinstall
-- Installing: /opt/ros/jade/lib/pkgconfig/tf2_geometry_msgs.pc
-- Up-to-date: /opt/ros/jade/share/tf2_geometry_msgs/cmake/tf2_geometry_msgsConfig.cmake
-- Up-to-date: /opt/ros/jade/share/tf2_geometry_msgs/cmake/tf2_geometry_msgsConfig-version.cmake
-- Up-to-date: /opt/ros/jade/share/tf2_geometry_msgs/package.xml
-- Up-to-date: /opt/ros/jade/include/tf2_geometry_msgs
-- Up-to-date: /opt/ros/jade/include/tf2_geometry_msgs/tf2_geometry_msgs.h
+ cd /Users/adityabhat/Downloads/src/geometry_experimental/tf2_geometry_msgs
+ /usr/bin/env PYTHONPATH=/opt/ros/jade/lib/python2.7/site-packages:/Users/adityabhat/Downloads/build/tf2_geometry_msgs/lib/python2.7/site-packages:/opt/ros/jade/lib/python2.7/site-packages CATKIN_BINARY_DIR=/Users/adityabhat/Downloads/build/tf2_geometry_msgs /usr/bin/python /Users/adityabhat/Downloads/src/geometry_experimental/tf2_geometry_msgs/setup.py build --build-base /Users/adityabhat/Downloads/build/tf2_geometry_msgs install --prefix=/opt/ros/jade --install-scripts=/opt/ros/jade/bin
running build
running build_py
running install
running install_lib
running install_egg_info
Removing /opt/ros/jade/lib/python2.7/site-packages/tf2_geometry_msgs-0.5.12-py2.7.egg-info
Writing /opt/ros/jade/lib/python2.7/site-packages/tf2_geometry_msgs-0.5.12-py2.7.egg-info
[[36mtf2_geometry_msgs[0m] [32m<==[0m '[1m/Users/adityabhat/Downloads/build/tf2_geometry_msgs/build_env.sh /usr/bin/make install[0m' finished with return code '[1m0[0m'[0m
