[[36mtf2_msgs[0m] [1m[34m==>[0m '[1m/Users/adityabhat/Downloads/build/tf2_msgs/build_env.sh /usr/bin/make cmake_check_build_system[0m' [30m[1min[0m '[1m/Users/adityabhat/Downloads/build/tf2_msgs[0m'[0m
-- Using CATKIN_DEVEL_PREFIX: /Users/adityabhat/Downloads/devel
-- Using CMAKE_PREFIX_PATH: /opt/ros/jade
-- This workspace overlays: /opt/ros/jade
-- Using PYTHON_EXECUTABLE: /usr/bin/python
-- Using default Python package layout
-- Using empy: /usr/local/lib/python2.7/site-packages/em.pyc
-- Using CATKIN_ENABLE_TESTING: ON
-- Call enable_testing()
-- Using CATKIN_TEST_RESULTS_DIR: /Users/adityabhat/Downloads/build/tf2_msgs/test_results
-- Found gtest: gtests will be built
CMake Warning at /opt/ros/jade/share/catkin/cmake/test/nosetests.cmake:98 (message):
  nosetests not found, Python tests can not be run (try installing package
  'python-nose')
Call Stack (most recent call first):
  /opt/ros/jade/share/catkin/cmake/all.cmake:147 (include)
  /opt/ros/jade/share/catkin/cmake/catkinConfig.cmake:20 (include)
  CMakeLists.txt:4 (find_package)

-- catkin 0.6.16
-- Using these message generators: gencpp;geneus;genlisp;genpy
-- Boost version: 1.60.0
-- Found the following Boost libraries:
--   thread
--   chrono
--   system
--   date_time
--   atomic
-- Generating .msg files for action tf2_msgs/LookupTransform /Users/adityabhat/Downloads/src/geometry_experimental/tf2_msgs/action/LookupTransform.action
-- tf2_msgs: 9 messages, 1 services
-- Configuring done
-- Generating done
-- Build files have been written to: /Users/adityabhat/Downloads/build/tf2_msgs
[[36mtf2_msgs[0m] [32m<==[0m '[1m/Users/adityabhat/Downloads/build/tf2_msgs/build_env.sh /usr/bin/make cmake_check_build_system[0m' finished with return code '[1m0[0m'[0m
[[36mtf2_msgs[0m] [1m[34m==>[0m '[1m/Users/adityabhat/Downloads/build/tf2_msgs/build_env.sh /usr/bin/make --jobserver-fds=3,4 -j[0m' [30m[1min[0m '[1m/Users/adityabhat/Downloads/build/tf2_msgs[0m'[0m
[  0%] Built target geometry_msgs_generate_messages_cpp
[  0%] Built target _tf2_msgs_generate_messages_check_deps_LookupTransformGoal
[  0%] Built target _tf2_msgs_generate_messages_check_deps_FrameGraph
[  0%] Built target _tf2_msgs_generate_messages_check_deps_LookupTransformActionGoal
[  0%] Built target _tf2_msgs_generate_messages_check_deps_LookupTransformActionResult
[  0%] Built target _tf2_msgs_generate_messages_check_deps_LookupTransformResult
[  0%] Built target actionlib_msgs_generate_messages_cpp
[  0%] Built target _tf2_msgs_generate_messages_check_deps_LookupTransformAction
[  0%] Built target _tf2_msgs_generate_messages_check_deps_TF2Error
[  0%] Built target std_msgs_generate_messages_cpp
[  0%] Built target _tf2_msgs_generate_messages_check_deps_TFMessage
[  0%] Built target _tf2_msgs_generate_messages_check_deps_LookupTransformActionFeedback
[  0%] Built target _tf2_msgs_generate_messages_check_deps_LookupTransformFeedback
[  0%] Built target actionlib_msgs_generate_messages_py
[  0%] Built target std_msgs_generate_messages_py
[  0%] Built target geometry_msgs_generate_messages_py
[  0%] Built target actionlib_msgs_generate_messages_lisp
[  0%] Built target std_msgs_generate_messages_lisp
[  0%] Built target geometry_msgs_generate_messages_lisp
[  0%] Built target geometry_msgs_generate_messages_eus
[  0%] Built target actionlib_msgs_generate_messages_eus
[  0%] Built target std_msgs_generate_messages_eus
[ 23%] Built target tf2_msgs_generate_messages_cpp
[ 51%] Built target tf2_msgs_generate_messages_py
[ 74%] Built target tf2_msgs_generate_messages_lisp
[100%] Built target tf2_msgs_generate_messages_eus
[100%] Built target tf2_msgs_generate_messages
[[36mtf2_msgs[0m] [32m<==[0m '[1m/Users/adityabhat/Downloads/build/tf2_msgs/build_env.sh /usr/bin/make --jobserver-fds=3,4 -j[0m' finished with return code '[1m0[0m'[0m
[[36mtf2_msgs[0m] [1m[34m==>[0m '[1m/Users/adityabhat/Downloads/build/tf2_msgs/build_env.sh /usr/bin/make install[0m' [30m[1min[0m '[1m/Users/adityabhat/Downloads/build/tf2_msgs[0m'[0m
[  0%] Built target geometry_msgs_generate_messages_cpp
[  0%] Built target _tf2_msgs_generate_messages_check_deps_LookupTransformGoal
[  0%] Built target _tf2_msgs_generate_messages_check_deps_FrameGraph
[  0%] Built target _tf2_msgs_generate_messages_check_deps_LookupTransformActionGoal
[  0%] Built target _tf2_msgs_generate_messages_check_deps_LookupTransformActionResult
[  0%] Built target _tf2_msgs_generate_messages_check_deps_LookupTransformResult
[  0%] Built target _tf2_msgs_generate_messages_check_deps_LookupTransformAction
[  0%] Built target actionlib_msgs_generate_messages_cpp
[  0%] Built target _tf2_msgs_generate_messages_check_deps_TF2Error
[  0%] Built target std_msgs_generate_messages_cpp
[  0%] Built target _tf2_msgs_generate_messages_check_deps_TFMessage
[  0%] Built target _tf2_msgs_generate_messages_check_deps_LookupTransformActionFeedback
[  0%] Built target _tf2_msgs_generate_messages_check_deps_LookupTransformFeedback
[ 23%] Built target tf2_msgs_generate_messages_cpp
[ 23%] Built target actionlib_msgs_generate_messages_py
[ 23%] Built target std_msgs_generate_messages_py
[ 23%] Built target geometry_msgs_generate_messages_py
[ 51%] Built target tf2_msgs_generate_messages_py
[ 51%] Built target actionlib_msgs_generate_messages_lisp
[ 51%] Built target std_msgs_generate_messages_lisp
[ 51%] Built target geometry_msgs_generate_messages_lisp
[ 74%] Built target tf2_msgs_generate_messages_lisp
[ 74%] Built target geometry_msgs_generate_messages_eus
[ 74%] Built target actionlib_msgs_generate_messages_eus
[ 74%] Built target std_msgs_generate_messages_eus
[100%] Built target tf2_msgs_generate_messages_eus
[100%] Built target tf2_msgs_generate_messages
[36mInstall the project...[0m
-- Install configuration: "Release"
-- Installing: /opt/ros/jade/_setup_util.py
-- Installing: /opt/ros/jade/env.sh
-- Installing: /opt/ros/jade/setup.bash
-- Installing: /opt/ros/jade/setup.sh
-- Installing: /opt/ros/jade/setup.zsh
-- Installing: /opt/ros/jade/.rosinstall
-- Up-to-date: /opt/ros/jade/share/tf2_msgs/msg/TF2Error.msg
-- Up-to-date: /opt/ros/jade/share/tf2_msgs/msg/TFMessage.msg
-- Up-to-date: /opt/ros/jade/share/tf2_msgs/srv/FrameGraph.srv
-- Up-to-date: /opt/ros/jade/share/tf2_msgs/action/LookupTransform.action
-- Up-to-date: /opt/ros/jade/share/tf2_msgs/msg/LookupTransformAction.msg
-- Up-to-date: /opt/ros/jade/share/tf2_msgs/msg/LookupTransformActionGoal.msg
-- Up-to-date: /opt/ros/jade/share/tf2_msgs/msg/LookupTransformActionResult.msg
-- Up-to-date: /opt/ros/jade/share/tf2_msgs/msg/LookupTransformActionFeedback.msg
-- Up-to-date: /opt/ros/jade/share/tf2_msgs/msg/LookupTransformGoal.msg
-- Up-to-date: /opt/ros/jade/share/tf2_msgs/msg/LookupTransformResult.msg
-- Up-to-date: /opt/ros/jade/share/tf2_msgs/msg/LookupTransformFeedback.msg
-- Up-to-date: /opt/ros/jade/share/tf2_msgs/cmake/tf2_msgs-msg-paths.cmake
-- Up-to-date: /opt/ros/jade/include/tf2_msgs
-- Up-to-date: /opt/ros/jade/include/tf2_msgs/FrameGraph.h
-- Up-to-date: /opt/ros/jade/include/tf2_msgs/FrameGraphRequest.h
-- Up-to-date: /opt/ros/jade/include/tf2_msgs/FrameGraphResponse.h
-- Up-to-date: /opt/ros/jade/include/tf2_msgs/LookupTransformAction.h
-- Up-to-date: /opt/ros/jade/include/tf2_msgs/LookupTransformActionFeedback.h
-- Up-to-date: /opt/ros/jade/include/tf2_msgs/LookupTransformActionGoal.h
-- Up-to-date: /opt/ros/jade/include/tf2_msgs/LookupTransformActionResult.h
-- Up-to-date: /opt/ros/jade/include/tf2_msgs/LookupTransformFeedback.h
-- Up-to-date: /opt/ros/jade/include/tf2_msgs/LookupTransformGoal.h
-- Up-to-date: /opt/ros/jade/include/tf2_msgs/LookupTransformResult.h
-- Up-to-date: /opt/ros/jade/include/tf2_msgs/TF2Error.h
-- Up-to-date: /opt/ros/jade/include/tf2_msgs/TFMessage.h
-- Up-to-date: /opt/ros/jade/share/roseus/ros/tf2_msgs
-- Up-to-date: /opt/ros/jade/share/roseus/ros/tf2_msgs/manifest.l
-- Up-to-date: /opt/ros/jade/share/roseus/ros/tf2_msgs/msg
-- Up-to-date: /opt/ros/jade/share/roseus/ros/tf2_msgs/msg/LookupTransformAction.l
-- Up-to-date: /opt/ros/jade/share/roseus/ros/tf2_msgs/msg/LookupTransformActionFeedback.l
-- Up-to-date: /opt/ros/jade/share/roseus/ros/tf2_msgs/msg/LookupTransformActionGoal.l
-- Up-to-date: /opt/ros/jade/share/roseus/ros/tf2_msgs/msg/LookupTransformActionResult.l
-- Up-to-date: /opt/ros/jade/share/roseus/ros/tf2_msgs/msg/LookupTransformFeedback.l
-- Up-to-date: /opt/ros/jade/share/roseus/ros/tf2_msgs/msg/LookupTransformGoal.l
-- Up-to-date: /opt/ros/jade/share/roseus/ros/tf2_msgs/msg/LookupTransformResult.l
-- Up-to-date: /opt/ros/jade/share/roseus/ros/tf2_msgs/msg/TF2Error.l
-- Up-to-date: /opt/ros/jade/share/roseus/ros/tf2_msgs/msg/TFMessage.l
-- Up-to-date: /opt/ros/jade/share/roseus/ros/tf2_msgs/srv
-- Up-to-date: /opt/ros/jade/share/roseus/ros/tf2_msgs/srv/FrameGraph.l
-- Up-to-date: /opt/ros/jade/share/common-lisp/ros/tf2_msgs
-- Up-to-date: /opt/ros/jade/share/common-lisp/ros/tf2_msgs/msg
-- Up-to-date: /opt/ros/jade/share/common-lisp/ros/tf2_msgs/msg/_package.lisp
-- Up-to-date: /opt/ros/jade/share/common-lisp/ros/tf2_msgs/msg/_package_LookupTransformAction.lisp
-- Up-to-date: /opt/ros/jade/share/common-lisp/ros/tf2_msgs/msg/_package_LookupTransformActionFeedback.lisp
-- Up-to-date: /opt/ros/jade/share/common-lisp/ros/tf2_msgs/msg/_package_LookupTransformActionGoal.lisp
-- Up-to-date: /opt/ros/jade/share/common-lisp/ros/tf2_msgs/msg/_package_LookupTransformActionResult.lisp
-- Up-to-date: /opt/ros/jade/share/common-lisp/ros/tf2_msgs/msg/_package_LookupTransformFeedback.lisp
-- Up-to-date: /opt/ros/jade/share/common-lisp/ros/tf2_msgs/msg/_package_LookupTransformGoal.lisp
-- Up-to-date: /opt/ros/jade/share/common-lisp/ros/tf2_msgs/msg/_package_LookupTransformResult.lisp
-- Up-to-date: /opt/ros/jade/share/common-lisp/ros/tf2_msgs/msg/_package_TF2Error.lisp
-- Up-to-date: /opt/ros/jade/share/common-lisp/ros/tf2_msgs/msg/_package_TFMessage.lisp
-- Up-to-date: /opt/ros/jade/share/common-lisp/ros/tf2_msgs/msg/LookupTransformAction.lisp
-- Up-to-date: /opt/ros/jade/share/common-lisp/ros/tf2_msgs/msg/LookupTransformActionFeedback.lisp
-- Up-to-date: /opt/ros/jade/share/common-lisp/ros/tf2_msgs/msg/LookupTransformActionGoal.lisp
-- Up-to-date: /opt/ros/jade/share/common-lisp/ros/tf2_msgs/msg/LookupTransformActionResult.lisp
-- Up-to-date: /opt/ros/jade/share/common-lisp/ros/tf2_msgs/msg/LookupTransformFeedback.lisp
-- Up-to-date: /opt/ros/jade/share/common-lisp/ros/tf2_msgs/msg/LookupTransformGoal.lisp
-- Up-to-date: /opt/ros/jade/share/common-lisp/ros/tf2_msgs/msg/LookupTransformResult.lisp
-- Up-to-date: /opt/ros/jade/share/common-lisp/ros/tf2_msgs/msg/tf2_msgs-msg.asd
-- Up-to-date: /opt/ros/jade/share/common-lisp/ros/tf2_msgs/msg/TF2Error.lisp
-- Up-to-date: /opt/ros/jade/share/common-lisp/ros/tf2_msgs/msg/TFMessage.lisp
-- Up-to-date: /opt/ros/jade/share/common-lisp/ros/tf2_msgs/srv
-- Up-to-date: /opt/ros/jade/share/common-lisp/ros/tf2_msgs/srv/_package.lisp
-- Up-to-date: /opt/ros/jade/share/common-lisp/ros/tf2_msgs/srv/_package_FrameGraph.lisp
-- Up-to-date: /opt/ros/jade/share/common-lisp/ros/tf2_msgs/srv/FrameGraph.lisp
-- Up-to-date: /opt/ros/jade/share/common-lisp/ros/tf2_msgs/srv/tf2_msgs-srv.asd
Listing /Users/adityabhat/Downloads/devel/lib/python2.7/site-packages/tf2_msgs ...
Listing /Users/adityabhat/Downloads/devel/lib/python2.7/site-packages/tf2_msgs/msg ...
Listing /Users/adityabhat/Downloads/devel/lib/python2.7/site-packages/tf2_msgs/srv ...
-- Up-to-date: /opt/ros/jade/lib/python2.7/site-packages/tf2_msgs
-- Up-to-date: /opt/ros/jade/lib/python2.7/site-packages/tf2_msgs/__init__.py
-- Up-to-date: /opt/ros/jade/lib/python2.7/site-packages/tf2_msgs/__init__.pyc
-- Up-to-date: /opt/ros/jade/lib/python2.7/site-packages/tf2_msgs/msg
-- Up-to-date: /opt/ros/jade/lib/python2.7/site-packages/tf2_msgs/msg/__init__.py
-- Up-to-date: /opt/ros/jade/lib/python2.7/site-packages/tf2_msgs/msg/__init__.pyc
-- Up-to-date: /opt/ros/jade/lib/python2.7/site-packages/tf2_msgs/msg/_LookupTransformAction.py
-- Up-to-date: /opt/ros/jade/lib/python2.7/site-packages/tf2_msgs/msg/_LookupTransformAction.pyc
-- Up-to-date: /opt/ros/jade/lib/python2.7/site-packages/tf2_msgs/msg/_LookupTransformActionFeedback.py
-- Up-to-date: /opt/ros/jade/lib/python2.7/site-packages/tf2_msgs/msg/_LookupTransformActionFeedback.pyc
-- Up-to-date: /opt/ros/jade/lib/python2.7/site-packages/tf2_msgs/msg/_LookupTransformActionGoal.py
-- Up-to-date: /opt/ros/jade/lib/python2.7/site-packages/tf2_msgs/msg/_LookupTransformActionGoal.pyc
-- Up-to-date: /opt/ros/jade/lib/python2.7/site-packages/tf2_msgs/msg/_LookupTransformActionResult.py
-- Up-to-date: /opt/ros/jade/lib/python2.7/site-packages/tf2_msgs/msg/_LookupTransformActionResult.pyc
-- Up-to-date: /opt/ros/jade/lib/python2.7/site-packages/tf2_msgs/msg/_LookupTransformFeedback.py
-- Up-to-date: /opt/ros/jade/lib/python2.7/site-packages/tf2_msgs/msg/_LookupTransformFeedback.pyc
-- Up-to-date: /opt/ros/jade/lib/python2.7/site-packages/tf2_msgs/msg/_LookupTransformGoal.py
-- Up-to-date: /opt/ros/jade/lib/python2.7/site-packages/tf2_msgs/msg/_LookupTransformGoal.pyc
-- Up-to-date: /opt/ros/jade/lib/python2.7/site-packages/tf2_msgs/msg/_LookupTransformResult.py
-- Up-to-date: /opt/ros/jade/lib/python2.7/site-packages/tf2_msgs/msg/_LookupTransformResult.pyc
-- Up-to-date: /opt/ros/jade/lib/python2.7/site-packages/tf2_msgs/msg/_TF2Error.py
-- Up-to-date: /opt/ros/jade/lib/python2.7/site-packages/tf2_msgs/msg/_TF2Error.pyc
-- Up-to-date: /opt/ros/jade/lib/python2.7/site-packages/tf2_msgs/msg/_TFMessage.py
-- Up-to-date: /opt/ros/jade/lib/python2.7/site-packages/tf2_msgs/msg/_TFMessage.pyc
-- Up-to-date: /opt/ros/jade/lib/python2.7/site-packages/tf2_msgs/srv
-- Up-to-date: /opt/ros/jade/lib/python2.7/site-packages/tf2_msgs/srv/__init__.py
-- Up-to-date: /opt/ros/jade/lib/python2.7/site-packages/tf2_msgs/srv/__init__.pyc
-- Up-to-date: /opt/ros/jade/lib/python2.7/site-packages/tf2_msgs/srv/_FrameGraph.py
-- Up-to-date: /opt/ros/jade/lib/python2.7/site-packages/tf2_msgs/srv/_FrameGraph.pyc
-- Installing: /opt/ros/jade/lib/pkgconfig/tf2_msgs.pc
-- Up-to-date: /opt/ros/jade/share/tf2_msgs/cmake/tf2_msgs-msg-extras.cmake
-- Up-to-date: /opt/ros/jade/share/tf2_msgs/cmake/tf2_msgsConfig.cmake
-- Up-to-date: /opt/ros/jade/share/tf2_msgs/cmake/tf2_msgsConfig-version.cmake
-- Up-to-date: /opt/ros/jade/share/tf2_msgs/package.xml
[[36mtf2_msgs[0m] [32m<==[0m '[1m/Users/adityabhat/Downloads/build/tf2_msgs/build_env.sh /usr/bin/make install[0m' finished with return code '[1m0[0m'[0m
