[[36mtf2_ros[0m] [1m[34m==>[0m '[1m/Users/adityabhat/Downloads/build/tf2_ros/build_env.sh /usr/bin/make cmake_check_build_system[0m' [30m[1min[0m '[1m/Users/adityabhat/Downloads/build/tf2_ros[0m'[0m
-- Using CATKIN_DEVEL_PREFIX: /Users/adityabhat/Downloads/devel
-- Using CMAKE_PREFIX_PATH: /opt/ros/jade
-- This workspace overlays: /opt/ros/jade
-- Using PYTHON_EXECUTABLE: /usr/bin/python
-- Using default Python package layout
-- Using empy: /usr/local/lib/python2.7/site-packages/em.pyc
-- Using CATKIN_ENABLE_TESTING: ON
-- Call enable_testing()
-- Using CATKIN_TEST_RESULTS_DIR: /Users/adityabhat/Downloads/build/tf2_ros/test_results
-- Found gtest: gtests will be built
CMake Warning at /opt/ros/jade/share/catkin/cmake/test/nosetests.cmake:98 (message):
  nosetests not found, Python tests can not be run (try installing package
  'python-nose')
Call Stack (most recent call first):
  /opt/ros/jade/share/catkin/cmake/all.cmake:147 (include)
  /opt/ros/jade/share/catkin/cmake/catkinConfig.cmake:20 (include)
  CMakeLists.txt:8 (find_package)


-- catkin 0.6.16
-- Using these message generators: gencpp;geneus;genlisp;genpy
-- Boost version: 1.60.0
-- Found the following Boost libraries:
--   thread
--   chrono
--   system
--   date_time
--   atomic
-- Configuring done
CMake Warning (dev) at CMakeLists.txt:55 (add_dependencies):
  Policy CMP0046 is not set: Error on non-existent dependency in
  add_dependencies.  Run "cmake --help-policy CMP0046" for policy details.
  Use the cmake_policy command to set the policy and suppress this warning.

  The dependency target "tf2_msgs_gencpp" of target "tf2_ros_buffer_server"
  does not exist.
This warning is for project developers.  Use -Wno-dev to suppress it.

CMake Warning (dev) at CMakeLists.txt:116 (add_dependencies):
  Policy CMP0046 is not set: Error on non-existent dependency in
  add_dependencies.  Run "cmake --help-policy CMP0046" for policy details.
  Use the cmake_policy command to set the policy and suppress this warning.

  The dependency target "tf2_msgs_gencpp" of target "tf2_ros_test_time_reset"
  does not exist.
This warning is for project developers.  Use -Wno-dev to suppress it.

CMake Warning (dev) at CMakeLists.txt:114 (add_dependencies):
  Policy CMP0046 is not set: Error on non-existent dependency in
  add_dependencies.  Run "cmake --help-policy CMP0046" for policy details.
  Use the cmake_policy command to set the policy and suppress this warning.

  The dependency target "tf2_msgs_gencpp" of target "tf2_ros_test_listener"
  does not exist.
This warning is for project developers.  Use -Wno-dev to suppress it.

CMake Warning (dev) at CMakeLists.txt:50 (add_dependencies):
  Policy CMP0046 is not set: Error on non-existent dependency in
  add_dependencies.  Run "cmake --help-policy CMP0046" for policy details.
  Use the cmake_policy command to set the policy and suppress this warning.

  The dependency target "tf2_msgs_gencpp" of target "tf2_ros" does not exist.
This warning is for project developers.  Use -Wno-dev to suppress it.

CMake Warning (dev) at CMakeLists.txt:69 (add_dependencies):
  Policy CMP0046 is not set: Error on non-existent dependency in
  add_dependencies.  Run "cmake --help-policy CMP0046" for policy details.
  Use the cmake_policy command to set the policy and suppress this warning.

  The dependency target "tf2_msgs_gencpp" of target
  "tf2_ros_static_transform_publisher" does not exist.
This warning is for project developers.  Use -Wno-dev to suppress it.

CMake Warning (dev):
  Policy CMP0042 is not set: MACOSX_RPATH is enabled by default.  Run "cmake
  --help-policy CMP0042" for policy details.  Use the cmake_policy command to
  set the policy and suppress this warning.

  MACOSX_RPATH is not specified for the following targets:

   tf2_ros

This warning is for project developers.  Use -Wno-dev to suppress it.

-- Generating done
-- Build files have been written to: /Users/adityabhat/Downloads/build/tf2_ros
[[36mtf2_ros[0m] [32m<==[0m '[1m/Users/adityabhat/Downloads/build/tf2_ros/build_env.sh /usr/bin/make cmake_check_build_system[0m' finished with return code '[1m0[0m'[0m
[[36mtf2_ros[0m] [1m[34m==>[0m '[1m/Users/adityabhat/Downloads/build/tf2_ros/build_env.sh /usr/bin/make --jobserver-fds=3,4 -j[0m' [30m[1min[0m '[1m/Users/adityabhat/Downloads/build/tf2_ros[0m'[0m
[ 63%] Built target tf2_ros
[ 81%] Built target tf2_ros_static_transform_publisher
[100%] Built target tf2_ros_buffer_server
[[36mtf2_ros[0m] [32m<==[0m '[1m/Users/adityabhat/Downloads/build/tf2_ros/build_env.sh /usr/bin/make --jobserver-fds=3,4 -j[0m' finished with return code '[1m0[0m'[0m
[[36mtf2_ros[0m] [1m[34m==>[0m '[1m/Users/adityabhat/Downloads/build/tf2_ros/build_env.sh /usr/bin/make install[0m' [30m[1min[0m '[1m/Users/adityabhat/Downloads/build/tf2_ros[0m'[0m
[ 63%] Built target tf2_ros
[ 81%] Built target tf2_ros_buffer_server
[100%] Built target tf2_ros_static_transform_publisher
[36mInstall the project...[0m
-- Install configuration: "Release"
-- Installing: /opt/ros/jade/_setup_util.py
-- Installing: /opt/ros/jade/env.sh
-- Installing: /opt/ros/jade/setup.bash
-- Installing: /opt/ros/jade/setup.sh
-- Installing: /opt/ros/jade/setup.zsh
-- Installing: /opt/ros/jade/.rosinstall
+ cd /Users/adityabhat/Downloads/src/geometry_experimental/tf2_ros
+ /usr/bin/env PYTHONPATH=/opt/ros/jade/lib/python2.7/site-packages:/Users/adityabhat/Downloads/build/tf2_ros/lib/python2.7/site-packages:/opt/ros/jade/lib/python2.7/site-packages CATKIN_BINARY_DIR=/Users/adityabhat/Downloads/build/tf2_ros /usr/bin/python /Users/adityabhat/Downloads/src/geometry_experimental/tf2_ros/setup.py build --build-base /Users/adityabhat/Downloads/build/tf2_ros install --prefix=/opt/ros/jade --install-scripts=/opt/ros/jade/bin
running build
running build_py
running install
running install_lib
running install_egg_info
Removing /opt/ros/jade/lib/python2.7/site-packages/tf2_ros-0.5.12-py2.7.egg-info
Writing /opt/ros/jade/lib/python2.7/site-packages/tf2_ros-0.5.12-py2.7.egg-info
-- Installing: /opt/ros/jade/lib/pkgconfig/tf2_ros.pc
-- Up-to-date: /opt/ros/jade/share/tf2_ros/cmake/tf2_rosConfig.cmake
-- Up-to-date: /opt/ros/jade/share/tf2_ros/cmake/tf2_rosConfig-version.cmake
-- Up-to-date: /opt/ros/jade/share/tf2_ros/package.xml
-- Installing: /opt/ros/jade/lib/libtf2_ros.dylib
-- Installing: /opt/ros/jade/lib/tf2_ros/buffer_server
-- Installing: /opt/ros/jade/lib/tf2_ros/static_transform_publisher
-- Up-to-date: /opt/ros/jade/include/tf2_ros
-- Up-to-date: /opt/ros/jade/include/tf2_ros/buffer.h
-- Up-to-date: /opt/ros/jade/include/tf2_ros/buffer_client.h
-- Up-to-date: /opt/ros/jade/include/tf2_ros/buffer_interface.h
-- Up-to-date: /opt/ros/jade/include/tf2_ros/buffer_server.h
-- Up-to-date: /opt/ros/jade/include/tf2_ros/message_filter.h
-- Up-to-date: /opt/ros/jade/include/tf2_ros/static_transform_broadcaster.h
-- Up-to-date: /opt/ros/jade/include/tf2_ros/transform_broadcaster.h
-- Up-to-date: /opt/ros/jade/include/tf2_ros/transform_listener.h
[[36mtf2_ros[0m] [32m<==[0m '[1m/Users/adityabhat/Downloads/build/tf2_ros/build_env.sh /usr/bin/make install[0m' finished with return code '[1m0[0m'[0m
