[[36mtopic_tools[0m] [1m[34m==>[0m '[1m/Users/adityabhat/Downloads/build/topic_tools/build_env.sh /usr/bin/make cmake_check_build_system[0m' [30m[1min[0m '[1m/Users/adityabhat/Downloads/build/topic_tools[0m'[0m
-- Using CATKIN_DEVEL_PREFIX: /Users/adityabhat/Downloads/devel
-- Using CMAKE_PREFIX_PATH: /opt/ros/jade
-- This workspace overlays: /opt/ros/jade
-- Using PYTHON_EXECUTABLE: /usr/bin/python
-- Using default Python package layout
-- Using empy: /usr/local/lib/python2.7/site-packages/em.pyc
-- Using CATKIN_ENABLE_TESTING: ON
-- Call enable_testing()
-- Using CATKIN_TEST_RESULTS_DIR: /Users/adityabhat/Downloads/build/topic_tools/test_results
-- Found gtest: gtests will be built
CMake Warning at /opt/ros/jade/share/catkin/cmake/test/nosetests.cmake:98 (message):
  nosetests not found, Python tests can not be run (try installing package
  'python-nose')
Call Stack (most recent call first):
  /opt/ros/jade/share/catkin/cmake/all.cmake:147 (include)
  /opt/ros/jade/share/catkin/cmake/catkinConfig.cmake:20 (include)
  CMakeLists.txt:3 (find_package)


-- catkin 0.6.16
-- Using these message generators: gencpp;geneus;genlisp;genpy
-- topic_tools: 0 messages, 8 services
-- skipping nosetests(test/args.py) in project 'topic_tools'
-- Configuring done
CMake Warning (dev):
  Policy CMP0042 is not set: MACOSX_RPATH is enabled by default.  Run "cmake
  --help-policy CMP0042" for policy details.  Use the cmake_policy command to
  set the policy and suppress this warning.

  MACOSX_RPATH is not specified for the following targets:

   topic_tools

This warning is for project developers.  Use -Wno-dev to suppress it.

-- Generating done
-- Build files have been written to: /Users/adityabhat/Downloads/build/topic_tools
[[36mtopic_tools[0m] [32m<==[0m '[1m/Users/adityabhat/Downloads/build/topic_tools/build_env.sh /usr/bin/make cmake_check_build_system[0m' finished with return code '[1m0[0m'[0m
[[36mtopic_tools[0m] [1m[34m==>[0m '[1m/Users/adityabhat/Downloads/build/topic_tools/build_env.sh /usr/bin/make --jobserver-fds=3,4 -j[0m' [30m[1min[0m '[1m/Users/adityabhat/Downloads/build/topic_tools[0m'[0m
[  0%] Built target std_msgs_generate_messages_cpp
[  0%] Built target _topic_tools_generate_messages_check_deps_DemuxList
[  0%] Built target _topic_tools_generate_messages_check_deps_DemuxSelect
[  0%] Built target _topic_tools_generate_messages_check_deps_DemuxDelete
[  0%] Built target _topic_tools_generate_messages_check_deps_MuxAdd
[  0%] Built target _topic_tools_generate_messages_check_deps_MuxList
[  0%] Built target _topic_tools_generate_messages_check_deps_MuxSelect
[  0%] Built target _topic_tools_generate_messages_check_deps_MuxDelete
[  0%] Built target std_msgs_generate_messages_lisp
[  0%] Built target std_msgs_generate_messages_py
[  0%] Built target std_msgs_generate_messages_eus
[  0%] Built target _topic_tools_generate_messages_check_deps_DemuxAdd
[ 16%] Built target topic_tools_generate_messages_lisp
[ 34%] Built target topic_tools_generate_messages_py
[ 51%] Built target topic_tools_generate_messages_cpp
[ 69%] Built target topic_tools_generate_messages_eus
[ 69%] Built target topic_tools_gencpp
[ 69%] Built target topic_tools_generate_messages
[ 75%] Built target topic_tools
[ 79%] Built target mux
[ 83%] Built target relay
[ 87%] Built target demux
[ 91%] Built target drop
[ 95%] Built target throttle
[100%] Built target switch_mux
[[36mtopic_tools[0m] [32m<==[0m '[1m/Users/adityabhat/Downloads/build/topic_tools/build_env.sh /usr/bin/make --jobserver-fds=3,4 -j[0m' finished with return code '[1m0[0m'[0m
[[36mtopic_tools[0m] [1m[34m==>[0m '[1m/Users/adityabhat/Downloads/build/topic_tools/build_env.sh /usr/bin/make install[0m' [30m[1min[0m '[1m/Users/adityabhat/Downloads/build/topic_tools[0m'[0m
[  0%] Built target std_msgs_generate_messages_cpp
[  0%] Built target _topic_tools_generate_messages_check_deps_DemuxList
[  0%] Built target _topic_tools_generate_messages_check_deps_DemuxSelect
[  0%] Built target _topic_tools_generate_messages_check_deps_DemuxDelete
[  0%] Built target _topic_tools_generate_messages_check_deps_MuxAdd
[  0%] Built target _topic_tools_generate_messages_check_deps_MuxList
[  0%] Built target _topic_tools_generate_messages_check_deps_MuxSelect
[  0%] Built target _topic_tools_generate_messages_check_deps_MuxDelete
[  0%] Built target _topic_tools_generate_messages_check_deps_DemuxAdd
[ 16%] Built target topic_tools_generate_messages_cpp
[ 16%] Built target topic_tools_gencpp
[ 22%] Built target topic_tools
[ 26%] Built target relay
[ 30%] Built target drop
[ 30%] Built target std_msgs_generate_messages_lisp
[ 46%] Built target topic_tools_generate_messages_lisp
[ 46%] Built target std_msgs_generate_messages_py
[ 65%] Built target topic_tools_generate_messages_py
[ 65%] Built target std_msgs_generate_messages_eus
[ 83%] Built target topic_tools_generate_messages_eus
[ 83%] Built target topic_tools_generate_messages
[ 87%] Built target mux
[ 91%] Built target demux
[ 95%] Built target throttle
[100%] Built target switch_mux
[36mInstall the project...[0m
-- Install configuration: "Release"
-- Installing: /opt/ros/jade/_setup_util.py
-- Installing: /opt/ros/jade/env.sh
-- Installing: /opt/ros/jade/setup.bash
-- Installing: /opt/ros/jade/setup.sh
-- Installing: /opt/ros/jade/setup.zsh
-- Installing: /opt/ros/jade/.rosinstall
-- Up-to-date: /opt/ros/jade/share/topic_tools/srv/MuxAdd.srv
-- Up-to-date: /opt/ros/jade/share/topic_tools/srv/MuxDelete.srv
-- Up-to-date: /opt/ros/jade/share/topic_tools/srv/MuxList.srv
-- Up-to-date: /opt/ros/jade/share/topic_tools/srv/MuxSelect.srv
-- Up-to-date: /opt/ros/jade/share/topic_tools/srv/DemuxAdd.srv
-- Up-to-date: /opt/ros/jade/share/topic_tools/srv/DemuxDelete.srv
-- Up-to-date: /opt/ros/jade/share/topic_tools/srv/DemuxList.srv
-- Up-to-date: /opt/ros/jade/share/topic_tools/srv/DemuxSelect.srv
-- Up-to-date: /opt/ros/jade/share/topic_tools/cmake/topic_tools-msg-paths.cmake
-- Up-to-date: /opt/ros/jade/include/topic_tools
-- Up-to-date: /opt/ros/jade/include/topic_tools/DemuxAdd.h
-- Up-to-date: /opt/ros/jade/include/topic_tools/DemuxAddRequest.h
-- Up-to-date: /opt/ros/jade/include/topic_tools/DemuxAddResponse.h
-- Up-to-date: /opt/ros/jade/include/topic_tools/DemuxDelete.h
-- Up-to-date: /opt/ros/jade/include/topic_tools/DemuxDeleteRequest.h
-- Up-to-date: /opt/ros/jade/include/topic_tools/DemuxDeleteResponse.h
-- Up-to-date: /opt/ros/jade/include/topic_tools/DemuxList.h
-- Up-to-date: /opt/ros/jade/include/topic_tools/DemuxListRequest.h
-- Up-to-date: /opt/ros/jade/include/topic_tools/DemuxListResponse.h
-- Up-to-date: /opt/ros/jade/include/topic_tools/DemuxSelect.h
-- Up-to-date: /opt/ros/jade/include/topic_tools/DemuxSelectRequest.h
-- Up-to-date: /opt/ros/jade/include/topic_tools/DemuxSelectResponse.h
-- Up-to-date: /opt/ros/jade/include/topic_tools/MuxAdd.h
-- Up-to-date: /opt/ros/jade/include/topic_tools/MuxAddRequest.h
-- Up-to-date: /opt/ros/jade/include/topic_tools/MuxAddResponse.h
-- Up-to-date: /opt/ros/jade/include/topic_tools/MuxDelete.h
-- Up-to-date: /opt/ros/jade/include/topic_tools/MuxDeleteRequest.h
-- Up-to-date: /opt/ros/jade/include/topic_tools/MuxDeleteResponse.h
-- Up-to-date: /opt/ros/jade/include/topic_tools/MuxList.h
-- Up-to-date: /opt/ros/jade/include/topic_tools/MuxListRequest.h
-- Up-to-date: /opt/ros/jade/include/topic_tools/MuxListResponse.h
-- Up-to-date: /opt/ros/jade/include/topic_tools/MuxSelect.h
-- Up-to-date: /opt/ros/jade/include/topic_tools/MuxSelectRequest.h
-- Up-to-date: /opt/ros/jade/include/topic_tools/MuxSelectResponse.h
-- Up-to-date: /opt/ros/jade/share/roseus/ros/topic_tools
-- Up-to-date: /opt/ros/jade/share/roseus/ros/topic_tools/manifest.l
-- Up-to-date: /opt/ros/jade/share/roseus/ros/topic_tools/srv
-- Up-to-date: /opt/ros/jade/share/roseus/ros/topic_tools/srv/DemuxAdd.l
-- Up-to-date: /opt/ros/jade/share/roseus/ros/topic_tools/srv/DemuxDelete.l
-- Up-to-date: /opt/ros/jade/share/roseus/ros/topic_tools/srv/DemuxList.l
-- Up-to-date: /opt/ros/jade/share/roseus/ros/topic_tools/srv/DemuxSelect.l
-- Up-to-date: /opt/ros/jade/share/roseus/ros/topic_tools/srv/MuxAdd.l
-- Up-to-date: /opt/ros/jade/share/roseus/ros/topic_tools/srv/MuxDelete.l
-- Up-to-date: /opt/ros/jade/share/roseus/ros/topic_tools/srv/MuxList.l
-- Up-to-date: /opt/ros/jade/share/roseus/ros/topic_tools/srv/MuxSelect.l
-- Up-to-date: /opt/ros/jade/share/common-lisp/ros/topic_tools
-- Up-to-date: /opt/ros/jade/share/common-lisp/ros/topic_tools/srv
-- Up-to-date: /opt/ros/jade/share/common-lisp/ros/topic_tools/srv/_package.lisp
-- Up-to-date: /opt/ros/jade/share/common-lisp/ros/topic_tools/srv/_package_DemuxAdd.lisp
-- Up-to-date: /opt/ros/jade/share/common-lisp/ros/topic_tools/srv/_package_DemuxDelete.lisp
-- Up-to-date: /opt/ros/jade/share/common-lisp/ros/topic_tools/srv/_package_DemuxList.lisp
-- Up-to-date: /opt/ros/jade/share/common-lisp/ros/topic_tools/srv/_package_DemuxSelect.lisp
-- Up-to-date: /opt/ros/jade/share/common-lisp/ros/topic_tools/srv/_package_MuxAdd.lisp
-- Up-to-date: /opt/ros/jade/share/common-lisp/ros/topic_tools/srv/_package_MuxDelete.lisp
-- Up-to-date: /opt/ros/jade/share/common-lisp/ros/topic_tools/srv/_package_MuxList.lisp
-- Up-to-date: /opt/ros/jade/share/common-lisp/ros/topic_tools/srv/_package_MuxSelect.lisp
-- Up-to-date: /opt/ros/jade/share/common-lisp/ros/topic_tools/srv/DemuxAdd.lisp
-- Up-to-date: /opt/ros/jade/share/common-lisp/ros/topic_tools/srv/DemuxDelete.lisp
-- Up-to-date: /opt/ros/jade/share/common-lisp/ros/topic_tools/srv/DemuxList.lisp
-- Up-to-date: /opt/ros/jade/share/common-lisp/ros/topic_tools/srv/DemuxSelect.lisp
-- Up-to-date: /opt/ros/jade/share/common-lisp/ros/topic_tools/srv/MuxAdd.lisp
-- Up-to-date: /opt/ros/jade/share/common-lisp/ros/topic_tools/srv/MuxDelete.lisp
-- Up-to-date: /opt/ros/jade/share/common-lisp/ros/topic_tools/srv/MuxList.lisp
-- Up-to-date: /opt/ros/jade/share/common-lisp/ros/topic_tools/srv/MuxSelect.lisp
-- Up-to-date: /opt/ros/jade/share/common-lisp/ros/topic_tools/srv/topic_tools-srv.asd
Listing /Users/adityabhat/Downloads/devel/lib/python2.7/site-packages/topic_tools ...
Listing /Users/adityabhat/Downloads/devel/lib/python2.7/site-packages/topic_tools/srv ...
-- Up-to-date: /opt/ros/jade/lib/python2.7/site-packages/topic_tools
-- Up-to-date: /opt/ros/jade/lib/python2.7/site-packages/topic_tools/__init__.py
-- Up-to-date: /opt/ros/jade/lib/python2.7/site-packages/topic_tools/__init__.pyc
-- Up-to-date: /opt/ros/jade/lib/python2.7/site-packages/topic_tools/srv
-- Up-to-date: /opt/ros/jade/lib/python2.7/site-packages/topic_tools/srv/__init__.py
-- Up-to-date: /opt/ros/jade/lib/python2.7/site-packages/topic_tools/srv/__init__.pyc
-- Up-to-date: /opt/ros/jade/lib/python2.7/site-packages/topic_tools/srv/_DemuxAdd.py
-- Up-to-date: /opt/ros/jade/lib/python2.7/site-packages/topic_tools/srv/_DemuxAdd.pyc
-- Up-to-date: /opt/ros/jade/lib/python2.7/site-packages/topic_tools/srv/_DemuxDelete.py
-- Up-to-date: /opt/ros/jade/lib/python2.7/site-packages/topic_tools/srv/_DemuxDelete.pyc
-- Up-to-date: /opt/ros/jade/lib/python2.7/site-packages/topic_tools/srv/_DemuxList.py
-- Up-to-date: /opt/ros/jade/lib/python2.7/site-packages/topic_tools/srv/_DemuxList.pyc
-- Up-to-date: /opt/ros/jade/lib/python2.7/site-packages/topic_tools/srv/_DemuxSelect.py
-- Up-to-date: /opt/ros/jade/lib/python2.7/site-packages/topic_tools/srv/_DemuxSelect.pyc
-- Up-to-date: /opt/ros/jade/lib/python2.7/site-packages/topic_tools/srv/_MuxAdd.py
-- Up-to-date: /opt/ros/jade/lib/python2.7/site-packages/topic_tools/srv/_MuxAdd.pyc
-- Up-to-date: /opt/ros/jade/lib/python2.7/site-packages/topic_tools/srv/_MuxDelete.py
-- Up-to-date: /opt/ros/jade/lib/python2.7/site-packages/topic_tools/srv/_MuxDelete.pyc
-- Up-to-date: /opt/ros/jade/lib/python2.7/site-packages/topic_tools/srv/_MuxList.py
-- Up-to-date: /opt/ros/jade/lib/python2.7/site-packages/topic_tools/srv/_MuxList.pyc
-- Up-to-date: /opt/ros/jade/lib/python2.7/site-packages/topic_tools/srv/_MuxSelect.py
-- Up-to-date: /opt/ros/jade/lib/python2.7/site-packages/topic_tools/srv/_MuxSelect.pyc
-- Installing: /opt/ros/jade/lib/pkgconfig/topic_tools.pc
-- Up-to-date: /opt/ros/jade/share/topic_tools/cmake/topic_tools-msg-extras.cmake
-- Up-to-date: /opt/ros/jade/share/topic_tools/cmake/topic_toolsConfig.cmake
-- Up-to-date: /opt/ros/jade/share/topic_tools/cmake/topic_toolsConfig-version.cmake
-- Up-to-date: /opt/ros/jade/share/topic_tools/package.xml
-- Up-to-date: /opt/ros/jade/etc/catkin/profile.d/20.transform.bash
-- Installing: /opt/ros/jade/lib/libtopic_tools.dylib
-- Installing: /opt/ros/jade/lib/topic_tools/switch_mux
-- Installing: /opt/ros/jade/lib/topic_tools/mux
-- Installing: /opt/ros/jade/lib/topic_tools/demux
-- Installing: /opt/ros/jade/lib/topic_tools/relay
-- Installing: /opt/ros/jade/lib/topic_tools/drop
-- Installing: /opt/ros/jade/lib/topic_tools/throttle
-- Up-to-date: /opt/ros/jade/include/topic_tools
-- Up-to-date: /opt/ros/jade/include/topic_tools/macros.h
-- Up-to-date: /opt/ros/jade/include/topic_tools/parse.h
-- Up-to-date: /opt/ros/jade/include/topic_tools/shape_shifter.h
-- Installing: /opt/ros/jade/lib/topic_tools/mux_add
-- Installing: /opt/ros/jade/lib/topic_tools/mux_delete
-- Installing: /opt/ros/jade/lib/topic_tools/mux_list
-- Installing: /opt/ros/jade/lib/topic_tools/mux_select
-- Installing: /opt/ros/jade/lib/topic_tools/relay_field
-- Installing: /opt/ros/jade/lib/topic_tools/transform
[[36mtopic_tools[0m] [32m<==[0m '[1m/Users/adityabhat/Downloads/build/topic_tools/build_env.sh /usr/bin/make install[0m' finished with return code '[1m0[0m'[0m
