[[36mturtle_tf[0m] [1m[34m==>[0m '[1m/Users/adityabhat/Downloads/build/turtle_tf/build_env.sh /usr/local/bin/cmake /Users/adityabhat/Downloads/src/geometry_tutorials/turtle_tf -DCATKIN_DEVEL_PREFIX=/Users/adityabhat/Downloads/devel -DCMAKE_INSTALL_PREFIX=/opt/ros/jade -DCMAKE_BUILD_TYPE=Release -DPYTHON_LIBRARY=/usr/local/Cellar/python/2.7.11/Frameworks/Python.framework/Versions/2.7/lib/libpython2.7.dylib -DPYTHON_INCLUDE_DIR=/usr/local/Cellar/python/2.7.11/Frameworks/Python.framework/Versions/2.7/include/python2.7[0m' [30m[1min[0m '[1m/Users/adityabhat/Downloads/build/turtle_tf[0m'[0m
[36m-- [0mThe C compiler identification is AppleClang 7.0.2.7000181
[0m[36m-- [0mThe CXX compiler identification is AppleClang 7.0.2.7000181
[0m[36m-- [0mCheck for working C compiler:[33m /Applications/Xcode.app/Contents/Developer/Toolchains/XcodeDefault.xctoolchain/usr/bin/cc
[0m[0m[36m-- [0mCheck for working C compiler:[33m /Applications/Xcode.app/Contents/Developer/Toolchains/XcodeDefault.xctoolchain/usr/bin/cc -- works
[0m[0m[36m-- [0mDetecting C compiler ABI info
[0m[36m-- [0mDetecting C compiler ABI info - done
[0m[36m-- [0mDetecting C compile features
[0m[36m-- [0mDetecting C compile features - done
[0m[36m-- [0mCheck for working CXX compiler:[33m /Applications/Xcode.app/Contents/Developer/Toolchains/XcodeDefault.xctoolchain/usr/bin/c++
[0m[0m[36m-- [0mCheck for working CXX compiler:[33m /Applications/Xcode.app/Contents/Developer/Toolchains/XcodeDefault.xctoolchain/usr/bin/c++ -- works
[0m[0m[36m-- [0mDetecting CXX compiler ABI info
[0m[36m-- [0mDetecting CXX compiler ABI info - done
[0m[36m-- [0mDetecting CXX compile features
[0m[36m-- [0mDetecting CXX compile features - done
[0m[36m-- [0mUsing CATKIN_DEVEL_PREFIX:[33m /Users/adityabhat/Downloads/devel
[0m[0m[36m-- [0mUsing CMAKE_PREFIX_PATH:[33m /opt/ros/jade
[0m[0m[36m-- [0mThis workspace overlays:[33m /opt/ros/jade
[0m[0m[36m-- [0mFound PythonInterp:[33m /usr/bin/python (found version "2.7.10") 
[0m[0m[36m-- [0mUsing PYTHON_EXECUTABLE:[33m /usr/bin/python
[0m[0m[36m-- [0mUsing default Python package layout
[0m[36m-- [0mFound PY_em:[33m /usr/local/lib/python2.7/site-packages/em.pyc  
[0m[0m[36m-- [0mUsing empy:[33m /usr/local/lib/python2.7/site-packages/em.pyc
[0m[0m[36m-- [0mUsing CATKIN_ENABLE_TESTING:[33m ON
[0m[0m[36m-- [0mCall enable_testing()
[0m[36m-- [0mUsing CATKIN_TEST_RESULTS_DIR:[33m /Users/adityabhat/Downloads/build/turtle_tf/test_results
[0m[0m[36m-- [0mFound gtest:[33m gtests will be built
[0m[0m[33m[1mCMake Warning[0m at /opt/ros/jade/share/catkin/cmake/test/nosetests.cmake:98 (message):
[0m  nosetests not found, Python tests can not be run (try installing package
[0m  'python-nose')
[0m[36m[4mCall Stack (most recent call first):[0m
[0m  /opt/ros/jade/share/catkin/cmake/all.cmake:147 (include)
[0m  /opt/ros/jade/share/catkin/cmake/catkinConfig.cmake:20 (include)
[0m  CMakeLists.txt:5 (find_package)
[0m
[0m
[0m[36m-- [0mcatkin 0.6.16
[0m[36m-- [0mUsing these message generators:[33m gencpp;geneus;genlisp;genpy
[0m[0m[36m-- [0mConfiguring done
[0m[36m-- [0mGenerating done
[0m[33m[1mCMake Warning[0m:
[0m  Manually-specified variables were not used by the project:
[0m
[0m    PYTHON_INCLUDE_DIR
[0m    PYTHON_LIBRARY
[0m
[0m
[0m[36m-- [0mBuild files have been written to:[33m /Users/adityabhat/Downloads/build/turtle_tf
[0m[0m[[36mturtle_tf[0m] [32m<==[0m '[1m/Users/adityabhat/Downloads/build/turtle_tf/build_env.sh /usr/local/bin/cmake /Users/adityabhat/Downloads/src/geometry_tutorials/turtle_tf -DCATKIN_DEVEL_PREFIX=/Users/adityabhat/Downloads/devel -DCMAKE_INSTALL_PREFIX=/opt/ros/jade -DCMAKE_BUILD_TYPE=Release -DPYTHON_LIBRARY=/usr/local/Cellar/python/2.7.11/Frameworks/Python.framework/Versions/2.7/lib/libpython2.7.dylib -DPYTHON_INCLUDE_DIR=/usr/local/Cellar/python/2.7.11/Frameworks/Python.framework/Versions/2.7/include/python2.7[0m' finished with return code '[1m0[0m'[0m
[[36mturtle_tf[0m] [1m[34m==>[0m '[1m/Users/adityabhat/Downloads/build/turtle_tf/build_env.sh /usr/bin/make --jobserver-fds=3,4 -j[0m' [30m[1min[0m '[1m/Users/adityabhat/Downloads/build/turtle_tf[0m'[0m
[35m[1mScanning dependencies of target turtle_tf_listener_debug[0m
[ 12%] [32mBuilding CXX object CMakeFiles/turtle_tf_listener_debug.dir/src/turtle_tf_listener_debug.cpp.o[0m
[ 25%] [32m[1mLinking CXX executable /Users/adityabhat/Downloads/devel/lib/turtle_tf/turtle_tf_listener_debug[0m
[ 25%] Built target turtle_tf_listener_debug
[35m[1mScanning dependencies of target tf2_msgs_generate_messages_cpp[0m
[ 25%] Built target tf2_msgs_generate_messages_cpp
[35m[1mScanning dependencies of target tf2_msgs_generate_messages_eus[0m
[ 25%] Built target tf2_msgs_generate_messages_eus
[35m[1mScanning dependencies of target tf2_msgs_generate_messages_py[0m
[ 25%] Built target tf2_msgs_generate_messages_py
[35m[1mScanning dependencies of target std_srvs_generate_messages_py[0m
[ 25%] Built target std_srvs_generate_messages_py
[35m[1mScanning dependencies of target std_srvs_generate_messages_lisp[0m
[ 25%] Built target std_srvs_generate_messages_lisp
[35m[1mScanning dependencies of target turtlesim_generate_messages_cpp[0m
[ 25%] Built target turtlesim_generate_messages_cpp
[35m[1mScanning dependencies of target actionlib_msgs_generate_messages_lisp[0m
[ 25%] Built target actionlib_msgs_generate_messages_lisp
[35m[1mScanning dependencies of target actionlib_msgs_generate_messages_cpp[0m
[ 25%] Built target actionlib_msgs_generate_messages_cpp
[35m[1mScanning dependencies of target geometry_msgs_generate_messages_lisp[0m
[ 25%] Built target geometry_msgs_generate_messages_lisp
[35m[1mScanning dependencies of target sensor_msgs_generate_messages_py[0m
[ 25%] Built target sensor_msgs_generate_messages_py
[35m[1mScanning dependencies of target actionlib_msgs_generate_messages_py[0m
[ 25%] Built target actionlib_msgs_generate_messages_py
[35m[1mScanning dependencies of target roscpp_generate_messages_eus[0m
[ 25%] Built target roscpp_generate_messages_eus
[35m[1mScanning dependencies of target actionlib_generate_messages_lisp[0m
[ 25%] Built target actionlib_generate_messages_lisp
[35m[1mScanning dependencies of target turtlesim_generate_messages_lisp[0m
[ 25%] Built target turtlesim_generate_messages_lisp
[35m[1mScanning dependencies of target std_msgs_generate_messages_cpp[0m
[ 25%] Built target std_msgs_generate_messages_cpp
[35m[1mScanning dependencies of target actionlib_generate_messages_cpp[0m
[ 25%] Built target actionlib_generate_messages_cpp
[35m[1mScanning dependencies of target sensor_msgs_generate_messages_lisp[0m
[ 25%] Built target sensor_msgs_generate_messages_lisp
[35m[1mScanning dependencies of target tf_generate_messages_py[0m
[ 25%] Built target tf_generate_messages_py
[35m[1mScanning dependencies of target sensor_msgs_generate_messages_eus[0m
[ 25%] Built target sensor_msgs_generate_messages_eus
[35m[1mScanning dependencies of target geometry_msgs_generate_messages_eus[0m
[ 25%] Built target geometry_msgs_generate_messages_eus
[35m[1mScanning dependencies of target actionlib_generate_messages_py[0m
[ 25%] Built target actionlib_generate_messages_py
[35m[1mScanning dependencies of target tf2_msgs_generate_messages_lisp[0m
[ 25%] Built target tf2_msgs_generate_messages_lisp
[35m[1mScanning dependencies of target rosgraph_msgs_generate_messages_eus[0m
[ 25%] Built target rosgraph_msgs_generate_messages_eus
[35m[1mScanning dependencies of target tf_generate_messages_lisp[0m
[ 25%] Built target tf_generate_messages_lisp
[35m[1mScanning dependencies of target std_srvs_generate_messages_cpp[0m
[ 25%] Built target std_srvs_generate_messages_cpp
[35m[1mScanning dependencies of target tf_generate_messages_cpp[0m
[ 25%] Built target tf_generate_messages_cpp
[35m[1mScanning dependencies of target rosgraph_msgs_generate_messages_py[0m
[ 25%] Built target rosgraph_msgs_generate_messages_py
[35m[1mScanning dependencies of target tf_generate_messages_eus[0m
[ 25%] Built target tf_generate_messages_eus
[35m[1mScanning dependencies of target std_srvs_generate_messages_eus[0m
[ 25%] Built target std_srvs_generate_messages_eus
[35m[1mScanning dependencies of target roscpp_generate_messages_py[0m
[ 25%] Built target roscpp_generate_messages_py
[35m[1mScanning dependencies of target roscpp_generate_messages_cpp[0m
[ 25%] Built target roscpp_generate_messages_cpp
[35m[1mScanning dependencies of target rosgraph_msgs_generate_messages_lisp[0m
[ 25%] Built target rosgraph_msgs_generate_messages_lisp
[35m[1mScanning dependencies of target turtlesim_generate_messages_py[0m
[ 25%] Built target turtlesim_generate_messages_py
[35m[1mScanning dependencies of target std_msgs_generate_messages_lisp[0m
[ 25%] Built target std_msgs_generate_messages_lisp
[35m[1mScanning dependencies of target actionlib_generate_messages_eus[0m
[ 25%] Built target actionlib_generate_messages_eus
[35m[1mScanning dependencies of target rosgraph_msgs_generate_messages_cpp[0m
[ 25%] Built target rosgraph_msgs_generate_messages_cpp
[35m[1mScanning dependencies of target sensor_msgs_generate_messages_cpp[0m
[ 25%] Built target sensor_msgs_generate_messages_cpp
[35m[1mScanning dependencies of target turtlesim_generate_messages_eus[0m
[ 25%] Built target turtlesim_generate_messages_eus
[35m[1mScanning dependencies of target geometry_msgs_generate_messages_cpp[0m
[ 25%] Built target geometry_msgs_generate_messages_cpp
[35m[1mScanning dependencies of target roscpp_generate_messages_lisp[0m
[ 25%] Built target roscpp_generate_messages_lisp
[35m[1mScanning dependencies of target actionlib_msgs_generate_messages_eus[0m
[ 25%] Built target actionlib_msgs_generate_messages_eus
[35m[1mScanning dependencies of target std_msgs_generate_messages_py[0m
[ 25%] Built target std_msgs_generate_messages_py
[35m[1mScanning dependencies of target std_msgs_generate_messages_eus[0m
[ 25%] Built target std_msgs_generate_messages_eus
[35m[1mScanning dependencies of target geometry_msgs_generate_messages_py[0m
[ 25%] Built target geometry_msgs_generate_messages_py
[35m[1mScanning dependencies of target turtle_tf_message_filter[0m
[ 37%] [32mBuilding CXX object CMakeFiles/turtle_tf_message_filter.dir/src/turtle_tf_message_filter.cpp.o[0m
[ 50%] [32m[1mLinking CXX executable /Users/adityabhat/Downloads/devel/lib/turtle_tf/turtle_tf_message_filter[0m
[ 50%] Built target turtle_tf_message_filter
[35m[1mScanning dependencies of target turtle_tf_listener[0m
[ 62%] [32mBuilding CXX object CMakeFiles/turtle_tf_listener.dir/src/turtle_tf_listener.cpp.o[0m
[ 75%] [32m[1mLinking CXX executable /Users/adityabhat/Downloads/devel/lib/turtle_tf/turtle_tf_listener[0m
[ 75%] Built target turtle_tf_listener
[35m[1mScanning dependencies of target turtle_tf_broadcaster[0m
[ 87%] [32mBuilding CXX object CMakeFiles/turtle_tf_broadcaster.dir/src/turtle_tf_broadcaster.cpp.o[0m
[100%] [32m[1mLinking CXX executable /Users/adityabhat/Downloads/devel/lib/turtle_tf/turtle_tf_broadcaster[0m
[100%] Built target turtle_tf_broadcaster
[[36mturtle_tf[0m] [32m<==[0m '[1m/Users/adityabhat/Downloads/build/turtle_tf/build_env.sh /usr/bin/make --jobserver-fds=3,4 -j[0m' finished with return code '[1m0[0m'[0m
[[36mturtle_tf[0m] [1m[34m==>[0m '[1m/Users/adityabhat/Downloads/build/turtle_tf/build_env.sh /usr/bin/make install[0m' [30m[1min[0m '[1m/Users/adityabhat/Downloads/build/turtle_tf[0m'[0m
[ 25%] Built target turtle_tf_listener_debug
[ 25%] Built target tf2_msgs_generate_messages_cpp
[ 25%] Built target tf2_msgs_generate_messages_eus
[ 25%] Built target tf2_msgs_generate_messages_py
[ 25%] Built target std_srvs_generate_messages_py
[ 25%] Built target std_srvs_generate_messages_lisp
[ 25%] Built target turtlesim_generate_messages_cpp
[ 25%] Built target actionlib_msgs_generate_messages_lisp
[ 25%] Built target actionlib_msgs_generate_messages_cpp
[ 25%] Built target geometry_msgs_generate_messages_lisp
[ 25%] Built target sensor_msgs_generate_messages_py
[ 25%] Built target actionlib_msgs_generate_messages_py
[ 25%] Built target roscpp_generate_messages_eus
[ 25%] Built target actionlib_generate_messages_lisp
[ 25%] Built target turtlesim_generate_messages_lisp
[ 25%] Built target std_msgs_generate_messages_cpp
[ 25%] Built target actionlib_generate_messages_cpp
[ 25%] Built target sensor_msgs_generate_messages_lisp
[ 25%] Built target tf_generate_messages_py
[ 25%] Built target sensor_msgs_generate_messages_eus
[ 25%] Built target geometry_msgs_generate_messages_eus
[ 25%] Built target actionlib_generate_messages_py
[ 25%] Built target tf2_msgs_generate_messages_lisp
[ 25%] Built target rosgraph_msgs_generate_messages_eus
[ 25%] Built target tf_generate_messages_lisp
[ 25%] Built target std_srvs_generate_messages_cpp
[ 25%] Built target tf_generate_messages_cpp
[ 25%] Built target rosgraph_msgs_generate_messages_py
[ 25%] Built target tf_generate_messages_eus
[ 25%] Built target std_srvs_generate_messages_eus
[ 25%] Built target roscpp_generate_messages_py
[ 25%] Built target roscpp_generate_messages_cpp
[ 25%] Built target rosgraph_msgs_generate_messages_lisp
[ 25%] Built target turtlesim_generate_messages_py
[ 25%] Built target std_msgs_generate_messages_lisp
[ 25%] Built target actionlib_generate_messages_eus
[ 25%] Built target rosgraph_msgs_generate_messages_cpp
[ 25%] Built target sensor_msgs_generate_messages_cpp
[ 25%] Built target turtlesim_generate_messages_eus
[ 25%] Built target geometry_msgs_generate_messages_cpp
[ 25%] Built target roscpp_generate_messages_lisp
[ 25%] Built target actionlib_msgs_generate_messages_eus
[ 25%] Built target std_msgs_generate_messages_py
[ 25%] Built target std_msgs_generate_messages_eus
[ 25%] Built target geometry_msgs_generate_messages_py
[ 50%] Built target turtle_tf_message_filter
[ 75%] Built target turtle_tf_listener
[100%] Built target turtle_tf_broadcaster
[36mInstall the project...[0m
-- Install configuration: "Release"
-- Installing: /opt/ros/jade/_setup_util.py
-- Installing: /opt/ros/jade/env.sh
-- Installing: /opt/ros/jade/setup.bash
-- Installing: /opt/ros/jade/setup.sh
-- Installing: /opt/ros/jade/setup.zsh
-- Installing: /opt/ros/jade/.rosinstall
-- Installing: /opt/ros/jade/lib/pkgconfig/turtle_tf.pc
-- Installing: /opt/ros/jade/share/turtle_tf/cmake/turtle_tfConfig.cmake
-- Installing: /opt/ros/jade/share/turtle_tf/cmake/turtle_tfConfig-version.cmake
-- Installing: /opt/ros/jade/share/turtle_tf/package.xml
-- Installing: /opt/ros/jade/lib/turtle_tf/dynamic_tf_broadcaster.py
-- Installing: /opt/ros/jade/lib/turtle_tf/fixed_tf_broadcaster.py
-- Installing: /opt/ros/jade/lib/turtle_tf/turtle_tf_broadcaster.py
-- Installing: /opt/ros/jade/lib/turtle_tf/turtle_tf_listener.py
-- Installing: /opt/ros/jade/lib/turtle_tf/turtle_tf_listener_wait.py
-- Installing: /opt/ros/jade/lib/turtle_tf/turtle_tf_message_broadcaster.py
-- Installing: /opt/ros/jade/lib/turtle_tf/turtle_tf_broadcaster
-- Installing: /opt/ros/jade/lib/turtle_tf/turtle_tf_listener
-- Installing: /opt/ros/jade/lib/turtle_tf/turtle_tf_listener_debug
-- Installing: /opt/ros/jade/share/turtle_tf/launch
-- Installing: /opt/ros/jade/share/turtle_tf/launch/start_debug_demo.launch
-- Installing: /opt/ros/jade/share/turtle_tf/launch/turtle_tf_demo.launch
-- Installing: /opt/ros/jade/share/turtle_tf/launch/turtle_tf_sensor.launch
-- Installing: /opt/ros/jade/share/turtle_tf/rviz
-- Installing: /opt/ros/jade/share/turtle_tf/rviz/turtle_rviz.rviz
-- Installing: /opt/ros/jade/share/turtle_tf/rviz/turtle_rviz_groovy.rviz
[[36mturtle_tf[0m] [32m<==[0m '[1m/Users/adityabhat/Downloads/build/turtle_tf/build_env.sh /usr/bin/make install[0m' finished with return code '[1m0[0m'[0m
