[[36mturtle_tf2[0m] [1m[34m==>[0m '[1m/Users/adityabhat/Downloads/build/turtle_tf2/build_env.sh /usr/bin/make cmake_check_build_system[0m' [30m[1min[0m '[1m/Users/adityabhat/Downloads/build/turtle_tf2[0m'[0m
-- Using CATKIN_DEVEL_PREFIX: /Users/adityabhat/Downloads/devel
-- Using CMAKE_PREFIX_PATH: /opt/ros/jade
-- This workspace overlays: /opt/ros/jade
-- Using PYTHON_EXECUTABLE: /usr/bin/python
-- Using default Python package layout
-- Using empy: /usr/local/lib/python2.7/site-packages/em.pyc
-- Using CATKIN_ENABLE_TESTING: ON
-- Call enable_testing()
-- Using CATKIN_TEST_RESULTS_DIR: /Users/adityabhat/Downloads/build/turtle_tf2/test_results
-- Found gtest: gtests will be built
CMake Warning at /opt/ros/jade/share/catkin/cmake/test/nosetests.cmake:98 (message):
  nosetests not found, Python tests can not be run (try installing package
  'python-nose')
Call Stack (most recent call first):
  /opt/ros/jade/share/catkin/cmake/all.cmake:147 (include)
  /opt/ros/jade/share/catkin/cmake/catkinConfig.cmake:20 (include)
  CMakeLists.txt:4 (find_package)

-- catkin 0.6.16
-- Using these message generators: gencpp;geneus;genlisp;genpy
-- Configuring done
-- Generating done
-- Build files have been written to: /Users/adityabhat/Downloads/build/turtle_tf2
[[36mturtle_tf2[0m] [32m<==[0m '[1m/Users/adityabhat/Downloads/build/turtle_tf2/build_env.sh /usr/bin/make cmake_check_build_system[0m' finished with return code '[1m0[0m'[0m
[[36mturtle_tf2[0m] [1m[34m==>[0m '[1m/Users/adityabhat/Downloads/build/turtle_tf2/build_env.sh /usr/bin/make --jobserver-fds=3,4 -j[0m' [30m[1min[0m '[1m/Users/adityabhat/Downloads/build/turtle_tf2[0m'[0m
[  0%] Built target tf2_msgs_generate_messages_cpp
[  0%] Built target tf2_msgs_generate_messages_lisp
[  0%] Built target roscpp_generate_messages_eus
[  0%] Built target actionlib_generate_messages_lisp
[  0%] Built target std_srvs_generate_messages_lisp
[  0%] Built target roscpp_generate_messages_py
[  0%] Built target std_srvs_generate_messages_eus
[  0%] Built target turtlesim_generate_messages_cpp
[  0%] Built target geometry_msgs_generate_messages_eus
[  0%] Built target actionlib_generate_messages_py
[  0%] Built target turtlesim_generate_messages_lisp
[  0%] Built target std_msgs_generate_messages_cpp
[  0%] Built target actionlib_generate_messages_cpp
[  0%] Built target geometry_msgs_generate_messages_lisp
[  0%] Built target actionlib_msgs_generate_messages_py
[  0%] Built target actionlib_msgs_generate_messages_lisp
[  0%] Built target actionlib_msgs_generate_messages_cpp
[  0%] Built target tf2_msgs_generate_messages_py
[  0%] Built target tf2_msgs_generate_messages_eus
[  0%] Built target rosgraph_msgs_generate_messages_py
[  0%] Built target roscpp_generate_messages_cpp
[  0%] Built target rosgraph_msgs_generate_messages_lisp
[  0%] Built target turtlesim_generate_messages_py
[  0%] Built target rosgraph_msgs_generate_messages_eus
[  0%] Built target std_msgs_generate_messages_lisp
[  0%] Built target actionlib_msgs_generate_messages_eus
[  0%] Built target std_msgs_generate_messages_py
[  0%] Built target std_msgs_generate_messages_eus
[  0%] Built target geometry_msgs_generate_messages_py
[  0%] Built target actionlib_generate_messages_eus
[  0%] Built target rosgraph_msgs_generate_messages_cpp
[  0%] Built target turtlesim_generate_messages_eus
[  0%] Built target geometry_msgs_generate_messages_cpp
[  0%] Built target roscpp_generate_messages_lisp
[  0%] Built target std_srvs_generate_messages_py
[  0%] Built target std_srvs_generate_messages_cpp
[ 50%] Built target turtle_tf2_listener
[100%] Built target turtle_tf2_broadcaster
[[36mturtle_tf2[0m] [32m<==[0m '[1m/Users/adityabhat/Downloads/build/turtle_tf2/build_env.sh /usr/bin/make --jobserver-fds=3,4 -j[0m' finished with return code '[1m0[0m'[0m
[[36mturtle_tf2[0m] [1m[34m==>[0m '[1m/Users/adityabhat/Downloads/build/turtle_tf2/build_env.sh /usr/bin/make install[0m' [30m[1min[0m '[1m/Users/adityabhat/Downloads/build/turtle_tf2[0m'[0m
[  0%] Built target tf2_msgs_generate_messages_cpp
[  0%] Built target tf2_msgs_generate_messages_lisp
[  0%] Built target roscpp_generate_messages_eus
[  0%] Built target actionlib_generate_messages_lisp
[  0%] Built target std_srvs_generate_messages_lisp
[  0%] Built target roscpp_generate_messages_py
[  0%] Built target std_srvs_generate_messages_eus
[  0%] Built target turtlesim_generate_messages_cpp
[  0%] Built target geometry_msgs_generate_messages_eus
[  0%] Built target actionlib_generate_messages_py
[  0%] Built target turtlesim_generate_messages_lisp
[  0%] Built target std_msgs_generate_messages_cpp
[  0%] Built target actionlib_generate_messages_cpp
[  0%] Built target geometry_msgs_generate_messages_lisp
[  0%] Built target actionlib_msgs_generate_messages_py
[  0%] Built target actionlib_msgs_generate_messages_lisp
[  0%] Built target actionlib_msgs_generate_messages_cpp
[  0%] Built target tf2_msgs_generate_messages_py
[  0%] Built target tf2_msgs_generate_messages_eus
[  0%] Built target rosgraph_msgs_generate_messages_py
[  0%] Built target roscpp_generate_messages_cpp
[  0%] Built target rosgraph_msgs_generate_messages_lisp
[  0%] Built target turtlesim_generate_messages_py
[  0%] Built target rosgraph_msgs_generate_messages_eus
[  0%] Built target std_msgs_generate_messages_lisp
[  0%] Built target actionlib_msgs_generate_messages_eus
[  0%] Built target std_msgs_generate_messages_py
[  0%] Built target std_msgs_generate_messages_eus
[  0%] Built target geometry_msgs_generate_messages_py
[  0%] Built target actionlib_generate_messages_eus
[  0%] Built target rosgraph_msgs_generate_messages_cpp
[  0%] Built target turtlesim_generate_messages_eus
[  0%] Built target geometry_msgs_generate_messages_cpp
[  0%] Built target roscpp_generate_messages_lisp
[  0%] Built target std_srvs_generate_messages_py
[  0%] Built target std_srvs_generate_messages_cpp
[ 50%] Built target turtle_tf2_listener
[100%] Built target turtle_tf2_broadcaster
[36mInstall the project...[0m
-- Install configuration: "Release"
-- Installing: /opt/ros/jade/_setup_util.py
-- Installing: /opt/ros/jade/env.sh
-- Installing: /opt/ros/jade/setup.bash
-- Installing: /opt/ros/jade/setup.sh
-- Installing: /opt/ros/jade/setup.zsh
-- Installing: /opt/ros/jade/.rosinstall
-- Installing: /opt/ros/jade/lib/pkgconfig/turtle_tf2.pc
-- Up-to-date: /opt/ros/jade/share/turtle_tf2/cmake/turtle_tf2Config.cmake
-- Up-to-date: /opt/ros/jade/share/turtle_tf2/cmake/turtle_tf2Config-version.cmake
-- Up-to-date: /opt/ros/jade/share/turtle_tf2/package.xml
-- Up-to-date: /opt/ros/jade/lib/turtle_tf2/dynamic_tf2_broadcaster.py
-- Up-to-date: /opt/ros/jade/lib/turtle_tf2/fixed_tf2_broadcaster.py
-- Up-to-date: /opt/ros/jade/lib/turtle_tf2/turtle_tf2_broadcaster.py
-- Up-to-date: /opt/ros/jade/lib/turtle_tf2/turtle_tf2_listener.py
-- Up-to-date: /opt/ros/jade/lib/turtle_tf2/turtle_tf2_listener_wait.py
-- Up-to-date: /opt/ros/jade/lib/turtle_tf2/turtle_tf2_message_broadcaster.py
-- Up-to-date: /opt/ros/jade/lib/turtle_tf2/turtle_tf2_broadcaster
-- Up-to-date: /opt/ros/jade/lib/turtle_tf2/turtle_tf2_listener
-- Up-to-date: /opt/ros/jade/share/turtle_tf2/launch
-- Up-to-date: /opt/ros/jade/share/turtle_tf2/launch/turtle_tf2_demo.launch
-- Up-to-date: /opt/ros/jade/share/turtle_tf2/launch/turtle_tf2_demo_cpp.launch
-- Up-to-date: /opt/ros/jade/share/turtle_tf2/launch/turtle_tf2_sensor.launch
-- Up-to-date: /opt/ros/jade/share/turtle_tf2/launch/turtle_tf2_sensor_cpp.launch
-- Up-to-date: /opt/ros/jade/share/turtle_tf2/rviz
-- Up-to-date: /opt/ros/jade/share/turtle_tf2/rviz/turtle_rviz.rviz
-- Up-to-date: /opt/ros/jade/share/turtle_tf2/rviz/turtle_rviz_groovy.rviz
[[36mturtle_tf2[0m] [32m<==[0m '[1m/Users/adityabhat/Downloads/build/turtle_tf2/build_env.sh /usr/bin/make install[0m' finished with return code '[1m0[0m'[0m
