[[36mvisualization_marker_tutorials[0m] [1m[34m==>[0m '[1m/Users/adityabhat/Downloads/build/visualization_marker_tutorials/build_env.sh /usr/bin/make cmake_check_build_system[0m' [30m[1min[0m '[1m/Users/adityabhat/Downloads/build/visualization_marker_tutorials[0m'[0m
[[36mvisualization_marker_tutorials[0m] [32m<==[0m '[1m/Users/adityabhat/Downloads/build/visualization_marker_tutorials/build_env.sh /usr/bin/make cmake_check_build_system[0m' finished with return code '[1m0[0m'[0m
[[36mvisualization_marker_tutorials[0m] [1m[34m==>[0m '[1m/Users/adityabhat/Downloads/build/visualization_marker_tutorials/build_env.sh /usr/bin/make --jobserver-fds=3,4 -j[0m' [30m[1min[0m '[1m/Users/adityabhat/Downloads/build/visualization_marker_tutorials[0m'[0m
[ 50%] Built target points_and_lines
[100%] Built target basic_shapes
[[36mvisualization_marker_tutorials[0m] [32m<==[0m '[1m/Users/adityabhat/Downloads/build/visualization_marker_tutorials/build_env.sh /usr/bin/make --jobserver-fds=3,4 -j[0m' finished with return code '[1m0[0m'[0m
[[36mvisualization_marker_tutorials[0m] [1m[34m==>[0m '[1m/Users/adityabhat/Downloads/build/visualization_marker_tutorials/build_env.sh /usr/bin/make install[0m' [30m[1min[0m '[1m/Users/adityabhat/Downloads/build/visualization_marker_tutorials[0m'[0m
[ 50%] Built target points_and_lines
[100%] Built target basic_shapes
[36mInstall the project...[0m
-- Install configuration: "Release"
-- Installing: /opt/ros/jade/_setup_util.py
-- Installing: /opt/ros/jade/env.sh
-- Installing: /opt/ros/jade/setup.bash
-- Installing: /opt/ros/jade/setup.sh
-- Installing: /opt/ros/jade/setup.zsh
-- Installing: /opt/ros/jade/.rosinstall
-- Up-to-date: /opt/ros/jade/lib/pkgconfig/visualization_marker_tutorials.pc
-- Up-to-date: /opt/ros/jade/share/visualization_marker_tutorials/cmake/visualization_marker_tutorialsConfig.cmake
-- Up-to-date: /opt/ros/jade/share/visualization_marker_tutorials/cmake/visualization_marker_tutorialsConfig-version.cmake
-- Up-to-date: /opt/ros/jade/share/visualization_marker_tutorials/package.xml
-- Up-to-date: /opt/ros/jade/lib/visualization_marker_tutorials/basic_shapes
-- Up-to-date: /opt/ros/jade/lib/visualization_marker_tutorials/points_and_lines
[[36mvisualization_marker_tutorials[0m] [32m<==[0m '[1m/Users/adityabhat/Downloads/build/visualization_marker_tutorials/build_env.sh /usr/bin/make install[0m' finished with return code '[1m0[0m'[0m
