[[36mxacro[0m] [1m[34m==>[0m '[1m/Users/adityabhat/Downloads/build/xacro/build_env.sh /usr/bin/make cmake_check_build_system[0m' [30m[1min[0m '[1m/Users/adityabhat/Downloads/build/xacro[0m'[0m
[[36mxacro[0m] [32m<==[0m '[1m/Users/adityabhat/Downloads/build/xacro/build_env.sh /usr/bin/make cmake_check_build_system[0m' finished with return code '[1m0[0m'[0m
[[36mxacro[0m] [1m[34m==>[0m '[1m/Users/adityabhat/Downloads/build/xacro/build_env.sh /usr/bin/make --jobserver-fds=3,4 -j[0m' [30m[1min[0m '[1m/Users/adityabhat/Downloads/build/xacro[0m'[0m
[[36mxacro[0m] [32m<==[0m '[1m/Users/adityabhat/Downloads/build/xacro/build_env.sh /usr/bin/make --jobserver-fds=3,4 -j[0m' finished with return code '[1m0[0m'[0m
[[36mxacro[0m] [1m[34m==>[0m '[1m/Users/adityabhat/Downloads/build/xacro/build_env.sh /usr/bin/make install[0m' [30m[1min[0m '[1m/Users/adityabhat/Downloads/build/xacro[0m'[0m
[36mInstall the project...[0m
-- Install configuration: "Release"
-- Installing: /opt/ros/jade/_setup_util.py
-- Installing: /opt/ros/jade/env.sh
-- Installing: /opt/ros/jade/setup.bash
-- Installing: /opt/ros/jade/setup.sh
-- Installing: /opt/ros/jade/setup.zsh
-- Installing: /opt/ros/jade/.rosinstall
+ cd /Users/adityabhat/Downloads/src/xacro
+ /usr/bin/env PYTHONPATH=/opt/ros/jade/lib/python2.7/site-packages:/Users/adityabhat/Downloads/build/xacro/lib/python2.7/site-packages:/opt/ros/jade/lib/python2.7/site-packages CATKIN_BINARY_DIR=/Users/adityabhat/Downloads/build/xacro /usr/bin/python /Users/adityabhat/Downloads/src/xacro/setup.py build --build-base /Users/adityabhat/Downloads/build/xacro install --prefix=/opt/ros/jade --install-scripts=/opt/ros/jade/bin
running build
running build_py
running build_scripts
running install
running install_lib
running install_scripts
changing mode of /opt/ros/jade/bin/xacro to 755
running install_egg_info
Removing /opt/ros/jade/lib/python2.7/site-packages/xacro-1.10.6-py2.7.egg-info
Writing /opt/ros/jade/lib/python2.7/site-packages/xacro-1.10.6-py2.7.egg-info
-- Up-to-date: /opt/ros/jade/lib/pkgconfig/xacro.pc
-- Up-to-date: /opt/ros/jade/share/xacro/cmake/xacro-extras.cmake
-- Up-to-date: /opt/ros/jade/share/xacro/cmake/xacroConfig.cmake
-- Up-to-date: /opt/ros/jade/share/xacro/cmake/xacroConfig-version.cmake
-- Up-to-date: /opt/ros/jade/share/xacro/package.xml
+ cd /Users/adityabhat/Downloads/src/xacro
+ /usr/bin/env PYTHONPATH=/opt/ros/jade/lib/python2.7/site-packages:/Users/adityabhat/Downloads/build/xacro/lib/python2.7/site-packages:/opt/ros/jade/lib/python2.7/site-packages CATKIN_BINARY_DIR=/Users/adityabhat/Downloads/build/xacro /usr/bin/python /Users/adityabhat/Downloads/src/xacro/setup.py build --build-base /Users/adityabhat/Downloads/build/xacro install --prefix=/opt/ros/jade --install-scripts=/opt/ros/jade/bin
running build
running build_py
running build_scripts
running install
running install_lib
running install_scripts
changing mode of /opt/ros/jade/bin/xacro to 755
running install_egg_info
Removing /opt/ros/jade/lib/python2.7/site-packages/xacro-1.10.6-py2.7.egg-info
Writing /opt/ros/jade/lib/python2.7/site-packages/xacro-1.10.6-py2.7.egg-info
-- Up-to-date: /opt/ros/jade/lib/xacro/xacro
-- Up-to-date: /opt/ros/jade/share/xacro/xacro.py
[[36mxacro[0m] [32m<==[0m '[1m/Users/adityabhat/Downloads/build/xacro/build_env.sh /usr/bin/make install[0m' finished with return code '[1m0[0m'[0m
